Experiment: booster_tuned_patch8_base_eda_boost_ppg_temp
Description: Focused booster run: ACC+EDA baseline, BVP+HR+TEMP add-on, smaller validation-selected Pro fusion weights.
Started: 2026-07-04T15:53:36
Max sessions: 146
Epochs: 24
Batch size: 64
======================================================================
SEIZURE DETECTION PIPELINE - Full Training Run
======================================================================
Timestamp: 2026-07-04T15:53:41.775231
Base path: C:\I2I
Output directory: C:\I2I\seizure_detection\outputs
GPU available: False

======================================================================
PHASE 1: Data Health Check
======================================================================
======================================================================
DEEP DATA ANALYSIS - Empatica E4 Seizure Detection Dataset
======================================================================

Label policy: patient .txt files are parsed as seizure onsets; offset = onset + 300s and overlapping intervals are merged with gap <= 0s (override with SEIZURE_DURATION_SECONDS and SEIZURE_MERGE_GAP_SECONDS).
Phase 1 duration policy: fast header-only scan using 129600s conservative session span; Phase 2 uses actual selected-session samples.

Loaded Phase 1 metadata cache: C:\I2I\seizure_detection\outputs\cache\phase1_health_bd85af037075ec6cbaad3b79c4c28991e9a66a6b96cf8987cc0bebafcd54e067.json

======================================================================
GLOBAL SUMMARY
======================================================================
  Patients: 5
  Total sessions: 1119
  Valid sessions: 1118
  Estimated recording: 40248.0 hours
  Total raw seizure onset rows: 373
  Total merged seizure episodes: 350

  Sessions with possible seizure overlap: 283

======================================================================
PHASE 2: Data Generator
======================================================================

Smart session selection:
  Total sessions: 1118
  Sessions with actual seizure overlap: 214
  Sessions without actual seizure overlap: 904
  Selected: 146 sessions
Found 146 selected valid sessions
Using 146 sessions (max: 146)
Batch size: 64, Epochs: 24, Window: 160 samples (5.0s), Stride: 160 samples (5.0s)

Patient-held-out splits:
  Train: 121 sessions (91 with seizures)
  Val: 11 sessions (6 with seizures)
  Test: 14 sessions (5 with seizures)

Split audit:
  Train: 121 sessions, 91 seizure sessions, 127 seizure episodes | patients: Mayo_1876:23, Mayo_1904:19, Mayo_1965:79
  Val: 11 sessions, 6 seizure sessions, 7 seizure episodes | patients: Mayo_1869:11
  Test: 14 sessions, 5 seizure sessions, 6 seizure episodes | patients: Mayo_1110:14

Building train split from 121 held-out sessions...

Preparing dataset from 121 sessions...
  Using 7 CPU cores for parallel processing
  Window size: 160, Stride: 160
  [1/121] 1590830169_A025A1: 16324 windows, 61 seizure | ETA: 80.5 min
  [2/121] 1595998432_A025A1: 17750 windows, 122 seizure | ETA: 41.4 min
  [3/121] 1596347269_A025A1: 17558 windows, 61 seizure | ETA: 27.5 min
  [4/121] 1604152715_A02848: 21802 windows, 61 seizure | ETA: 22.1 min
  [5/121] 1608125010_A01BFB: 24396 windows, 122 seizure | ETA: 18.5 min
  [6/121] 1588477070_A02848: 25836 windows, 122 seizure | ETA: 15.6 min
  [7/121] 1591753553_A029FA: 33956 windows, 61 seizure | ETA: 15.3 min
  [8/121] 1601017833_A025F0: 17153 windows, 61 seizure | ETA: 13.4 min
  [9/121] 1603258954_A025F0: 15844 windows, 61 seizure | ETA: 11.8 min
  [10/121] 1599900171_A025F0: 14622 windows, 0 seizure | ETA: 11.2 min
  [11/121] 1598076920_A025A1: 18428 windows, 183 seizure | ETA: 10.3 min
  [12/121] 1607843408_A025E5: 16804 windows, 0 seizure | ETA: 9.6 min
  [13/121] 1578665811_A029FA: 9164 windows, 0 seizure | ETA: 8.9 min
  [14/121] 1596988315_A01BFB: 27732 windows, 133 seizure | ETA: 8.4 min
  [15/121] 1583216644_A025F0: 15385 windows, 61 seizure | ETA: 8.1 min
  [16/121] 1580626517_A025F0: 17580 windows, 61 seizure | ETA: 7.6 min
  [17/121] 1606201290_A025F0: 17711 windows, 61 seizure | ETA: 7.5 min
  [18/121] 1587088014_A02535: 17941 windows, 126 seizure | ETA: 7.2 min
  [19/121] 1595314316_A025A1: 15662 windows, 61 seizure | ETA: 6.8 min
  [20/121] 1581213160_A029FA: 17436 windows, 0 seizure | ETA: 6.4 min
  [21/121] 1593683074_A025F0: 15261 windows, 0 seizure | ETA: 6.1 min
  [22/121] 1594541122_A025F0: 15843 windows, 61 seizure | ETA: 6.0 min
  [23/121] 1585031716_A025A1: 16794 windows, 61 seizure | ETA: 5.7 min
  [24/121] 1583467594_A029FA: 17907 windows, 0 seizure | ETA: 5.8 min
  [25/121] 1583473469_A025A1: 15001 windows, 0 seizure | ETA: 5.5 min
  [26/121] 1593761527_A025A1: 17852 windows, 61 seizure | ETA: 5.3 min
  [27/121] 1597378534_A02535: 17553 windows, 0 seizure | ETA: 5.1 min
  [28/121] 1582008418_A025F0: 16510 windows, 122 seizure | ETA: 5.0 min
  [29/121] 1581171517_A02535: 8192 windows, 61 seizure | ETA: 4.8 min
  [30/121] 1587195314_A025F0: 17481 windows, 137 seizure | ETA: 4.7 min
  [31/121] 1590674273_A01BFB: 28212 windows, 0 seizure | ETA: 4.6 min
  [32/121] 1589007474_A025A1: 17316 windows, 61 seizure | ETA: 4.5 min
  [33/121] 1589789830_A025A1: 17711 windows, 61 seizure | ETA: 4.5 min
  [34/121] 1592299268_A025F0: 14799 windows, 61 seizure | ETA: 4.3 min
  [35/121] 1593881410_A025F0: 10196 windows, 61 seizure | ETA: 4.2 min
  [36/121] 1589880109_A025F0: 17069 windows, 61 seizure | ETA: 4.1 min
  [37/121] 1594886822_A025F0: 16636 windows, 122 seizure | ETA: 3.9 min
  [38/121] 1600990297_A01BFB: 25396 windows, 0 seizure | ETA: 3.8 min
  [39/121] 1584605731_A025F0: 16653 windows, 61 seizure | ETA: 3.8 min
  [40/121] 1586229192_A02535: 17033 windows, 61 seizure | ETA: 3.8 min
  [41/121] 1606805633_A025E5: 17584 windows, 61 seizure | ETA: 3.7 min
  [42/121] 1582780944_A025A1: 17111 windows, 183 seizure | ETA: 3.6 min
  [43/121] 1595663031_A025A1: 17537 windows, 61 seizure | ETA: 3.5 min
  [44/121] 1581391207_A029FA: 16869 windows, 61 seizure | ETA: 3.4 min
  [45/121] 1582441279_A025A1: 16958 windows, 122 seizure | ETA: 3.4 min
  [46/121] 1604412736_A02848: 21690 windows, 0 seizure | ETA: 3.3 min
  [47/121] 1583776231_A025F0: 8000 windows, 61 seizure | ETA: 3.2 min
  [48/121] 1585992602_A025F0: 17250 windows, 61 seizure | ETA: 3.2 min
  [49/121] 1590309745_A025A1: 17264 windows, 183 seizure | ETA: 3.2 min
  [50/121] 1582682579_A02535: 18335 windows, 61 seizure | ETA: 3.1 min
  [51/121] 1595875340_A02848: 24912 windows, 61 seizure | ETA: 3.0 min
  [52/121] 1579484980_A029FA: 17550 windows, 0 seizure | ETA: 3.0 min
  [53/121] 1582349882_A025F0: 17777 windows, 61 seizure | ETA: 2.9 min
  [54/121] 1598423827_A025A1: 16974 windows, 61 seizure | ETA: 2.9 min
  [55/121] 1595236110_A025F0: 14912 windows, 183 seizure | ETA: 2.8 min
  [56/121] 1579181856_A02848: 30568 windows, 0 seizure | ETA: 2.8 min
  [57/121] 1591771304_A025F0: 19209 windows, 122 seizure | ETA: 2.7 min
  [58/121] 1592981638_A025F0: 17996 windows, 183 seizure | ETA: 2.6 min
  [59/121] 1581489441_A025F0: 16789 windows, 61 seizure | ETA: 2.6 min
  [60/121] 1598169432_A025F0: 16690 windows, 183 seizure | ETA: 2.5 min
  [61/121] 1603685342_A025E5: 18154 windows, 0 seizure | ETA: 2.5 min
  [62/121] 1596091429_A025F0: 15767 windows, 61 seizure | ETA: 2.5 min
  [63/121] 1581997924_A02535: 16041 windows, 61 seizure | ETA: 2.4 min
  [64/121] 1583636745_A029FA: 17377 windows, 0 seizure | ETA: 2.4 min
  [65/121] 1583044016_A025F0: 16931 windows, 61 seizure | ETA: 2.3 min
  [66/121] 1603432975_A025F0: 18237 windows, 61 seizure | ETA: 2.3 min
  [67/121] 1581123746_A02848: 28844 windows, 0 seizure | ETA: 2.3 min
  [68/121] 1583392379_A025F0: 15535 windows, 61 seizure | ETA: 2.2 min
  [69/121] 1579243712_A025F0: 17901 windows, 61 seizure | ETA: 2.2 min
  [70/121] 1582703193_A025F0: 15110 windows, 61 seizure | ETA: 2.2 min
  [71/121] 1582864260_A02535: 17195 windows, 61 seizure | ETA: 2.1 min
  [72/121] 1585279099_A029FA: 15806 windows, 0 seizure | ETA: 2.1 min
  [73/121] 1584710698_A01BFB: 28408 windows, 78 seizure | ETA: 2.1 min
  [74/121] 1588658891_A025A1: 18303 windows, 122 seizure | ETA: 2.0 min
  [75/121] 1592087235_A025F0: 26940 windows, 122 seizure | ETA: 1.9 min
  [76/121] 1599199817_A025F0: 16828 windows, 0 seizure | ETA: 1.9 min
  [77/121] 1583905710_A025F0: 18178 windows, 61 seizure | ETA: 1.9 min
  [78/121] 1590658026_A025A1: 15591 windows, 61 seizure | ETA: 1.8 min
  [79/121] 1582616485_A025A1: 16963 windows, 122 seizure | ETA: 1.8 min
  [80/121] 1582966919_A025A1: 15070 windows, 61 seizure | ETA: 1.7 min
  [81/121] 1582166589_A02535: 16605 windows, 0 seizure | ETA: 1.7 min
  [82/121] 1594972279_A025A1: 17489 windows, 61 seizure | ETA: 1.6 min
  [83/121] 1578466440_A025F0: 16866 windows, 61 seizure | ETA: 1.6 min
  [84/121] 1584953835_A025F0: 15223 windows, 61 seizure | ETA: 1.6 min
  [85/121] 1579502836_A025A1: 16213 windows, 122 seizure | ETA: 1.5 min
  [86/121] 1606660855_A01BFB: 23172 windows, 0 seizure | ETA: 1.5 min
  [87/121] 1588579608_A025F0: 15591 windows, 183 seizure | ETA: 1.4 min
  [88/121] 1583818582_A025A1: 17114 windows, 61 seizure | ETA: 1.4 min
  [89/121] 1607584153_A025F0: 17880 windows, 0 seizure | ETA: 1.3 min
  [90/121] 1592962342_A01BFB: 28136 windows, 0 seizure | ETA: 1.3 min
  [91/121] 1588434973_A025F0: 10664 windows, 61 seizure | ETA: 1.2 min
  [92/121] 1609218461_A02848: 20468 windows, 0 seizure | ETA: 1.2 min
  [93/121] 1597734739_A025A1: 16124 windows, 61 seizure | ETA: 1.1 min
  [94/121] 1584931760_A029FA: 16067 windows, 122 seizure | ETA: 1.1 min
  [95/121] 1606114780_A025E5: 16767 windows, 61 seizure | ETA: 1.1 min
  [96/121] 1585331854_A025F0: 8937 windows, 61 seizure | ETA: 1.0 min
  [97/121] 1589525188_A025F0: 17681 windows, 61 seizure | ETA: 1.0 min
  [98/121] 1590398471_A025F0: 17320 windows, 122 seizure | ETA: 0.9 min
  [99/121] 1578902515_A025F0: 15102 windows, 122 seizure | ETA: 0.9 min
  [100/121] 1579837199_A029FA: 17923 windows, 0 seizure | ETA: 0.8 min
  [101/121] 1597897617_A025A1: 17806 windows, 61 seizure | ETA: 0.8 min
  [102/121] 1582264212_A025A1: 16669 windows, 122 seizure | ETA: 0.8 min
  [103/121] 1581048106_A029FA: 16970 windows, 122 seizure | ETA: 0.7 min
  [104/121] 1591586847_A029FA: 16274 windows, 0 seizure | ETA: 0.7 min
  [105/121] 1602343565_A025F0: 11161 windows, 61 seizure | ETA: 0.7 min
  [106/121] 1592791652_A029FA: 17297 windows, 0 seizure | ETA: 0.6 min
  [107/121] 1581427108_A02848: 28712 windows, 61 seizure | ETA: 0.6 min
  [108/121] 1588490285_A025A1: 17507 windows, 122 seizure | ETA: 0.5 min
  [109/121] 1586987656_A02848: 26580 windows, 0 seizure | ETA: 0.5 min
  [110/121] 1585819645_A025F0: 16723 windows, 61 seizure | ETA: 0.5 min
  [111/121] 1608886766_A025E5: 14279 windows, 61 seizure | ETA: 0.4 min
  [112/121] 1601790363_A025F0: 17180 windows, 61 seizure | ETA: 0.4 min
  [113/121] 1586850331_A025F0: 17854 windows, 122 seizure | ETA: 0.3 min
  [114/121] 1588391039_A029FA: 16506 windows, 61 seizure | ETA: 0.3 min
  [115/121] 1592814741_A025F0: 15972 windows, 61 seizure | ETA: 0.3 min
  [116/121] 1597414021_A02848: 23932 windows, 0 seizure | ETA: 0.2 min
  [117/121] 1584237620_A02535: 18328 windows, 61 seizure | ETA: 0.2 min
  [118/121] 1585560788_A025A1: 15194 windows, 122 seizure | ETA: 0.1 min
  [119/121] 1580371528_A025A1: 15968 windows, 61 seizure | ETA: 0.1 min
  [120/121] 1589661694_A02848: 25940 windows, 0 seizure | ETA: 0.0 min
  [121/121] 1577894446_A01BFB: 33097 windows, 0 seizure | ETA: 0.0 min

  Completed in 6.4 minutes
  Processed: 121/121 sessions
  Total windows: 2,190,944
  Seizure windows: 7,794
  Normal windows: 2,183,150
  Primary shape: (2190944, 160, 3)
  Secondary shape: (2190944, 160, 4)

Building val split from 11 held-out sessions...

Preparing dataset from 11 sessions...
  Using 7 CPU cores for parallel processing
  Window size: 160, Stride: 160
  [1/11] 1586226157_A025CF: 16290 windows, 61 seizure | ETA: 7.9 min
  [2/11] 1584067531_A029E3: 16892 windows, 122 seizure | ETA: 3.6 min
  [3/11] 1578970949_A025CF: 17231 windows, 0 seizure | ETA: 2.1 min
  [4/11] 1592528418_A029B4: 17274 windows, 0 seizure | ETA: 1.4 min
  [5/11] 1578193212_A029E3: 17288 windows, 0 seizure | ETA: 1.0 min
  [6/11] 1585100579_A029E3: 18114 windows, 61 seizure | ETA: 0.7 min
  [7/11] 1580864123_A029E3: 32484 windows, 61 seizure | ETA: 0.6 min
  [8/11] 1578106829_A025CF: 17278 windows, 0 seizure | ETA: 0.4 min
  [9/11] 1594945673_A029B4: 17406 windows, 61 seizure | ETA: 0.2 min
  [10/11] 1582857784_A025CF: 27720 windows, 61 seizure | ETA: 0.1 min
  [11/11] 1581131208_A029E3: 33184 windows, 0 seizure | ETA: 0.0 min

  Completed in 1.2 minutes
  Processed: 11/11 sessions
  Total windows: 231,161
  Seizure windows: 427
  Normal windows: 230,734
  Primary shape: (231161, 160, 3)
  Secondary shape: (231161, 160, 4)

Building test split from 14 held-out sessions...

Preparing dataset from 14 sessions...
  Using 7 CPU cores for parallel processing
  Window size: 160, Stride: 160
  [1/14] 1598624269_A01EE3: 25165 windows, 121 seizure | ETA: 9.5 min
  [2/14] 1618071211_A01EEC: 26160 windows, 0 seizure | ETA: 4.4 min
  [3/14] 1617311424_A02294: 25800 windows, 0 seizure | ETA: 2.7 min
  [4/14] 1615118361_A01EEC: 26848 windows, 0 seizure | ETA: 1.9 min
  [5/14] 1617460460_A01EEC: 27536 windows, 61 seizure | ETA: 1.4 min
  [6/14] 1610296047_A01EEC: 28864 windows, 61 seizure | ETA: 1.0 min
  [7/14] 1606744372_A02294: 29264 windows, 0 seizure | ETA: 0.8 min
  [8/14] 1616859842_A01EEC: 26288 windows, 0 seizure | ETA: 0.8 min
  [9/14] 1617627705_A02294: 25744 windows, 0 seizure | ETA: 0.6 min
  [10/14] 1604525961_A02294: 30252 windows, 131 seizure | ETA: 0.5 min
  [11/14] 1607346169_A01EEC: 29616 windows, 0 seizure | ETA: 0.3 min
  [12/14] 1601509460_A02294: 31456 windows, 97 seizure | ETA: 0.2 min
  [13/14] 1603474555_A02294: 30552 windows, 0 seizure | ETA: 0.1 min
  [14/14] 1599842819_A02294: 32964 windows, 0 seizure | ETA: 0.0 min

  Completed in 1.2 minutes
  Processed: 14/14 sessions
  Total windows: 396,509
  Seizure windows: 471
  Normal windows: 396,038
  Primary shape: (396509, 160, 3)
  Secondary shape: (396509, 160, 4)

Data splits:
  Train: 2190944 samples (7794 seizure, 2183150 normal, 0.36% seizure)
  Val: 231161 samples (427 seizure, 230734 normal, 0.18% seizure)
  Test: 396509 samples (471 seizure, 396038 normal, 0.12% seizure)

======================================================================
PHASE 3: Build Standard and Pro TSMixer Models
======================================================================

======================================================================
TRAINING VARIANT: standard_acc_only
Secondary features: none (ACC-only standard)
======================================================================
Existing checkpoint ignored because FORCE_RERUN/DETECTION_FORCE_RETRAIN_VARIANTS is set: C:\I2I\seizure_detection\outputs\standard_acc_only.keras

Built model for standard_acc_only
Model footprint: 155,729 parameters (under 100k: False)

Balanced training view:
  Original train: 2,190,944 windows, 7,794 seizure
  Sampled train: 38,970 windows, 7,794 seizure
Class weights: {0: 0.625, 1: 2.5}
Checkpoint/early stopping monitor: val_pr_auc

Training for up to 24 epochs...
==================================================
  Epoch 1: loss=0.1742, pr_auc=0.2017, val_loss=0.1761, val_pr_auc=0.0014, val_auc=0.3729

Epoch 1: val_pr_auc improved from None to 0.00142, saving model to C:\I2I\seizure_detection\outputs\standard_acc_only.keras

Epoch 1: finished saving model to C:\I2I\seizure_detection\outputs\standard_acc_only.keras
  Epoch 2: loss=0.1733, pr_auc=0.2050, val_loss=0.1784, val_pr_auc=0.0014, val_auc=0.3872

Epoch 2: val_pr_auc improved from 0.00142 to 0.00143, saving model to C:\I2I\seizure_detection\outputs\standard_acc_only.keras

Epoch 2: finished saving model to C:\I2I\seizure_detection\outputs\standard_acc_only.keras
  Epoch 3: loss=0.1729, pr_auc=0.2086, val_loss=0.1812, val_pr_auc=0.0015, val_auc=0.4059

Epoch 3: val_pr_auc improved from 0.00143 to 0.00149, saving model to C:\I2I\seizure_detection\outputs\standard_acc_only.keras

Epoch 3: finished saving model to C:\I2I\seizure_detection\outputs\standard_acc_only.keras
  Epoch 4: loss=0.1726, pr_auc=0.2136, val_loss=0.1787, val_pr_auc=0.0015, val_auc=0.4128

Epoch 4: val_pr_auc improved from 0.00149 to 0.00151, saving model to C:\I2I\seizure_detection\outputs\standard_acc_only.keras

Epoch 4: finished saving model to C:\I2I\seizure_detection\outputs\standard_acc_only.keras
  Epoch 5: loss=0.1724, pr_auc=0.2159, val_loss=0.1795, val_pr_auc=0.0016, val_auc=0.4325

Epoch 5: val_pr_auc improved from 0.00151 to 0.00157, saving model to C:\I2I\seizure_detection\outputs\standard_acc_only.keras

Epoch 5: finished saving model to C:\I2I\seizure_detection\outputs\standard_acc_only.keras
  Epoch 6: loss=0.1722, pr_auc=0.2144, val_loss=0.1753, val_pr_auc=0.0017, val_auc=0.4611

Epoch 6: val_pr_auc improved from 0.00157 to 0.00172, saving model to C:\I2I\seizure_detection\outputs\standard_acc_only.keras

Epoch 6: finished saving model to C:\I2I\seizure_detection\outputs\standard_acc_only.keras
  Epoch 7: loss=0.1720, pr_auc=0.2213, val_loss=0.1744, val_pr_auc=0.0017, val_auc=0.4798

Epoch 7: val_pr_auc improved from 0.00172 to 0.00175, saving model to C:\I2I\seizure_detection\outputs\standard_acc_only.keras

Epoch 7: finished saving model to C:\I2I\seizure_detection\outputs\standard_acc_only.keras
  Epoch 8: loss=0.1718, pr_auc=0.2270, val_loss=0.1734, val_pr_auc=0.0018, val_auc=0.4956

Epoch 8: val_pr_auc improved from 0.00175 to 0.00185, saving model to C:\I2I\seizure_detection\outputs\standard_acc_only.keras

Epoch 8: finished saving model to C:\I2I\seizure_detection\outputs\standard_acc_only.keras
  Epoch 9: loss=0.1715, pr_auc=0.2289, val_loss=0.1664, val_pr_auc=0.0017, val_auc=0.4665

Epoch 9: val_pr_auc did not improve from 0.00185
  Epoch 10: loss=0.1713, pr_auc=0.2291, val_loss=0.1670, val_pr_auc=0.0021, val_auc=0.5063

Epoch 10: val_pr_auc improved from 0.00185 to 0.00205, saving model to C:\I2I\seizure_detection\outputs\standard_acc_only.keras

Epoch 10: finished saving model to C:\I2I\seizure_detection\outputs\standard_acc_only.keras
  Epoch 11: loss=0.1709, pr_auc=0.2290, val_loss=0.1747, val_pr_auc=0.0018, val_auc=0.4716

Epoch 11: val_pr_auc did not improve from 0.00205
  Epoch 12: loss=0.1707, pr_auc=0.2368, val_loss=0.1749, val_pr_auc=0.0026, val_auc=0.5995

Epoch 12: val_pr_auc improved from 0.00205 to 0.00257, saving model to C:\I2I\seizure_detection\outputs\standard_acc_only.keras

Epoch 12: finished saving model to C:\I2I\seizure_detection\outputs\standard_acc_only.keras
  Epoch 13: loss=0.1704, pr_auc=0.2368, val_loss=0.1711, val_pr_auc=0.0021, val_auc=0.5043

Epoch 13: val_pr_auc did not improve from 0.00257
  Epoch 14: loss=0.1702, pr_auc=0.2381, val_loss=0.1555, val_pr_auc=0.0038, val_auc=0.6135

Epoch 14: val_pr_auc improved from 0.00257 to 0.00385, saving model to C:\I2I\seizure_detection\outputs\standard_acc_only.keras

Epoch 14: finished saving model to C:\I2I\seizure_detection\outputs\standard_acc_only.keras
  Epoch 15: loss=0.1695, pr_auc=0.2451, val_loss=0.1259, val_pr_auc=0.0032, val_auc=0.5813

Epoch 15: val_pr_auc did not improve from 0.00385
  Epoch 16: loss=0.1695, pr_auc=0.2489, val_loss=0.1257, val_pr_auc=0.0041, val_auc=0.6248

Epoch 16: val_pr_auc improved from 0.00385 to 0.00406, saving model to C:\I2I\seizure_detection\outputs\standard_acc_only.keras

Epoch 16: finished saving model to C:\I2I\seizure_detection\outputs\standard_acc_only.keras
  Epoch 17: loss=0.1690, pr_auc=0.2519, val_loss=0.1285, val_pr_auc=0.0042, val_auc=0.5972

Epoch 17: val_pr_auc improved from 0.00406 to 0.00420, saving model to C:\I2I\seizure_detection\outputs\standard_acc_only.keras

Epoch 17: finished saving model to C:\I2I\seizure_detection\outputs\standard_acc_only.keras
  Epoch 18: loss=0.1682, pr_auc=0.2563, val_loss=0.1308, val_pr_auc=0.0025, val_auc=0.5899

Epoch 18: val_pr_auc did not improve from 0.00420
  Epoch 19: loss=0.1677, pr_auc=0.2576, val_loss=0.1235, val_pr_auc=0.0029, val_auc=0.5946

Epoch 19: val_pr_auc did not improve from 0.00420
  Epoch 20: loss=0.1672, pr_auc=0.2649, val_loss=0.1281, val_pr_auc=0.0029, val_auc=0.5935

Epoch 20: val_pr_auc did not improve from 0.00420
  Epoch 21: loss=0.1665, pr_auc=0.2614, val_loss=0.1133, val_pr_auc=0.0029, val_auc=0.6009

Epoch 21: val_pr_auc did not improve from 0.00420
  Epoch 22: loss=0.1664, pr_auc=0.2675, val_loss=0.1160, val_pr_auc=0.0036, val_auc=0.5994

Epoch 22: val_pr_auc did not improve from 0.00420
  Epoch 23: loss=0.1648, pr_auc=0.2774, val_loss=0.1208, val_pr_auc=0.0023, val_auc=0.5317

Epoch 23: val_pr_auc did not improve from 0.00420
  Epoch 24: loss=0.1644, pr_auc=0.2794, val_loss=0.1070, val_pr_auc=0.0034, val_auc=0.5817

Epoch 24: val_pr_auc did not improve from 0.00420
Epoch 24: early stopping
Restoring model weights from the end of the best epoch: 17.
Validation PR-AUC for standard_acc_only: 0.004636

======================================================================
TRAINING VARIANT: standard_acc_eda
Secondary features: ['EDA']
======================================================================
Existing checkpoint ignored because FORCE_RERUN/DETECTION_FORCE_RETRAIN_VARIANTS is set: C:\I2I\seizure_detection\outputs\standard_acc_eda.keras

Built model for standard_acc_eda
Model footprint: 155,729 parameters (under 100k: False)

Balanced training view:
  Original train: 2,190,944 windows, 7,794 seizure
  Sampled train: 38,970 windows, 7,794 seizure
Class weights: {0: 0.625, 1: 2.5}
Checkpoint/early stopping monitor: val_pr_auc

Training for up to 24 epochs...
==================================================
  Epoch 1: loss=0.1753, pr_auc=0.2022, val_loss=0.1772, val_pr_auc=0.0028, val_auc=0.5526

Epoch 1: val_pr_auc improved from None to 0.00284, saving model to C:\I2I\seizure_detection\outputs\standard_acc_eda.keras

Epoch 1: finished saving model to C:\I2I\seizure_detection\outputs\standard_acc_eda.keras
  Epoch 2: loss=0.1734, pr_auc=0.2040, val_loss=0.1791, val_pr_auc=0.0013, val_auc=0.3597

Epoch 2: val_pr_auc did not improve from 0.00284
  Epoch 3: loss=0.1732, pr_auc=0.2146, val_loss=0.1733, val_pr_auc=0.0018, val_auc=0.4995

Epoch 3: val_pr_auc did not improve from 0.00284
  Epoch 4: loss=0.1732, pr_auc=0.2146, val_loss=0.1786, val_pr_auc=0.0018, val_auc=0.5012

Epoch 4: val_pr_auc did not improve from 0.00284
  Epoch 5: loss=0.1731, pr_auc=0.2170, val_loss=0.1667, val_pr_auc=0.0021, val_auc=0.5475

Epoch 5: val_pr_auc did not improve from 0.00284
  Epoch 6: loss=0.1728, pr_auc=0.2251, val_loss=0.1758, val_pr_auc=0.0020, val_auc=0.5206

Epoch 6: val_pr_auc did not improve from 0.00284
  Epoch 7: loss=0.1726, pr_auc=0.2279, val_loss=0.1703, val_pr_auc=0.0017, val_auc=0.4749

Epoch 7: val_pr_auc did not improve from 0.00284
  Epoch 8: loss=0.1722, pr_auc=0.2343, val_loss=0.1626, val_pr_auc=0.0017, val_auc=0.4854

Epoch 8: val_pr_auc did not improve from 0.00284
Epoch 8: early stopping
Restoring model weights from the end of the best epoch: 1.
Validation PR-AUC for standard_acc_eda: 0.003808

======================================================================
TRAINING VARIANT: standard_acc_temp
Secondary features: ['TEMP']
======================================================================
Existing checkpoint ignored because FORCE_RERUN/DETECTION_FORCE_RETRAIN_VARIANTS is set: C:\I2I\seizure_detection\outputs\standard_acc_temp.keras

Built model for standard_acc_temp
Model footprint: 155,729 parameters (under 100k: False)

Balanced training view:
  Original train: 2,190,944 windows, 7,794 seizure
  Sampled train: 38,970 windows, 7,794 seizure
Class weights: {0: 0.625, 1: 2.5}
Checkpoint/early stopping monitor: val_pr_auc

Training for up to 24 epochs...
==================================================
  Epoch 1: loss=0.1747, pr_auc=0.2046, val_loss=0.1625, val_pr_auc=0.0052, val_auc=0.5633

Epoch 1: val_pr_auc improved from None to 0.00520, saving model to C:\I2I\seizure_detection\outputs\standard_acc_temp.keras

Epoch 1: finished saving model to C:\I2I\seizure_detection\outputs\standard_acc_temp.keras
  Epoch 2: loss=0.1732, pr_auc=0.2070, val_loss=0.1633, val_pr_auc=0.0022, val_auc=0.4815

Epoch 2: val_pr_auc did not improve from 0.00520
  Epoch 3: loss=0.1718, pr_auc=0.2226, val_loss=0.1680, val_pr_auc=0.0061, val_auc=0.5315

Epoch 3: val_pr_auc improved from 0.00520 to 0.00608, saving model to C:\I2I\seizure_detection\outputs\standard_acc_temp.keras

Epoch 3: finished saving model to C:\I2I\seizure_detection\outputs\standard_acc_temp.keras
  Epoch 4: loss=0.1710, pr_auc=0.2271, val_loss=0.1579, val_pr_auc=0.0064, val_auc=0.4931

Epoch 4: val_pr_auc improved from 0.00608 to 0.00637, saving model to C:\I2I\seizure_detection\outputs\standard_acc_temp.keras

Epoch 4: finished saving model to C:\I2I\seizure_detection\outputs\standard_acc_temp.keras
  Epoch 5: loss=0.1701, pr_auc=0.2378, val_loss=0.1724, val_pr_auc=0.0106, val_auc=0.5656

Epoch 5: val_pr_auc improved from 0.00637 to 0.01063, saving model to C:\I2I\seizure_detection\outputs\standard_acc_temp.keras

Epoch 5: finished saving model to C:\I2I\seizure_detection\outputs\standard_acc_temp.keras
  Epoch 6: loss=0.1697, pr_auc=0.2444, val_loss=0.1692, val_pr_auc=0.0090, val_auc=0.5630

Epoch 6: val_pr_auc did not improve from 0.01063
  Epoch 7: loss=0.1689, pr_auc=0.2496, val_loss=0.1582, val_pr_auc=0.0029, val_auc=0.6161

Epoch 7: val_pr_auc did not improve from 0.01063
  Epoch 8: loss=0.1680, pr_auc=0.2574, val_loss=0.1569, val_pr_auc=0.0033, val_auc=0.6883

Epoch 8: val_pr_auc did not improve from 0.01063
  Epoch 9: loss=0.1673, pr_auc=0.2596, val_loss=0.1525, val_pr_auc=0.0034, val_auc=0.6289

Epoch 9: val_pr_auc did not improve from 0.01063
  Epoch 10: loss=0.1658, pr_auc=0.2725, val_loss=0.1447, val_pr_auc=0.0056, val_auc=0.6899

Epoch 10: val_pr_auc did not improve from 0.01063
  Epoch 11: loss=0.1647, pr_auc=0.2787, val_loss=0.1610, val_pr_auc=0.0019, val_auc=0.5230

Epoch 11: val_pr_auc did not improve from 0.01063
  Epoch 12: loss=0.1637, pr_auc=0.2881, val_loss=0.1654, val_pr_auc=0.0022, val_auc=0.5350

Epoch 12: val_pr_auc did not improve from 0.01063
Epoch 12: early stopping
Restoring model weights from the end of the best epoch: 5.
Validation PR-AUC for standard_acc_temp: 0.008717

======================================================================
TRAINING VARIANT: standard_acc_eda_temp
Secondary features: ['EDA', 'TEMP']
======================================================================
Existing checkpoint ignored because FORCE_RERUN/DETECTION_FORCE_RETRAIN_VARIANTS is set: C:\I2I\seizure_detection\outputs\standard_acc_eda_temp.keras

Built model for standard_acc_eda_temp
Model footprint: 155,729 parameters (under 100k: False)

Balanced training view:
  Original train: 2,190,944 windows, 7,794 seizure
  Sampled train: 38,970 windows, 7,794 seizure
Class weights: {0: 0.625, 1: 2.5}
Checkpoint/early stopping monitor: val_pr_auc

Training for up to 24 epochs...
==================================================
  Epoch 1: loss=0.1756, pr_auc=0.2094, val_loss=0.1714, val_pr_auc=0.0024, val_auc=0.5475

Epoch 1: val_pr_auc improved from None to 0.00244, saving model to C:\I2I\seizure_detection\outputs\standard_acc_eda_temp.keras

Epoch 1: finished saving model to C:\I2I\seizure_detection\outputs\standard_acc_eda_temp.keras
  Epoch 2: loss=0.1718, pr_auc=0.2298, val_loss=0.1654, val_pr_auc=0.0023, val_auc=0.5671

Epoch 2: val_pr_auc did not improve from 0.00244
  Epoch 3: loss=0.1704, pr_auc=0.2474, val_loss=0.1736, val_pr_auc=0.0038, val_auc=0.5698

Epoch 3: val_pr_auc improved from 0.00244 to 0.00382, saving model to C:\I2I\seizure_detection\outputs\standard_acc_eda_temp.keras

Epoch 3: finished saving model to C:\I2I\seizure_detection\outputs\standard_acc_eda_temp.keras
  Epoch 4: loss=0.1691, pr_auc=0.2553, val_loss=0.1620, val_pr_auc=0.0028, val_auc=0.5492

Epoch 4: val_pr_auc did not improve from 0.00382
  Epoch 5: loss=0.1684, pr_auc=0.2616, val_loss=0.1670, val_pr_auc=0.0041, val_auc=0.6113

Epoch 5: val_pr_auc improved from 0.00382 to 0.00414, saving model to C:\I2I\seizure_detection\outputs\standard_acc_eda_temp.keras

Epoch 5: finished saving model to C:\I2I\seizure_detection\outputs\standard_acc_eda_temp.keras
  Epoch 6: loss=0.1675, pr_auc=0.2714, val_loss=0.1381, val_pr_auc=0.0037, val_auc=0.5920

Epoch 6: val_pr_auc did not improve from 0.00414
  Epoch 7: loss=0.1659, pr_auc=0.2828, val_loss=0.1531, val_pr_auc=0.0022, val_auc=0.5771

Epoch 7: val_pr_auc did not improve from 0.00414
  Epoch 8: loss=0.1646, pr_auc=0.2943, val_loss=0.1300, val_pr_auc=0.0034, val_auc=0.5959

Epoch 8: val_pr_auc did not improve from 0.00414
  Epoch 9: loss=0.1631, pr_auc=0.3037, val_loss=0.1206, val_pr_auc=0.0032, val_auc=0.6568

Epoch 9: val_pr_auc did not improve from 0.00414
  Epoch 10: loss=0.1616, pr_auc=0.3182, val_loss=0.1383, val_pr_auc=0.0020, val_auc=0.4625

Epoch 10: val_pr_auc did not improve from 0.00414
  Epoch 11: loss=0.1601, pr_auc=0.3253, val_loss=0.1129, val_pr_auc=0.0017, val_auc=0.4316

Epoch 11: val_pr_auc did not improve from 0.00414
  Epoch 12: loss=0.1585, pr_auc=0.3387, val_loss=0.1223, val_pr_auc=0.0018, val_auc=0.4647

Epoch 12: val_pr_auc did not improve from 0.00414
Epoch 12: early stopping
Restoring model weights from the end of the best epoch: 5.
Validation PR-AUC for standard_acc_eda_temp: 0.004737
Inactive Pro candidate not trained for the current product allocation: pro_ppg_bvp_hr
Inactive Pro candidate not trained for the current product allocation: pro_ppg_bvp_hr_eda
Inactive Pro candidate not trained for the current product allocation: pro_ppg_bvp_hr_temp

======================================================================
TRAINING VARIANT: pro_full_bvp_hr_eda_temp
Secondary features: ['BVP', 'HR', 'EDA', 'TEMP']
======================================================================
Existing checkpoint ignored because FORCE_RERUN/DETECTION_FORCE_RETRAIN_VARIANTS is set: C:\I2I\seizure_detection\outputs\pro_full_bvp_hr_eda_temp.keras

Built model for pro_full_bvp_hr_eda_temp
Model footprint: 155,729 parameters (under 100k: False)

Balanced training view:
  Original train: 2,190,944 windows, 7,794 seizure
  Sampled train: 38,970 windows, 7,794 seizure
Class weights: {0: 0.625, 1: 2.5}
Checkpoint/early stopping monitor: val_pr_auc

Training for up to 24 epochs...
==================================================
  Epoch 1: loss=0.1769, pr_auc=0.2126, val_loss=0.1667, val_pr_auc=0.0030, val_auc=0.5193

Epoch 1: val_pr_auc improved from None to 0.00300, saving model to C:\I2I\seizure_detection\outputs\pro_full_bvp_hr_eda_temp.keras

Epoch 1: finished saving model to C:\I2I\seizure_detection\outputs\pro_full_bvp_hr_eda_temp.keras
  Epoch 2: loss=0.1712, pr_auc=0.2319, val_loss=0.1597, val_pr_auc=0.0017, val_auc=0.4426

Epoch 2: val_pr_auc did not improve from 0.00300
  Epoch 3: loss=0.1682, pr_auc=0.2470, val_loss=0.1630, val_pr_auc=0.0014, val_auc=0.3891

Epoch 3: val_pr_auc did not improve from 0.00300
  Epoch 4: loss=0.1667, pr_auc=0.2582, val_loss=0.1615, val_pr_auc=0.0013, val_auc=0.3522

Epoch 4: val_pr_auc did not improve from 0.00300
  Epoch 5: loss=0.1652, pr_auc=0.2676, val_loss=0.1730, val_pr_auc=0.0015, val_auc=0.4050

Epoch 5: val_pr_auc did not improve from 0.00300
  Epoch 6: loss=0.1632, pr_auc=0.2793, val_loss=0.1640, val_pr_auc=0.0027, val_auc=0.4038

Epoch 6: val_pr_auc did not improve from 0.00300
  Epoch 7: loss=0.1613, pr_auc=0.2942, val_loss=0.1395, val_pr_auc=0.0020, val_auc=0.4476

Epoch 7: val_pr_auc did not improve from 0.00300
  Epoch 8: loss=0.1590, pr_auc=0.3095, val_loss=0.1161, val_pr_auc=0.0020, val_auc=0.5029

Epoch 8: val_pr_auc did not improve from 0.00300
Epoch 8: early stopping
Restoring model weights from the end of the best epoch: 1.
Validation PR-AUC for pro_full_bvp_hr_eda_temp: 0.003094
Scoring allocation base_acc__addon_ppg_eda_temp: standard_acc_only -> pro_full_bvp_hr_eda_temp
Scoring allocation base_acc_eda__addon_ppg_temp: standard_acc_eda -> pro_full_bvp_hr_eda_temp
Scoring allocation base_acc_temp__addon_ppg_eda: standard_acc_temp -> pro_full_bvp_hr_eda_temp
Scoring allocation base_acc_eda_temp__addon_ppg: standard_acc_eda_temp -> pro_full_bvp_hr_eda_temp

Product allocation analysis:
  base_acc__addon_ppg_eda_temp: base optional=[], addon optional=['EDA', 'TEMP'] | val events 5/7 -> 6/7, val recall 0.0562 -> 0.0656, AUC 0.5977 -> 0.5955, PR-AUC 0.0046 -> 0.0046, balanced acc 0.5211 -> 0.5258
  base_acc_eda__addon_ppg_temp: base optional=['EDA'], addon optional=['TEMP'] | val events 4/7 -> 5/7, val recall 0.0679 -> 0.0515, AUC 0.6025 -> 0.6401, PR-AUC 0.0038 -> 0.0032, balanced acc 0.5270 -> 0.5188
  base_acc_temp__addon_ppg_eda: base optional=['TEMP'], addon optional=['EDA'] | val events 2/7 -> 2/7, val recall 0.1475 -> 0.1475, AUC 0.5676 -> 0.5667, PR-AUC 0.0087 -> 0.0087, balanced acc 0.5668 -> 0.5668
  base_acc_eda_temp__addon_ppg: base optional=['EDA', 'TEMP'], addon optional=[] | val events 3/7 -> 3/7, val recall 0.1499 -> 0.1499, AUC 0.6157 -> 0.6146, PR-AUC 0.0047 -> 0.0047, balanced acc 0.5680 -> 0.5680

Selected product allocation from validation only: base_acc__addon_ppg_eda_temp

Held-out test allocation check:

======================================================================
VALIDATION: Standard Product vs Pro Product
======================================================================
Calibrated Standard Product (standard_acc_only; features=['ACC only']) threshold on validation: 0.5284 (precision=0.0122, recall=0.0398, f1=0.0187)
Calibrated Pro Product (pro_full_bvp_hr_eda_temp) threshold on validation: 0.5128 (precision=0.0099, recall=0.0843, f1=0.0177)
Selected Standard Product causal score smoothing: 1 window(s), threshold=0.5247
Selected Pro Product causal score smoothing: 1 window(s), threshold=0.5213
Calibrated Pro Product (pro_full_bvp_hr_eda_temp; fused score) threshold on validation: 0.5278 (precision=0.0162, recall=0.0211, f1=0.0183)

Standard Product (standard_acc_only; features=['ACC only']) Mode Results:
------------------------------
  loss: 0.6328
  accuracy_diagnostic: 0.9674 (not a success metric for this imbalanced split)
  auc: 0.4409
  pr_auc: 0.0010
  precision: 0.0010
  recall: 0.0255
  f1: 0.0019
  specificity: 0.9685
  balanced_accuracy: 0.4970
  positive_rate: 0.0012
  all_normal_baseline_accuracy_diagnostic: 0.9988 (all-negative baseline)
  true_negatives: 383561
  false_positives: 12477
  false_negatives: 459
  true_positives: 12
  false_alarms_per_hour: 22.6563
  decision_threshold: 0.5247
  event_level: 5/6 events, sensitivity=0.8333

Pro Product (pro_full_bvp_hr_eda_temp) Mode Results:
------------------------------
  loss: 0.6366
  accuracy_diagnostic: 0.9672 (not a success metric for this imbalanced split)
  auc: 0.4431
  pr_auc: 0.0010
  precision: 0.0012
  recall: 0.0318
  f1: 0.0023
  specificity: 0.9683
  balanced_accuracy: 0.5001
  positive_rate: 0.0012
  all_normal_baseline_accuracy_diagnostic: 0.9988 (all-negative baseline)
  true_negatives: 383503
  false_positives: 12535
  false_negatives: 456
  true_positives: 15
  false_alarms_per_hour: 22.7617
  decision_threshold: 0.5213
  event_level: 6/6 events, sensitivity=1.0000

======================================================================
COMPARISON: Standard vs Pro Product
======================================================================
  AUC: 0.4409 -> 0.4431 (+0.0022)
  PR-AUC: 0.0010 -> 0.0010 (+0.0000)
  Recall: 0.0255 -> 0.0318 (+0.0064)
  Event sensitivity: 5/6 -> 6/6
  False alarms/hour: 22.66 -> 22.76
  Raw accuracy is diagnostic only under severe class imbalance; see all_normal_baseline_accuracy in results.json.

Matched false-alarm operating point:
  Validation alarm budget: 10.00 false alarms/hour
  Test recall: 0.0255 -> 0.0318
  Test false alarms/hour: 22.66 -> 22.76

Fixed validation alarm-budget grid:
  1 fa/h budget | recall 0.0000 -> 0.0021; test fa/h 0.86 -> 1.02; balanced acc 0.4994 -> 0.5004
  5 fa/h budget | recall 0.0149 -> 0.0149; test fa/h 10.59 -> 10.93; balanced acc 0.5001 -> 0.4998
  10 fa/h budget | recall 0.0255 -> 0.0318; test fa/h 22.66 -> 22.76; balanced acc 0.4970 -> 0.5001
  15 fa/h budget | recall 0.0361 -> 0.0403; test fa/h 34.70 -> 34.46; balanced acc 0.4939 -> 0.4962
  25 fa/h budget | recall 0.0531 -> 0.0573; test fa/h 56.54 -> 56.21; balanced acc 0.4872 -> 0.4896
  50 fa/h budget | recall 0.0849 -> 0.0870; test fa/h 105.01 -> 105.21; balanced acc 0.4694 -> 0.4704
  100 fa/h budget | recall 0.1741 -> 0.1868; test fa/h 189.93 -> 190.43; balanced acc 0.4550 -> 0.4610
  base_acc__addon_ppg_eda_temp: test recall 0.0255 -> 0.0318

======================================================================
VALIDATION: Standard Product vs Pro Product
======================================================================
Calibrated Standard Product (standard_acc_eda; features=['EDA']) threshold on validation: 0.5094 (precision=0.0100, recall=0.0609, f1=0.0171)
Calibrated Pro Product (pro_full_bvp_hr_eda_temp) threshold on validation: 0.5128 (precision=0.0099, recall=0.0843, f1=0.0177)
Selected Standard Product causal score smoothing: 25 window(s), threshold=0.5059
Selected Pro Product causal score smoothing: 5 window(s), threshold=0.5054
Calibrated Pro Product (pro_full_bvp_hr_eda_temp; fused score) threshold on validation: 0.5051 (precision=0.0213, recall=0.2529, f1=0.0392)

Standard Product (standard_acc_eda; features=['EDA']) Mode Results:
------------------------------
  loss: 0.6990
  accuracy_diagnostic: 0.9794 (not a success metric for this imbalanced split)
  auc: 0.7473
  pr_auc: 0.1137
  precision: 0.0239
  recall: 0.4098
  f1: 0.0451
  specificity: 0.9801
  balanced_accuracy: 0.6949
  positive_rate: 0.0012
  all_normal_baseline_accuracy_diagnostic: 0.9988 (all-negative baseline)
  true_negatives: 388152
  false_positives: 7886
  false_negatives: 278
  true_positives: 193
  false_alarms_per_hour: 14.3198
  decision_threshold: 0.5059
  event_level: 3/6 events, sensitivity=0.5000

Pro Product (pro_full_bvp_hr_eda_temp) Mode Results:
------------------------------
  loss: 0.6983
  accuracy_diagnostic: 0.9799 (not a success metric for this imbalanced split)
  auc: 0.7276
  pr_auc: 0.1144
  precision: 0.0247
  recall: 0.4140
  f1: 0.0467
  specificity: 0.9806
  balanced_accuracy: 0.6973
  positive_rate: 0.0012
  all_normal_baseline_accuracy_diagnostic: 0.9988 (all-negative baseline)
  true_negatives: 388354
  false_positives: 7684
  false_negatives: 276
  true_positives: 195
  false_alarms_per_hour: 13.9530
  decision_threshold: 0.5054
  event_level: 3/6 events, sensitivity=0.5000

======================================================================
COMPARISON: Standard vs Pro Product
======================================================================
  AUC: 0.7473 -> 0.7276 (+-0.0196)
  PR-AUC: 0.1137 -> 0.1144 (+0.0008)
  Recall: 0.4098 -> 0.4140 (+0.0042)
  Event sensitivity: 3/6 -> 3/6
  False alarms/hour: 14.32 -> 13.95
  Raw accuracy is diagnostic only under severe class imbalance; see all_normal_baseline_accuracy in results.json.

Matched false-alarm operating point:
  Validation alarm budget: 10.00 false alarms/hour
  Test recall: 0.4098 -> 0.4140
  Test false alarms/hour: 14.32 -> 13.95

Fixed validation alarm-budget grid:
  1 fa/h budget | recall 0.3312 -> 0.3503; test fa/h 2.10 -> 2.35; balanced acc 0.6641 -> 0.6735
  5 fa/h budget | recall 0.3928 -> 0.3949; test fa/h 7.97 -> 8.04; balanced acc 0.6909 -> 0.6919
  10 fa/h budget | recall 0.4098 -> 0.4140; test fa/h 14.32 -> 13.95; balanced acc 0.6949 -> 0.6973
  15 fa/h budget | recall 0.4225 -> 0.4331; test fa/h 20.39 -> 19.56; balanced acc 0.6971 -> 0.7030
  25 fa/h budget | recall 0.4671 -> 0.4628; test fa/h 33.65 -> 31.86; balanced acc 0.7101 -> 0.7093
  50 fa/h budget | recall 0.5074 -> 0.5011; test fa/h 67.40 -> 66.43; balanced acc 0.7069 -> 0.7043
  100 fa/h budget | recall 0.5329 -> 0.5414; test fa/h 124.63 -> 122.70; balanced acc 0.6798 -> 0.6854
  base_acc_eda__addon_ppg_temp: test recall 0.4098 -> 0.4140

======================================================================
VALIDATION: Standard Product vs Pro Product
======================================================================
Calibrated Standard Product (standard_acc_temp; features=['TEMP']) threshold on validation: 0.5490 (precision=0.0753, recall=0.1429, f1=0.0986)
Calibrated Pro Product (pro_full_bvp_hr_eda_temp) threshold on validation: 0.5128 (precision=0.0099, recall=0.0843, f1=0.0177)
Selected Standard Product causal score smoothing: 1 window(s), threshold=0.5311
Selected Pro Product causal score smoothing: 1 window(s), threshold=0.5300
Calibrated Pro Product (pro_full_bvp_hr_eda_temp; fused score) threshold on validation: 0.5479 (precision=0.0748, recall=0.1429, f1=0.0982)

Standard Product (standard_acc_temp; features=['TEMP']) Mode Results:
------------------------------
  loss: 0.6663
  accuracy_diagnostic: 0.9773 (not a success metric for this imbalanced split)
  auc: 0.4721
  pr_auc: 0.0011
  precision: 0.0012
  recall: 0.0212
  f1: 0.0022
  specificity: 0.9784
  balanced_accuracy: 0.4998
  positive_rate: 0.0012
  all_normal_baseline_accuracy_diagnostic: 0.9988 (all-negative baseline)
  true_negatives: 387491
  false_positives: 8547
  false_negatives: 461
  true_positives: 10
  false_alarms_per_hour: 15.5201
  decision_threshold: 0.5311
  event_level: 1/6 events, sensitivity=0.1667

Pro Product (pro_full_bvp_hr_eda_temp) Mode Results:
------------------------------
  loss: 0.6665
  accuracy_diagnostic: 0.9768 (not a success metric for this imbalanced split)
  auc: 0.4734
  pr_auc: 0.0011
  precision: 0.0013
  recall: 0.0234
  f1: 0.0024
  specificity: 0.9780
  balanced_accuracy: 0.5007
  positive_rate: 0.0012
  all_normal_baseline_accuracy_diagnostic: 0.9988 (all-negative baseline)
  true_negatives: 387313
  false_positives: 8725
  false_negatives: 460
  true_positives: 11
  false_alarms_per_hour: 15.8433
  decision_threshold: 0.5300
  event_level: 1/6 events, sensitivity=0.1667

======================================================================
COMPARISON: Standard vs Pro Product
======================================================================
  AUC: 0.4721 -> 0.4734 (+0.0013)
  PR-AUC: 0.0011 -> 0.0011 (+0.0000)
  Recall: 0.0212 -> 0.0234 (+0.0021)
  Event sensitivity: 1/6 -> 1/6
  False alarms/hour: 15.52 -> 15.84
  Raw accuracy is diagnostic only under severe class imbalance; see all_normal_baseline_accuracy in results.json.

Matched false-alarm operating point:
  Validation alarm budget: 10.00 false alarms/hour
  Test recall: 0.0212 -> 0.0234
  Test false alarms/hour: 15.52 -> 15.84

Fixed validation alarm-budget grid:
  1 fa/h budget | recall 0.0000 -> 0.0000; test fa/h 0.00 -> 0.01; balanced acc 0.5000 -> 0.5000
  5 fa/h budget | recall 0.0000 -> 0.0021; test fa/h 6.55 -> 6.75; balanced acc 0.4954 -> 0.4964
  10 fa/h budget | recall 0.0212 -> 0.0234; test fa/h 15.52 -> 15.84; balanced acc 0.4998 -> 0.5007
  15 fa/h budget | recall 0.0318 -> 0.0318; test fa/h 25.96 -> 26.97; balanced acc 0.4979 -> 0.4972
  25 fa/h budget | recall 0.0446 -> 0.0446; test fa/h 44.82 -> 45.65; balanced acc 0.4911 -> 0.4906
  50 fa/h budget | recall 0.1040 -> 0.0892; test fa/h 88.87 -> 85.15; balanced acc 0.4902 -> 0.4854
  100 fa/h budget | recall 0.1635 -> 0.1635; test fa/h 140.77 -> 138.24; balanced acc 0.4839 -> 0.4856
  base_acc_temp__addon_ppg_eda: test recall 0.0212 -> 0.0234

======================================================================
VALIDATION: Standard Product vs Pro Product
======================================================================
Calibrated Standard Product (standard_acc_eda_temp; features=['EDA', 'TEMP']) threshold on validation: 0.5467 (precision=0.0227, recall=0.1475, f1=0.0394)
Calibrated Pro Product (pro_full_bvp_hr_eda_temp) threshold on validation: 0.5128 (precision=0.0099, recall=0.0843, f1=0.0177)
Selected Standard Product causal score smoothing: 1 window(s), threshold=0.5458
Selected Pro Product causal score smoothing: 1 window(s), threshold=0.5447
Calibrated Pro Product (pro_full_bvp_hr_eda_temp; fused score) threshold on validation: 0.5457 (precision=0.0229, recall=0.1475, f1=0.0397)

Standard Product (standard_acc_eda_temp; features=['EDA', 'TEMP']) Mode Results:
------------------------------
  loss: 0.6661
  accuracy_diagnostic: 0.9839 (not a success metric for this imbalanced split)
  auc: 0.6179
  pr_auc: 0.0232
  precision: 0.0215
  recall: 0.2824
  f1: 0.0400
  specificity: 0.9847
  balanced_accuracy: 0.6336
  positive_rate: 0.0012
  all_normal_baseline_accuracy_diagnostic: 0.9988 (all-negative baseline)
  true_negatives: 389988
  false_positives: 6050
  false_negatives: 338
  true_positives: 133
  false_alarms_per_hour: 10.9859
  decision_threshold: 0.5458
  event_level: 3/6 events, sensitivity=0.5000

Pro Product (pro_full_bvp_hr_eda_temp) Mode Results:
------------------------------
  loss: 0.6662
  accuracy_diagnostic: 0.9840 (not a success metric for this imbalanced split)
  auc: 0.6178
  pr_auc: 0.0232
  precision: 0.0216
  recall: 0.2824
  f1: 0.0402
  specificity: 0.9848
  balanced_accuracy: 0.6336
  positive_rate: 0.0012
  all_normal_baseline_accuracy_diagnostic: 0.9988 (all-negative baseline)
  true_negatives: 390020
  false_positives: 6018
  false_negatives: 338
  true_positives: 133
  false_alarms_per_hour: 10.9278
  decision_threshold: 0.5447
  event_level: 3/6 events, sensitivity=0.5000

======================================================================
COMPARISON: Standard vs Pro Product
======================================================================
  AUC: 0.6179 -> 0.6178 (+-0.0001)
  PR-AUC: 0.0232 -> 0.0232 (+-0.0000)
  Recall: 0.2824 -> 0.2824 (+0.0000)
  Event sensitivity: 3/6 -> 3/6
  False alarms/hour: 10.99 -> 10.93
  Raw accuracy is diagnostic only under severe class imbalance; see all_normal_baseline_accuracy in results.json.

Matched false-alarm operating point:
  Validation alarm budget: 10.00 false alarms/hour
  Test recall: 0.2824 -> 0.2824
  Test false alarms/hour: 10.99 -> 10.93

Fixed validation alarm-budget grid:
  1 fa/h budget | recall 0.1423 -> 0.1423; test fa/h 1.51 -> 1.51; balanced acc 0.5701 -> 0.5701
  5 fa/h budget | recall 0.2272 -> 0.2272; test fa/h 4.52 -> 4.49; balanced acc 0.6104 -> 0.6105
  10 fa/h budget | recall 0.2824 -> 0.2824; test fa/h 10.99 -> 10.93; balanced acc 0.6336 -> 0.6336
  15 fa/h budget | recall 0.3100 -> 0.3100; test fa/h 15.10 -> 14.70; balanced acc 0.6445 -> 0.6448
  25 fa/h budget | recall 0.3248 -> 0.3227; test fa/h 27.39 -> 26.12; balanced acc 0.6434 -> 0.6432
  50 fa/h budget | recall 0.3609 -> 0.3397; test fa/h 47.87 -> 45.57; balanced acc 0.6472 -> 0.6382
  100 fa/h budget | recall 0.4246 -> 0.4225; test fa/h 82.78 -> 79.83; balanced acc 0.6548 -> 0.6557
  base_acc_eda_temp__addon_ppg: test recall 0.2824 -> 0.2824

Selected product allocation: base_acc__addon_ppg_eda_temp
  Base has ACC only; add-on has required PPG plus EDA and TEMP.
  Selected Standard variant: standard_acc_only
  Selected Pro variant: pro_full_bvp_hr_eda_temp
  Enabled Standard features: []
  Enabled Pro features: ['BVP', 'HR', 'EDA', 'TEMP']

======================================================================
PHASE 4: Validation
======================================================================

Results saved to: C:\I2I\seizure_detection\outputs\results.json
Saved artifact at 'C:\Users\Test-PC\AppData\Local\Temp\tmpbc6e7w5k'. The following endpoints are available:

* Endpoint 'serve'
  args_0 (POSITIONAL_ONLY): List[TensorSpec(shape=(None, 160, 3), dtype=tf.float32, name='primary_input'), TensorSpec(shape=(None, 160, 4), dtype=tf.float32, name='secondary_input')]
Output Type:
  TensorSpec(shape=(None, 1), dtype=tf.float32, name=None)
Captures:
  1510423131728: TensorSpec(shape=(), dtype=tf.resource, name=None)
  1510423131344: TensorSpec(shape=(), dtype=tf.resource, name=None)
  1510355740112: TensorSpec(shape=(), dtype=tf.resource, name=None)
  1510355732240: TensorSpec(shape=(), dtype=tf.resource, name=None)
  1510423132496: TensorSpec(shape=(), dtype=tf.resource, name=None)
  1510420808720: TensorSpec(shape=(), dtype=tf.resource, name=None)
  1510355740496: TensorSpec(shape=(), dtype=tf.resource, name=None)
  1510355737232: TensorSpec(shape=(), dtype=tf.resource, name=None)
  1510420808528: TensorSpec(shape=(), dtype=tf.resource, name=None)
  1510420809296: TensorSpec(shape=(), dtype=tf.resource, name=None)
  1510420810256: TensorSpec(shape=(), dtype=tf.resource, name=None)
  1510420810064: TensorSpec(shape=(), dtype=tf.resource, name=None)
  1510420807760: TensorSpec(shape=(), dtype=tf.resource, name=None)
  1510420809104: TensorSpec(shape=(), dtype=tf.resource, name=None)
  1510420811216: TensorSpec(shape=(), dtype=tf.resource, name=None)
  1510420811024: TensorSpec(shape=(), dtype=tf.resource, name=None)
  1510420811600: TensorSpec(shape=(), dtype=tf.resource, name=None)
  1510420809872: TensorSpec(shape=(), dtype=tf.resource, name=None)
  1510355734544: TensorSpec(shape=(), dtype=tf.resource, name=None)
  1510355735888: TensorSpec(shape=(), dtype=tf.resource, name=None)
  1510355740304: TensorSpec(shape=(), dtype=tf.resource, name=None)
  1510355741264: TensorSpec(shape=(), dtype=tf.resource, name=None)
  1510355742800: TensorSpec(shape=(), dtype=tf.resource, name=None)
  1510355739920: TensorSpec(shape=(), dtype=tf.resource, name=None)
  1510355742032: TensorSpec(shape=(), dtype=tf.resource, name=None)
  1510355743376: TensorSpec(shape=(), dtype=tf.resource, name=None)
  1510420811792: TensorSpec(shape=(), dtype=tf.resource, name=None)
  1510420811984: TensorSpec(shape=(), dtype=tf.resource, name=None)
  1510420812560: TensorSpec(shape=(), dtype=tf.resource, name=None)
  1510420812368: TensorSpec(shape=(), dtype=tf.resource, name=None)
  1510420812176: TensorSpec(shape=(), dtype=tf.resource, name=None)
  1510420808912: TensorSpec(shape=(), dtype=tf.resource, name=None)
  1510420813520: TensorSpec(shape=(), dtype=tf.resource, name=None)
  1510420813328: TensorSpec(shape=(), dtype=tf.resource, name=None)
  1510420813904: TensorSpec(shape=(), dtype=tf.resource, name=None)
  1510420809488: TensorSpec(shape=(), dtype=tf.resource, name=None)
  1510355742608: TensorSpec(shape=(), dtype=tf.resource, name=None)
  1510355741072: TensorSpec(shape=(), dtype=tf.resource, name=None)
  1510355741456: TensorSpec(shape=(), dtype=tf.resource, name=None)
  1510355741840: TensorSpec(shape=(), dtype=tf.resource, name=None)
  1510355740688: TensorSpec(shape=(), dtype=tf.resource, name=None)
  1510423132688: TensorSpec(shape=(), dtype=tf.resource, name=None)
  1510423133072: TensorSpec(shape=(), dtype=tf.resource, name=None)
  1510423132880: TensorSpec(shape=(), dtype=tf.resource, name=None)
  1510423133264: TensorSpec(shape=(), dtype=tf.resource, name=None)
  1510423131920: TensorSpec(shape=(), dtype=tf.resource, name=None)
  1510423133840: TensorSpec(shape=(), dtype=tf.resource, name=None)
  1510423132112: TensorSpec(shape=(), dtype=tf.resource, name=None)
  1510423133456: TensorSpec(shape=(), dtype=tf.resource, name=None)
  1510423131536: TensorSpec(shape=(), dtype=tf.resource, name=None)
  1510423132304: TensorSpec(shape=(), dtype=tf.resource, name=None)
  1510423134032: TensorSpec(shape=(), dtype=tf.resource, name=None)
  1510420814096: TensorSpec(shape=(), dtype=tf.resource, name=None)
  1510420814288: TensorSpec(shape=(), dtype=tf.resource, name=None)
  1510420814864: TensorSpec(shape=(), dtype=tf.resource, name=None)
  1510420814672: TensorSpec(shape=(), dtype=tf.resource, name=None)
  1510420814480: TensorSpec(shape=(), dtype=tf.resource, name=None)
  1510420809680: TensorSpec(shape=(), dtype=tf.resource, name=None)
  1510420815824: TensorSpec(shape=(), dtype=tf.resource, name=None)
  1510420815632: TensorSpec(shape=(), dtype=tf.resource, name=None)
  1510420816208: TensorSpec(shape=(), dtype=tf.resource, name=None)
  1510420810448: TensorSpec(shape=(), dtype=tf.resource, name=None)
  1510420813136: TensorSpec(shape=(), dtype=tf.resource, name=None)
  1510420811408: TensorSpec(shape=(), dtype=tf.resource, name=None)
  1510420813712: TensorSpec(shape=(), dtype=tf.resource, name=None)
  1510420815440: TensorSpec(shape=(), dtype=tf.resource, name=None)
  1510420817552: TensorSpec(shape=(), dtype=tf.resource, name=None)
  1510420817360: TensorSpec(shape=(), dtype=tf.resource, name=None)
  1510420816400: TensorSpec(shape=(), dtype=tf.resource, name=None)
  1510420812752: TensorSpec(shape=(), dtype=tf.resource, name=None)
  1510420818512: TensorSpec(shape=(), dtype=tf.resource, name=None)
  1510420818320: TensorSpec(shape=(), dtype=tf.resource, name=None)
  1510420818128: TensorSpec(shape=(), dtype=tf.resource, name=None)
  1510420815056: TensorSpec(shape=(), dtype=tf.resource, name=None)
  1510420819472: TensorSpec(shape=(), dtype=tf.resource, name=None)
  1510420819280: TensorSpec(shape=(), dtype=tf.resource, name=None)
  1510420819088: TensorSpec(shape=(), dtype=tf.resource, name=None)
  1510420817744: TensorSpec(shape=(), dtype=tf.resource, name=None)
  1510420820432: TensorSpec(shape=(), dtype=tf.resource, name=None)
  1510420820240: TensorSpec(shape=(), dtype=tf.resource, name=None)
  1510420820816: TensorSpec(shape=(), dtype=tf.resource, name=None)
  1510420820624: TensorSpec(shape=(), dtype=tf.resource, name=None)
  1510420821200: TensorSpec(shape=(), dtype=tf.resource, name=None)
  1510420810832: TensorSpec(shape=(), dtype=tf.resource, name=None)
  1510420821584: TensorSpec(shape=(), dtype=tf.resource, name=None)
  1510420816784: TensorSpec(shape=(), dtype=tf.resource, name=None)
  1510420821968: TensorSpec(shape=(), dtype=tf.resource, name=None)
  1510420817168: TensorSpec(shape=(), dtype=tf.resource, name=None)
  1510420816592: TensorSpec(shape=(), dtype=tf.resource, name=None)
  1510420819664: TensorSpec(shape=(), dtype=tf.resource, name=None)
  1510420821776: TensorSpec(shape=(), dtype=tf.resource, name=None)
  1510420820048: TensorSpec(shape=(), dtype=tf.resource, name=None)
  1510420822544: TensorSpec(shape=(), dtype=tf.resource, name=None)
  1510420823120: TensorSpec(shape=(), dtype=tf.resource, name=None)
  1510420823504: TensorSpec(shape=(), dtype=tf.resource, name=None)
  1510420823888: TensorSpec(shape=(), dtype=tf.resource, name=None)
C:\I2I\.venv\Lib\site-packages\tensorflow\lite\python\convert.py:846: UserWarning: Statistics for quantized inputs were expected, but not specified; continuing anyway.
  warnings.warn(
fully_quantize: 0, inference_type: 6, input_inference_type: INT8, output_inference_type: INT8
Exported TFLite model: C:\I2I\seizure_detection\outputs\seizure_model.tflite (282.1 KB)
Saved artifact at 'C:\Users\Test-PC\AppData\Local\Temp\tmp7bcn9ua7'. The following endpoints are available:

* Endpoint 'serve'
  args_0 (POSITIONAL_ONLY): List[TensorSpec(shape=(None, 160, 3), dtype=tf.float32, name='primary_input'), TensorSpec(shape=(None, 160, 4), dtype=tf.float32, name='secondary_input')]
Output Type:
  TensorSpec(shape=(None, 1), dtype=tf.float32, name=None)
Captures:
  1510274666320: TensorSpec(shape=(), dtype=tf.resource, name=None)
  1510274666128: TensorSpec(shape=(), dtype=tf.resource, name=None)
  1511638350928: TensorSpec(shape=(), dtype=tf.resource, name=None)
  1511638351504: TensorSpec(shape=(), dtype=tf.resource, name=None)
  1510274670544: TensorSpec(shape=(), dtype=tf.resource, name=None)
  1510274670736: TensorSpec(shape=(), dtype=tf.resource, name=None)
  1511638348432: TensorSpec(shape=(), dtype=tf.resource, name=None)
  1511638348624: TensorSpec(shape=(), dtype=tf.resource, name=None)
  1510274671888: TensorSpec(shape=(), dtype=tf.resource, name=None)
  1510274670352: TensorSpec(shape=(), dtype=tf.resource, name=None)
  1510274672656: TensorSpec(shape=(), dtype=tf.resource, name=None)
  1510274672464: TensorSpec(shape=(), dtype=tf.resource, name=None)
  1510274669008: TensorSpec(shape=(), dtype=tf.resource, name=None)
  1510274671696: TensorSpec(shape=(), dtype=tf.resource, name=None)
  1510274673616: TensorSpec(shape=(), dtype=tf.resource, name=None)
  1510274673424: TensorSpec(shape=(), dtype=tf.resource, name=None)
  1510274674000: TensorSpec(shape=(), dtype=tf.resource, name=None)
  1510274672272: TensorSpec(shape=(), dtype=tf.resource, name=None)
  1511638349968: TensorSpec(shape=(), dtype=tf.resource, name=None)
  1511638350160: TensorSpec(shape=(), dtype=tf.resource, name=None)
  1511638351312: TensorSpec(shape=(), dtype=tf.resource, name=None)
  1510274664208: TensorSpec(shape=(), dtype=tf.resource, name=None)
  1510274662864: TensorSpec(shape=(), dtype=tf.resource, name=None)
  1510274663824: TensorSpec(shape=(), dtype=tf.resource, name=None)
  1510274664976: TensorSpec(shape=(), dtype=tf.resource, name=None)
  1510274664784: TensorSpec(shape=(), dtype=tf.resource, name=None)
  1510274674576: TensorSpec(shape=(), dtype=tf.resource, name=None)
  1510274673808: TensorSpec(shape=(), dtype=tf.resource, name=None)
  1510274675344: TensorSpec(shape=(), dtype=tf.resource, name=None)
  1510274675152: TensorSpec(shape=(), dtype=tf.resource, name=None)
  1510274672848: TensorSpec(shape=(), dtype=tf.resource, name=None)
  1510274674192: TensorSpec(shape=(), dtype=tf.resource, name=None)
  1510274676304: TensorSpec(shape=(), dtype=tf.resource, name=None)
  1510274676112: TensorSpec(shape=(), dtype=tf.resource, name=None)
  1510274676688: TensorSpec(shape=(), dtype=tf.resource, name=None)
  1510274674960: TensorSpec(shape=(), dtype=tf.resource, name=None)
  1510274663632: TensorSpec(shape=(), dtype=tf.resource, name=None)
  1510274664016: TensorSpec(shape=(), dtype=tf.resource, name=None)
  1510274666704: TensorSpec(shape=(), dtype=tf.resource, name=None)
  1510274666512: TensorSpec(shape=(), dtype=tf.resource, name=None)
  1510274663440: TensorSpec(shape=(), dtype=tf.resource, name=None)
  1510274665552: TensorSpec(shape=(), dtype=tf.resource, name=None)
  1510274667664: TensorSpec(shape=(), dtype=tf.resource, name=None)
  1510274667472: TensorSpec(shape=(), dtype=tf.resource, name=None)
  1510274667280: TensorSpec(shape=(), dtype=tf.resource, name=None)
  1510274666896: TensorSpec(shape=(), dtype=tf.resource, name=None)
  1510274668816: TensorSpec(shape=(), dtype=tf.resource, name=None)
  1510274668624: TensorSpec(shape=(), dtype=tf.resource, name=None)
  1510274665744: TensorSpec(shape=(), dtype=tf.resource, name=None)
  1510274667856: TensorSpec(shape=(), dtype=tf.resource, name=None)
  1510274669776: TensorSpec(shape=(), dtype=tf.resource, name=None)
  1510274669584: TensorSpec(shape=(), dtype=tf.resource, name=None)
  1510274677072: TensorSpec(shape=(), dtype=tf.resource, name=None)
  1510274674768: TensorSpec(shape=(), dtype=tf.resource, name=None)
  1510274677456: TensorSpec(shape=(), dtype=tf.resource, name=None)
  1510274671120: TensorSpec(shape=(), dtype=tf.resource, name=None)
  1510274673232: TensorSpec(shape=(), dtype=tf.resource, name=None)
  1510274665936: TensorSpec(shape=(), dtype=tf.resource, name=None)
  1510274678416: TensorSpec(shape=(), dtype=tf.resource, name=None)
  1510274678608: TensorSpec(shape=(), dtype=tf.resource, name=None)
  1510274678032: TensorSpec(shape=(), dtype=tf.resource, name=None)
  1510274677264: TensorSpec(shape=(), dtype=tf.resource, name=None)
  1510274671312: TensorSpec(shape=(), dtype=tf.resource, name=None)
  1510274678224: TensorSpec(shape=(), dtype=tf.resource, name=None)
  1510274676496: TensorSpec(shape=(), dtype=tf.resource, name=None)
  1510274670928: TensorSpec(shape=(), dtype=tf.resource, name=None)
  1510274675536: TensorSpec(shape=(), dtype=tf.resource, name=None)
  1510274677648: TensorSpec(shape=(), dtype=tf.resource, name=None)
  1510276170000: TensorSpec(shape=(), dtype=tf.resource, name=None)
  1510276170384: TensorSpec(shape=(), dtype=tf.resource, name=None)
  1510276172112: TensorSpec(shape=(), dtype=tf.resource, name=None)
  1510276171920: TensorSpec(shape=(), dtype=tf.resource, name=None)
  1510276171728: TensorSpec(shape=(), dtype=tf.resource, name=None)
  1510276169808: TensorSpec(shape=(), dtype=tf.resource, name=None)
  1510276173072: TensorSpec(shape=(), dtype=tf.resource, name=None)
  1510276172880: TensorSpec(shape=(), dtype=tf.resource, name=None)
  1510276172688: TensorSpec(shape=(), dtype=tf.resource, name=None)
  1510276170768: TensorSpec(shape=(), dtype=tf.resource, name=None)
  1510276174032: TensorSpec(shape=(), dtype=tf.resource, name=None)
  1510276173840: TensorSpec(shape=(), dtype=tf.resource, name=None)
  1510276174416: TensorSpec(shape=(), dtype=tf.resource, name=None)
  1510276174224: TensorSpec(shape=(), dtype=tf.resource, name=None)
  1510276174800: TensorSpec(shape=(), dtype=tf.resource, name=None)
  1510276171344: TensorSpec(shape=(), dtype=tf.resource, name=None)
  1510276175184: TensorSpec(shape=(), dtype=tf.resource, name=None)
  1510276171152: TensorSpec(shape=(), dtype=tf.resource, name=None)
  1510276175568: TensorSpec(shape=(), dtype=tf.resource, name=None)
  1510276170192: TensorSpec(shape=(), dtype=tf.resource, name=None)
  1510276170960: TensorSpec(shape=(), dtype=tf.resource, name=None)
  1510276173264: TensorSpec(shape=(), dtype=tf.resource, name=None)
  1510276175376: TensorSpec(shape=(), dtype=tf.resource, name=None)
  1510276173648: TensorSpec(shape=(), dtype=tf.resource, name=None)
  1510276176144: TensorSpec(shape=(), dtype=tf.resource, name=None)
  1510276176720: TensorSpec(shape=(), dtype=tf.resource, name=None)
  1510276177104: TensorSpec(shape=(), dtype=tf.resource, name=None)
  1510276174608: TensorSpec(shape=(), dtype=tf.resource, name=None)
C:\I2I\.venv\Lib\site-packages\tensorflow\lite\python\convert.py:846: UserWarning: Statistics for quantized inputs were expected, but not specified; continuing anyway.
  warnings.warn(
fully_quantize: 0, inference_type: 6, input_inference_type: INT8, output_inference_type: INT8
Exported TFLite model: C:\I2I\seizure_detection\outputs\seizure_model_standard.tflite (278.4 KB)

======================================================================
PIPELINE COMPLETE
======================================================================

Analyzing standard: standard_acc_only
Saved artifact at 'C:\Users\Test-PC\AppData\Local\Temp\tmpxuz5t12i'. The following endpoints are available:

* Endpoint 'serve'
  args_0 (POSITIONAL_ONLY): List[TensorSpec(shape=(None, 160, 3), dtype=tf.float32, name='primary_input'), TensorSpec(shape=(None, 160, 4), dtype=tf.float32, name='secondary_input')]
Output Type:
  TensorSpec(shape=(None, 1), dtype=tf.float32, name=None)
Captures:
  2646710188176: TensorSpec(shape=(), dtype=tf.resource, name=None)
  2646710188752: TensorSpec(shape=(), dtype=tf.resource, name=None)
  2646710187600: TensorSpec(shape=(), dtype=tf.resource, name=None)
  2646710187792: TensorSpec(shape=(), dtype=tf.resource, name=None)
  2646707597200: TensorSpec(shape=(), dtype=tf.resource, name=None)
  2646707596048: TensorSpec(shape=(), dtype=tf.resource, name=None)
  2646707595472: TensorSpec(shape=(), dtype=tf.resource, name=None)
  2646707597392: TensorSpec(shape=(), dtype=tf.resource, name=None)
  2646712631952: TensorSpec(shape=(), dtype=tf.resource, name=None)
  2646712633488: TensorSpec(shape=(), dtype=tf.resource, name=None)
  2646712634448: TensorSpec(shape=(), dtype=tf.resource, name=None)
  2646712634256: TensorSpec(shape=(), dtype=tf.resource, name=None)
  2646712632912: TensorSpec(shape=(), dtype=tf.resource, name=None)
  2646712632336: TensorSpec(shape=(), dtype=tf.resource, name=None)
  2646712635408: TensorSpec(shape=(), dtype=tf.resource, name=None)
  2646712635216: TensorSpec(shape=(), dtype=tf.resource, name=None)
  2646712635792: TensorSpec(shape=(), dtype=tf.resource, name=None)
  2646712634064: TensorSpec(shape=(), dtype=tf.resource, name=None)
  2646710189136: TensorSpec(shape=(), dtype=tf.resource, name=None)
  2646710187984: TensorSpec(shape=(), dtype=tf.resource, name=None)
  2646710185488: TensorSpec(shape=(), dtype=tf.resource, name=None)
  2646710189904: TensorSpec(shape=(), dtype=tf.resource, name=None)
  2646712631376: TensorSpec(shape=(), dtype=tf.resource, name=None)
  2646712632528: TensorSpec(shape=(), dtype=tf.resource, name=None)
  2646712633296: TensorSpec(shape=(), dtype=tf.resource, name=None)
  2646712633104: TensorSpec(shape=(), dtype=tf.resource, name=None)
  2646712635600: TensorSpec(shape=(), dtype=tf.resource, name=None)
  2646712634640: TensorSpec(shape=(), dtype=tf.resource, name=None)
  2646712639248: TensorSpec(shape=(), dtype=tf.resource, name=None)
  2646712639056: TensorSpec(shape=(), dtype=tf.resource, name=None)
  2646712633680: TensorSpec(shape=(), dtype=tf.resource, name=None)
  2646712637328: TensorSpec(shape=(), dtype=tf.resource, name=None)
  2646712640208: TensorSpec(shape=(), dtype=tf.resource, name=None)
  2646712640016: TensorSpec(shape=(), dtype=tf.resource, name=None)
  2646712640592: TensorSpec(shape=(), dtype=tf.resource, name=None)
  2646712638864: TensorSpec(shape=(), dtype=tf.resource, name=None)
  2646712635984: TensorSpec(shape=(), dtype=tf.resource, name=None)
  2646712633872: TensorSpec(shape=(), dtype=tf.resource, name=None)
  2646712636752: TensorSpec(shape=(), dtype=tf.resource, name=None)
  2646712636560: TensorSpec(shape=(), dtype=tf.resource, name=None)
  2646712636368: TensorSpec(shape=(), dtype=tf.resource, name=None)
  2646712636176: TensorSpec(shape=(), dtype=tf.resource, name=None)
  2646712637712: TensorSpec(shape=(), dtype=tf.resource, name=None)
  2646712637520: TensorSpec(shape=(), dtype=tf.resource, name=None)
  2646712640784: TensorSpec(shape=(), dtype=tf.resource, name=None)
  2646712631568: TensorSpec(shape=(), dtype=tf.resource, name=None)
  2646712641552: TensorSpec(shape=(), dtype=tf.resource, name=None)
  2646712641360: TensorSpec(shape=(), dtype=tf.resource, name=None)
  2646712641168: TensorSpec(shape=(), dtype=tf.resource, name=None)
  2646712640976: TensorSpec(shape=(), dtype=tf.resource, name=None)
  2646712642512: TensorSpec(shape=(), dtype=tf.resource, name=None)
  2646712642320: TensorSpec(shape=(), dtype=tf.resource, name=None)
  2646712638480: TensorSpec(shape=(), dtype=tf.resource, name=None)
  2646712642896: TensorSpec(shape=(), dtype=tf.resource, name=None)
  2646712639824: TensorSpec(shape=(), dtype=tf.resource, name=None)
  2646712638288: TensorSpec(shape=(), dtype=tf.resource, name=None)
  2646712635024: TensorSpec(shape=(), dtype=tf.resource, name=None)
  2646712642704: TensorSpec(shape=(), dtype=tf.resource, name=None)
  2646712644048: TensorSpec(shape=(), dtype=tf.resource, name=None)
  2646712643856: TensorSpec(shape=(), dtype=tf.resource, name=None)
  2646712644432: TensorSpec(shape=(), dtype=tf.resource, name=None)
  2646712639440: TensorSpec(shape=(), dtype=tf.resource, name=None)
  2646707596624: TensorSpec(shape=(), dtype=tf.resource, name=None)
  2646707597584: TensorSpec(shape=(), dtype=tf.resource, name=None)
  2646712641744: TensorSpec(shape=(), dtype=tf.resource, name=None)
  2646712632144: TensorSpec(shape=(), dtype=tf.resource, name=None)
  2646712645200: TensorSpec(shape=(), dtype=tf.resource, name=None)
  2646712643088: TensorSpec(shape=(), dtype=tf.resource, name=None)
  2646712640400: TensorSpec(shape=(), dtype=tf.resource, name=None)
  2646712644624: TensorSpec(shape=(), dtype=tf.resource, name=None)
  2646712646160: TensorSpec(shape=(), dtype=tf.resource, name=None)
  2646712645968: TensorSpec(shape=(), dtype=tf.resource, name=None)
  2646712645776: TensorSpec(shape=(), dtype=tf.resource, name=None)
  2646712642128: TensorSpec(shape=(), dtype=tf.resource, name=None)
  2646712647120: TensorSpec(shape=(), dtype=tf.resource, name=None)
  2646712647312: TensorSpec(shape=(), dtype=tf.resource, name=None)
  2646712646352: TensorSpec(shape=(), dtype=tf.resource, name=None)
  2646712645008: TensorSpec(shape=(), dtype=tf.resource, name=None)
  2646712646928: TensorSpec(shape=(), dtype=tf.resource, name=None)
  2646712645392: TensorSpec(shape=(), dtype=tf.resource, name=None)
  2646712643280: TensorSpec(shape=(), dtype=tf.resource, name=None)
  2646712644240: TensorSpec(shape=(), dtype=tf.resource, name=None)
  2646712643664: TensorSpec(shape=(), dtype=tf.resource, name=None)
  2646712647504: TensorSpec(shape=(), dtype=tf.resource, name=None)
  2646712646736: TensorSpec(shape=(), dtype=tf.resource, name=None)
  2646713878288: TensorSpec(shape=(), dtype=tf.resource, name=None)
  2646713878480: TensorSpec(shape=(), dtype=tf.resource, name=None)
  2646713876944: TensorSpec(shape=(), dtype=tf.resource, name=None)
  2646707596816: TensorSpec(shape=(), dtype=tf.resource, name=None)
  2646707595280: TensorSpec(shape=(), dtype=tf.resource, name=None)
  2646707598736: TensorSpec(shape=(), dtype=tf.resource, name=None)
  2646707599312: TensorSpec(shape=(), dtype=tf.resource, name=None)
  2646707598544: TensorSpec(shape=(), dtype=tf.resource, name=None)
  2646707599888: TensorSpec(shape=(), dtype=tf.resource, name=None)
  2646707600272: TensorSpec(shape=(), dtype=tf.resource, name=None)
  2646707598928: TensorSpec(shape=(), dtype=tf.resource, name=None)
Saved artifact at 'C:\Users\Test-PC\AppData\Local\Temp\tmpdyv3v88a'. The following endpoints are available:

* Endpoint 'serve'
  args_0 (POSITIONAL_ONLY): List[TensorSpec(shape=(None, 160, 3), dtype=tf.float32, name='primary_input'), TensorSpec(shape=(None, 160, 4), dtype=tf.float32, name='secondary_input')]
Output Type:
  TensorSpec(shape=(None, 1), dtype=tf.float32, name=None)
Captures:
  2646710188176: TensorSpec(shape=(), dtype=tf.resource, name=None)
  2646710188752: TensorSpec(shape=(), dtype=tf.resource, name=None)
  2646710187600: TensorSpec(shape=(), dtype=tf.resource, name=None)
  2646710187792: TensorSpec(shape=(), dtype=tf.resource, name=None)
  2646707597200: TensorSpec(shape=(), dtype=tf.resource, name=None)
  2646707596048: TensorSpec(shape=(), dtype=tf.resource, name=None)
  2646707595472: TensorSpec(shape=(), dtype=tf.resource, name=None)
  2646707597392: TensorSpec(shape=(), dtype=tf.resource, name=None)
  2646712631952: TensorSpec(shape=(), dtype=tf.resource, name=None)
  2646712633488: TensorSpec(shape=(), dtype=tf.resource, name=None)
  2646712634448: TensorSpec(shape=(), dtype=tf.resource, name=None)
  2646712634256: TensorSpec(shape=(), dtype=tf.resource, name=None)
  2646712632912: TensorSpec(shape=(), dtype=tf.resource, name=None)
  2646712632336: TensorSpec(shape=(), dtype=tf.resource, name=None)
  2646712635408: TensorSpec(shape=(), dtype=tf.resource, name=None)
  2646712635216: TensorSpec(shape=(), dtype=tf.resource, name=None)
  2646712635792: TensorSpec(shape=(), dtype=tf.resource, name=None)
  2646712634064: TensorSpec(shape=(), dtype=tf.resource, name=None)
  2646710189136: TensorSpec(shape=(), dtype=tf.resource, name=None)
  2646710187984: TensorSpec(shape=(), dtype=tf.resource, name=None)
  2646710185488: TensorSpec(shape=(), dtype=tf.resource, name=None)
  2646710189904: TensorSpec(shape=(), dtype=tf.resource, name=None)
  2646712631376: TensorSpec(shape=(), dtype=tf.resource, name=None)
  2646712632528: TensorSpec(shape=(), dtype=tf.resource, name=None)
  2646712633296: TensorSpec(shape=(), dtype=tf.resource, name=None)
  2646712633104: TensorSpec(shape=(), dtype=tf.resource, name=None)
  2646712635600: TensorSpec(shape=(), dtype=tf.resource, name=None)
  2646712634640: TensorSpec(shape=(), dtype=tf.resource, name=None)
  2646712639248: TensorSpec(shape=(), dtype=tf.resource, name=None)
  2646712639056: TensorSpec(shape=(), dtype=tf.resource, name=None)
  2646712633680: TensorSpec(shape=(), dtype=tf.resource, name=None)
  2646712637328: TensorSpec(shape=(), dtype=tf.resource, name=None)
  2646712640208: TensorSpec(shape=(), dtype=tf.resource, name=None)
  2646712640016: TensorSpec(shape=(), dtype=tf.resource, name=None)
  2646712640592: TensorSpec(shape=(), dtype=tf.resource, name=None)
  2646712638864: TensorSpec(shape=(), dtype=tf.resource, name=None)
  2646712635984: TensorSpec(shape=(), dtype=tf.resource, name=None)
  2646712633872: TensorSpec(shape=(), dtype=tf.resource, name=None)
  2646712636752: TensorSpec(shape=(), dtype=tf.resource, name=None)
  2646712636560: TensorSpec(shape=(), dtype=tf.resource, name=None)
  2646712636368: TensorSpec(shape=(), dtype=tf.resource, name=None)
  2646712636176: TensorSpec(shape=(), dtype=tf.resource, name=None)
  2646712637712: TensorSpec(shape=(), dtype=tf.resource, name=None)
  2646712637520: TensorSpec(shape=(), dtype=tf.resource, name=None)
  2646712640784: TensorSpec(shape=(), dtype=tf.resource, name=None)
  2646712631568: TensorSpec(shape=(), dtype=tf.resource, name=None)
  2646712641552: TensorSpec(shape=(), dtype=tf.resource, name=None)
  2646712641360: TensorSpec(shape=(), dtype=tf.resource, name=None)
  2646712641168: TensorSpec(shape=(), dtype=tf.resource, name=None)
  2646712640976: TensorSpec(shape=(), dtype=tf.resource, name=None)
  2646712642512: TensorSpec(shape=(), dtype=tf.resource, name=None)
  2646712642320: TensorSpec(shape=(), dtype=tf.resource, name=None)
  2646712638480: TensorSpec(shape=(), dtype=tf.resource, name=None)
  2646712642896: TensorSpec(shape=(), dtype=tf.resource, name=None)
  2646712639824: TensorSpec(shape=(), dtype=tf.resource, name=None)
  2646712638288: TensorSpec(shape=(), dtype=tf.resource, name=None)
  2646712635024: TensorSpec(shape=(), dtype=tf.resource, name=None)
  2646712642704: TensorSpec(shape=(), dtype=tf.resource, name=None)
  2646712644048: TensorSpec(shape=(), dtype=tf.resource, name=None)
  2646712643856: TensorSpec(shape=(), dtype=tf.resource, name=None)
  2646712644432: TensorSpec(shape=(), dtype=tf.resource, name=None)
  2646712639440: TensorSpec(shape=(), dtype=tf.resource, name=None)
  2646707596624: TensorSpec(shape=(), dtype=tf.resource, name=None)
  2646707597584: TensorSpec(shape=(), dtype=tf.resource, name=None)
  2646712641744: TensorSpec(shape=(), dtype=tf.resource, name=None)
  2646712632144: TensorSpec(shape=(), dtype=tf.resource, name=None)
  2646712645200: TensorSpec(shape=(), dtype=tf.resource, name=None)
  2646712643088: TensorSpec(shape=(), dtype=tf.resource, name=None)
  2646712640400: TensorSpec(shape=(), dtype=tf.resource, name=None)
  2646712644624: TensorSpec(shape=(), dtype=tf.resource, name=None)
  2646712646160: TensorSpec(shape=(), dtype=tf.resource, name=None)
  2646712645968: TensorSpec(shape=(), dtype=tf.resource, name=None)
  2646712645776: TensorSpec(shape=(), dtype=tf.resource, name=None)
  2646712642128: TensorSpec(shape=(), dtype=tf.resource, name=None)
  2646712647120: TensorSpec(shape=(), dtype=tf.resource, name=None)
  2646712647312: TensorSpec(shape=(), dtype=tf.resource, name=None)
  2646712646352: TensorSpec(shape=(), dtype=tf.resource, name=None)
  2646712645008: TensorSpec(shape=(), dtype=tf.resource, name=None)
  2646712646928: TensorSpec(shape=(), dtype=tf.resource, name=None)
  2646712645392: TensorSpec(shape=(), dtype=tf.resource, name=None)
  2646712643280: TensorSpec(shape=(), dtype=tf.resource, name=None)
  2646712644240: TensorSpec(shape=(), dtype=tf.resource, name=None)
  2646712643664: TensorSpec(shape=(), dtype=tf.resource, name=None)
  2646712647504: TensorSpec(shape=(), dtype=tf.resource, name=None)
  2646712646736: TensorSpec(shape=(), dtype=tf.resource, name=None)
  2646713878288: TensorSpec(shape=(), dtype=tf.resource, name=None)
  2646713878480: TensorSpec(shape=(), dtype=tf.resource, name=None)
  2646713876944: TensorSpec(shape=(), dtype=tf.resource, name=None)
  2646707596816: TensorSpec(shape=(), dtype=tf.resource, name=None)
  2646707595280: TensorSpec(shape=(), dtype=tf.resource, name=None)
  2646707598736: TensorSpec(shape=(), dtype=tf.resource, name=None)
  2646707599312: TensorSpec(shape=(), dtype=tf.resource, name=None)
  2646707598544: TensorSpec(shape=(), dtype=tf.resource, name=None)
  2646707599888: TensorSpec(shape=(), dtype=tf.resource, name=None)
  2646707600272: TensorSpec(shape=(), dtype=tf.resource, name=None)
  2646707598928: TensorSpec(shape=(), dtype=tf.resource, name=None)
C:\I2I\.venv\Lib\site-packages\tensorflow\lite\python\interpreter.py:457: UserWarning:     Warning: tf.lite.Interpreter is deprecated and is scheduled for deletion in
    TF 2.20. Please use the LiteRT interpreter from the ai_edge_litert package.
    See the [migration guide](https://ai.google.dev/edge/litert/migration)
    for details.
    
  warnings.warn(_INTERPRETER_DELETION_WARNING)
  float32: 661.7 KB, ops=145, tensor_proxy=987.5 KB, p50=0.4386 ms
  dynamic_range: 244.1 KB, ops=145, tensor_proxy=539.2 KB, p50=1.5075 ms
  calibrated_existing: 278.4 KB, ops=150, tensor_proxy=262.3 KB, p50=8.5093 ms

Analyzing pro: pro_full_bvp_hr_eda_temp
Saved artifact at 'C:\Users\Test-PC\AppData\Local\Temp\tmp59w4kmq9'. The following endpoints are available:

* Endpoint 'serve'
  args_0 (POSITIONAL_ONLY): List[TensorSpec(shape=(None, 160, 3), dtype=tf.float32, name='primary_input'), TensorSpec(shape=(None, 160, 4), dtype=tf.float32, name='secondary_input')]
Output Type:
  TensorSpec(shape=(None, 1), dtype=tf.float32, name=None)
Captures:
  2646713889616: TensorSpec(shape=(), dtype=tf.resource, name=None)
  2646713886736: TensorSpec(shape=(), dtype=tf.resource, name=None)
  2646713888656: TensorSpec(shape=(), dtype=tf.resource, name=None)
  2646713886160: TensorSpec(shape=(), dtype=tf.resource, name=None)
  2646713876752: TensorSpec(shape=(), dtype=tf.resource, name=None)
  2646713880784: TensorSpec(shape=(), dtype=tf.resource, name=None)
  2646713887312: TensorSpec(shape=(), dtype=tf.resource, name=None)
  2646713882320: TensorSpec(shape=(), dtype=tf.resource, name=None)
  2646821902416: TensorSpec(shape=(), dtype=tf.resource, name=None)
  2646710187216: TensorSpec(shape=(), dtype=tf.resource, name=None)
  2646821899536: TensorSpec(shape=(), dtype=tf.resource, name=None)
  2646821903184: TensorSpec(shape=(), dtype=tf.resource, name=None)
  2646732784848: TensorSpec(shape=(), dtype=tf.resource, name=None)
  2646732785040: TensorSpec(shape=(), dtype=tf.resource, name=None)
  2646732784272: TensorSpec(shape=(), dtype=tf.resource, name=None)
  2646732784080: TensorSpec(shape=(), dtype=tf.resource, name=None)
  2646732793296: TensorSpec(shape=(), dtype=tf.resource, name=None)
  2646732784464: TensorSpec(shape=(), dtype=tf.resource, name=None)
  2646713885776: TensorSpec(shape=(), dtype=tf.resource, name=None)
  2646713885968: TensorSpec(shape=(), dtype=tf.resource, name=None)
  2646713891344: TensorSpec(shape=(), dtype=tf.resource, name=None)
  2646713890960: TensorSpec(shape=(), dtype=tf.resource, name=None)
  2646713885200: TensorSpec(shape=(), dtype=tf.resource, name=None)
  2646713885392: TensorSpec(shape=(), dtype=tf.resource, name=None)
  2646713889808: TensorSpec(shape=(), dtype=tf.resource, name=None)
  2646713885008: TensorSpec(shape=(), dtype=tf.resource, name=None)
  2646822597840: TensorSpec(shape=(), dtype=tf.resource, name=None)
  2646822597648: TensorSpec(shape=(), dtype=tf.resource, name=None)
  2646822597072: TensorSpec(shape=(), dtype=tf.resource, name=None)
  2646822597264: TensorSpec(shape=(), dtype=tf.resource, name=None)
  2646822597456: TensorSpec(shape=(), dtype=tf.resource, name=None)
  2646822599760: TensorSpec(shape=(), dtype=tf.resource, name=None)
  2646822595728: TensorSpec(shape=(), dtype=tf.resource, name=None)
  2646822595920: TensorSpec(shape=(), dtype=tf.resource, name=None)
  2646822595344: TensorSpec(shape=(), dtype=tf.resource, name=None)
  2646822599952: TensorSpec(shape=(), dtype=tf.resource, name=None)
  2646732799824: TensorSpec(shape=(), dtype=tf.resource, name=None)
  2646822598800: TensorSpec(shape=(), dtype=tf.resource, name=None)
  2646822596880: TensorSpec(shape=(), dtype=tf.resource, name=None)
  2646822599184: TensorSpec(shape=(), dtype=tf.resource, name=None)
  2646822600336: TensorSpec(shape=(), dtype=tf.resource, name=None)
  2646822599568: TensorSpec(shape=(), dtype=tf.resource, name=None)
  2646822598032: TensorSpec(shape=(), dtype=tf.resource, name=None)
  2646822598224: TensorSpec(shape=(), dtype=tf.resource, name=None)
  2646822595152: TensorSpec(shape=(), dtype=tf.resource, name=None)
  2646822596688: TensorSpec(shape=(), dtype=tf.resource, name=None)
  2646822594384: TensorSpec(shape=(), dtype=tf.resource, name=None)
  2646822594576: TensorSpec(shape=(), dtype=tf.resource, name=None)
  2646822594768: TensorSpec(shape=(), dtype=tf.resource, name=None)
  2646822594960: TensorSpec(shape=(), dtype=tf.resource, name=None)
  2646822593424: TensorSpec(shape=(), dtype=tf.resource, name=None)
  2646822593616: TensorSpec(shape=(), dtype=tf.resource, name=None)
  2646822593232: TensorSpec(shape=(), dtype=tf.resource, name=None)
  2646822593040: TensorSpec(shape=(), dtype=tf.resource, name=None)
  2646822592464: TensorSpec(shape=(), dtype=tf.resource, name=None)
  2646822592656: TensorSpec(shape=(), dtype=tf.resource, name=None)
  2646822592848: TensorSpec(shape=(), dtype=tf.resource, name=None)
  2646822599376: TensorSpec(shape=(), dtype=tf.resource, name=None)
  2646822591504: TensorSpec(shape=(), dtype=tf.resource, name=None)
  2646822591696: TensorSpec(shape=(), dtype=tf.resource, name=None)
  2646822591120: TensorSpec(shape=(), dtype=tf.resource, name=None)
  2646822596112: TensorSpec(shape=(), dtype=tf.resource, name=None)
  2646713890768: TensorSpec(shape=(), dtype=tf.resource, name=None)
  2646713879056: TensorSpec(shape=(), dtype=tf.resource, name=None)
  2646822594192: TensorSpec(shape=(), dtype=tf.resource, name=None)
  2646822598992: TensorSpec(shape=(), dtype=tf.resource, name=None)
  2646822590160: TensorSpec(shape=(), dtype=tf.resource, name=None)
  2646822590352: TensorSpec(shape=(), dtype=tf.resource, name=None)
  2646822590544: TensorSpec(shape=(), dtype=tf.resource, name=None)
  2646822595536: TensorSpec(shape=(), dtype=tf.resource, name=None)
  2646822589200: TensorSpec(shape=(), dtype=tf.resource, name=None)
  2646822589392: TensorSpec(shape=(), dtype=tf.resource, name=None)
  2646822589008: TensorSpec(shape=(), dtype=tf.resource, name=None)
  2646822591312: TensorSpec(shape=(), dtype=tf.resource, name=None)
  2646822591888: TensorSpec(shape=(), dtype=tf.resource, name=None)
  2646822588624: TensorSpec(shape=(), dtype=tf.resource, name=None)
  2646822589968: TensorSpec(shape=(), dtype=tf.resource, name=None)
  2646822592272: TensorSpec(shape=(), dtype=tf.resource, name=None)
  2646822600144: TensorSpec(shape=(), dtype=tf.resource, name=None)
  2646822590928: TensorSpec(shape=(), dtype=tf.resource, name=None)
  2646822596496: TensorSpec(shape=(), dtype=tf.resource, name=None)
  2646756984016: TensorSpec(shape=(), dtype=tf.resource, name=None)
  2646756984784: TensorSpec(shape=(), dtype=tf.resource, name=None)
  2646756984592: TensorSpec(shape=(), dtype=tf.resource, name=None)
  2646756985168: TensorSpec(shape=(), dtype=tf.resource, name=None)
  2646756984208: TensorSpec(shape=(), dtype=tf.resource, name=None)
  2646756985552: TensorSpec(shape=(), dtype=tf.resource, name=None)
  2646756982864: TensorSpec(shape=(), dtype=tf.resource, name=None)
  2646713890576: TensorSpec(shape=(), dtype=tf.resource, name=None)
  2646713890000: TensorSpec(shape=(), dtype=tf.resource, name=None)
  2646713877328: TensorSpec(shape=(), dtype=tf.resource, name=None)
  2646713888848: TensorSpec(shape=(), dtype=tf.resource, name=None)
  2646713892112: TensorSpec(shape=(), dtype=tf.resource, name=None)
  2646713887888: TensorSpec(shape=(), dtype=tf.resource, name=None)
  2646713887696: TensorSpec(shape=(), dtype=tf.resource, name=None)
  2646713891152: TensorSpec(shape=(), dtype=tf.resource, name=None)
Saved artifact at 'C:\Users\Test-PC\AppData\Local\Temp\tmpyug0a4gq'. The following endpoints are available:

* Endpoint 'serve'
  args_0 (POSITIONAL_ONLY): List[TensorSpec(shape=(None, 160, 3), dtype=tf.float32, name='primary_input'), TensorSpec(shape=(None, 160, 4), dtype=tf.float32, name='secondary_input')]
Output Type:
  TensorSpec(shape=(None, 1), dtype=tf.float32, name=None)
Captures:
  2646713889616: TensorSpec(shape=(), dtype=tf.resource, name=None)
  2646713886736: TensorSpec(shape=(), dtype=tf.resource, name=None)
  2646713888656: TensorSpec(shape=(), dtype=tf.resource, name=None)
  2646713886160: TensorSpec(shape=(), dtype=tf.resource, name=None)
  2646713876752: TensorSpec(shape=(), dtype=tf.resource, name=None)
  2646713880784: TensorSpec(shape=(), dtype=tf.resource, name=None)
  2646713887312: TensorSpec(shape=(), dtype=tf.resource, name=None)
  2646713882320: TensorSpec(shape=(), dtype=tf.resource, name=None)
  2646821902416: TensorSpec(shape=(), dtype=tf.resource, name=None)
  2646710187216: TensorSpec(shape=(), dtype=tf.resource, name=None)
  2646821899536: TensorSpec(shape=(), dtype=tf.resource, name=None)
  2646821903184: TensorSpec(shape=(), dtype=tf.resource, name=None)
  2646732784848: TensorSpec(shape=(), dtype=tf.resource, name=None)
  2646732785040: TensorSpec(shape=(), dtype=tf.resource, name=None)
  2646732784272: TensorSpec(shape=(), dtype=tf.resource, name=None)
  2646732784080: TensorSpec(shape=(), dtype=tf.resource, name=None)
  2646732793296: TensorSpec(shape=(), dtype=tf.resource, name=None)
  2646732784464: TensorSpec(shape=(), dtype=tf.resource, name=None)
  2646713885776: TensorSpec(shape=(), dtype=tf.resource, name=None)
  2646713885968: TensorSpec(shape=(), dtype=tf.resource, name=None)
  2646713891344: TensorSpec(shape=(), dtype=tf.resource, name=None)
  2646713890960: TensorSpec(shape=(), dtype=tf.resource, name=None)
  2646713885200: TensorSpec(shape=(), dtype=tf.resource, name=None)
  2646713885392: TensorSpec(shape=(), dtype=tf.resource, name=None)
  2646713889808: TensorSpec(shape=(), dtype=tf.resource, name=None)
  2646713885008: TensorSpec(shape=(), dtype=tf.resource, name=None)
  2646822597840: TensorSpec(shape=(), dtype=tf.resource, name=None)
  2646822597648: TensorSpec(shape=(), dtype=tf.resource, name=None)
  2646822597072: TensorSpec(shape=(), dtype=tf.resource, name=None)
  2646822597264: TensorSpec(shape=(), dtype=tf.resource, name=None)
  2646822597456: TensorSpec(shape=(), dtype=tf.resource, name=None)
  2646822599760: TensorSpec(shape=(), dtype=tf.resource, name=None)
  2646822595728: TensorSpec(shape=(), dtype=tf.resource, name=None)
  2646822595920: TensorSpec(shape=(), dtype=tf.resource, name=None)
  2646822595344: TensorSpec(shape=(), dtype=tf.resource, name=None)
  2646822599952: TensorSpec(shape=(), dtype=tf.resource, name=None)
  2646732799824: TensorSpec(shape=(), dtype=tf.resource, name=None)
  2646822598800: TensorSpec(shape=(), dtype=tf.resource, name=None)
  2646822596880: TensorSpec(shape=(), dtype=tf.resource, name=None)
  2646822599184: TensorSpec(shape=(), dtype=tf.resource, name=None)
  2646822600336: TensorSpec(shape=(), dtype=tf.resource, name=None)
  2646822599568: TensorSpec(shape=(), dtype=tf.resource, name=None)
  2646822598032: TensorSpec(shape=(), dtype=tf.resource, name=None)
  2646822598224: TensorSpec(shape=(), dtype=tf.resource, name=None)
  2646822595152: TensorSpec(shape=(), dtype=tf.resource, name=None)
  2646822596688: TensorSpec(shape=(), dtype=tf.resource, name=None)
  2646822594384: TensorSpec(shape=(), dtype=tf.resource, name=None)
  2646822594576: TensorSpec(shape=(), dtype=tf.resource, name=None)
  2646822594768: TensorSpec(shape=(), dtype=tf.resource, name=None)
  2646822594960: TensorSpec(shape=(), dtype=tf.resource, name=None)
  2646822593424: TensorSpec(shape=(), dtype=tf.resource, name=None)
  2646822593616: TensorSpec(shape=(), dtype=tf.resource, name=None)
  2646822593232: TensorSpec(shape=(), dtype=tf.resource, name=None)
  2646822593040: TensorSpec(shape=(), dtype=tf.resource, name=None)
  2646822592464: TensorSpec(shape=(), dtype=tf.resource, name=None)
  2646822592656: TensorSpec(shape=(), dtype=tf.resource, name=None)
  2646822592848: TensorSpec(shape=(), dtype=tf.resource, name=None)
  2646822599376: TensorSpec(shape=(), dtype=tf.resource, name=None)
  2646822591504: TensorSpec(shape=(), dtype=tf.resource, name=None)
  2646822591696: TensorSpec(shape=(), dtype=tf.resource, name=None)
  2646822591120: TensorSpec(shape=(), dtype=tf.resource, name=None)
  2646822596112: TensorSpec(shape=(), dtype=tf.resource, name=None)
  2646713890768: TensorSpec(shape=(), dtype=tf.resource, name=None)
  2646713879056: TensorSpec(shape=(), dtype=tf.resource, name=None)
  2646822594192: TensorSpec(shape=(), dtype=tf.resource, name=None)
  2646822598992: TensorSpec(shape=(), dtype=tf.resource, name=None)
  2646822590160: TensorSpec(shape=(), dtype=tf.resource, name=None)
  2646822590352: TensorSpec(shape=(), dtype=tf.resource, name=None)
  2646822590544: TensorSpec(shape=(), dtype=tf.resource, name=None)
  2646822595536: TensorSpec(shape=(), dtype=tf.resource, name=None)
  2646822589200: TensorSpec(shape=(), dtype=tf.resource, name=None)
  2646822589392: TensorSpec(shape=(), dtype=tf.resource, name=None)
  2646822589008: TensorSpec(shape=(), dtype=tf.resource, name=None)
  2646822591312: TensorSpec(shape=(), dtype=tf.resource, name=None)
  2646822591888: TensorSpec(shape=(), dtype=tf.resource, name=None)
  2646822588624: TensorSpec(shape=(), dtype=tf.resource, name=None)
  2646822589968: TensorSpec(shape=(), dtype=tf.resource, name=None)
  2646822592272: TensorSpec(shape=(), dtype=tf.resource, name=None)
  2646822600144: TensorSpec(shape=(), dtype=tf.resource, name=None)
  2646822590928: TensorSpec(shape=(), dtype=tf.resource, name=None)
  2646822596496: TensorSpec(shape=(), dtype=tf.resource, name=None)
  2646756984016: TensorSpec(shape=(), dtype=tf.resource, name=None)
  2646756984784: TensorSpec(shape=(), dtype=tf.resource, name=None)
  2646756984592: TensorSpec(shape=(), dtype=tf.resource, name=None)
  2646756985168: TensorSpec(shape=(), dtype=tf.resource, name=None)
  2646756984208: TensorSpec(shape=(), dtype=tf.resource, name=None)
  2646756985552: TensorSpec(shape=(), dtype=tf.resource, name=None)
  2646756982864: TensorSpec(shape=(), dtype=tf.resource, name=None)
  2646713890576: TensorSpec(shape=(), dtype=tf.resource, name=None)
  2646713890000: TensorSpec(shape=(), dtype=tf.resource, name=None)
  2646713877328: TensorSpec(shape=(), dtype=tf.resource, name=None)
  2646713888848: TensorSpec(shape=(), dtype=tf.resource, name=None)
  2646713892112: TensorSpec(shape=(), dtype=tf.resource, name=None)
  2646713887888: TensorSpec(shape=(), dtype=tf.resource, name=None)
  2646713887696: TensorSpec(shape=(), dtype=tf.resource, name=None)
  2646713891152: TensorSpec(shape=(), dtype=tf.resource, name=None)
C:\I2I\.venv\Lib\site-packages\tensorflow\lite\python\interpreter.py:457: UserWarning:     Warning: tf.lite.Interpreter is deprecated and is scheduled for deletion in
    TF 2.20. Please use the LiteRT interpreter from the ai_edge_litert package.
    See the [migration guide](https://ai.google.dev/edge/litert/migration)
    for details.
    
  warnings.warn(_INTERPRETER_DELETION_WARNING)
  float32: 663.4 KB, ops=145, tensor_proxy=988.1 KB, p50=0.4408 ms
  dynamic_range: 245.8 KB, ops=145, tensor_proxy=539.8 KB, p50=1.4577 ms
  calibrated_existing: 282.1 KB, ops=150, tensor_proxy=262.9 KB, p50=8.5433 ms

Saved edge feasibility report: C:\I2I\seizure_detection\outputs\edge_feasibility\edge_feasibility_report.json
Saved edge feasibility summary: C:\I2I\seizure_detection\outputs\edge_feasibility\EDGE_FEASIBILITY_SUMMARY.md
C:\I2I\seizure_detection\outputs\tsmixer_experiments\TSMIXER_EXPERIMENT_SUMMARY.md
