Experiment: sswce_patch8_base_eda_boost_ppg_temp
Description: Sensitivity-specificity weighted loss with ACC+EDA baseline and BVP+HR+TEMP add-on.
Started: 2026-07-04T12:14:29
Max sessions: 146
Epochs: 24
Batch size: 64
======================================================================
SEIZURE DETECTION PIPELINE - Full Training Run
======================================================================
Timestamp: 2026-07-04T12:14:39.129122
Base path: C:\I2I
Output directory: C:\I2I\seizure_detection\outputs
GPU available: False

======================================================================
PHASE 1: Data Health Check
======================================================================
======================================================================
DEEP DATA ANALYSIS - Empatica E4 Seizure Detection Dataset
======================================================================

Label policy: patient .txt files are parsed as seizure onsets; offset = onset + 300s and overlapping intervals are merged with gap <= 0s (override with SEIZURE_DURATION_SECONDS and SEIZURE_MERGE_GAP_SECONDS).
Phase 1 duration policy: fast header-only scan using 129600s conservative session span; Phase 2 uses actual selected-session samples.

Loaded Phase 1 metadata cache: C:\I2I\seizure_detection\outputs\cache\phase1_health_bd85af037075ec6cbaad3b79c4c28991e9a66a6b96cf8987cc0bebafcd54e067.json

======================================================================
GLOBAL SUMMARY
======================================================================
  Patients: 5
  Total sessions: 1119
  Valid sessions: 1118
  Estimated recording: 40248.0 hours
  Total raw seizure onset rows: 373
  Total merged seizure episodes: 350

  Sessions with possible seizure overlap: 283

======================================================================
PHASE 2: Data Generator
======================================================================

Smart session selection:
  Total sessions: 1118
  Sessions with actual seizure overlap: 214
  Sessions without actual seizure overlap: 904
  Selected: 146 sessions
Found 146 selected valid sessions
Using 146 sessions (max: 146)
Batch size: 64, Epochs: 24, Window: 160 samples (5.0s), Stride: 160 samples (5.0s)

Patient-held-out splits:
  Train: 121 sessions (91 with seizures)
  Val: 11 sessions (6 with seizures)
  Test: 14 sessions (5 with seizures)

Split audit:
  Train: 121 sessions, 91 seizure sessions, 127 seizure episodes | patients: Mayo_1876:23, Mayo_1904:19, Mayo_1965:79
  Val: 11 sessions, 6 seizure sessions, 7 seizure episodes | patients: Mayo_1869:11
  Test: 14 sessions, 5 seizure sessions, 6 seizure episodes | patients: Mayo_1110:14

Building train split from 121 held-out sessions...

Preparing dataset from 121 sessions...
  Using 7 CPU cores for parallel processing
  Window size: 160, Stride: 160
  [1/121] 1590830169_A025A1: 16324 windows, 61 seizure | ETA: 119.6 min
  [2/121] 1595998432_A025A1: 17750 windows, 122 seizure | ETA: 60.2 min
  [3/121] 1596347269_A025A1: 17558 windows, 61 seizure | ETA: 40.0 min
  [4/121] 1604152715_A02848: 21802 windows, 61 seizure | ETA: 31.6 min
  [5/121] 1608125010_A01BFB: 24396 windows, 122 seizure | ETA: 25.7 min
  [6/121] 1588477070_A02848: 25836 windows, 122 seizure | ETA: 21.6 min
  [7/121] 1591753553_A029FA: 33956 windows, 61 seizure | ETA: 20.2 min
  [8/121] 1601017833_A025F0: 17153 windows, 61 seizure | ETA: 17.6 min
  [9/121] 1603258954_A025F0: 15844 windows, 61 seizure | ETA: 15.7 min
  [10/121] 1599900171_A025F0: 14622 windows, 0 seizure | ETA: 14.8 min
  [11/121] 1598076920_A025A1: 18428 windows, 183 seizure | ETA: 13.6 min
  [12/121] 1607843408_A025E5: 16804 windows, 0 seizure | ETA: 12.7 min
  [13/121] 1578665811_A029FA: 9164 windows, 0 seizure | ETA: 11.7 min
  [14/121] 1596988315_A01BFB: 27732 windows, 133 seizure | ETA: 11.0 min
  [15/121] 1583216644_A025F0: 15385 windows, 61 seizure | ETA: 10.3 min
  [16/121] 1580626517_A025F0: 17580 windows, 61 seizure | ETA: 9.8 min
  [17/121] 1606201290_A025F0: 17711 windows, 61 seizure | ETA: 9.8 min
  [18/121] 1587088014_A02535: 17941 windows, 126 seizure | ETA: 9.3 min
  [19/121] 1595314316_A025A1: 15662 windows, 61 seizure | ETA: 8.9 min
  [20/121] 1581213160_A029FA: 17436 windows, 0 seizure | ETA: 8.4 min
  [21/121] 1593683074_A025F0: 15261 windows, 0 seizure | ETA: 8.0 min
  [22/121] 1594541122_A025F0: 15843 windows, 61 seizure | ETA: 7.7 min
  [23/121] 1585031716_A025A1: 16794 windows, 61 seizure | ETA: 7.5 min
  [24/121] 1583467594_A029FA: 17907 windows, 0 seizure | ETA: 7.7 min
  [25/121] 1583473469_A025A1: 15001 windows, 0 seizure | ETA: 7.5 min
  [26/121] 1593761527_A025A1: 17852 windows, 61 seizure | ETA: 7.1 min
  [27/121] 1597378534_A02535: 17553 windows, 0 seizure | ETA: 7.0 min
  [28/121] 1582008418_A025F0: 16510 windows, 122 seizure | ETA: 6.8 min
  [29/121] 1587195314_A025F0: 17481 windows, 137 seizure | ETA: 6.7 min
  [30/121] 1581171517_A02535: 8192 windows, 61 seizure | ETA: 6.5 min
  [31/121] 1590674273_A01BFB: 28212 windows, 0 seizure | ETA: 6.6 min
  [32/121] 1589007474_A025A1: 17316 windows, 61 seizure | ETA: 6.5 min
  [33/121] 1592299268_A025F0: 14799 windows, 61 seizure | ETA: 6.6 min
  [34/121] 1589789830_A025A1: 17711 windows, 61 seizure | ETA: 6.4 min
  [35/121] 1593881410_A025F0: 10196 windows, 61 seizure | ETA: 6.4 min
  [36/121] 1589880109_A025F0: 17069 windows, 61 seizure | ETA: 6.2 min
  [37/121] 1594886822_A025F0: 16636 windows, 122 seizure | ETA: 6.0 min
  [38/121] 1600990297_A01BFB: 25396 windows, 0 seizure | ETA: 5.8 min
  [39/121] 1584605731_A025F0: 16653 windows, 61 seizure | ETA: 5.9 min
  [40/121] 1586229192_A02535: 17033 windows, 61 seizure | ETA: 5.9 min
  [41/121] 1606805633_A025E5: 17584 windows, 61 seizure | ETA: 5.8 min
  [42/121] 1582780944_A025A1: 17111 windows, 183 seizure | ETA: 5.7 min
  [43/121] 1595663031_A025A1: 17537 windows, 61 seizure | ETA: 5.6 min
  [44/121] 1581391207_A029FA: 16869 windows, 61 seizure | ETA: 5.4 min
  [45/121] 1604412736_A02848: 21690 windows, 0 seizure | ETA: 5.4 min
  [46/121] 1582441279_A025A1: 16958 windows, 122 seizure | ETA: 5.3 min
  [47/121] 1583776231_A025F0: 8000 windows, 61 seizure | ETA: 5.1 min
  [48/121] 1585992602_A025F0: 17250 windows, 61 seizure | ETA: 5.2 min
  [49/121] 1590309745_A025A1: 17264 windows, 183 seizure | ETA: 5.2 min
  [50/121] 1582682579_A02535: 18335 windows, 61 seizure | ETA: 5.1 min
  [51/121] 1595875340_A02848: 24912 windows, 61 seizure | ETA: 4.9 min
  [52/121] 1579484980_A029FA: 17550 windows, 0 seizure | ETA: 4.8 min
  [53/121] 1582349882_A025F0: 17777 windows, 61 seizure | ETA: 4.7 min
  [54/121] 1598423827_A025A1: 16974 windows, 61 seizure | ETA: 4.7 min
  [55/121] 1579181856_A02848: 30568 windows, 0 seizure | ETA: 4.6 min
  [56/121] 1595236110_A025F0: 14912 windows, 183 seizure | ETA: 4.5 min
  [57/121] 1591771304_A025F0: 19209 windows, 122 seizure | ETA: 4.4 min
  [58/121] 1592981638_A025F0: 17996 windows, 183 seizure | ETA: 4.2 min
  [59/121] 1598169432_A025F0: 16690 windows, 183 seizure | ETA: 4.1 min
  [60/121] 1581489441_A025F0: 16789 windows, 61 seizure | ETA: 4.0 min
  [61/121] 1603685342_A025E5: 18154 windows, 0 seizure | ETA: 4.0 min
  [62/121] 1596091429_A025F0: 15767 windows, 61 seizure | ETA: 3.9 min
  [63/121] 1581997924_A02535: 16041 windows, 61 seizure | ETA: 3.8 min
  [64/121] 1583636745_A029FA: 17377 windows, 0 seizure | ETA: 3.7 min
  [65/121] 1583044016_A025F0: 16931 windows, 61 seizure | ETA: 3.6 min
  [66/121] 1603432975_A025F0: 18237 windows, 61 seizure | ETA: 3.5 min
  [67/121] 1583392379_A025F0: 15535 windows, 61 seizure | ETA: 3.5 min
  [68/121] 1581123746_A02848: 28844 windows, 0 seizure | ETA: 3.4 min
  [69/121] 1579243712_A025F0: 17901 windows, 61 seizure | ETA: 3.5 min
  [70/121] 1582703193_A025F0: 15110 windows, 61 seizure | ETA: 3.4 min
  [71/121] 1582864260_A02535: 17195 windows, 61 seizure | ETA: 3.4 min
  [72/121] 1585279099_A029FA: 15806 windows, 0 seizure | ETA: 3.3 min
  [73/121] 1584710698_A01BFB: 28408 windows, 78 seizure | ETA: 3.2 min
  [74/121] 1592087235_A025F0: 26940 windows, 122 seizure | ETA: 3.1 min
  [75/121] 1588658891_A025A1: 18303 windows, 122 seizure | ETA: 3.0 min
  [76/121] 1599199817_A025F0: 16828 windows, 0 seizure | ETA: 3.0 min
  [77/121] 1583905710_A025F0: 18178 windows, 61 seizure | ETA: 3.0 min
  [78/121] 1590658026_A025A1: 15591 windows, 61 seizure | ETA: 2.9 min
  [79/121] 1582616485_A025A1: 16963 windows, 122 seizure | ETA: 2.8 min
  [80/121] 1582966919_A025A1: 15070 windows, 61 seizure | ETA: 2.7 min
  [81/121] 1582166589_A02535: 16605 windows, 0 seizure | ETA: 2.7 min
  [82/121] 1594972279_A025A1: 17489 windows, 61 seizure | ETA: 2.6 min
  [83/121] 1578466440_A025F0: 16866 windows, 61 seizure | ETA: 2.6 min
  [84/121] 1584953835_A025F0: 15223 windows, 61 seizure | ETA: 2.5 min
  [85/121] 1579502836_A025A1: 16213 windows, 122 seizure | ETA: 2.4 min
  [86/121] 1606660855_A01BFB: 23172 windows, 0 seizure | ETA: 2.4 min
  [87/121] 1588579608_A025F0: 15591 windows, 183 seizure | ETA: 2.3 min
  [88/121] 1583818582_A025A1: 17114 windows, 61 seizure | ETA: 2.2 min
  [89/121] 1592962342_A01BFB: 28136 windows, 0 seizure | ETA: 2.2 min
  [90/121] 1607584153_A025F0: 17880 windows, 0 seizure | ETA: 2.1 min
  [91/121] 1588434973_A025F0: 10664 windows, 61 seizure | ETA: 2.0 min
  [92/121] 1597734739_A025A1: 16124 windows, 61 seizure | ETA: 2.0 min
  [93/121] 1609218461_A02848: 20468 windows, 0 seizure | ETA: 1.9 min
  [94/121] 1584931760_A029FA: 16067 windows, 122 seizure | ETA: 1.8 min
  [95/121] 1585331854_A025F0: 8937 windows, 61 seizure | ETA: 1.7 min
  [96/121] 1606114780_A025E5: 16767 windows, 61 seizure | ETA: 1.6 min
  [97/121] 1589525188_A025F0: 17681 windows, 61 seizure | ETA: 1.6 min
  [98/121] 1590398471_A025F0: 17320 windows, 122 seizure | ETA: 1.5 min
  [99/121] 1579837199_A029FA: 17923 windows, 0 seizure | ETA: 1.5 min
  [100/121] 1578902515_A025F0: 15102 windows, 122 seizure | ETA: 1.4 min
  [101/121] 1597897617_A025A1: 17806 windows, 61 seizure | ETA: 1.3 min
  [102/121] 1582264212_A025A1: 16669 windows, 122 seizure | ETA: 1.2 min
  [103/121] 1581048106_A029FA: 16970 windows, 122 seizure | ETA: 1.2 min
  [104/121] 1592791652_A029FA: 17297 windows, 0 seizure | ETA: 1.1 min
  [105/121] 1581427108_A02848: 28712 windows, 61 seizure | ETA: 1.1 min
  [106/121] 1591586847_A029FA: 16274 windows, 0 seizure | ETA: 1.0 min
  [107/121] 1602343565_A025F0: 11161 windows, 61 seizure | ETA: 0.9 min
  [108/121] 1588490285_A025A1: 17507 windows, 122 seizure | ETA: 0.9 min
  [109/121] 1586987656_A02848: 26580 windows, 0 seizure | ETA: 0.8 min
  [110/121] 1585819645_A025F0: 16723 windows, 61 seizure | ETA: 0.7 min
  [111/121] 1608886766_A025E5: 14279 windows, 61 seizure | ETA: 0.7 min
  [112/121] 1601790363_A025F0: 17180 windows, 61 seizure | ETA: 0.6 min
  [113/121] 1588391039_A029FA: 16506 windows, 61 seizure | ETA: 0.5 min
  [114/121] 1586850331_A025F0: 17854 windows, 122 seizure | ETA: 0.5 min
  [115/121] 1592814741_A025F0: 15972 windows, 61 seizure | ETA: 0.4 min
  [116/121] 1597414021_A02848: 23932 windows, 0 seizure | ETA: 0.3 min
  [117/121] 1584237620_A02535: 18328 windows, 61 seizure | ETA: 0.3 min
  [118/121] 1580371528_A025A1: 15968 windows, 61 seizure | ETA: 0.2 min
  [119/121] 1585560788_A025A1: 15194 windows, 122 seizure | ETA: 0.1 min
  [120/121] 1589661694_A02848: 25940 windows, 0 seizure | ETA: 0.1 min
  [121/121] 1577894446_A01BFB: 33097 windows, 0 seizure | ETA: 0.0 min

  Completed in 12.2 minutes
  Processed: 121/121 sessions
  Total windows: 2,190,944
  Seizure windows: 7,794
  Normal windows: 2,183,150
  Primary shape: (2190944, 160, 3)
  Secondary shape: (2190944, 160, 4)

Building val split from 11 held-out sessions...

Preparing dataset from 11 sessions...
  Using 7 CPU cores for parallel processing
  Window size: 160, Stride: 160
  [1/11] 1586226157_A025CF: 16290 windows, 61 seizure | ETA: 14.8 min
  [2/11] 1584067531_A029E3: 16892 windows, 122 seizure | ETA: 6.7 min
  [3/11] 1578193212_A029E3: 17288 windows, 0 seizure | ETA: 4.0 min
  [4/11] 1578970949_A025CF: 17231 windows, 0 seizure | ETA: 2.6 min
  [5/11] 1585100579_A029E3: 18114 windows, 61 seizure | ETA: 1.8 min
  [6/11] 1592528418_A029B4: 17274 windows, 0 seizure | ETA: 1.3 min
  [7/11] 1580864123_A029E3: 32484 windows, 61 seizure | ETA: 1.1 min
  [8/11] 1578106829_A025CF: 17278 windows, 0 seizure | ETA: 0.7 min
  [9/11] 1594945673_A029B4: 17406 windows, 61 seizure | ETA: 0.4 min
  [10/11] 1582857784_A025CF: 27720 windows, 61 seizure | ETA: 0.2 min
  [11/11] 1581131208_A029E3: 33184 windows, 0 seizure | ETA: 0.0 min

  Completed in 2.1 minutes
  Processed: 11/11 sessions
  Total windows: 231,161
  Seizure windows: 427
  Normal windows: 230,734
  Primary shape: (231161, 160, 3)
  Secondary shape: (231161, 160, 4)

Building test split from 14 held-out sessions...

Preparing dataset from 14 sessions...
  Using 7 CPU cores for parallel processing
  Window size: 160, Stride: 160
  [1/14] 1598624269_A01EE3: 25165 windows, 121 seizure | ETA: 19.7 min
  [2/14] 1617311424_A02294: 25800 windows, 0 seizure | ETA: 9.2 min
  [3/14] 1618071211_A01EEC: 26160 windows, 0 seizure | ETA: 5.7 min
  [4/14] 1617460460_A01EEC: 27536 windows, 61 seizure | ETA: 4.0 min
  [5/14] 1615118361_A01EEC: 26848 windows, 0 seizure | ETA: 2.9 min
  [6/14] 1610296047_A01EEC: 28864 windows, 61 seizure | ETA: 2.2 min
  [7/14] 1606744372_A02294: 29264 windows, 0 seizure | ETA: 1.7 min
  [8/14] 1616859842_A01EEC: 26288 windows, 0 seizure | ETA: 1.7 min
  [9/14] 1617627705_A02294: 25744 windows, 0 seizure | ETA: 1.3 min
  [10/14] 1604525961_A02294: 30252 windows, 131 seizure | ETA: 1.0 min
  [11/14] 1601509460_A02294: 31456 windows, 97 seizure | ETA: 0.7 min
  [12/14] 1607346169_A01EEC: 29616 windows, 0 seizure | ETA: 0.4 min
  [13/14] 1603474555_A02294: 30552 windows, 0 seizure | ETA: 0.2 min
  [14/14] 1599842819_A02294: 32964 windows, 0 seizure | ETA: 0.0 min

  Completed in 2.6 minutes
  Processed: 14/14 sessions
  Total windows: 396,509
  Seizure windows: 471
  Normal windows: 396,038
  Primary shape: (396509, 160, 3)
  Secondary shape: (396509, 160, 4)

Data splits:
  Train: 2190944 samples (7794 seizure, 2183150 normal, 0.36% seizure)
  Val: 231161 samples (427 seizure, 230734 normal, 0.18% seizure)
  Test: 396509 samples (471 seizure, 396038 normal, 0.12% seizure)

======================================================================
PHASE 3: Build Standard and Pro TSMixer Models
======================================================================

======================================================================
TRAINING VARIANT: standard_acc_only
Secondary features: none (ACC-only standard)
======================================================================
Existing checkpoint ignored because FORCE_RERUN/DETECTION_FORCE_RETRAIN_VARIANTS is set: C:\I2I\seizure_detection\outputs\standard_acc_only.keras

Built model for standard_acc_only
Model footprint: 155,729 parameters (under 100k: False)

Balanced training view:
  Original train: 2,190,944 windows, 7,794 seizure
  Sampled train: 31,176 windows, 7,794 seizure
Class weights: {0: 0.6666666666666666, 1: 2.0}
Checkpoint/early stopping monitor: val_pr_auc

Training for up to 24 epochs...
==================================================
  Epoch 1: loss=21.3573, pr_auc=0.2516, val_loss=11.7274, val_pr_auc=0.0032, val_auc=0.5222

Epoch 1: val_pr_auc improved from None to 0.00323, saving model to C:\I2I\seizure_detection\outputs\standard_acc_only.keras

Epoch 1: finished saving model to C:\I2I\seizure_detection\outputs\standard_acc_only.keras
  Epoch 2: loss=20.8768, pr_auc=0.2488, val_loss=11.9099, val_pr_auc=0.0050, val_auc=0.6144

Epoch 2: val_pr_auc improved from 0.00323 to 0.00504, saving model to C:\I2I\seizure_detection\outputs\standard_acc_only.keras

Epoch 2: finished saving model to C:\I2I\seizure_detection\outputs\standard_acc_only.keras
  Epoch 3: loss=20.8398, pr_auc=0.2498, val_loss=12.2495, val_pr_auc=0.0031, val_auc=0.5300

Epoch 3: val_pr_auc did not improve from 0.00504
  Epoch 4: loss=20.8199, pr_auc=0.2493, val_loss=12.7808, val_pr_auc=0.0032, val_auc=0.5728

Epoch 4: val_pr_auc did not improve from 0.00504
  Epoch 5: loss=20.8093, pr_auc=0.2532, val_loss=13.4184, val_pr_auc=0.0026, val_auc=0.5196

Epoch 5: val_pr_auc did not improve from 0.00504
  Epoch 6: loss=20.8040, pr_auc=0.2515, val_loss=13.8137, val_pr_auc=0.0029, val_auc=0.5622

Epoch 6: ReduceLROnPlateau reducing learning rate to 0.0005000000237487257.

Epoch 6: val_pr_auc did not improve from 0.00504
  Epoch 7: loss=20.8023, pr_auc=0.2477, val_loss=13.9798, val_pr_auc=0.0022, val_auc=0.5099

Epoch 7: val_pr_auc did not improve from 0.00504
  Epoch 8: loss=20.8015, pr_auc=0.2474, val_loss=14.1091, val_pr_auc=0.0027, val_auc=0.5657

Epoch 8: val_pr_auc did not improve from 0.00504
  Epoch 9: loss=20.8010, pr_auc=0.2501, val_loss=14.2406, val_pr_auc=0.0020, val_auc=0.5030

Epoch 9: val_pr_auc did not improve from 0.00504
Epoch 9: early stopping
Restoring model weights from the end of the best epoch: 2.
Validation PR-AUC for standard_acc_only: 0.005306

======================================================================
TRAINING VARIANT: standard_acc_eda
Secondary features: ['EDA']
======================================================================
Existing checkpoint ignored because FORCE_RERUN/DETECTION_FORCE_RETRAIN_VARIANTS is set: C:\I2I\seizure_detection\outputs\standard_acc_eda.keras

Built model for standard_acc_eda
Model footprint: 155,729 parameters (under 100k: False)

Balanced training view:
  Original train: 2,190,944 windows, 7,794 seizure
  Sampled train: 31,176 windows, 7,794 seizure
Class weights: {0: 0.6666666666666666, 1: 2.0}
Checkpoint/early stopping monitor: val_pr_auc

Training for up to 24 epochs...
==================================================
  Epoch 1: loss=21.2512, pr_auc=0.2518, val_loss=11.3356, val_pr_auc=0.0021, val_auc=0.4605

Epoch 1: val_pr_auc improved from None to 0.00212, saving model to C:\I2I\seizure_detection\outputs\standard_acc_eda.keras

Epoch 1: finished saving model to C:\I2I\seizure_detection\outputs\standard_acc_eda.keras
  Epoch 2: loss=20.8710, pr_auc=0.2503, val_loss=11.7749, val_pr_auc=0.0042, val_auc=0.5818

Epoch 2: val_pr_auc improved from 0.00212 to 0.00416, saving model to C:\I2I\seizure_detection\outputs\standard_acc_eda.keras

Epoch 2: finished saving model to C:\I2I\seizure_detection\outputs\standard_acc_eda.keras
  Epoch 3: loss=20.8365, pr_auc=0.2537, val_loss=11.9697, val_pr_auc=0.0042, val_auc=0.5715

Epoch 3: val_pr_auc did not improve from 0.00416
  Epoch 4: loss=20.8210, pr_auc=0.2535, val_loss=12.5318, val_pr_auc=0.0039, val_auc=0.5817

Epoch 4: val_pr_auc did not improve from 0.00416
  Epoch 5: loss=20.8114, pr_auc=0.2523, val_loss=13.0067, val_pr_auc=0.0033, val_auc=0.5562

Epoch 5: val_pr_auc did not improve from 0.00416
  Epoch 6: loss=20.8063, pr_auc=0.2516, val_loss=13.4603, val_pr_auc=0.0022, val_auc=0.5097

Epoch 6: ReduceLROnPlateau reducing learning rate to 0.0005000000237487257.

Epoch 6: val_pr_auc did not improve from 0.00416
  Epoch 7: loss=20.8036, pr_auc=0.2490, val_loss=13.6693, val_pr_auc=0.0027, val_auc=0.5203

Epoch 7: val_pr_auc did not improve from 0.00416
  Epoch 8: loss=20.8025, pr_auc=0.2502, val_loss=13.9125, val_pr_auc=0.0020, val_auc=0.5009

Epoch 8: val_pr_auc did not improve from 0.00416
  Epoch 9: loss=20.8015, pr_auc=0.2503, val_loss=14.0831, val_pr_auc=0.0028, val_auc=0.5365

Epoch 9: val_pr_auc did not improve from 0.00416
Epoch 9: early stopping
Restoring model weights from the end of the best epoch: 2.
Validation PR-AUC for standard_acc_eda: 0.004158

======================================================================
TRAINING VARIANT: standard_acc_temp
Secondary features: ['TEMP']
======================================================================
Existing checkpoint ignored because FORCE_RERUN/DETECTION_FORCE_RETRAIN_VARIANTS is set: C:\I2I\seizure_detection\outputs\standard_acc_temp.keras

Built model for standard_acc_temp
Model footprint: 155,729 parameters (under 100k: False)

Balanced training view:
  Original train: 2,190,944 windows, 7,794 seizure
  Sampled train: 31,176 windows, 7,794 seizure
Class weights: {0: 0.6666666666666666, 1: 2.0}
Checkpoint/early stopping monitor: val_pr_auc

Training for up to 24 epochs...
==================================================
  Epoch 1: loss=21.4098, pr_auc=0.2504, val_loss=12.2838, val_pr_auc=0.0034, val_auc=0.4622

Epoch 1: val_pr_auc improved from None to 0.00343, saving model to C:\I2I\seizure_detection\outputs\standard_acc_temp.keras

Epoch 1: finished saving model to C:\I2I\seizure_detection\outputs\standard_acc_temp.keras
  Epoch 2: loss=20.8924, pr_auc=0.2483, val_loss=11.8959, val_pr_auc=0.0042, val_auc=0.5911

Epoch 2: val_pr_auc improved from 0.00343 to 0.00423, saving model to C:\I2I\seizure_detection\outputs\standard_acc_temp.keras

Epoch 2: finished saving model to C:\I2I\seizure_detection\outputs\standard_acc_temp.keras
  Epoch 3: loss=20.8526, pr_auc=0.2518, val_loss=12.1623, val_pr_auc=0.0028, val_auc=0.4700

Epoch 3: val_pr_auc did not improve from 0.00423
  Epoch 4: loss=20.8320, pr_auc=0.2497, val_loss=12.3516, val_pr_auc=0.0025, val_auc=0.4822

Epoch 4: val_pr_auc did not improve from 0.00423
  Epoch 5: loss=20.8183, pr_auc=0.2524, val_loss=12.7062, val_pr_auc=0.0029, val_auc=0.5231

Epoch 5: val_pr_auc did not improve from 0.00423
  Epoch 6: loss=20.8108, pr_auc=0.2477, val_loss=13.1600, val_pr_auc=0.0023, val_auc=0.4997

Epoch 6: val_pr_auc did not improve from 0.00423
  Epoch 7: loss=20.8060, pr_auc=0.2478, val_loss=13.6257, val_pr_auc=0.0020, val_auc=0.4913

Epoch 7: ReduceLROnPlateau reducing learning rate to 0.0005000000237487257.

Epoch 7: val_pr_auc did not improve from 0.00423
  Epoch 8: loss=20.8033, pr_auc=0.2478, val_loss=13.7615, val_pr_auc=0.0022, val_auc=0.5096

Epoch 8: val_pr_auc did not improve from 0.00423
  Epoch 9: loss=20.8022, pr_auc=0.2523, val_loss=13.9829, val_pr_auc=0.0020, val_auc=0.5027

Epoch 9: val_pr_auc did not improve from 0.00423
Epoch 9: early stopping
Restoring model weights from the end of the best epoch: 2.
Validation PR-AUC for standard_acc_temp: 0.004892

======================================================================
TRAINING VARIANT: standard_acc_eda_temp
Secondary features: ['EDA', 'TEMP']
======================================================================
Existing checkpoint ignored because FORCE_RERUN/DETECTION_FORCE_RETRAIN_VARIANTS is set: C:\I2I\seizure_detection\outputs\standard_acc_eda_temp.keras

Built model for standard_acc_eda_temp
Model footprint: 155,729 parameters (under 100k: False)

Balanced training view:
  Original train: 2,190,944 windows, 7,794 seizure
  Sampled train: 31,176 windows, 7,794 seizure
Class weights: {0: 0.6666666666666666, 1: 2.0}
Checkpoint/early stopping monitor: val_pr_auc

Training for up to 24 epochs...
==================================================
  Epoch 1: loss=21.1709, pr_auc=0.2564, val_loss=11.3872, val_pr_auc=0.0036, val_auc=0.5420

Epoch 1: val_pr_auc improved from None to 0.00364, saving model to C:\I2I\seizure_detection\outputs\standard_acc_eda_temp.keras

Epoch 1: finished saving model to C:\I2I\seizure_detection\outputs\standard_acc_eda_temp.keras
  Epoch 2: loss=20.8502, pr_auc=0.2492, val_loss=12.4277, val_pr_auc=0.0043, val_auc=0.5858

Epoch 2: val_pr_auc improved from 0.00364 to 0.00435, saving model to C:\I2I\seizure_detection\outputs\standard_acc_eda_temp.keras

Epoch 2: finished saving model to C:\I2I\seizure_detection\outputs\standard_acc_eda_temp.keras
  Epoch 3: loss=20.8205, pr_auc=0.2508, val_loss=13.1696, val_pr_auc=0.0045, val_auc=0.5800

Epoch 3: val_pr_auc improved from 0.00435 to 0.00454, saving model to C:\I2I\seizure_detection\outputs\standard_acc_eda_temp.keras

Epoch 3: finished saving model to C:\I2I\seizure_detection\outputs\standard_acc_eda_temp.keras
  Epoch 4: loss=20.8073, pr_auc=0.2466, val_loss=13.8358, val_pr_auc=0.0028, val_auc=0.5971

Epoch 4: val_pr_auc did not improve from 0.00454
  Epoch 5: loss=20.8021, pr_auc=0.2485, val_loss=14.5501, val_pr_auc=0.0018, val_auc=0.4997

Epoch 5: val_pr_auc did not improve from 0.00454
  Epoch 6: loss=20.8003, pr_auc=0.2493, val_loss=14.7179, val_pr_auc=0.0023, val_auc=0.5227

Epoch 6: ReduceLROnPlateau reducing learning rate to 0.0005000000237487257.

Epoch 6: val_pr_auc did not improve from 0.00454
  Epoch 7: loss=20.8000, pr_auc=0.2496, val_loss=14.7420, val_pr_auc=0.0018, val_auc=0.4973

Epoch 7: val_pr_auc did not improve from 0.00454
  Epoch 8: loss=20.8000, pr_auc=0.2501, val_loss=14.7386, val_pr_auc=0.0018, val_auc=0.4993

Epoch 8: val_pr_auc did not improve from 0.00454
  Epoch 9: loss=20.7999, pr_auc=0.2500, val_loss=14.7491, val_pr_auc=0.0018, val_auc=0.5000

Epoch 9: val_pr_auc did not improve from 0.00454
  Epoch 10: loss=20.7999, pr_auc=0.2498, val_loss=14.7577, val_pr_auc=0.0018, val_auc=0.5000

Epoch 10: val_pr_auc did not improve from 0.00454
Epoch 10: early stopping
Restoring model weights from the end of the best epoch: 3.
Validation PR-AUC for standard_acc_eda_temp: 0.004361
Inactive Pro candidate not trained for the current product allocation: pro_ppg_bvp_hr
Inactive Pro candidate not trained for the current product allocation: pro_ppg_bvp_hr_eda
Inactive Pro candidate not trained for the current product allocation: pro_ppg_bvp_hr_temp

======================================================================
TRAINING VARIANT: pro_full_bvp_hr_eda_temp
Secondary features: ['BVP', 'HR', 'EDA', 'TEMP']
======================================================================
Existing checkpoint ignored because FORCE_RERUN/DETECTION_FORCE_RETRAIN_VARIANTS is set: C:\I2I\seizure_detection\outputs\pro_full_bvp_hr_eda_temp.keras

Built model for pro_full_bvp_hr_eda_temp
Model footprint: 155,729 parameters (under 100k: False)

Balanced training view:
  Original train: 2,190,944 windows, 7,794 seizure
  Sampled train: 31,176 windows, 7,794 seizure
Class weights: {0: 0.6666666666666666, 1: 2.0}
Checkpoint/early stopping monitor: val_pr_auc

Training for up to 24 epochs...
==================================================
  Epoch 1: loss=21.2957, pr_auc=0.2512, val_loss=11.5199, val_pr_auc=0.0045, val_auc=0.6552

Epoch 1: val_pr_auc improved from None to 0.00450, saving model to C:\I2I\seizure_detection\outputs\pro_full_bvp_hr_eda_temp.keras

Epoch 1: finished saving model to C:\I2I\seizure_detection\outputs\pro_full_bvp_hr_eda_temp.keras
  Epoch 2: loss=20.8881, pr_auc=0.2551, val_loss=11.4035, val_pr_auc=0.0031, val_auc=0.4933

Epoch 2: val_pr_auc did not improve from 0.00450
  Epoch 3: loss=20.8478, pr_auc=0.2474, val_loss=11.4187, val_pr_auc=0.0032, val_auc=0.5343

Epoch 3: val_pr_auc did not improve from 0.00450
  Epoch 4: loss=20.8272, pr_auc=0.2497, val_loss=11.7871, val_pr_auc=0.0025, val_auc=0.4894

Epoch 4: val_pr_auc did not improve from 0.00450
  Epoch 5: loss=20.8156, pr_auc=0.2470, val_loss=12.4975, val_pr_auc=0.0038, val_auc=0.5536

Epoch 5: val_pr_auc did not improve from 0.00450
  Epoch 6: loss=20.8091, pr_auc=0.2497, val_loss=12.9250, val_pr_auc=0.0023, val_auc=0.5061

Epoch 6: val_pr_auc did not improve from 0.00450
  Epoch 7: loss=20.8051, pr_auc=0.2504, val_loss=13.3305, val_pr_auc=0.0020, val_auc=0.4961

Epoch 7: ReduceLROnPlateau reducing learning rate to 0.0005000000237487257.

Epoch 7: val_pr_auc did not improve from 0.00450
  Epoch 8: loss=20.8033, pr_auc=0.2540, val_loss=13.4997, val_pr_auc=0.0027, val_auc=0.5231

Epoch 8: val_pr_auc did not improve from 0.00450
Epoch 8: early stopping
Restoring model weights from the end of the best epoch: 1.
Validation PR-AUC for pro_full_bvp_hr_eda_temp: 0.004770
Scoring allocation base_acc__addon_ppg_eda_temp: standard_acc_only -> pro_full_bvp_hr_eda_temp
Scoring allocation base_acc_eda__addon_ppg_temp: standard_acc_eda -> pro_full_bvp_hr_eda_temp
Scoring allocation base_acc_temp__addon_ppg_eda: standard_acc_temp -> pro_full_bvp_hr_eda_temp
Scoring allocation base_acc_eda_temp__addon_ppg: standard_acc_eda_temp -> pro_full_bvp_hr_eda_temp

Product allocation analysis:
  base_acc__addon_ppg_eda_temp: base optional=[], addon optional=['EDA', 'TEMP'] | val events 6/7 -> 6/7, val recall 0.1663 -> 0.1756, AUC 0.6058 -> 0.6729, PR-AUC 0.0053 -> 0.0058, balanced acc 0.5657 -> 0.5704
  base_acc_eda__addon_ppg_temp: base optional=['EDA'], addon optional=['TEMP'] | val events 6/7 -> 6/7, val recall 0.1452 -> 0.1710, AUC 0.5601 -> 0.6056, PR-AUC 0.0042 -> 0.0048, balanced acc 0.5552 -> 0.5681
  base_acc_temp__addon_ppg_eda: base optional=['TEMP'], addon optional=['EDA'] | val events 7/7 -> 7/7, val recall 0.1124 -> 0.1452, AUC 0.5997 -> 0.6851, PR-AUC 0.0049 -> 0.0058, balanced acc 0.5388 -> 0.5552
  base_acc_eda_temp__addon_ppg: base optional=['EDA', 'TEMP'], addon optional=[] | val events 6/7 -> 7/7, val recall 0.2201 -> 0.1429, AUC 0.5804 -> 0.6924, PR-AUC 0.0044 -> 0.0056, balanced acc 0.5927 -> 0.5540

Selected product allocation from validation only: base_acc_eda_temp__addon_ppg

Held-out test allocation check:

======================================================================
VALIDATION: Standard Product vs Pro Product
======================================================================
Calibrated Standard Product (standard_acc_only; features=['ACC only']) threshold on validation: 0.8595 (precision=0.0211, recall=0.0539, f1=0.0303)
Calibrated Pro Product (pro_full_bvp_hr_eda_temp) threshold on validation: 0.8632 (precision=0.0160, recall=0.0585, f1=0.0251)
Selected Standard Product causal score smoothing: 5 window(s), threshold=0.8474
Selected Pro Product causal score smoothing: 5 window(s), threshold=0.8467
Calibrated Pro Product (pro_full_bvp_hr_eda_temp; fused score) threshold on validation: 0.8531 (precision=0.0349, recall=0.0632, f1=0.0450)

Standard Product (standard_acc_only; features=['ACC only']) Mode Results:
------------------------------
  loss: 1.8536
  accuracy_diagnostic: 0.9620 (not a success metric for this imbalanced split)
  auc: 0.5037
  pr_auc: 0.0036
  precision: 0.0053
  recall: 0.1656
  f1: 0.0103
  specificity: 0.9630
  balanced_accuracy: 0.5643
  positive_rate: 0.0012
  all_normal_baseline_accuracy_diagnostic: 0.9988 (all-negative baseline)
  true_negatives: 381374
  false_positives: 14664
  false_negatives: 393
  true_positives: 78
  false_alarms_per_hour: 26.6276
  decision_threshold: 0.8474
  event_level: 4/6 events, sensitivity=0.6667

Pro Product (pro_full_bvp_hr_eda_temp) Mode Results:
------------------------------
  loss: 1.8504
  accuracy_diagnostic: 0.9638 (not a success metric for this imbalanced split)
  auc: 0.4828
  pr_auc: 0.0042
  precision: 0.0056
  recall: 0.1677
  f1: 0.0109
  specificity: 0.9647
  balanced_accuracy: 0.5662
  positive_rate: 0.0012
  all_normal_baseline_accuracy_diagnostic: 0.9988 (all-negative baseline)
  true_negatives: 382076
  false_positives: 13962
  false_negatives: 392
  true_positives: 79
  false_alarms_per_hour: 25.3529
  decision_threshold: 0.8467
  event_level: 5/6 events, sensitivity=0.8333

======================================================================
COMPARISON: Standard vs Pro Product
======================================================================
  AUC: 0.5037 -> 0.4828 (+-0.0209)
  PR-AUC: 0.0036 -> 0.0042 (+0.0006)
  Recall: 0.1656 -> 0.1677 (+0.0021)
  Event sensitivity: 4/6 -> 5/6
  False alarms/hour: 26.63 -> 25.35
  Raw accuracy is diagnostic only under severe class imbalance; see all_normal_baseline_accuracy in results.json.

Matched false-alarm operating point:
  Validation alarm budget: 25.00 false alarms/hour
  Test recall: 0.1656 -> 0.1677
  Test false alarms/hour: 26.63 -> 25.35

Fixed validation alarm-budget grid:
  1 fa/h budget | recall 0.0170 -> 0.0212; test fa/h 0.69 -> 0.55; balanced acc 0.5080 -> 0.5102
  5 fa/h budget | recall 0.0573 -> 0.0616; test fa/h 3.57 -> 3.29; balanced acc 0.5262 -> 0.5285
  10 fa/h budget | recall 0.0934 -> 0.0977; test fa/h 8.32 -> 7.65; balanced acc 0.5409 -> 0.5435
  25 fa/h budget | recall 0.1656 -> 0.1677; test fa/h 26.63 -> 25.35; balanced acc 0.5643 -> 0.5662
  50 fa/h budget | recall 0.2314 -> 0.2144; test fa/h 62.53 -> 62.25; balanced acc 0.5722 -> 0.5639
  100 fa/h budget | recall 0.3036 -> 0.2930; test fa/h 127.81 -> 132.39; balanced acc 0.5629 -> 0.5545
  base_acc__addon_ppg_eda_temp: test recall 0.1656 -> 0.1677

======================================================================
VALIDATION: Standard Product vs Pro Product
======================================================================
Calibrated Standard Product (standard_acc_eda; features=['EDA']) threshold on validation: 0.8524 (precision=0.0161, recall=0.0585, f1=0.0252)
Calibrated Pro Product (pro_full_bvp_hr_eda_temp) threshold on validation: 0.8632 (precision=0.0160, recall=0.0585, f1=0.0251)
Selected Standard Product causal score smoothing: 3 window(s), threshold=0.8437
Selected Pro Product causal score smoothing: 3 window(s), threshold=0.8427
Calibrated Pro Product (pro_full_bvp_hr_eda_temp; fused score) threshold on validation: 0.8480 (precision=0.0253, recall=0.0773, f1=0.0381)

Standard Product (standard_acc_eda; features=['EDA']) Mode Results:
------------------------------
  loss: 1.8338
  accuracy_diagnostic: 0.9586 (not a success metric for this imbalanced split)
  auc: 0.6157
  pr_auc: 0.0139
  precision: 0.0073
  recall: 0.2505
  f1: 0.0142
  specificity: 0.9594
  balanced_accuracy: 0.6050
  positive_rate: 0.0012
  all_normal_baseline_accuracy_diagnostic: 0.9988 (all-negative baseline)
  true_negatives: 379978
  false_positives: 16060
  false_negatives: 353
  true_positives: 118
  false_alarms_per_hour: 29.1625
  decision_threshold: 0.8437
  event_level: 4/6 events, sensitivity=0.6667

Pro Product (pro_full_bvp_hr_eda_temp) Mode Results:
------------------------------
  loss: 1.8295
  accuracy_diagnostic: 0.9609 (not a success metric for this imbalanced split)
  auc: 0.5797
  pr_auc: 0.0138
  precision: 0.0068
  recall: 0.2187
  f1: 0.0131
  specificity: 0.9618
  balanced_accuracy: 0.5903
  positive_rate: 0.0012
  all_normal_baseline_accuracy_diagnostic: 0.9988 (all-negative baseline)
  true_negatives: 380922
  false_positives: 15116
  false_negatives: 368
  true_positives: 103
  false_alarms_per_hour: 27.4484
  decision_threshold: 0.8427
  event_level: 4/6 events, sensitivity=0.6667

======================================================================
COMPARISON: Standard vs Pro Product
======================================================================
  AUC: 0.6157 -> 0.5797 (+-0.0360)
  PR-AUC: 0.0139 -> 0.0138 (+-0.0001)
  Recall: 0.2505 -> 0.2187 (+-0.0318)
  Event sensitivity: 4/6 -> 4/6
  False alarms/hour: 29.16 -> 27.45
  Raw accuracy is diagnostic only under severe class imbalance; see all_normal_baseline_accuracy in results.json.

Matched false-alarm operating point:
  Validation alarm budget: 25.00 false alarms/hour
  Test recall: 0.2505 -> 0.2187
  Test false alarms/hour: 29.16 -> 27.45

Fixed validation alarm-budget grid:
  1 fa/h budget | recall 0.0658 -> 0.0594; test fa/h 0.69 -> 0.54; balanced acc 0.5324 -> 0.5294
  5 fa/h budget | recall 0.1465 -> 0.1168; test fa/h 4.52 -> 3.41; balanced acc 0.5701 -> 0.5560
  10 fa/h budget | recall 0.1762 -> 0.1423; test fa/h 10.21 -> 7.93; balanced acc 0.5810 -> 0.5656
  25 fa/h budget | recall 0.2505 -> 0.2187; test fa/h 29.16 -> 27.45; balanced acc 0.6050 -> 0.5903
  50 fa/h budget | recall 0.3206 -> 0.2909; test fa/h 60.65 -> 64.15; balanced acc 0.6181 -> 0.6008
  100 fa/h budget | recall 0.5011 -> 0.4119; test fa/h 152.95 -> 149.96; balanced acc 0.6442 -> 0.6017
  base_acc_eda__addon_ppg_temp: test recall 0.2505 -> 0.2187

======================================================================
VALIDATION: Standard Product vs Pro Product
======================================================================
Calibrated Standard Product (standard_acc_temp; features=['TEMP']) threshold on validation: 0.8534 (precision=0.0219, recall=0.0492, f1=0.0303)
Calibrated Pro Product (pro_full_bvp_hr_eda_temp) threshold on validation: 0.8632 (precision=0.0160, recall=0.0585, f1=0.0251)
Selected Standard Product causal score smoothing: 5 window(s), threshold=0.8469
Selected Pro Product causal score smoothing: 5 window(s), threshold=0.8462
Calibrated Pro Product (pro_full_bvp_hr_eda_temp; fused score) threshold on validation: 0.8494 (precision=0.0515, recall=0.0492, f1=0.0503)

Standard Product (standard_acc_temp; features=['TEMP']) Mode Results:
------------------------------
  loss: 1.8491
  accuracy_diagnostic: 0.9756 (not a success metric for this imbalanced split)
  auc: 0.4777
  pr_auc: 0.0025
  precision: 0.0039
  recall: 0.0764
  f1: 0.0074
  specificity: 0.9767
  balanced_accuracy: 0.5266
  positive_rate: 0.0012
  all_normal_baseline_accuracy_diagnostic: 0.9988 (all-negative baseline)
  true_negatives: 386801
  false_positives: 9237
  false_negatives: 435
  true_positives: 36
  false_alarms_per_hour: 16.7730
  decision_threshold: 0.8469
  event_level: 2/6 events, sensitivity=0.3333

Pro Product (pro_full_bvp_hr_eda_temp) Mode Results:
------------------------------
  loss: 1.8461
  accuracy_diagnostic: 0.9738 (not a success metric for this imbalanced split)
  auc: 0.4491
  pr_auc: 0.0024
  precision: 0.0035
  recall: 0.0743
  f1: 0.0067
  specificity: 0.9748
  balanced_accuracy: 0.5246
  positive_rate: 0.0012
  all_normal_baseline_accuracy_diagnostic: 0.9988 (all-negative baseline)
  true_negatives: 386073
  false_positives: 9965
  false_negatives: 436
  true_positives: 35
  false_alarms_per_hour: 18.0949
  decision_threshold: 0.8462
  event_level: 2/6 events, sensitivity=0.3333

======================================================================
COMPARISON: Standard vs Pro Product
======================================================================
  AUC: 0.4777 -> 0.4491 (+-0.0285)
  PR-AUC: 0.0025 -> 0.0024 (+-0.0001)
  Recall: 0.0764 -> 0.0743 (+-0.0021)
  Event sensitivity: 2/6 -> 2/6
  False alarms/hour: 16.77 -> 18.09
  Raw accuracy is diagnostic only under severe class imbalance; see all_normal_baseline_accuracy in results.json.

Matched false-alarm operating point:
  Validation alarm budget: 25.00 false alarms/hour
  Test recall: 0.0764 -> 0.0743
  Test false alarms/hour: 16.77 -> 18.09

Fixed validation alarm-budget grid:
  1 fa/h budget | recall 0.0127 -> 0.0106; test fa/h 0.18 -> 0.14; balanced acc 0.5062 -> 0.5052
  5 fa/h budget | recall 0.0255 -> 0.0212; test fa/h 4.81 -> 5.46; balanced acc 0.5094 -> 0.5068
  10 fa/h budget | recall 0.0403 -> 0.0425; test fa/h 8.29 -> 8.93; balanced acc 0.5144 -> 0.5150
  25 fa/h budget | recall 0.0764 -> 0.0743; test fa/h 16.77 -> 18.09; balanced acc 0.5266 -> 0.5246
  50 fa/h budget | recall 0.1083 -> 0.1019; test fa/h 31.20 -> 34.01; balanced acc 0.5324 -> 0.5273
  100 fa/h budget | recall 0.1189 -> 0.1189; test fa/h 79.37 -> 79.26; balanced acc 0.5043 -> 0.5043
  base_acc_temp__addon_ppg_eda: test recall 0.0764 -> 0.0743

======================================================================
VALIDATION: Standard Product vs Pro Product
======================================================================
Calibrated Standard Product (standard_acc_eda_temp; features=['EDA', 'TEMP']) threshold on validation: 0.8744 (precision=0.0118, recall=0.2295, f1=0.0224)
Calibrated Pro Product (pro_full_bvp_hr_eda_temp) threshold on validation: 0.8632 (precision=0.0160, recall=0.0585, f1=0.0251)
Selected Standard Product causal score smoothing: 3 window(s), threshold=0.8737
Selected Pro Product causal score smoothing: 1 window(s), threshold=0.8703
Calibrated Pro Product (pro_full_bvp_hr_eda_temp; fused score) threshold on validation: 0.8760 (precision=0.0283, recall=0.0234, f1=0.0256)

Standard Product (standard_acc_eda_temp; features=['EDA', 'TEMP']) Mode Results:
------------------------------
  loss: 2.0522
  accuracy_diagnostic: 0.9457 (not a success metric for this imbalanced split)
  auc: 0.5650
  pr_auc: 0.0149
  precision: 0.0052
  recall: 0.2357
  f1: 0.0102
  specificity: 0.9466
  balanced_accuracy: 0.5911
  positive_rate: 0.0012
  all_normal_baseline_accuracy_diagnostic: 0.9988 (all-negative baseline)
  true_negatives: 374878
  false_positives: 21160
  false_negatives: 360
  true_positives: 111
  false_alarms_per_hour: 38.4233
  decision_threshold: 0.8737
  event_level: 4/6 events, sensitivity=0.6667

Pro Product (pro_full_bvp_hr_eda_temp) Mode Results:
------------------------------
  loss: 2.0229
  accuracy_diagnostic: 0.9501 (not a success metric for this imbalanced split)
  auc: 0.4810
  pr_auc: 0.0115
  precision: 0.0044
  recall: 0.1805
  f1: 0.0085
  specificity: 0.9510
  balanced_accuracy: 0.5657
  positive_rate: 0.0012
  all_normal_baseline_accuracy_diagnostic: 0.9988 (all-negative baseline)
  true_negatives: 376645
  false_positives: 19393
  false_negatives: 386
  true_positives: 85
  false_alarms_per_hour: 35.2147
  decision_threshold: 0.8703
  event_level: 4/6 events, sensitivity=0.6667

======================================================================
COMPARISON: Standard vs Pro Product
======================================================================
  AUC: 0.5650 -> 0.4810 (+-0.0840)
  PR-AUC: 0.0149 -> 0.0115 (+-0.0033)
  Recall: 0.2357 -> 0.1805 (+-0.0552)
  Event sensitivity: 4/6 -> 4/6
  False alarms/hour: 38.42 -> 35.21
  Raw accuracy is diagnostic only under severe class imbalance; see all_normal_baseline_accuracy in results.json.

Matched false-alarm operating point:
  Validation alarm budget: 25.00 false alarms/hour
  Test recall: 0.2357 -> 0.1805
  Test false alarms/hour: 38.42 -> 35.21

Fixed validation alarm-budget grid:
  1 fa/h budget | recall 0.1040 -> 0.0679; test fa/h 0.97 -> 0.67; balanced acc 0.5513 -> 0.5335
  5 fa/h budget | recall 0.1529 -> 0.1083; test fa/h 7.53 -> 2.79; balanced acc 0.5712 -> 0.5522
  10 fa/h budget | recall 0.1890 -> 0.1401; test fa/h 15.66 -> 10.19; balanced acc 0.5836 -> 0.5630
  25 fa/h budget | recall 0.2357 -> 0.1805; test fa/h 38.42 -> 35.21; balanced acc 0.5911 -> 0.5657
  50 fa/h budget | recall 0.2781 -> 0.2251; test fa/h 74.92 -> 77.03; balanced acc 0.5870 -> 0.5590
  100 fa/h budget | recall 0.3482 -> 0.2781; test fa/h 139.13 -> 157.01; balanced acc 0.5774 -> 0.5299
  base_acc_eda_temp__addon_ppg: test recall 0.2357 -> 0.1805

Selected product allocation: base_acc_eda_temp__addon_ppg
  Base has ACC plus EDA and TEMP; Pro keeps those base signals and adds PPG.
  Selected Standard variant: standard_acc_eda_temp
  Selected Pro variant: pro_full_bvp_hr_eda_temp
  Enabled Standard features: ['EDA', 'TEMP']
  Enabled Pro features: ['BVP', 'HR', 'EDA', 'TEMP']

======================================================================
PHASE 4: Validation
======================================================================

Results saved to: C:\I2I\seizure_detection\outputs\results.json
Saved artifact at 'C:\Users\Test-PC\AppData\Local\Temp\tmp8lcc3o8m'. The following endpoints are available:

* Endpoint 'serve'
  args_0 (POSITIONAL_ONLY): List[TensorSpec(shape=(None, 160, 3), dtype=tf.float32, name='primary_input'), TensorSpec(shape=(None, 160, 4), dtype=tf.float32, name='secondary_input')]
Output Type:
  TensorSpec(shape=(None, 1), dtype=tf.float32, name=None)
Captures:
  2764828461776: TensorSpec(shape=(), dtype=tf.resource, name=None)
  2764828461200: TensorSpec(shape=(), dtype=tf.resource, name=None)
  2764774100816: TensorSpec(shape=(), dtype=tf.resource, name=None)
  2764774097744: TensorSpec(shape=(), dtype=tf.resource, name=None)
  2764828460048: TensorSpec(shape=(), dtype=tf.resource, name=None)
  2764828459088: TensorSpec(shape=(), dtype=tf.resource, name=None)
  2764774100240: TensorSpec(shape=(), dtype=tf.resource, name=None)
  2764774097168: TensorSpec(shape=(), dtype=tf.resource, name=None)
  2764828459856: TensorSpec(shape=(), dtype=tf.resource, name=None)
  2764828459280: TensorSpec(shape=(), dtype=tf.resource, name=None)
  2764828463312: TensorSpec(shape=(), dtype=tf.resource, name=None)
  2764828463120: TensorSpec(shape=(), dtype=tf.resource, name=None)
  2764828462160: TensorSpec(shape=(), dtype=tf.resource, name=None)
  2764828461968: TensorSpec(shape=(), dtype=tf.resource, name=None)
  2764828464272: TensorSpec(shape=(), dtype=tf.resource, name=None)
  2764828464080: TensorSpec(shape=(), dtype=tf.resource, name=None)
  2764828464656: TensorSpec(shape=(), dtype=tf.resource, name=None)
  2764828462928: TensorSpec(shape=(), dtype=tf.resource, name=None)
  2764774097936: TensorSpec(shape=(), dtype=tf.resource, name=None)
  2764774101584: TensorSpec(shape=(), dtype=tf.resource, name=None)
  2764774101776: TensorSpec(shape=(), dtype=tf.resource, name=None)
  2764774099664: TensorSpec(shape=(), dtype=tf.resource, name=None)
  2764774099088: TensorSpec(shape=(), dtype=tf.resource, name=None)
  2764774097552: TensorSpec(shape=(), dtype=tf.resource, name=None)
  2764774096976: TensorSpec(shape=(), dtype=tf.resource, name=None)
  2764774099280: TensorSpec(shape=(), dtype=tf.resource, name=None)
  2764828464848: TensorSpec(shape=(), dtype=tf.resource, name=None)
  2764828465040: TensorSpec(shape=(), dtype=tf.resource, name=None)
  2764828465616: TensorSpec(shape=(), dtype=tf.resource, name=None)
  2764828465424: TensorSpec(shape=(), dtype=tf.resource, name=None)
  2764828465232: TensorSpec(shape=(), dtype=tf.resource, name=None)
  2764828459664: TensorSpec(shape=(), dtype=tf.resource, name=None)
  2764828466576: TensorSpec(shape=(), dtype=tf.resource, name=None)
  2764828466384: TensorSpec(shape=(), dtype=tf.resource, name=None)
  2764828466960: TensorSpec(shape=(), dtype=tf.resource, name=None)
  2764828462544: TensorSpec(shape=(), dtype=tf.resource, name=None)
  2764774100048: TensorSpec(shape=(), dtype=tf.resource, name=None)
  2764774098896: TensorSpec(shape=(), dtype=tf.resource, name=None)
  2764774099856: TensorSpec(shape=(), dtype=tf.resource, name=None)
  2767602859664: TensorSpec(shape=(), dtype=tf.resource, name=None)
  2767602859472: TensorSpec(shape=(), dtype=tf.resource, name=None)
  2764774101008: TensorSpec(shape=(), dtype=tf.resource, name=None)
  2764774097360: TensorSpec(shape=(), dtype=tf.resource, name=None)
  2764774101392: TensorSpec(shape=(), dtype=tf.resource, name=None)
  2767602859280: TensorSpec(shape=(), dtype=tf.resource, name=None)
  2764774098704: TensorSpec(shape=(), dtype=tf.resource, name=None)
  2767602859088: TensorSpec(shape=(), dtype=tf.resource, name=None)
  2764828460816: TensorSpec(shape=(), dtype=tf.resource, name=None)
  2764828459472: TensorSpec(shape=(), dtype=tf.resource, name=None)
  2764828460432: TensorSpec(shape=(), dtype=tf.resource, name=None)
  2764828461584: TensorSpec(shape=(), dtype=tf.resource, name=None)
  2764828461392: TensorSpec(shape=(), dtype=tf.resource, name=None)
  2764828467152: TensorSpec(shape=(), dtype=tf.resource, name=None)
  2764828467344: TensorSpec(shape=(), dtype=tf.resource, name=None)
  2764828467920: TensorSpec(shape=(), dtype=tf.resource, name=None)
  2764828467728: TensorSpec(shape=(), dtype=tf.resource, name=None)
  2764828467536: TensorSpec(shape=(), dtype=tf.resource, name=None)
  2764828462736: TensorSpec(shape=(), dtype=tf.resource, name=None)
  2764828468880: TensorSpec(shape=(), dtype=tf.resource, name=None)
  2764828468688: TensorSpec(shape=(), dtype=tf.resource, name=None)
  2764828469264: TensorSpec(shape=(), dtype=tf.resource, name=None)
  2764828463504: TensorSpec(shape=(), dtype=tf.resource, name=None)
  2764828466192: TensorSpec(shape=(), dtype=tf.resource, name=None)
  2764828464464: TensorSpec(shape=(), dtype=tf.resource, name=None)
  2764828466768: TensorSpec(shape=(), dtype=tf.resource, name=None)
  2764828468496: TensorSpec(shape=(), dtype=tf.resource, name=None)
  2764828470608: TensorSpec(shape=(), dtype=tf.resource, name=None)
  2764828470416: TensorSpec(shape=(), dtype=tf.resource, name=None)
  2764828469456: TensorSpec(shape=(), dtype=tf.resource, name=None)
  2764828465808: TensorSpec(shape=(), dtype=tf.resource, name=None)
  2764828471568: TensorSpec(shape=(), dtype=tf.resource, name=None)
  2764828471376: TensorSpec(shape=(), dtype=tf.resource, name=None)
  2764828471184: TensorSpec(shape=(), dtype=tf.resource, name=None)
  2764828468112: TensorSpec(shape=(), dtype=tf.resource, name=None)
  2764828472528: TensorSpec(shape=(), dtype=tf.resource, name=None)
  2764828472336: TensorSpec(shape=(), dtype=tf.resource, name=None)
  2764828472144: TensorSpec(shape=(), dtype=tf.resource, name=None)
  2764828470800: TensorSpec(shape=(), dtype=tf.resource, name=None)
  2764828473488: TensorSpec(shape=(), dtype=tf.resource, name=None)
  2764828473296: TensorSpec(shape=(), dtype=tf.resource, name=None)
  2764828473872: TensorSpec(shape=(), dtype=tf.resource, name=None)
  2764828473680: TensorSpec(shape=(), dtype=tf.resource, name=None)
  2764828474256: TensorSpec(shape=(), dtype=tf.resource, name=None)
  2764828463888: TensorSpec(shape=(), dtype=tf.resource, name=None)
  2764828474640: TensorSpec(shape=(), dtype=tf.resource, name=None)
  2764828469840: TensorSpec(shape=(), dtype=tf.resource, name=None)
  2764828475024: TensorSpec(shape=(), dtype=tf.resource, name=None)
  2764828475216: TensorSpec(shape=(), dtype=tf.resource, name=None)
  2764828473104: TensorSpec(shape=(), dtype=tf.resource, name=None)
  2764828471760: TensorSpec(shape=(), dtype=tf.resource, name=None)
  2764828470224: TensorSpec(shape=(), dtype=tf.resource, name=None)
  2764828469648: TensorSpec(shape=(), dtype=tf.resource, name=None)
  2764828474832: TensorSpec(shape=(), dtype=tf.resource, name=None)
  2764828470032: TensorSpec(shape=(), dtype=tf.resource, name=None)
  2764828474448: TensorSpec(shape=(), dtype=tf.resource, name=None)
  2764829901456: TensorSpec(shape=(), dtype=tf.resource, name=None)
C:\I2I\.venv\Lib\site-packages\tensorflow\lite\python\convert.py:846: UserWarning: Statistics for quantized inputs were expected, but not specified; continuing anyway.
  warnings.warn(
fully_quantize: 0, inference_type: 6, input_inference_type: INT8, output_inference_type: INT8
Exported TFLite model: C:\I2I\seizure_detection\outputs\seizure_model.tflite (282.1 KB)
Saved artifact at 'C:\Users\Test-PC\AppData\Local\Temp\tmp1a24mocf'. The following endpoints are available:

* Endpoint 'serve'
  args_0 (POSITIONAL_ONLY): List[TensorSpec(shape=(None, 160, 3), dtype=tf.float32, name='primary_input'), TensorSpec(shape=(None, 160, 4), dtype=tf.float32, name='secondary_input')]
Output Type:
  TensorSpec(shape=(None, 1), dtype=tf.float32, name=None)
Captures:
  2764810614352: TensorSpec(shape=(), dtype=tf.resource, name=None)
  2764810615120: TensorSpec(shape=(), dtype=tf.resource, name=None)
  2764738435344: TensorSpec(shape=(), dtype=tf.resource, name=None)
  2764738429008: TensorSpec(shape=(), dtype=tf.resource, name=None)
  2764810615888: TensorSpec(shape=(), dtype=tf.resource, name=None)
  2764810616272: TensorSpec(shape=(), dtype=tf.resource, name=None)
  2764738429968: TensorSpec(shape=(), dtype=tf.resource, name=None)
  2764738433040: TensorSpec(shape=(), dtype=tf.resource, name=None)
  2764810616656: TensorSpec(shape=(), dtype=tf.resource, name=None)
  2764810613584: TensorSpec(shape=(), dtype=tf.resource, name=None)
  2764810613968: TensorSpec(shape=(), dtype=tf.resource, name=None)
  2764772673296: TensorSpec(shape=(), dtype=tf.resource, name=None)
  2764772671952: TensorSpec(shape=(), dtype=tf.resource, name=None)
  2764772672912: TensorSpec(shape=(), dtype=tf.resource, name=None)
  2764772674064: TensorSpec(shape=(), dtype=tf.resource, name=None)
  2764772673872: TensorSpec(shape=(), dtype=tf.resource, name=None)
  2764772674448: TensorSpec(shape=(), dtype=tf.resource, name=None)
  2764772672144: TensorSpec(shape=(), dtype=tf.resource, name=None)
  2764738429392: TensorSpec(shape=(), dtype=tf.resource, name=None)
  2764738435536: TensorSpec(shape=(), dtype=tf.resource, name=None)
  2764738434384: TensorSpec(shape=(), dtype=tf.resource, name=None)
  2764738434192: TensorSpec(shape=(), dtype=tf.resource, name=None)
  2764738434000: TensorSpec(shape=(), dtype=tf.resource, name=None)
  2764738434960: TensorSpec(shape=(), dtype=tf.resource, name=None)
  2764738434768: TensorSpec(shape=(), dtype=tf.resource, name=None)
  2764738435152: TensorSpec(shape=(), dtype=tf.resource, name=None)
  2764772674640: TensorSpec(shape=(), dtype=tf.resource, name=None)
  2764772674832: TensorSpec(shape=(), dtype=tf.resource, name=None)
  2764772675408: TensorSpec(shape=(), dtype=tf.resource, name=None)
  2764772675216: TensorSpec(shape=(), dtype=tf.resource, name=None)
  2764772675024: TensorSpec(shape=(), dtype=tf.resource, name=None)
  2764772671760: TensorSpec(shape=(), dtype=tf.resource, name=None)
  2764772676368: TensorSpec(shape=(), dtype=tf.resource, name=None)
  2764772676176: TensorSpec(shape=(), dtype=tf.resource, name=None)
  2764772676752: TensorSpec(shape=(), dtype=tf.resource, name=None)
  2764772672720: TensorSpec(shape=(), dtype=tf.resource, name=None)
  2764738435728: TensorSpec(shape=(), dtype=tf.resource, name=None)
  2764738429776: TensorSpec(shape=(), dtype=tf.resource, name=None)
  2764738432848: TensorSpec(shape=(), dtype=tf.resource, name=None)
  2764738433232: TensorSpec(shape=(), dtype=tf.resource, name=None)
  2764738436304: TensorSpec(shape=(), dtype=tf.resource, name=None)
  2764738430352: TensorSpec(shape=(), dtype=tf.resource, name=None)
  2764810614736: TensorSpec(shape=(), dtype=tf.resource, name=None)
  2764810614544: TensorSpec(shape=(), dtype=tf.resource, name=None)
  2764810614928: TensorSpec(shape=(), dtype=tf.resource, name=None)
  2764810613776: TensorSpec(shape=(), dtype=tf.resource, name=None)
  2764810615696: TensorSpec(shape=(), dtype=tf.resource, name=None)
  2764810615504: TensorSpec(shape=(), dtype=tf.resource, name=None)
  2764810615312: TensorSpec(shape=(), dtype=tf.resource, name=None)
  2764810613392: TensorSpec(shape=(), dtype=tf.resource, name=None)
  2764810616464: TensorSpec(shape=(), dtype=tf.resource, name=None)
  2764810607440: TensorSpec(shape=(), dtype=tf.resource, name=None)
  2764772676944: TensorSpec(shape=(), dtype=tf.resource, name=None)
  2764772677136: TensorSpec(shape=(), dtype=tf.resource, name=None)
  2764772677712: TensorSpec(shape=(), dtype=tf.resource, name=None)
  2764772677520: TensorSpec(shape=(), dtype=tf.resource, name=None)
  2764772677328: TensorSpec(shape=(), dtype=tf.resource, name=None)
  2764772672528: TensorSpec(shape=(), dtype=tf.resource, name=None)
  2764772678672: TensorSpec(shape=(), dtype=tf.resource, name=None)
  2764772678480: TensorSpec(shape=(), dtype=tf.resource, name=None)
  2764772679056: TensorSpec(shape=(), dtype=tf.resource, name=None)
  2764772672336: TensorSpec(shape=(), dtype=tf.resource, name=None)
  2764772675984: TensorSpec(shape=(), dtype=tf.resource, name=None)
  2764772674256: TensorSpec(shape=(), dtype=tf.resource, name=None)
  2764772676560: TensorSpec(shape=(), dtype=tf.resource, name=None)
  2764772678288: TensorSpec(shape=(), dtype=tf.resource, name=None)
  2764772680400: TensorSpec(shape=(), dtype=tf.resource, name=None)
  2764772680208: TensorSpec(shape=(), dtype=tf.resource, name=None)
  2764772679248: TensorSpec(shape=(), dtype=tf.resource, name=None)
  2764772675600: TensorSpec(shape=(), dtype=tf.resource, name=None)
  2764772681360: TensorSpec(shape=(), dtype=tf.resource, name=None)
  2764772681168: TensorSpec(shape=(), dtype=tf.resource, name=None)
  2764772680976: TensorSpec(shape=(), dtype=tf.resource, name=None)
  2764772677904: TensorSpec(shape=(), dtype=tf.resource, name=None)
  2764772682320: TensorSpec(shape=(), dtype=tf.resource, name=None)
  2764772682128: TensorSpec(shape=(), dtype=tf.resource, name=None)
  2764772681936: TensorSpec(shape=(), dtype=tf.resource, name=None)
  2764772680592: TensorSpec(shape=(), dtype=tf.resource, name=None)
  2764772683280: TensorSpec(shape=(), dtype=tf.resource, name=None)
  2764772683088: TensorSpec(shape=(), dtype=tf.resource, name=None)
  2764772683664: TensorSpec(shape=(), dtype=tf.resource, name=None)
  2764772683472: TensorSpec(shape=(), dtype=tf.resource, name=None)
  2764772684048: TensorSpec(shape=(), dtype=tf.resource, name=None)
  2764772673680: TensorSpec(shape=(), dtype=tf.resource, name=None)
  2764772684432: TensorSpec(shape=(), dtype=tf.resource, name=None)
  2764772679632: TensorSpec(shape=(), dtype=tf.resource, name=None)
  2764772684816: TensorSpec(shape=(), dtype=tf.resource, name=None)
  2764772680016: TensorSpec(shape=(), dtype=tf.resource, name=None)
  2764772679440: TensorSpec(shape=(), dtype=tf.resource, name=None)
  2764772682512: TensorSpec(shape=(), dtype=tf.resource, name=None)
  2764772684624: TensorSpec(shape=(), dtype=tf.resource, name=None)
  2764772682896: TensorSpec(shape=(), dtype=tf.resource, name=None)
  2764772685392: TensorSpec(shape=(), dtype=tf.resource, name=None)
  2764772685968: TensorSpec(shape=(), dtype=tf.resource, name=None)
  2764772686352: TensorSpec(shape=(), dtype=tf.resource, name=None)
  2764772683856: TensorSpec(shape=(), dtype=tf.resource, name=None)
C:\I2I\.venv\Lib\site-packages\tensorflow\lite\python\convert.py:846: UserWarning: Statistics for quantized inputs were expected, but not specified; continuing anyway.
  warnings.warn(
fully_quantize: 0, inference_type: 6, input_inference_type: INT8, output_inference_type: INT8
Exported TFLite model: C:\I2I\seizure_detection\outputs\seizure_model_standard.tflite (282.1 KB)

======================================================================
PIPELINE COMPLETE
======================================================================

Analyzing standard: standard_acc_eda_temp
Saved artifact at 'C:\Users\Test-PC\AppData\Local\Temp\tmpylp15m1y'. The following endpoints are available:

* Endpoint 'serve'
  args_0 (POSITIONAL_ONLY): List[TensorSpec(shape=(None, 160, 3), dtype=tf.float32, name='primary_input'), TensorSpec(shape=(None, 160, 4), dtype=tf.float32, name='secondary_input')]
Output Type:
  TensorSpec(shape=(None, 1), dtype=tf.float32, name=None)
Captures:
  2441197544720: TensorSpec(shape=(), dtype=tf.resource, name=None)
  2441197545296: TensorSpec(shape=(), dtype=tf.resource, name=None)
  2441197544144: TensorSpec(shape=(), dtype=tf.resource, name=None)
  2441197544336: TensorSpec(shape=(), dtype=tf.resource, name=None)
  2441194953744: TensorSpec(shape=(), dtype=tf.resource, name=None)
  2441194952592: TensorSpec(shape=(), dtype=tf.resource, name=None)
  2441194952016: TensorSpec(shape=(), dtype=tf.resource, name=None)
  2441194953936: TensorSpec(shape=(), dtype=tf.resource, name=None)
  2441197548176: TensorSpec(shape=(), dtype=tf.resource, name=None)
  2441197548752: TensorSpec(shape=(), dtype=tf.resource, name=None)
  2441197549712: TensorSpec(shape=(), dtype=tf.resource, name=None)
  2441197549520: TensorSpec(shape=(), dtype=tf.resource, name=None)
  2441197546640: TensorSpec(shape=(), dtype=tf.resource, name=None)
  2441197547216: TensorSpec(shape=(), dtype=tf.resource, name=None)
  2441197550672: TensorSpec(shape=(), dtype=tf.resource, name=None)
  2441197550480: TensorSpec(shape=(), dtype=tf.resource, name=None)
  2441197551056: TensorSpec(shape=(), dtype=tf.resource, name=None)
  2441197551248: TensorSpec(shape=(), dtype=tf.resource, name=None)
  2441197545680: TensorSpec(shape=(), dtype=tf.resource, name=None)
  2441197544528: TensorSpec(shape=(), dtype=tf.resource, name=None)
  2441197547600: TensorSpec(shape=(), dtype=tf.resource, name=None)
  2441197547408: TensorSpec(shape=(), dtype=tf.resource, name=None)
  2441197546448: TensorSpec(shape=(), dtype=tf.resource, name=None)
  2441197545488: TensorSpec(shape=(), dtype=tf.resource, name=None)
  2441197548560: TensorSpec(shape=(), dtype=tf.resource, name=None)
  2441197548368: TensorSpec(shape=(), dtype=tf.resource, name=None)
  2441200256400: TensorSpec(shape=(), dtype=tf.resource, name=None)
  2441200255632: TensorSpec(shape=(), dtype=tf.resource, name=None)
  2441200257936: TensorSpec(shape=(), dtype=tf.resource, name=None)
  2441200257744: TensorSpec(shape=(), dtype=tf.resource, name=None)
  2441200255440: TensorSpec(shape=(), dtype=tf.resource, name=None)
  2441200255824: TensorSpec(shape=(), dtype=tf.resource, name=None)
  2441200258896: TensorSpec(shape=(), dtype=tf.resource, name=None)
  2441200258704: TensorSpec(shape=(), dtype=tf.resource, name=None)
  2441200259280: TensorSpec(shape=(), dtype=tf.resource, name=None)
  2441200257552: TensorSpec(shape=(), dtype=tf.resource, name=None)
  2441197551440: TensorSpec(shape=(), dtype=tf.resource, name=None)
  2441197550864: TensorSpec(shape=(), dtype=tf.resource, name=None)
  2441197541840: TensorSpec(shape=(), dtype=tf.resource, name=None)
  2441197546832: TensorSpec(shape=(), dtype=tf.resource, name=None)
  2441197548944: TensorSpec(shape=(), dtype=tf.resource, name=None)
  2441197550288: TensorSpec(shape=(), dtype=tf.resource, name=None)
  2441197547024: TensorSpec(shape=(), dtype=tf.resource, name=None)
  2441200256592: TensorSpec(shape=(), dtype=tf.resource, name=None)
  2441200259472: TensorSpec(shape=(), dtype=tf.resource, name=None)
  2441200256016: TensorSpec(shape=(), dtype=tf.resource, name=None)
  2441200260240: TensorSpec(shape=(), dtype=tf.resource, name=None)
  2441200260048: TensorSpec(shape=(), dtype=tf.resource, name=None)
  2441200259856: TensorSpec(shape=(), dtype=tf.resource, name=None)
  2441200259664: TensorSpec(shape=(), dtype=tf.resource, name=None)
  2441200261200: TensorSpec(shape=(), dtype=tf.resource, name=None)
  2441200261008: TensorSpec(shape=(), dtype=tf.resource, name=None)
  2441197549328: TensorSpec(shape=(), dtype=tf.resource, name=None)
  2441200261776: TensorSpec(shape=(), dtype=tf.resource, name=None)
  2441200258512: TensorSpec(shape=(), dtype=tf.resource, name=None)
  2441200256976: TensorSpec(shape=(), dtype=tf.resource, name=None)
  2441200260816: TensorSpec(shape=(), dtype=tf.resource, name=None)
  2441200261584: TensorSpec(shape=(), dtype=tf.resource, name=None)
  2441200262736: TensorSpec(shape=(), dtype=tf.resource, name=None)
  2441200262544: TensorSpec(shape=(), dtype=tf.resource, name=None)
  2441200263120: TensorSpec(shape=(), dtype=tf.resource, name=None)
  2441200258128: TensorSpec(shape=(), dtype=tf.resource, name=None)
  2441194953168: TensorSpec(shape=(), dtype=tf.resource, name=None)
  2441194954128: TensorSpec(shape=(), dtype=tf.resource, name=None)
  2441200260432: TensorSpec(shape=(), dtype=tf.resource, name=None)
  2441200261392: TensorSpec(shape=(), dtype=tf.resource, name=None)
  2441200263888: TensorSpec(shape=(), dtype=tf.resource, name=None)
  2441200257168: TensorSpec(shape=(), dtype=tf.resource, name=None)
  2441200259088: TensorSpec(shape=(), dtype=tf.resource, name=None)
  2441200263312: TensorSpec(shape=(), dtype=tf.resource, name=None)
  2441200264848: TensorSpec(shape=(), dtype=tf.resource, name=None)
  2441200264656: TensorSpec(shape=(), dtype=tf.resource, name=None)
  2441200264464: TensorSpec(shape=(), dtype=tf.resource, name=None)
  2441200255056: TensorSpec(shape=(), dtype=tf.resource, name=None)
  2441200265808: TensorSpec(shape=(), dtype=tf.resource, name=None)
  2441200265616: TensorSpec(shape=(), dtype=tf.resource, name=None)
  2441200265424: TensorSpec(shape=(), dtype=tf.resource, name=None)
  2441200264080: TensorSpec(shape=(), dtype=tf.resource, name=None)
  2441200266768: TensorSpec(shape=(), dtype=tf.resource, name=None)
  2441200266576: TensorSpec(shape=(), dtype=tf.resource, name=None)
  2441200267152: TensorSpec(shape=(), dtype=tf.resource, name=None)
  2441200266960: TensorSpec(shape=(), dtype=tf.resource, name=None)
  2441200267536: TensorSpec(shape=(), dtype=tf.resource, name=None)
  2441200263504: TensorSpec(shape=(), dtype=tf.resource, name=None)
  2441200267920: TensorSpec(shape=(), dtype=tf.resource, name=None)
  2441200262928: TensorSpec(shape=(), dtype=tf.resource, name=None)
  2441200268304: TensorSpec(shape=(), dtype=tf.resource, name=None)
  2441200262352: TensorSpec(shape=(), dtype=tf.resource, name=None)
  2441194953360: TensorSpec(shape=(), dtype=tf.resource, name=None)
  2441194951824: TensorSpec(shape=(), dtype=tf.resource, name=None)
  2441194955280: TensorSpec(shape=(), dtype=tf.resource, name=None)
  2441194955856: TensorSpec(shape=(), dtype=tf.resource, name=None)
  2441194955088: TensorSpec(shape=(), dtype=tf.resource, name=None)
  2441194956432: TensorSpec(shape=(), dtype=tf.resource, name=None)
  2441194956816: TensorSpec(shape=(), dtype=tf.resource, name=None)
  2441194955472: TensorSpec(shape=(), dtype=tf.resource, name=None)
Saved artifact at 'C:\Users\Test-PC\AppData\Local\Temp\tmpjifzmqpj'. The following endpoints are available:

* Endpoint 'serve'
  args_0 (POSITIONAL_ONLY): List[TensorSpec(shape=(None, 160, 3), dtype=tf.float32, name='primary_input'), TensorSpec(shape=(None, 160, 4), dtype=tf.float32, name='secondary_input')]
Output Type:
  TensorSpec(shape=(None, 1), dtype=tf.float32, name=None)
Captures:
  2441197544720: TensorSpec(shape=(), dtype=tf.resource, name=None)
  2441197545296: TensorSpec(shape=(), dtype=tf.resource, name=None)
  2441197544144: TensorSpec(shape=(), dtype=tf.resource, name=None)
  2441197544336: TensorSpec(shape=(), dtype=tf.resource, name=None)
  2441194953744: TensorSpec(shape=(), dtype=tf.resource, name=None)
  2441194952592: TensorSpec(shape=(), dtype=tf.resource, name=None)
  2441194952016: TensorSpec(shape=(), dtype=tf.resource, name=None)
  2441194953936: TensorSpec(shape=(), dtype=tf.resource, name=None)
  2441197548176: TensorSpec(shape=(), dtype=tf.resource, name=None)
  2441197548752: TensorSpec(shape=(), dtype=tf.resource, name=None)
  2441197549712: TensorSpec(shape=(), dtype=tf.resource, name=None)
  2441197549520: TensorSpec(shape=(), dtype=tf.resource, name=None)
  2441197546640: TensorSpec(shape=(), dtype=tf.resource, name=None)
  2441197547216: TensorSpec(shape=(), dtype=tf.resource, name=None)
  2441197550672: TensorSpec(shape=(), dtype=tf.resource, name=None)
  2441197550480: TensorSpec(shape=(), dtype=tf.resource, name=None)
  2441197551056: TensorSpec(shape=(), dtype=tf.resource, name=None)
  2441197551248: TensorSpec(shape=(), dtype=tf.resource, name=None)
  2441197545680: TensorSpec(shape=(), dtype=tf.resource, name=None)
  2441197544528: TensorSpec(shape=(), dtype=tf.resource, name=None)
  2441197547600: TensorSpec(shape=(), dtype=tf.resource, name=None)
  2441197547408: TensorSpec(shape=(), dtype=tf.resource, name=None)
  2441197546448: TensorSpec(shape=(), dtype=tf.resource, name=None)
  2441197545488: TensorSpec(shape=(), dtype=tf.resource, name=None)
  2441197548560: TensorSpec(shape=(), dtype=tf.resource, name=None)
  2441197548368: TensorSpec(shape=(), dtype=tf.resource, name=None)
  2441200256400: TensorSpec(shape=(), dtype=tf.resource, name=None)
  2441200255632: TensorSpec(shape=(), dtype=tf.resource, name=None)
  2441200257936: TensorSpec(shape=(), dtype=tf.resource, name=None)
  2441200257744: TensorSpec(shape=(), dtype=tf.resource, name=None)
  2441200255440: TensorSpec(shape=(), dtype=tf.resource, name=None)
  2441200255824: TensorSpec(shape=(), dtype=tf.resource, name=None)
  2441200258896: TensorSpec(shape=(), dtype=tf.resource, name=None)
  2441200258704: TensorSpec(shape=(), dtype=tf.resource, name=None)
  2441200259280: TensorSpec(shape=(), dtype=tf.resource, name=None)
  2441200257552: TensorSpec(shape=(), dtype=tf.resource, name=None)
  2441197551440: TensorSpec(shape=(), dtype=tf.resource, name=None)
  2441197550864: TensorSpec(shape=(), dtype=tf.resource, name=None)
  2441197541840: TensorSpec(shape=(), dtype=tf.resource, name=None)
  2441197546832: TensorSpec(shape=(), dtype=tf.resource, name=None)
  2441197548944: TensorSpec(shape=(), dtype=tf.resource, name=None)
  2441197550288: TensorSpec(shape=(), dtype=tf.resource, name=None)
  2441197547024: TensorSpec(shape=(), dtype=tf.resource, name=None)
  2441200256592: TensorSpec(shape=(), dtype=tf.resource, name=None)
  2441200259472: TensorSpec(shape=(), dtype=tf.resource, name=None)
  2441200256016: TensorSpec(shape=(), dtype=tf.resource, name=None)
  2441200260240: TensorSpec(shape=(), dtype=tf.resource, name=None)
  2441200260048: TensorSpec(shape=(), dtype=tf.resource, name=None)
  2441200259856: TensorSpec(shape=(), dtype=tf.resource, name=None)
  2441200259664: TensorSpec(shape=(), dtype=tf.resource, name=None)
  2441200261200: TensorSpec(shape=(), dtype=tf.resource, name=None)
  2441200261008: TensorSpec(shape=(), dtype=tf.resource, name=None)
  2441197549328: TensorSpec(shape=(), dtype=tf.resource, name=None)
  2441200261776: TensorSpec(shape=(), dtype=tf.resource, name=None)
  2441200258512: TensorSpec(shape=(), dtype=tf.resource, name=None)
  2441200256976: TensorSpec(shape=(), dtype=tf.resource, name=None)
  2441200260816: TensorSpec(shape=(), dtype=tf.resource, name=None)
  2441200261584: TensorSpec(shape=(), dtype=tf.resource, name=None)
  2441200262736: TensorSpec(shape=(), dtype=tf.resource, name=None)
  2441200262544: TensorSpec(shape=(), dtype=tf.resource, name=None)
  2441200263120: TensorSpec(shape=(), dtype=tf.resource, name=None)
  2441200258128: TensorSpec(shape=(), dtype=tf.resource, name=None)
  2441194953168: TensorSpec(shape=(), dtype=tf.resource, name=None)
  2441194954128: TensorSpec(shape=(), dtype=tf.resource, name=None)
  2441200260432: TensorSpec(shape=(), dtype=tf.resource, name=None)
  2441200261392: TensorSpec(shape=(), dtype=tf.resource, name=None)
  2441200263888: TensorSpec(shape=(), dtype=tf.resource, name=None)
  2441200257168: TensorSpec(shape=(), dtype=tf.resource, name=None)
  2441200259088: TensorSpec(shape=(), dtype=tf.resource, name=None)
  2441200263312: TensorSpec(shape=(), dtype=tf.resource, name=None)
  2441200264848: TensorSpec(shape=(), dtype=tf.resource, name=None)
  2441200264656: TensorSpec(shape=(), dtype=tf.resource, name=None)
  2441200264464: TensorSpec(shape=(), dtype=tf.resource, name=None)
  2441200255056: TensorSpec(shape=(), dtype=tf.resource, name=None)
  2441200265808: TensorSpec(shape=(), dtype=tf.resource, name=None)
  2441200265616: TensorSpec(shape=(), dtype=tf.resource, name=None)
  2441200265424: TensorSpec(shape=(), dtype=tf.resource, name=None)
  2441200264080: TensorSpec(shape=(), dtype=tf.resource, name=None)
  2441200266768: TensorSpec(shape=(), dtype=tf.resource, name=None)
  2441200266576: TensorSpec(shape=(), dtype=tf.resource, name=None)
  2441200267152: TensorSpec(shape=(), dtype=tf.resource, name=None)
  2441200266960: TensorSpec(shape=(), dtype=tf.resource, name=None)
  2441200267536: TensorSpec(shape=(), dtype=tf.resource, name=None)
  2441200263504: TensorSpec(shape=(), dtype=tf.resource, name=None)
  2441200267920: TensorSpec(shape=(), dtype=tf.resource, name=None)
  2441200262928: TensorSpec(shape=(), dtype=tf.resource, name=None)
  2441200268304: TensorSpec(shape=(), dtype=tf.resource, name=None)
  2441200262352: TensorSpec(shape=(), dtype=tf.resource, name=None)
  2441194953360: TensorSpec(shape=(), dtype=tf.resource, name=None)
  2441194951824: TensorSpec(shape=(), dtype=tf.resource, name=None)
  2441194955280: TensorSpec(shape=(), dtype=tf.resource, name=None)
  2441194955856: TensorSpec(shape=(), dtype=tf.resource, name=None)
  2441194955088: TensorSpec(shape=(), dtype=tf.resource, name=None)
  2441194956432: TensorSpec(shape=(), dtype=tf.resource, name=None)
  2441194956816: TensorSpec(shape=(), dtype=tf.resource, name=None)
  2441194955472: TensorSpec(shape=(), dtype=tf.resource, name=None)
C:\I2I\.venv\Lib\site-packages\tensorflow\lite\python\interpreter.py:457: UserWarning:     Warning: tf.lite.Interpreter is deprecated and is scheduled for deletion in
    TF 2.20. Please use the LiteRT interpreter from the ai_edge_litert package.
    See the [migration guide](https://ai.google.dev/edge/litert/migration)
    for details.
    
  warnings.warn(_INTERPRETER_DELETION_WARNING)
  float32: 663.1 KB, ops=145, tensor_proxy=988.1 KB, p50=0.3756 ms
  dynamic_range: 245.6 KB, ops=145, tensor_proxy=539.8 KB, p50=1.5761 ms
  calibrated_existing: 282.1 KB, ops=150, tensor_proxy=262.9 KB, p50=7.6255 ms

Analyzing pro: pro_full_bvp_hr_eda_temp
Saved artifact at 'C:\Users\Test-PC\AppData\Local\Temp\tmpsq2ygxkq'. The following endpoints are available:

* Endpoint 'serve'
  args_0 (POSITIONAL_ONLY): List[TensorSpec(shape=(None, 160, 3), dtype=tf.float32, name='primary_input'), TensorSpec(shape=(None, 160, 4), dtype=tf.float32, name='secondary_input')]
Output Type:
  TensorSpec(shape=(None, 1), dtype=tf.float32, name=None)
Captures:
  2441218988880: TensorSpec(shape=(), dtype=tf.resource, name=None)
  2441218984464: TensorSpec(shape=(), dtype=tf.resource, name=None)
  2441218981968: TensorSpec(shape=(), dtype=tf.resource, name=None)
  2441218982736: TensorSpec(shape=(), dtype=tf.resource, name=None)
  2441218984656: TensorSpec(shape=(), dtype=tf.resource, name=None)
  2441218983888: TensorSpec(shape=(), dtype=tf.resource, name=None)
  2441218989648: TensorSpec(shape=(), dtype=tf.resource, name=None)
  2441218984080: TensorSpec(shape=(), dtype=tf.resource, name=None)
  2441218990992: TensorSpec(shape=(), dtype=tf.resource, name=None)
  2441218996368: TensorSpec(shape=(), dtype=tf.resource, name=None)
  2441218991760: TensorSpec(shape=(), dtype=tf.resource, name=None)
  2441218989264: TensorSpec(shape=(), dtype=tf.resource, name=None)
  2441218992720: TensorSpec(shape=(), dtype=tf.resource, name=None)
  2441218988688: TensorSpec(shape=(), dtype=tf.resource, name=None)
  2441218992336: TensorSpec(shape=(), dtype=tf.resource, name=None)
  2441218997136: TensorSpec(shape=(), dtype=tf.resource, name=None)
  2441218990224: TensorSpec(shape=(), dtype=tf.resource, name=None)
  2441218984272: TensorSpec(shape=(), dtype=tf.resource, name=None)
  2441218988304: TensorSpec(shape=(), dtype=tf.resource, name=None)
  2441218986576: TensorSpec(shape=(), dtype=tf.resource, name=None)
  2441218987536: TensorSpec(shape=(), dtype=tf.resource, name=None)
  2441218987344: TensorSpec(shape=(), dtype=tf.resource, name=None)
  2441218983120: TensorSpec(shape=(), dtype=tf.resource, name=None)
  2441218986384: TensorSpec(shape=(), dtype=tf.resource, name=None)
  2441218991568: TensorSpec(shape=(), dtype=tf.resource, name=None)
  2441218998096: TensorSpec(shape=(), dtype=tf.resource, name=None)
  2441218995408: TensorSpec(shape=(), dtype=tf.resource, name=None)
  2441218995984: TensorSpec(shape=(), dtype=tf.resource, name=None)
  2441218994064: TensorSpec(shape=(), dtype=tf.resource, name=None)
  2441218994448: TensorSpec(shape=(), dtype=tf.resource, name=None)
  2441218994640: TensorSpec(shape=(), dtype=tf.resource, name=None)
  2441218983504: TensorSpec(shape=(), dtype=tf.resource, name=None)
  2441218993488: TensorSpec(shape=(), dtype=tf.resource, name=None)
  2441218993296: TensorSpec(shape=(), dtype=tf.resource, name=None)
  2441218992144: TensorSpec(shape=(), dtype=tf.resource, name=None)
  2441218989456: TensorSpec(shape=(), dtype=tf.resource, name=None)
  2441218993104: TensorSpec(shape=(), dtype=tf.resource, name=None)
  2441218994832: TensorSpec(shape=(), dtype=tf.resource, name=None)
  2441218997712: TensorSpec(shape=(), dtype=tf.resource, name=None)
  2441218997904: TensorSpec(shape=(), dtype=tf.resource, name=None)
  2441218995216: TensorSpec(shape=(), dtype=tf.resource, name=None)
  2441218996944: TensorSpec(shape=(), dtype=tf.resource, name=None)
  2441218996560: TensorSpec(shape=(), dtype=tf.resource, name=None)
  2441218996176: TensorSpec(shape=(), dtype=tf.resource, name=None)
  2441218992528: TensorSpec(shape=(), dtype=tf.resource, name=None)
  2441218995792: TensorSpec(shape=(), dtype=tf.resource, name=None)
  2441218991184: TensorSpec(shape=(), dtype=tf.resource, name=None)
  2441218990608: TensorSpec(shape=(), dtype=tf.resource, name=None)
  2441218987152: TensorSpec(shape=(), dtype=tf.resource, name=None)
  2441218989840: TensorSpec(shape=(), dtype=tf.resource, name=None)
  2441218990416: TensorSpec(shape=(), dtype=tf.resource, name=None)
  2441218991376: TensorSpec(shape=(), dtype=tf.resource, name=None)
  2441218990800: TensorSpec(shape=(), dtype=tf.resource, name=None)
  2441218992912: TensorSpec(shape=(), dtype=tf.resource, name=None)
  2441218997328: TensorSpec(shape=(), dtype=tf.resource, name=None)
  2441218990032: TensorSpec(shape=(), dtype=tf.resource, name=None)
  2441223790544: TensorSpec(shape=(), dtype=tf.resource, name=None)
  2441223791312: TensorSpec(shape=(), dtype=tf.resource, name=None)
  2441223787472: TensorSpec(shape=(), dtype=tf.resource, name=None)
  2441223786896: TensorSpec(shape=(), dtype=tf.resource, name=None)
  2441223787280: TensorSpec(shape=(), dtype=tf.resource, name=None)
  2441223790736: TensorSpec(shape=(), dtype=tf.resource, name=None)
  2441218985808: TensorSpec(shape=(), dtype=tf.resource, name=None)
  2441218987920: TensorSpec(shape=(), dtype=tf.resource, name=None)
  2441223787664: TensorSpec(shape=(), dtype=tf.resource, name=None)
  2441223790928: TensorSpec(shape=(), dtype=tf.resource, name=None)
  2441223798224: TensorSpec(shape=(), dtype=tf.resource, name=None)
  2441223798416: TensorSpec(shape=(), dtype=tf.resource, name=None)
  2441223787088: TensorSpec(shape=(), dtype=tf.resource, name=None)
  2441223790160: TensorSpec(shape=(), dtype=tf.resource, name=None)
  2441223797456: TensorSpec(shape=(), dtype=tf.resource, name=None)
  2441223797264: TensorSpec(shape=(), dtype=tf.resource, name=None)
  2441223797648: TensorSpec(shape=(), dtype=tf.resource, name=None)
  2441223790352: TensorSpec(shape=(), dtype=tf.resource, name=None)
  2441223796304: TensorSpec(shape=(), dtype=tf.resource, name=None)
  2441223796496: TensorSpec(shape=(), dtype=tf.resource, name=None)
  2441223796688: TensorSpec(shape=(), dtype=tf.resource, name=None)
  2441223797840: TensorSpec(shape=(), dtype=tf.resource, name=None)
  2441223785360: TensorSpec(shape=(), dtype=tf.resource, name=None)
  2441223786704: TensorSpec(shape=(), dtype=tf.resource, name=None)
  2441223793808: TensorSpec(shape=(), dtype=tf.resource, name=None)
  2441223793424: TensorSpec(shape=(), dtype=tf.resource, name=None)
  2441223796880: TensorSpec(shape=(), dtype=tf.resource, name=None)
  2441223784208: TensorSpec(shape=(), dtype=tf.resource, name=None)
  2441223791120: TensorSpec(shape=(), dtype=tf.resource, name=None)
  2441223793040: TensorSpec(shape=(), dtype=tf.resource, name=None)
  2441223789968: TensorSpec(shape=(), dtype=tf.resource, name=None)
  2441223796112: TensorSpec(shape=(), dtype=tf.resource, name=None)
  2441218986768: TensorSpec(shape=(), dtype=tf.resource, name=None)
  2441218986000: TensorSpec(shape=(), dtype=tf.resource, name=None)
  2441218982928: TensorSpec(shape=(), dtype=tf.resource, name=None)
  2441218985616: TensorSpec(shape=(), dtype=tf.resource, name=None)
  2441218983696: TensorSpec(shape=(), dtype=tf.resource, name=None)
  2441218983312: TensorSpec(shape=(), dtype=tf.resource, name=None)
  2441218982352: TensorSpec(shape=(), dtype=tf.resource, name=None)
  2441218988112: TensorSpec(shape=(), dtype=tf.resource, name=None)
Saved artifact at 'C:\Users\Test-PC\AppData\Local\Temp\tmpqyx442jm'. The following endpoints are available:

* Endpoint 'serve'
  args_0 (POSITIONAL_ONLY): List[TensorSpec(shape=(None, 160, 3), dtype=tf.float32, name='primary_input'), TensorSpec(shape=(None, 160, 4), dtype=tf.float32, name='secondary_input')]
Output Type:
  TensorSpec(shape=(None, 1), dtype=tf.float32, name=None)
Captures:
  2441218988880: TensorSpec(shape=(), dtype=tf.resource, name=None)
  2441218984464: TensorSpec(shape=(), dtype=tf.resource, name=None)
  2441218981968: TensorSpec(shape=(), dtype=tf.resource, name=None)
  2441218982736: TensorSpec(shape=(), dtype=tf.resource, name=None)
  2441218984656: TensorSpec(shape=(), dtype=tf.resource, name=None)
  2441218983888: TensorSpec(shape=(), dtype=tf.resource, name=None)
  2441218989648: TensorSpec(shape=(), dtype=tf.resource, name=None)
  2441218984080: TensorSpec(shape=(), dtype=tf.resource, name=None)
  2441218990992: TensorSpec(shape=(), dtype=tf.resource, name=None)
  2441218996368: TensorSpec(shape=(), dtype=tf.resource, name=None)
  2441218991760: TensorSpec(shape=(), dtype=tf.resource, name=None)
  2441218989264: TensorSpec(shape=(), dtype=tf.resource, name=None)
  2441218992720: TensorSpec(shape=(), dtype=tf.resource, name=None)
  2441218988688: TensorSpec(shape=(), dtype=tf.resource, name=None)
  2441218992336: TensorSpec(shape=(), dtype=tf.resource, name=None)
  2441218997136: TensorSpec(shape=(), dtype=tf.resource, name=None)
  2441218990224: TensorSpec(shape=(), dtype=tf.resource, name=None)
  2441218984272: TensorSpec(shape=(), dtype=tf.resource, name=None)
  2441218988304: TensorSpec(shape=(), dtype=tf.resource, name=None)
  2441218986576: TensorSpec(shape=(), dtype=tf.resource, name=None)
  2441218987536: TensorSpec(shape=(), dtype=tf.resource, name=None)
  2441218987344: TensorSpec(shape=(), dtype=tf.resource, name=None)
  2441218983120: TensorSpec(shape=(), dtype=tf.resource, name=None)
  2441218986384: TensorSpec(shape=(), dtype=tf.resource, name=None)
  2441218991568: TensorSpec(shape=(), dtype=tf.resource, name=None)
  2441218998096: TensorSpec(shape=(), dtype=tf.resource, name=None)
  2441218995408: TensorSpec(shape=(), dtype=tf.resource, name=None)
  2441218995984: TensorSpec(shape=(), dtype=tf.resource, name=None)
  2441218994064: TensorSpec(shape=(), dtype=tf.resource, name=None)
  2441218994448: TensorSpec(shape=(), dtype=tf.resource, name=None)
  2441218994640: TensorSpec(shape=(), dtype=tf.resource, name=None)
  2441218983504: TensorSpec(shape=(), dtype=tf.resource, name=None)
  2441218993488: TensorSpec(shape=(), dtype=tf.resource, name=None)
  2441218993296: TensorSpec(shape=(), dtype=tf.resource, name=None)
  2441218992144: TensorSpec(shape=(), dtype=tf.resource, name=None)
  2441218989456: TensorSpec(shape=(), dtype=tf.resource, name=None)
  2441218993104: TensorSpec(shape=(), dtype=tf.resource, name=None)
  2441218994832: TensorSpec(shape=(), dtype=tf.resource, name=None)
  2441218997712: TensorSpec(shape=(), dtype=tf.resource, name=None)
  2441218997904: TensorSpec(shape=(), dtype=tf.resource, name=None)
  2441218995216: TensorSpec(shape=(), dtype=tf.resource, name=None)
  2441218996944: TensorSpec(shape=(), dtype=tf.resource, name=None)
  2441218996560: TensorSpec(shape=(), dtype=tf.resource, name=None)
  2441218996176: TensorSpec(shape=(), dtype=tf.resource, name=None)
  2441218992528: TensorSpec(shape=(), dtype=tf.resource, name=None)
  2441218995792: TensorSpec(shape=(), dtype=tf.resource, name=None)
  2441218991184: TensorSpec(shape=(), dtype=tf.resource, name=None)
  2441218990608: TensorSpec(shape=(), dtype=tf.resource, name=None)
  2441218987152: TensorSpec(shape=(), dtype=tf.resource, name=None)
  2441218989840: TensorSpec(shape=(), dtype=tf.resource, name=None)
  2441218990416: TensorSpec(shape=(), dtype=tf.resource, name=None)
  2441218991376: TensorSpec(shape=(), dtype=tf.resource, name=None)
  2441218990800: TensorSpec(shape=(), dtype=tf.resource, name=None)
  2441218992912: TensorSpec(shape=(), dtype=tf.resource, name=None)
  2441218997328: TensorSpec(shape=(), dtype=tf.resource, name=None)
  2441218990032: TensorSpec(shape=(), dtype=tf.resource, name=None)
  2441223790544: TensorSpec(shape=(), dtype=tf.resource, name=None)
  2441223791312: TensorSpec(shape=(), dtype=tf.resource, name=None)
  2441223787472: TensorSpec(shape=(), dtype=tf.resource, name=None)
  2441223786896: TensorSpec(shape=(), dtype=tf.resource, name=None)
  2441223787280: TensorSpec(shape=(), dtype=tf.resource, name=None)
  2441223790736: TensorSpec(shape=(), dtype=tf.resource, name=None)
  2441218985808: TensorSpec(shape=(), dtype=tf.resource, name=None)
  2441218987920: TensorSpec(shape=(), dtype=tf.resource, name=None)
  2441223787664: TensorSpec(shape=(), dtype=tf.resource, name=None)
  2441223790928: TensorSpec(shape=(), dtype=tf.resource, name=None)
  2441223798224: TensorSpec(shape=(), dtype=tf.resource, name=None)
  2441223798416: TensorSpec(shape=(), dtype=tf.resource, name=None)
  2441223787088: TensorSpec(shape=(), dtype=tf.resource, name=None)
  2441223790160: TensorSpec(shape=(), dtype=tf.resource, name=None)
  2441223797456: TensorSpec(shape=(), dtype=tf.resource, name=None)
  2441223797264: TensorSpec(shape=(), dtype=tf.resource, name=None)
  2441223797648: TensorSpec(shape=(), dtype=tf.resource, name=None)
  2441223790352: TensorSpec(shape=(), dtype=tf.resource, name=None)
  2441223796304: TensorSpec(shape=(), dtype=tf.resource, name=None)
  2441223796496: TensorSpec(shape=(), dtype=tf.resource, name=None)
  2441223796688: TensorSpec(shape=(), dtype=tf.resource, name=None)
  2441223797840: TensorSpec(shape=(), dtype=tf.resource, name=None)
  2441223785360: TensorSpec(shape=(), dtype=tf.resource, name=None)
  2441223786704: TensorSpec(shape=(), dtype=tf.resource, name=None)
  2441223793808: TensorSpec(shape=(), dtype=tf.resource, name=None)
  2441223793424: TensorSpec(shape=(), dtype=tf.resource, name=None)
  2441223796880: TensorSpec(shape=(), dtype=tf.resource, name=None)
  2441223784208: TensorSpec(shape=(), dtype=tf.resource, name=None)
  2441223791120: TensorSpec(shape=(), dtype=tf.resource, name=None)
  2441223793040: TensorSpec(shape=(), dtype=tf.resource, name=None)
  2441223789968: TensorSpec(shape=(), dtype=tf.resource, name=None)
  2441223796112: TensorSpec(shape=(), dtype=tf.resource, name=None)
  2441218986768: TensorSpec(shape=(), dtype=tf.resource, name=None)
  2441218986000: TensorSpec(shape=(), dtype=tf.resource, name=None)
  2441218982928: TensorSpec(shape=(), dtype=tf.resource, name=None)
  2441218985616: TensorSpec(shape=(), dtype=tf.resource, name=None)
  2441218983696: TensorSpec(shape=(), dtype=tf.resource, name=None)
  2441218983312: TensorSpec(shape=(), dtype=tf.resource, name=None)
  2441218982352: TensorSpec(shape=(), dtype=tf.resource, name=None)
  2441218988112: TensorSpec(shape=(), dtype=tf.resource, name=None)
C:\I2I\.venv\Lib\site-packages\tensorflow\lite\python\interpreter.py:457: UserWarning:     Warning: tf.lite.Interpreter is deprecated and is scheduled for deletion in
    TF 2.20. Please use the LiteRT interpreter from the ai_edge_litert package.
    See the [migration guide](https://ai.google.dev/edge/litert/migration)
    for details.
    
  warnings.warn(_INTERPRETER_DELETION_WARNING)
  float32: 663.4 KB, ops=145, tensor_proxy=988.1 KB, p50=0.5251 ms
  dynamic_range: 245.8 KB, ops=145, tensor_proxy=539.8 KB, p50=1.3524 ms
  calibrated_existing: 282.1 KB, ops=150, tensor_proxy=262.9 KB, p50=7.5100 ms

Saved edge feasibility report: C:\I2I\seizure_detection\outputs\edge_feasibility\edge_feasibility_report.json
Saved edge feasibility summary: C:\I2I\seizure_detection\outputs\edge_feasibility\EDGE_FEASIBILITY_SUMMARY.md
C:\I2I\seizure_detection\outputs\tsmixer_experiments\TSMIXER_EXPERIMENT_SUMMARY.md
