Experiment: booster_tuned_patch8_base_temp_boost_ppg_eda
Description: Focused booster run: ACC+TEMP baseline, BVP+HR+EDA add-on, smaller validation-selected Pro fusion weights.
Started: 2026-07-04T20:42:08
Max sessions: 146
Epochs: 24
Batch size: 64
======================================================================
SEIZURE DETECTION PIPELINE - Full Training Run
======================================================================
Timestamp: 2026-07-04T20:42:16.904120
Base path: C:\I2I
Output directory: C:\I2I\seizure_detection\outputs
GPU available: False

======================================================================
PHASE 1: Data Health Check
======================================================================
======================================================================
DEEP DATA ANALYSIS - Empatica E4 Seizure Detection Dataset
======================================================================

Label policy: patient .txt files are parsed as seizure onsets; offset = onset + 300s and overlapping intervals are merged with gap <= 0s (override with SEIZURE_DURATION_SECONDS and SEIZURE_MERGE_GAP_SECONDS).
Phase 1 duration policy: fast header-only scan using 129600s conservative session span; Phase 2 uses actual selected-session samples.

Loaded Phase 1 metadata cache: C:\I2I\seizure_detection\outputs\cache\phase1_health_bd85af037075ec6cbaad3b79c4c28991e9a66a6b96cf8987cc0bebafcd54e067.json

======================================================================
GLOBAL SUMMARY
======================================================================
  Patients: 5
  Total sessions: 1119
  Valid sessions: 1118
  Estimated recording: 40248.0 hours
  Total raw seizure onset rows: 373
  Total merged seizure episodes: 350

  Sessions with possible seizure overlap: 283

======================================================================
PHASE 2: Data Generator
======================================================================

Smart session selection:
  Total sessions: 1118
  Sessions with actual seizure overlap: 214
  Sessions without actual seizure overlap: 904
  Selected: 146 sessions
Found 146 selected valid sessions
Using 146 sessions (max: 146)
Batch size: 64, Epochs: 24, Window: 160 samples (5.0s), Stride: 160 samples (5.0s)

Patient-held-out splits:
  Train: 121 sessions (91 with seizures)
  Val: 11 sessions (6 with seizures)
  Test: 14 sessions (5 with seizures)

Split audit:
  Train: 121 sessions, 91 seizure sessions, 127 seizure episodes | patients: Mayo_1876:23, Mayo_1904:19, Mayo_1965:79
  Val: 11 sessions, 6 seizure sessions, 7 seizure episodes | patients: Mayo_1869:11
  Test: 14 sessions, 5 seizure sessions, 6 seizure episodes | patients: Mayo_1110:14

Building train split from 121 held-out sessions...

Preparing dataset from 121 sessions...
  Using 7 CPU cores for parallel processing
  Window size: 160, Stride: 160
  [1/121] 1590830169_A025A1: 16324 windows, 61 seizure | ETA: 96.3 min
  [2/121] 1596347269_A025A1: 17558 windows, 61 seizure | ETA: 48.7 min
  [3/121] 1595998432_A025A1: 17750 windows, 122 seizure | ETA: 32.5 min
  [4/121] 1604152715_A02848: 21802 windows, 61 seizure | ETA: 26.3 min
  [5/121] 1608125010_A01BFB: 24396 windows, 122 seizure | ETA: 21.8 min
  [6/121] 1588477070_A02848: 25836 windows, 122 seizure | ETA: 18.3 min
  [7/121] 1603258954_A025F0: 15844 windows, 61 seizure | ETA: 17.7 min
  [8/121] 1591753553_A029FA: 33956 windows, 61 seizure | ETA: 15.5 min
  [9/121] 1601017833_A025F0: 17153 windows, 61 seizure | ETA: 13.7 min
  [10/121] 1599900171_A025F0: 14622 windows, 0 seizure | ETA: 12.9 min
  [11/121] 1598076920_A025A1: 18428 windows, 183 seizure | ETA: 11.8 min
  [12/121] 1607843408_A025E5: 16804 windows, 0 seizure | ETA: 11.0 min
  [13/121] 1578665811_A029FA: 9164 windows, 0 seizure | ETA: 10.3 min
  [14/121] 1596988315_A01BFB: 27732 windows, 133 seizure | ETA: 9.6 min
  [15/121] 1583216644_A025F0: 15385 windows, 61 seizure | ETA: 9.4 min
  [16/121] 1580626517_A025F0: 17580 windows, 61 seizure | ETA: 8.9 min
  [17/121] 1606201290_A025F0: 17711 windows, 61 seizure | ETA: 8.8 min
  [18/121] 1587088014_A02535: 17941 windows, 126 seizure | ETA: 8.4 min
  [19/121] 1581213160_A029FA: 17436 windows, 0 seizure | ETA: 8.0 min
  [20/121] 1595314316_A025A1: 15662 windows, 61 seizure | ETA: 7.6 min
  [21/121] 1593683074_A025F0: 15261 windows, 0 seizure | ETA: 7.2 min
  [22/121] 1594541122_A025F0: 15843 windows, 61 seizure | ETA: 7.2 min
  [23/121] 1585031716_A025A1: 16794 windows, 61 seizure | ETA: 7.0 min
  [24/121] 1583467594_A029FA: 17907 windows, 0 seizure | ETA: 7.2 min
  [25/121] 1583473469_A025A1: 15001 windows, 0 seizure | ETA: 6.8 min
  [26/121] 1593761527_A025A1: 17852 windows, 61 seizure | ETA: 6.6 min
  [27/121] 1597378534_A02535: 17553 windows, 0 seizure | ETA: 6.4 min
  [28/121] 1582008418_A025F0: 16510 windows, 122 seizure | ETA: 6.3 min
  [29/121] 1581171517_A02535: 8192 windows, 61 seizure | ETA: 6.1 min
  [30/121] 1587195314_A025F0: 17481 windows, 137 seizure | ETA: 5.9 min
  [31/121] 1590674273_A01BFB: 28212 windows, 0 seizure | ETA: 5.8 min
  [32/121] 1589007474_A025A1: 17316 windows, 61 seizure | ETA: 5.8 min
  [33/121] 1589789830_A025A1: 17711 windows, 61 seizure | ETA: 5.7 min
  [34/121] 1592299268_A025F0: 14799 windows, 61 seizure | ETA: 5.6 min
  [35/121] 1593881410_A025F0: 10196 windows, 61 seizure | ETA: 5.4 min
  [36/121] 1589880109_A025F0: 17069 windows, 61 seizure | ETA: 5.3 min
  [37/121] 1594886822_A025F0: 16636 windows, 122 seizure | ETA: 5.1 min
  [38/121] 1600990297_A01BFB: 25396 windows, 0 seizure | ETA: 5.0 min
  [39/121] 1584605731_A025F0: 16653 windows, 61 seizure | ETA: 5.0 min
  [40/121] 1586229192_A02535: 17033 windows, 61 seizure | ETA: 5.0 min
  [41/121] 1606805633_A025E5: 17584 windows, 61 seizure | ETA: 4.9 min
  [42/121] 1582780944_A025A1: 17111 windows, 183 seizure | ETA: 4.7 min
  [43/121] 1595663031_A025A1: 17537 windows, 61 seizure | ETA: 4.6 min
  [44/121] 1581391207_A029FA: 16869 windows, 61 seizure | ETA: 4.5 min
  [45/121] 1604412736_A02848: 21690 windows, 0 seizure | ETA: 4.5 min
  [46/121] 1583776231_A025F0: 8000 windows, 61 seizure | ETA: 4.3 min
  [47/121] 1582441279_A025A1: 16958 windows, 122 seizure | ETA: 4.2 min
  [48/121] 1585992602_A025F0: 17250 windows, 61 seizure | ETA: 4.3 min
  [49/121] 1590309745_A025A1: 17264 windows, 183 seizure | ETA: 4.2 min
  [50/121] 1582682579_A02535: 18335 windows, 61 seizure | ETA: 4.1 min
  [51/121] 1595875340_A02848: 24912 windows, 61 seizure | ETA: 4.0 min
  [52/121] 1582349882_A025F0: 17777 windows, 61 seizure | ETA: 4.0 min
  [53/121] 1579484980_A029FA: 17550 windows, 0 seizure | ETA: 3.8 min
  [54/121] 1598423827_A025A1: 16974 windows, 61 seizure | ETA: 3.9 min
  [55/121] 1595236110_A025F0: 14912 windows, 183 seizure | ETA: 3.8 min
  [56/121] 1579181856_A02848: 30568 windows, 0 seizure | ETA: 3.7 min
  [57/121] 1591771304_A025F0: 19209 windows, 122 seizure | ETA: 3.6 min
  [58/121] 1592981638_A025F0: 17996 windows, 183 seizure | ETA: 3.5 min
  [59/121] 1581489441_A025F0: 16789 windows, 61 seizure | ETA: 3.5 min
  [60/121] 1598169432_A025F0: 16690 windows, 183 seizure | ETA: 3.4 min
  [61/121] 1603685342_A025E5: 18154 windows, 0 seizure | ETA: 3.4 min
  [62/121] 1596091429_A025F0: 15767 windows, 61 seizure | ETA: 3.3 min
  [63/121] 1581997924_A02535: 16041 windows, 61 seizure | ETA: 3.2 min
  [64/121] 1583636745_A029FA: 17377 windows, 0 seizure | ETA: 3.2 min
  [65/121] 1583044016_A025F0: 16931 windows, 61 seizure | ETA: 3.1 min
  [66/121] 1603432975_A025F0: 18237 windows, 61 seizure | ETA: 3.0 min
  [67/121] 1581123746_A02848: 28844 windows, 0 seizure | ETA: 3.0 min
  [68/121] 1583392379_A025F0: 15535 windows, 61 seizure | ETA: 2.9 min
  [69/121] 1579243712_A025F0: 17901 windows, 61 seizure | ETA: 2.9 min
  [70/121] 1582703193_A025F0: 15110 windows, 61 seizure | ETA: 2.8 min
  [71/121] 1582864260_A02535: 17195 windows, 61 seizure | ETA: 2.7 min
  [72/121] 1584710698_A01BFB: 28408 windows, 78 seizure | ETA: 2.7 min
  [73/121] 1585279099_A029FA: 15806 windows, 0 seizure | ETA: 2.6 min
  [74/121] 1588658891_A025A1: 18303 windows, 122 seizure | ETA: 2.5 min
  [75/121] 1592087235_A025F0: 26940 windows, 122 seizure | ETA: 2.5 min
  [76/121] 1599199817_A025F0: 16828 windows, 0 seizure | ETA: 2.4 min
  [77/121] 1590658026_A025A1: 15591 windows, 61 seizure | ETA: 2.4 min
  [78/121] 1583905710_A025F0: 18178 windows, 61 seizure | ETA: 2.3 min
  [79/121] 1582966919_A025A1: 15070 windows, 61 seizure | ETA: 2.2 min
  [80/121] 1582616485_A025A1: 16963 windows, 122 seizure | ETA: 2.2 min
  [81/121] 1582166589_A02535: 16605 windows, 0 seizure | ETA: 2.1 min
  [82/121] 1594972279_A025A1: 17489 windows, 61 seizure | ETA: 2.0 min
  [83/121] 1578466440_A025F0: 16866 windows, 61 seizure | ETA: 2.0 min
  [84/121] 1584953835_A025F0: 15223 windows, 61 seizure | ETA: 1.9 min
  [85/121] 1579502836_A025A1: 16213 windows, 122 seizure | ETA: 1.9 min
  [86/121] 1606660855_A01BFB: 23172 windows, 0 seizure | ETA: 1.8 min
  [87/121] 1588579608_A025F0: 15591 windows, 183 seizure | ETA: 1.7 min
  [88/121] 1583818582_A025A1: 17114 windows, 61 seizure | ETA: 1.7 min
  [89/121] 1607584153_A025F0: 17880 windows, 0 seizure | ETA: 1.6 min
  [90/121] 1609218461_A02848: 20468 windows, 0 seizure | ETA: 1.6 min
  [91/121] 1592962342_A01BFB: 28136 windows, 0 seizure | ETA: 1.5 min
  [92/121] 1588434973_A025F0: 10664 windows, 61 seizure | ETA: 1.5 min
  [93/121] 1597734739_A025A1: 16124 windows, 61 seizure | ETA: 1.4 min
  [94/121] 1584931760_A029FA: 16067 windows, 122 seizure | ETA: 1.3 min
  [95/121] 1606114780_A025E5: 16767 windows, 61 seizure | ETA: 1.3 min
  [96/121] 1585331854_A025F0: 8937 windows, 61 seizure | ETA: 1.2 min
  [97/121] 1589525188_A025F0: 17681 windows, 61 seizure | ETA: 1.2 min
  [98/121] 1578902515_A025F0: 15102 windows, 122 seizure | ETA: 1.1 min
  [99/121] 1590398471_A025F0: 17320 windows, 122 seizure | ETA: 1.1 min
  [100/121] 1579837199_A029FA: 17923 windows, 0 seizure | ETA: 1.0 min
  [101/121] 1597897617_A025A1: 17806 windows, 61 seizure | ETA: 1.0 min
  [102/121] 1582264212_A025A1: 16669 windows, 122 seizure | ETA: 0.9 min
  [103/121] 1581048106_A029FA: 16970 windows, 122 seizure | ETA: 0.9 min
  [104/121] 1592791652_A029FA: 17297 windows, 0 seizure | ETA: 0.8 min
  [105/121] 1602343565_A025F0: 11161 windows, 61 seizure | ETA: 0.8 min
  [106/121] 1591586847_A029FA: 16274 windows, 0 seizure | ETA: 0.7 min
  [107/121] 1581427108_A02848: 28712 windows, 61 seizure | ETA: 0.7 min
  [108/121] 1588490285_A025A1: 17507 windows, 122 seizure | ETA: 0.6 min
  [109/121] 1586987656_A02848: 26580 windows, 0 seizure | ETA: 0.6 min
  [110/121] 1585819645_A025F0: 16723 windows, 61 seizure | ETA: 0.5 min
  [111/121] 1608886766_A025E5: 14279 windows, 61 seizure | ETA: 0.5 min
  [112/121] 1601790363_A025F0: 17180 windows, 61 seizure | ETA: 0.4 min
  [113/121] 1588391039_A029FA: 16506 windows, 61 seizure | ETA: 0.4 min
  [114/121] 1586850331_A025F0: 17854 windows, 122 seizure | ETA: 0.3 min
  [115/121] 1592814741_A025F0: 15972 windows, 61 seizure | ETA: 0.3 min
  [116/121] 1597414021_A02848: 23932 windows, 0 seizure | ETA: 0.2 min
  [117/121] 1584237620_A02535: 18328 windows, 61 seizure | ETA: 0.2 min
  [118/121] 1585560788_A025A1: 15194 windows, 122 seizure | ETA: 0.1 min
  [119/121] 1580371528_A025A1: 15968 windows, 61 seizure | ETA: 0.1 min
  [120/121] 1589661694_A02848: 25940 windows, 0 seizure | ETA: 0.0 min
  [121/121] 1577894446_A01BFB: 33097 windows, 0 seizure | ETA: 0.0 min

  Completed in 7.5 minutes
  Processed: 121/121 sessions
  Total windows: 2,190,944
  Seizure windows: 7,794
  Normal windows: 2,183,150
  Primary shape: (2190944, 160, 3)
  Secondary shape: (2190944, 160, 4)

Building val split from 11 held-out sessions...

Preparing dataset from 11 sessions...
  Using 7 CPU cores for parallel processing
  Window size: 160, Stride: 160
  [1/11] 1586226157_A025CF: 16290 windows, 61 seizure | ETA: 8.8 min
  [2/11] 1584067531_A029E3: 16892 windows, 122 seizure | ETA: 4.0 min
  [3/11] 1592528418_A029B4: 17274 windows, 0 seizure | ETA: 2.4 min
  [4/11] 1578970949_A025CF: 17231 windows, 0 seizure | ETA: 1.6 min
  [5/11] 1578193212_A029E3: 17288 windows, 0 seizure | ETA: 1.1 min
  [6/11] 1585100579_A029E3: 18114 windows, 61 seizure | ETA: 0.8 min
  [7/11] 1580864123_A029E3: 32484 windows, 61 seizure | ETA: 0.6 min
  [8/11] 1578106829_A025CF: 17278 windows, 0 seizure | ETA: 0.4 min
  [9/11] 1594945673_A029B4: 17406 windows, 61 seizure | ETA: 0.2 min
  [10/11] 1582857784_A025CF: 27720 windows, 61 seizure | ETA: 0.1 min
  [11/11] 1581131208_A029E3: 33184 windows, 0 seizure | ETA: 0.0 min

  Completed in 1.3 minutes
  Processed: 11/11 sessions
  Total windows: 231,161
  Seizure windows: 427
  Normal windows: 230,734
  Primary shape: (231161, 160, 3)
  Secondary shape: (231161, 160, 4)

Building test split from 14 held-out sessions...

Preparing dataset from 14 sessions...
  Using 7 CPU cores for parallel processing
  Window size: 160, Stride: 160
  [1/14] 1598624269_A01EE3: 25165 windows, 121 seizure | ETA: 10.3 min
  [2/14] 1618071211_A01EEC: 26160 windows, 0 seizure | ETA: 4.9 min
  [3/14] 1615118361_A01EEC: 26848 windows, 0 seizure | ETA: 3.0 min
  [4/14] 1617311424_A02294: 25800 windows, 0 seizure | ETA: 2.1 min
  [5/14] 1617460460_A01EEC: 27536 windows, 61 seizure | ETA: 1.5 min
  [6/14] 1610296047_A01EEC: 28864 windows, 61 seizure | ETA: 1.1 min
  [7/14] 1606744372_A02294: 29264 windows, 0 seizure | ETA: 0.9 min
  [8/14] 1616859842_A01EEC: 26288 windows, 0 seizure | ETA: 0.9 min
  [9/14] 1617627705_A02294: 25744 windows, 0 seizure | ETA: 0.7 min
  [10/14] 1601509460_A02294: 31456 windows, 97 seizure | ETA: 0.5 min
  [11/14] 1607346169_A01EEC: 29616 windows, 0 seizure | ETA: 0.4 min
  [12/14] 1604525961_A02294: 30252 windows, 131 seizure | ETA: 0.2 min
  [13/14] 1603474555_A02294: 30552 windows, 0 seizure | ETA: 0.1 min
  [14/14] 1599842819_A02294: 32964 windows, 0 seizure | ETA: 0.0 min

  Completed in 1.4 minutes
  Processed: 14/14 sessions
  Total windows: 396,509
  Seizure windows: 471
  Normal windows: 396,038
  Primary shape: (396509, 160, 3)
  Secondary shape: (396509, 160, 4)

Data splits:
  Train: 2190944 samples (7794 seizure, 2183150 normal, 0.36% seizure)
  Val: 231161 samples (427 seizure, 230734 normal, 0.18% seizure)
  Test: 396509 samples (471 seizure, 396038 normal, 0.12% seizure)

======================================================================
PHASE 3: Build Standard and Pro TSMixer Models
======================================================================

======================================================================
TRAINING VARIANT: standard_acc_only
Secondary features: none (ACC-only standard)
======================================================================
Existing checkpoint ignored because FORCE_RERUN/DETECTION_FORCE_RETRAIN_VARIANTS is set: C:\I2I\seizure_detection\outputs\standard_acc_only.keras

Built model for standard_acc_only
Model footprint: 155,729 parameters (under 100k: False)

Balanced training view:
  Original train: 2,190,944 windows, 7,794 seizure
  Sampled train: 38,970 windows, 7,794 seizure
Class weights: {0: 0.625, 1: 2.5}
Checkpoint/early stopping monitor: val_pr_auc

Training for up to 24 epochs...
==================================================
  Epoch 1: loss=0.1743, pr_auc=0.1964, val_loss=0.1787, val_pr_auc=0.0015, val_auc=0.4055

Epoch 1: val_pr_auc improved from None to 0.00154, saving model to C:\I2I\seizure_detection\outputs\standard_acc_only.keras

Epoch 1: finished saving model to C:\I2I\seizure_detection\outputs\standard_acc_only.keras
  Epoch 2: loss=0.1734, pr_auc=0.1965, val_loss=0.1781, val_pr_auc=0.0015, val_auc=0.3967

Epoch 2: val_pr_auc did not improve from 0.00154
  Epoch 3: loss=0.1733, pr_auc=0.2056, val_loss=0.1783, val_pr_auc=0.0015, val_auc=0.4046

Epoch 3: val_pr_auc did not improve from 0.00154
  Epoch 4: loss=0.1732, pr_auc=0.2077, val_loss=0.1765, val_pr_auc=0.0015, val_auc=0.4147

Epoch 4: val_pr_auc did not improve from 0.00154
  Epoch 5: loss=0.1728, pr_auc=0.2141, val_loss=0.1740, val_pr_auc=0.0017, val_auc=0.4684

Epoch 5: val_pr_auc improved from 0.00154 to 0.00170, saving model to C:\I2I\seizure_detection\outputs\standard_acc_only.keras

Epoch 5: finished saving model to C:\I2I\seizure_detection\outputs\standard_acc_only.keras
  Epoch 6: loss=0.1725, pr_auc=0.2184, val_loss=0.1705, val_pr_auc=0.0016, val_auc=0.4517

Epoch 6: val_pr_auc did not improve from 0.00170
  Epoch 7: loss=0.1721, pr_auc=0.2220, val_loss=0.1819, val_pr_auc=0.0016, val_auc=0.4330

Epoch 7: val_pr_auc did not improve from 0.00170
  Epoch 8: loss=0.1717, pr_auc=0.2269, val_loss=0.1817, val_pr_auc=0.0016, val_auc=0.4111

Epoch 8: val_pr_auc did not improve from 0.00170
  Epoch 9: loss=0.1715, pr_auc=0.2282, val_loss=0.1785, val_pr_auc=0.0016, val_auc=0.4342

Epoch 9: val_pr_auc did not improve from 0.00170
  Epoch 10: loss=0.1710, pr_auc=0.2305, val_loss=0.1836, val_pr_auc=0.0015, val_auc=0.4125

Epoch 10: val_pr_auc did not improve from 0.00170
  Epoch 11: loss=0.1708, pr_auc=0.2311, val_loss=0.1860, val_pr_auc=0.0015, val_auc=0.3906

Epoch 11: ReduceLROnPlateau reducing learning rate to 0.0005000000237487257.

Epoch 11: val_pr_auc did not improve from 0.00170
  Epoch 12: loss=0.1697, pr_auc=0.2411, val_loss=0.1785, val_pr_auc=0.0026, val_auc=0.4935

Epoch 12: val_pr_auc improved from 0.00170 to 0.00258, saving model to C:\I2I\seizure_detection\outputs\standard_acc_only.keras

Epoch 12: finished saving model to C:\I2I\seizure_detection\outputs\standard_acc_only.keras
  Epoch 13: loss=0.1690, pr_auc=0.2512, val_loss=0.1768, val_pr_auc=0.0023, val_auc=0.4943

Epoch 13: val_pr_auc did not improve from 0.00258
  Epoch 14: loss=0.1685, pr_auc=0.2516, val_loss=0.1812, val_pr_auc=0.0020, val_auc=0.4827

Epoch 14: val_pr_auc did not improve from 0.00258
  Epoch 15: loss=0.1675, pr_auc=0.2628, val_loss=0.1597, val_pr_auc=0.0028, val_auc=0.5230

Epoch 15: val_pr_auc improved from 0.00258 to 0.00280, saving model to C:\I2I\seizure_detection\outputs\standard_acc_only.keras

Epoch 15: finished saving model to C:\I2I\seizure_detection\outputs\standard_acc_only.keras
  Epoch 16: loss=0.1668, pr_auc=0.2716, val_loss=0.1551, val_pr_auc=0.0032, val_auc=0.5381

Epoch 16: val_pr_auc improved from 0.00280 to 0.00325, saving model to C:\I2I\seizure_detection\outputs\standard_acc_only.keras

Epoch 16: finished saving model to C:\I2I\seizure_detection\outputs\standard_acc_only.keras
  Epoch 17: loss=0.1660, pr_auc=0.2745, val_loss=0.1469, val_pr_auc=0.0026, val_auc=0.5252

Epoch 17: val_pr_auc did not improve from 0.00325
  Epoch 18: loss=0.1648, pr_auc=0.2872, val_loss=0.1316, val_pr_auc=0.0026, val_auc=0.5390

Epoch 18: val_pr_auc did not improve from 0.00325
  Epoch 19: loss=0.1643, pr_auc=0.2903, val_loss=0.1329, val_pr_auc=0.0025, val_auc=0.5184

Epoch 19: val_pr_auc did not improve from 0.00325
  Epoch 20: loss=0.1631, pr_auc=0.3006, val_loss=0.1286, val_pr_auc=0.0030, val_auc=0.4948

Epoch 20: val_pr_auc did not improve from 0.00325
  Epoch 21: loss=0.1628, pr_auc=0.3027, val_loss=0.1285, val_pr_auc=0.0028, val_auc=0.5065

Epoch 21: val_pr_auc did not improve from 0.00325
  Epoch 22: loss=0.1610, pr_auc=0.3154, val_loss=0.1221, val_pr_auc=0.0034, val_auc=0.5194

Epoch 22: val_pr_auc improved from 0.00325 to 0.00344, saving model to C:\I2I\seizure_detection\outputs\standard_acc_only.keras

Epoch 22: finished saving model to C:\I2I\seizure_detection\outputs\standard_acc_only.keras
  Epoch 23: loss=0.1609, pr_auc=0.3222, val_loss=0.1218, val_pr_auc=0.0035, val_auc=0.5208

Epoch 23: val_pr_auc improved from 0.00344 to 0.00347, saving model to C:\I2I\seizure_detection\outputs\standard_acc_only.keras

Epoch 23: finished saving model to C:\I2I\seizure_detection\outputs\standard_acc_only.keras
  Epoch 24: loss=0.1597, pr_auc=0.3321, val_loss=0.1186, val_pr_auc=0.0029, val_auc=0.4698

Epoch 24: val_pr_auc did not improve from 0.00347
Restoring model weights from the end of the best epoch: 23.
Validation PR-AUC for standard_acc_only: 0.003987

======================================================================
TRAINING VARIANT: standard_acc_eda
Secondary features: ['EDA']
======================================================================
Existing checkpoint ignored because FORCE_RERUN/DETECTION_FORCE_RETRAIN_VARIANTS is set: C:\I2I\seizure_detection\outputs\standard_acc_eda.keras

Built model for standard_acc_eda
Model footprint: 155,729 parameters (under 100k: False)

Balanced training view:
  Original train: 2,190,944 windows, 7,794 seizure
  Sampled train: 38,970 windows, 7,794 seizure
Class weights: {0: 0.625, 1: 2.5}
Checkpoint/early stopping monitor: val_pr_auc

Training for up to 24 epochs...
==================================================
  Epoch 1: loss=0.1747, pr_auc=0.2039, val_loss=0.1761, val_pr_auc=0.0023, val_auc=0.5096

Epoch 1: val_pr_auc improved from None to 0.00232, saving model to C:\I2I\seizure_detection\outputs\standard_acc_eda.keras

Epoch 1: finished saving model to C:\I2I\seizure_detection\outputs\standard_acc_eda.keras
  Epoch 2: loss=0.1734, pr_auc=0.2048, val_loss=0.1794, val_pr_auc=0.0022, val_auc=0.5056

Epoch 2: val_pr_auc did not improve from 0.00232
  Epoch 3: loss=0.1732, pr_auc=0.2124, val_loss=0.1804, val_pr_auc=0.0014, val_auc=0.3906

Epoch 3: val_pr_auc did not improve from 0.00232
  Epoch 4: loss=0.1731, pr_auc=0.2145, val_loss=0.1717, val_pr_auc=0.0016, val_auc=0.4391

Epoch 4: val_pr_auc did not improve from 0.00232
  Epoch 5: loss=0.1727, pr_auc=0.2227, val_loss=0.1798, val_pr_auc=0.0014, val_auc=0.3800

Epoch 5: val_pr_auc did not improve from 0.00232
  Epoch 6: loss=0.1723, pr_auc=0.2281, val_loss=0.1764, val_pr_auc=0.0015, val_auc=0.4417

Epoch 6: val_pr_auc did not improve from 0.00232
  Epoch 7: loss=0.1721, pr_auc=0.2318, val_loss=0.1762, val_pr_auc=0.0013, val_auc=0.3519

Epoch 7: val_pr_auc did not improve from 0.00232
  Epoch 8: loss=0.1719, pr_auc=0.2366, val_loss=0.1682, val_pr_auc=0.0014, val_auc=0.3738

Epoch 8: val_pr_auc did not improve from 0.00232
Epoch 8: early stopping
Restoring model weights from the end of the best epoch: 1.
Validation PR-AUC for standard_acc_eda: 0.002363

======================================================================
TRAINING VARIANT: standard_acc_temp
Secondary features: ['TEMP']
======================================================================
Existing checkpoint ignored because FORCE_RERUN/DETECTION_FORCE_RETRAIN_VARIANTS is set: C:\I2I\seizure_detection\outputs\standard_acc_temp.keras

Built model for standard_acc_temp
Model footprint: 155,729 parameters (under 100k: False)

Balanced training view:
  Original train: 2,190,944 windows, 7,794 seizure
  Sampled train: 38,970 windows, 7,794 seizure
Class weights: {0: 0.625, 1: 2.5}
Checkpoint/early stopping monitor: val_pr_auc

Training for up to 24 epochs...
==================================================
  Epoch 1: loss=0.1750, pr_auc=0.2093, val_loss=0.1826, val_pr_auc=0.0013, val_auc=0.3212

Epoch 1: val_pr_auc improved from None to 0.00126, saving model to C:\I2I\seizure_detection\outputs\standard_acc_temp.keras

Epoch 1: finished saving model to C:\I2I\seizure_detection\outputs\standard_acc_temp.keras
  Epoch 2: loss=0.1717, pr_auc=0.2225, val_loss=0.1544, val_pr_auc=0.0095, val_auc=0.4633

Epoch 2: val_pr_auc improved from 0.00126 to 0.00953, saving model to C:\I2I\seizure_detection\outputs\standard_acc_temp.keras

Epoch 2: finished saving model to C:\I2I\seizure_detection\outputs\standard_acc_temp.keras
  Epoch 3: loss=0.1710, pr_auc=0.2268, val_loss=0.1727, val_pr_auc=0.0014, val_auc=0.3790

Epoch 3: val_pr_auc did not improve from 0.00953
  Epoch 4: loss=0.1705, pr_auc=0.2293, val_loss=0.1729, val_pr_auc=0.0015, val_auc=0.4347

Epoch 4: val_pr_auc did not improve from 0.00953
  Epoch 5: loss=0.1703, pr_auc=0.2302, val_loss=0.1649, val_pr_auc=0.0016, val_auc=0.4776

Epoch 5: val_pr_auc did not improve from 0.00953
  Epoch 6: loss=0.1700, pr_auc=0.2318, val_loss=0.1605, val_pr_auc=0.0015, val_auc=0.4376

Epoch 6: val_pr_auc did not improve from 0.00953
  Epoch 7: loss=0.1700, pr_auc=0.2324, val_loss=0.1679, val_pr_auc=0.0015, val_auc=0.4343

Epoch 7: ReduceLROnPlateau reducing learning rate to 0.0005000000237487257.

Epoch 7: val_pr_auc did not improve from 0.00953
  Epoch 8: loss=0.1681, pr_auc=0.2584, val_loss=0.1478, val_pr_auc=0.0076, val_auc=0.5539

Epoch 8: val_pr_auc did not improve from 0.00953
  Epoch 9: loss=0.1666, pr_auc=0.2754, val_loss=0.1416, val_pr_auc=0.0052, val_auc=0.6260

Epoch 9: val_pr_auc did not improve from 0.00953
Epoch 9: early stopping
Restoring model weights from the end of the best epoch: 2.
Validation PR-AUC for standard_acc_temp: 0.010552

======================================================================
TRAINING VARIANT: standard_acc_eda_temp
Secondary features: ['EDA', 'TEMP']
======================================================================
Existing checkpoint ignored because FORCE_RERUN/DETECTION_FORCE_RETRAIN_VARIANTS is set: C:\I2I\seizure_detection\outputs\standard_acc_eda_temp.keras

Built model for standard_acc_eda_temp
Model footprint: 155,729 parameters (under 100k: False)

Balanced training view:
  Original train: 2,190,944 windows, 7,794 seizure
  Sampled train: 38,970 windows, 7,794 seizure
Class weights: {0: 0.625, 1: 2.5}
Checkpoint/early stopping monitor: val_pr_auc

Training for up to 24 epochs...
==================================================
  Epoch 1: loss=0.1766, pr_auc=0.2126, val_loss=0.1565, val_pr_auc=0.0020, val_auc=0.5190

Epoch 1: val_pr_auc improved from None to 0.00198, saving model to C:\I2I\seizure_detection\outputs\standard_acc_eda_temp.keras

Epoch 1: finished saving model to C:\I2I\seizure_detection\outputs\standard_acc_eda_temp.keras
  Epoch 2: loss=0.1723, pr_auc=0.2284, val_loss=0.1764, val_pr_auc=0.0021, val_auc=0.5232

Epoch 2: val_pr_auc improved from 0.00198 to 0.00208, saving model to C:\I2I\seizure_detection\outputs\standard_acc_eda_temp.keras

Epoch 2: finished saving model to C:\I2I\seizure_detection\outputs\standard_acc_eda_temp.keras
  Epoch 3: loss=0.1708, pr_auc=0.2402, val_loss=0.1638, val_pr_auc=0.0026, val_auc=0.4805

Epoch 3: val_pr_auc improved from 0.00208 to 0.00263, saving model to C:\I2I\seizure_detection\outputs\standard_acc_eda_temp.keras

Epoch 3: finished saving model to C:\I2I\seizure_detection\outputs\standard_acc_eda_temp.keras
  Epoch 4: loss=0.1695, pr_auc=0.2532, val_loss=0.1695, val_pr_auc=0.0018, val_auc=0.5050

Epoch 4: val_pr_auc did not improve from 0.00263
  Epoch 5: loss=0.1688, pr_auc=0.2616, val_loss=0.1550, val_pr_auc=0.0038, val_auc=0.5751

Epoch 5: val_pr_auc improved from 0.00263 to 0.00377, saving model to C:\I2I\seizure_detection\outputs\standard_acc_eda_temp.keras

Epoch 5: finished saving model to C:\I2I\seizure_detection\outputs\standard_acc_eda_temp.keras
  Epoch 6: loss=0.1671, pr_auc=0.2747, val_loss=0.1538, val_pr_auc=0.0018, val_auc=0.5237

Epoch 6: val_pr_auc did not improve from 0.00377
  Epoch 7: loss=0.1663, pr_auc=0.2835, val_loss=0.1340, val_pr_auc=0.0026, val_auc=0.6058

Epoch 7: val_pr_auc did not improve from 0.00377
  Epoch 8: loss=0.1642, pr_auc=0.2970, val_loss=0.1458, val_pr_auc=0.0022, val_auc=0.5770

Epoch 8: val_pr_auc did not improve from 0.00377
  Epoch 9: loss=0.1629, pr_auc=0.3013, val_loss=0.1188, val_pr_auc=0.0043, val_auc=0.5853

Epoch 9: val_pr_auc improved from 0.00377 to 0.00432, saving model to C:\I2I\seizure_detection\outputs\standard_acc_eda_temp.keras

Epoch 9: finished saving model to C:\I2I\seizure_detection\outputs\standard_acc_eda_temp.keras
  Epoch 10: loss=0.1620, pr_auc=0.3100, val_loss=0.1259, val_pr_auc=0.0032, val_auc=0.5848

Epoch 10: val_pr_auc did not improve from 0.00432
  Epoch 11: loss=0.1603, pr_auc=0.3214, val_loss=0.1250, val_pr_auc=0.0054, val_auc=0.5628

Epoch 11: val_pr_auc improved from 0.00432 to 0.00539, saving model to C:\I2I\seizure_detection\outputs\standard_acc_eda_temp.keras

Epoch 11: finished saving model to C:\I2I\seizure_detection\outputs\standard_acc_eda_temp.keras
  Epoch 12: loss=0.1586, pr_auc=0.3332, val_loss=0.1185, val_pr_auc=0.0028, val_auc=0.5807

Epoch 12: val_pr_auc did not improve from 0.00539
  Epoch 13: loss=0.1566, pr_auc=0.3454, val_loss=0.0987, val_pr_auc=0.0028, val_auc=0.6065

Epoch 13: val_pr_auc did not improve from 0.00539
  Epoch 14: loss=0.1551, pr_auc=0.3594, val_loss=0.1024, val_pr_auc=0.0025, val_auc=0.6008

Epoch 14: val_pr_auc did not improve from 0.00539
  Epoch 15: loss=0.1538, pr_auc=0.3645, val_loss=0.0913, val_pr_auc=0.0026, val_auc=0.5829

Epoch 15: val_pr_auc did not improve from 0.00539
  Epoch 16: loss=0.1512, pr_auc=0.3803, val_loss=0.1013, val_pr_auc=0.0062, val_auc=0.6352

Epoch 16: val_pr_auc improved from 0.00539 to 0.00620, saving model to C:\I2I\seizure_detection\outputs\standard_acc_eda_temp.keras

Epoch 16: finished saving model to C:\I2I\seizure_detection\outputs\standard_acc_eda_temp.keras
  Epoch 17: loss=0.1498, pr_auc=0.3918, val_loss=0.1016, val_pr_auc=0.0047, val_auc=0.6022

Epoch 17: val_pr_auc did not improve from 0.00620
  Epoch 18: loss=0.1481, pr_auc=0.3957, val_loss=0.0838, val_pr_auc=0.0029, val_auc=0.5687

Epoch 18: val_pr_auc did not improve from 0.00620
  Epoch 19: loss=0.1470, pr_auc=0.4138, val_loss=0.1016, val_pr_auc=0.0025, val_auc=0.6109

Epoch 19: val_pr_auc did not improve from 0.00620
  Epoch 20: loss=0.1448, pr_auc=0.4245, val_loss=0.0753, val_pr_auc=0.0031, val_auc=0.6231

Epoch 20: val_pr_auc did not improve from 0.00620
  Epoch 21: loss=0.1432, pr_auc=0.4392, val_loss=0.0676, val_pr_auc=0.0024, val_auc=0.5534

Epoch 21: val_pr_auc did not improve from 0.00620
  Epoch 22: loss=0.1406, pr_auc=0.4508, val_loss=0.0686, val_pr_auc=0.0021, val_auc=0.5478

Epoch 22: val_pr_auc did not improve from 0.00620
  Epoch 23: loss=0.1387, pr_auc=0.4601, val_loss=0.0730, val_pr_auc=0.0021, val_auc=0.5385

Epoch 23: val_pr_auc did not improve from 0.00620
Epoch 23: early stopping
Restoring model weights from the end of the best epoch: 16.
Validation PR-AUC for standard_acc_eda_temp: 0.006100
Inactive Pro candidate not trained for the current product allocation: pro_ppg_bvp_hr
Inactive Pro candidate not trained for the current product allocation: pro_ppg_bvp_hr_eda
Inactive Pro candidate not trained for the current product allocation: pro_ppg_bvp_hr_temp

======================================================================
TRAINING VARIANT: pro_full_bvp_hr_eda_temp
Secondary features: ['BVP', 'HR', 'EDA', 'TEMP']
======================================================================
Existing checkpoint ignored because FORCE_RERUN/DETECTION_FORCE_RETRAIN_VARIANTS is set: C:\I2I\seizure_detection\outputs\pro_full_bvp_hr_eda_temp.keras

Built model for pro_full_bvp_hr_eda_temp
Model footprint: 155,729 parameters (under 100k: False)

Balanced training view:
  Original train: 2,190,944 windows, 7,794 seizure
  Sampled train: 38,970 windows, 7,794 seizure
Class weights: {0: 0.625, 1: 2.5}
Checkpoint/early stopping monitor: val_pr_auc

Training for up to 24 epochs...
==================================================
  Epoch 1: loss=0.1754, pr_auc=0.2164, val_loss=0.1686, val_pr_auc=0.0017, val_auc=0.4885

Epoch 1: val_pr_auc improved from None to 0.00169, saving model to C:\I2I\seizure_detection\outputs\pro_full_bvp_hr_eda_temp.keras

Epoch 1: finished saving model to C:\I2I\seizure_detection\outputs\pro_full_bvp_hr_eda_temp.keras
  Epoch 2: loss=0.1703, pr_auc=0.2386, val_loss=0.1706, val_pr_auc=0.0014, val_auc=0.4039

Epoch 2: val_pr_auc did not improve from 0.00169
  Epoch 3: loss=0.1679, pr_auc=0.2585, val_loss=0.1827, val_pr_auc=0.0015, val_auc=0.4329

Epoch 3: val_pr_auc did not improve from 0.00169
  Epoch 4: loss=0.1664, pr_auc=0.2698, val_loss=0.1775, val_pr_auc=0.0017, val_auc=0.3172

Epoch 4: val_pr_auc improved from 0.00169 to 0.00171, saving model to C:\I2I\seizure_detection\outputs\pro_full_bvp_hr_eda_temp.keras

Epoch 4: finished saving model to C:\I2I\seizure_detection\outputs\pro_full_bvp_hr_eda_temp.keras
  Epoch 5: loss=0.1648, pr_auc=0.2769, val_loss=0.1696, val_pr_auc=0.0012, val_auc=0.2866

Epoch 5: val_pr_auc did not improve from 0.00171
  Epoch 6: loss=0.1627, pr_auc=0.3046, val_loss=0.1518, val_pr_auc=0.0018, val_auc=0.4167

Epoch 6: val_pr_auc improved from 0.00171 to 0.00180, saving model to C:\I2I\seizure_detection\outputs\pro_full_bvp_hr_eda_temp.keras

Epoch 6: finished saving model to C:\I2I\seizure_detection\outputs\pro_full_bvp_hr_eda_temp.keras
  Epoch 7: loss=0.1594, pr_auc=0.3239, val_loss=0.1446, val_pr_auc=0.0013, val_auc=0.3579

Epoch 7: val_pr_auc did not improve from 0.00180
  Epoch 8: loss=0.1574, pr_auc=0.3333, val_loss=0.1401, val_pr_auc=0.0012, val_auc=0.3067

Epoch 8: val_pr_auc did not improve from 0.00180
  Epoch 9: loss=0.1540, pr_auc=0.3512, val_loss=0.1145, val_pr_auc=0.0020, val_auc=0.4369

Epoch 9: val_pr_auc improved from 0.00180 to 0.00197, saving model to C:\I2I\seizure_detection\outputs\pro_full_bvp_hr_eda_temp.keras

Epoch 9: finished saving model to C:\I2I\seizure_detection\outputs\pro_full_bvp_hr_eda_temp.keras
  Epoch 10: loss=0.1525, pr_auc=0.3694, val_loss=0.1047, val_pr_auc=0.0016, val_auc=0.4311

Epoch 10: val_pr_auc did not improve from 0.00197
  Epoch 11: loss=0.1484, pr_auc=0.3968, val_loss=0.1130, val_pr_auc=0.0017, val_auc=0.4831

Epoch 11: val_pr_auc did not improve from 0.00197
  Epoch 12: loss=0.1457, pr_auc=0.4126, val_loss=0.1002, val_pr_auc=0.0025, val_auc=0.4647

Epoch 12: val_pr_auc improved from 0.00197 to 0.00247, saving model to C:\I2I\seizure_detection\outputs\pro_full_bvp_hr_eda_temp.keras

Epoch 12: finished saving model to C:\I2I\seizure_detection\outputs\pro_full_bvp_hr_eda_temp.keras
  Epoch 13: loss=0.1440, pr_auc=0.4246, val_loss=0.0857, val_pr_auc=0.0016, val_auc=0.4620

Epoch 13: val_pr_auc did not improve from 0.00247
  Epoch 14: loss=0.1397, pr_auc=0.4542, val_loss=0.1041, val_pr_auc=0.0017, val_auc=0.4523

Epoch 14: val_pr_auc did not improve from 0.00247
  Epoch 15: loss=0.1385, pr_auc=0.4669, val_loss=0.0772, val_pr_auc=0.0020, val_auc=0.5090

Epoch 15: val_pr_auc did not improve from 0.00247
  Epoch 16: loss=0.1340, pr_auc=0.5000, val_loss=0.0803, val_pr_auc=0.0018, val_auc=0.4808

Epoch 16: val_pr_auc did not improve from 0.00247
  Epoch 17: loss=0.1320, pr_auc=0.5117, val_loss=0.0738, val_pr_auc=0.0022, val_auc=0.5138

Epoch 17: val_pr_auc did not improve from 0.00247
  Epoch 18: loss=0.1297, pr_auc=0.5290, val_loss=0.0896, val_pr_auc=0.0018, val_auc=0.4989

Epoch 18: val_pr_auc did not improve from 0.00247
  Epoch 19: loss=0.1263, pr_auc=0.5529, val_loss=0.0771, val_pr_auc=0.0017, val_auc=0.4899

Epoch 19: val_pr_auc did not improve from 0.00247
Epoch 19: early stopping
Restoring model weights from the end of the best epoch: 12.
Validation PR-AUC for pro_full_bvp_hr_eda_temp: 0.002518
Scoring allocation base_acc__addon_ppg_eda_temp: standard_acc_only -> pro_full_bvp_hr_eda_temp
Scoring allocation base_acc_eda__addon_ppg_temp: standard_acc_eda -> pro_full_bvp_hr_eda_temp
Scoring allocation base_acc_temp__addon_ppg_eda: standard_acc_temp -> pro_full_bvp_hr_eda_temp
Scoring allocation base_acc_eda_temp__addon_ppg: standard_acc_eda_temp -> pro_full_bvp_hr_eda_temp

Product allocation analysis:
  base_acc__addon_ppg_eda_temp: base optional=[], addon optional=['EDA', 'TEMP'] | val events 5/7 -> 5/7, val recall 0.0515 -> 0.0515, AUC 0.5207 -> 0.5190, PR-AUC 0.0040 -> 0.0039, balanced acc 0.5188 -> 0.5188
  base_acc_eda__addon_ppg_temp: base optional=['EDA'], addon optional=['TEMP'] | val events 6/7 -> 3/7, val recall 0.0304 -> 0.0117, AUC 0.4899 -> 0.5355, PR-AUC 0.0024 -> 0.0022, balanced acc 0.5083 -> 0.4989
  base_acc_temp__addon_ppg_eda: base optional=['TEMP'], addon optional=['EDA'] | val events 1/7 -> 1/7, val recall 0.1429 -> 0.1429, AUC 0.4612 -> 0.4615, PR-AUC 0.0106 -> 0.0034, balanced acc 0.5645 -> 0.5645
  base_acc_eda_temp__addon_ppg: base optional=['EDA', 'TEMP'], addon optional=[] | val events 4/7 -> 3/7, val recall 0.1897 -> 0.1850, AUC 0.6354 -> 0.6307, PR-AUC 0.0061 -> 0.0063, balanced acc 0.5879 -> 0.5855

Selected product allocation from validation only: base_acc_temp__addon_ppg_eda

Held-out test allocation check:

======================================================================
VALIDATION: Standard Product vs Pro Product
======================================================================
Calibrated Standard Product (standard_acc_only; features=['ACC only']) threshold on validation: 0.5819 (precision=0.0103, recall=0.0445, f1=0.0167)
Calibrated Pro Product (pro_full_bvp_hr_eda_temp) threshold on validation: 0.5707 (precision=0.0123, recall=0.1405, f1=0.0227)
Selected Standard Product causal score smoothing: 3 window(s), threshold=0.5300
Selected Pro Product causal score smoothing: 3 window(s), threshold=0.5181
Calibrated Pro Product (pro_full_bvp_hr_eda_temp; fused score) threshold on validation: 0.5314 (precision=0.0129, recall=0.0328, f1=0.0185)

Standard Product (standard_acc_only; features=['ACC only']) Mode Results:
------------------------------
  loss: 0.6219
  accuracy_diagnostic: 0.9579 (not a success metric for this imbalanced split)
  auc: 0.3984
  pr_auc: 0.0010
  precision: 0.0010
  recall: 0.0340
  f1: 0.0019
  specificity: 0.9590
  balanced_accuracy: 0.4965
  positive_rate: 0.0012
  all_normal_baseline_accuracy_diagnostic: 0.9988 (all-negative baseline)
  true_negatives: 379812
  false_positives: 16226
  false_negatives: 455
  true_positives: 16
  false_alarms_per_hour: 29.4639
  decision_threshold: 0.5300
  event_level: 5/6 events, sensitivity=0.8333

Pro Product (pro_full_bvp_hr_eda_temp) Mode Results:
------------------------------
  loss: 0.6183
  accuracy_diagnostic: 0.9391 (not a success metric for this imbalanced split)
  auc: 0.3950
  pr_auc: 0.0010
  precision: 0.0006
  recall: 0.0297
  f1: 0.0012
  specificity: 0.9401
  balanced_accuracy: 0.4849
  positive_rate: 0.0012
  all_normal_baseline_accuracy_diagnostic: 0.9988 (all-negative baseline)
  true_negatives: 372335
  false_positives: 23703
  false_negatives: 457
  true_positives: 14
  false_alarms_per_hour: 43.0410
  decision_threshold: 0.5181
  event_level: 3/6 events, sensitivity=0.5000

======================================================================
COMPARISON: Standard vs Pro Product
======================================================================
  AUC: 0.3984 -> 0.3950 (+-0.0034)
  PR-AUC: 0.0010 -> 0.0010 (+-0.0000)
  Recall: 0.0340 -> 0.0297 (+-0.0042)
  Event sensitivity: 5/6 -> 3/6
  False alarms/hour: 29.46 -> 43.04
  Raw accuracy is diagnostic only under severe class imbalance; see all_normal_baseline_accuracy in results.json.

Matched false-alarm operating point:
  Validation alarm budget: 10.00 false alarms/hour
  Test recall: 0.0340 -> 0.0297
  Test false alarms/hour: 29.46 -> 43.04

Fixed validation alarm-budget grid:
  1 fa/h budget | recall 0.0021 -> 0.0042; test fa/h 1.11 -> 1.51; balanced acc 0.5003 -> 0.5011
  5 fa/h budget | recall 0.0149 -> 0.0234; test fa/h 9.59 -> 20.03; balanced acc 0.5008 -> 0.4977
  10 fa/h budget | recall 0.0340 -> 0.0297; test fa/h 29.46 -> 43.04; balanced acc 0.4965 -> 0.4849
  15 fa/h budget | recall 0.0467 -> 0.0318; test fa/h 47.01 -> 62.60; balanced acc 0.4907 -> 0.4724
  25 fa/h budget | recall 0.0616 -> 0.0531; test fa/h 79.53 -> 96.10; balanced acc 0.4755 -> 0.4597
  50 fa/h budget | recall 0.1231 -> 0.1231; test fa/h 145.81 -> 164.48; balanced acc 0.4602 -> 0.4472
  100 fa/h budget | recall 0.2123 -> 0.2314; test fa/h 248.65 -> 266.92; balanced acc 0.4333 -> 0.4301
  base_acc__addon_ppg_eda_temp: test recall 0.0340 -> 0.0297

======================================================================
VALIDATION: Standard Product vs Pro Product
======================================================================
Calibrated Standard Product (standard_acc_eda; features=['EDA']) threshold on validation: 0.5627 (precision=0.0290, recall=0.0047, f1=0.0081)
Calibrated Pro Product (pro_full_bvp_hr_eda_temp) threshold on validation: 0.5707 (precision=0.0123, recall=0.1405, f1=0.0227)
Selected Standard Product causal score smoothing: 1 window(s), threshold=0.5217
Selected Pro Product causal score smoothing: 1 window(s), threshold=0.5186
Calibrated Pro Product (pro_full_bvp_hr_eda_temp; fused score) threshold on validation: 0.5527 (precision=0.0196, recall=0.0047, f1=0.0076)

Standard Product (standard_acc_eda; features=['EDA']) Mode Results:
------------------------------
  loss: 0.6968
  accuracy_diagnostic: 0.9855 (not a success metric for this imbalanced split)
  auc: 0.5987
  pr_auc: 0.0155
  precision: 0.0186
  recall: 0.2166
  f1: 0.0342
  specificity: 0.9864
  balanced_accuracy: 0.6015
  positive_rate: 0.0012
  all_normal_baseline_accuracy_diagnostic: 0.9988 (all-negative baseline)
  true_negatives: 390649
  false_positives: 5389
  false_negatives: 369
  true_positives: 102
  false_alarms_per_hour: 9.7856
  decision_threshold: 0.5217
  event_level: 3/6 events, sensitivity=0.5000

Pro Product (pro_full_bvp_hr_eda_temp) Mode Results:
------------------------------
  loss: 0.6912
  accuracy_diagnostic: 0.9846 (not a success metric for this imbalanced split)
  auc: 0.6022
  pr_auc: 0.0160
  precision: 0.0193
  recall: 0.2399
  f1: 0.0358
  specificity: 0.9855
  balanced_accuracy: 0.6127
  positive_rate: 0.0012
  all_normal_baseline_accuracy_diagnostic: 0.9988 (all-negative baseline)
  true_negatives: 390308
  false_positives: 5730
  false_negatives: 358
  true_positives: 113
  false_alarms_per_hour: 10.4048
  decision_threshold: 0.5186
  event_level: 4/6 events, sensitivity=0.6667

======================================================================
COMPARISON: Standard vs Pro Product
======================================================================
  AUC: 0.5987 -> 0.6022 (+0.0034)
  PR-AUC: 0.0155 -> 0.0160 (+0.0004)
  Recall: 0.2166 -> 0.2399 (+0.0234)
  Event sensitivity: 3/6 -> 4/6
  False alarms/hour: 9.79 -> 10.40
  Raw accuracy is diagnostic only under severe class imbalance; see all_normal_baseline_accuracy in results.json.

Matched false-alarm operating point:
  Validation alarm budget: 10.00 false alarms/hour
  Test recall: 0.2166 -> 0.2399
  Test false alarms/hour: 9.79 -> 10.40

Fixed validation alarm-budget grid:
  1 fa/h budget | recall 0.1338 -> 0.1295; test fa/h 1.95 -> 2.13; balanced acc 0.5655 -> 0.5633
  5 fa/h budget | recall 0.1826 -> 0.1953; test fa/h 6.05 -> 6.18; balanced acc 0.5871 -> 0.5934
  10 fa/h budget | recall 0.2166 -> 0.2399; test fa/h 9.79 -> 10.40; balanced acc 0.6015 -> 0.6127
  15 fa/h budget | recall 0.2399 -> 0.2527; test fa/h 13.23 -> 14.52; balanced acc 0.6108 -> 0.6162
  25 fa/h budget | recall 0.2696 -> 0.2739; test fa/h 20.69 -> 23.44; balanced acc 0.6204 -> 0.6206
  50 fa/h budget | recall 0.3015 -> 0.3100; test fa/h 44.43 -> 50.58; balanced acc 0.6199 -> 0.6198
  100 fa/h budget | recall 0.3503 -> 0.3694; test fa/h 100.28 -> 113.67; balanced acc 0.6054 -> 0.6057
  base_acc_eda__addon_ppg_temp: test recall 0.2166 -> 0.2399

======================================================================
VALIDATION: Standard Product vs Pro Product
======================================================================
Calibrated Standard Product (standard_acc_temp; features=['TEMP']) threshold on validation: 0.5185 (precision=0.0810, recall=0.1429, f1=0.1034)
Calibrated Pro Product (pro_full_bvp_hr_eda_temp) threshold on validation: 0.5707 (precision=0.0123, recall=0.1405, f1=0.0227)
Selected Standard Product causal score smoothing: 1 window(s), threshold=0.5155
Selected Pro Product causal score smoothing: 1 window(s), threshold=0.5393
Calibrated Pro Product (pro_full_bvp_hr_eda_temp; fused score) threshold on validation: 0.5448 (precision=0.0235, recall=0.1405, f1=0.0403)

Standard Product (standard_acc_temp; features=['TEMP']) Mode Results:
------------------------------
  loss: 0.6642
  accuracy_diagnostic: 0.9548 (not a success metric for this imbalanced split)
  auc: 0.3535
  pr_auc: 0.0009
  precision: 0.0015
  recall: 0.0573
  f1: 0.0030
  specificity: 0.9559
  balanced_accuracy: 0.5066
  positive_rate: 0.0012
  all_normal_baseline_accuracy_diagnostic: 0.9988 (all-negative baseline)
  true_negatives: 378567
  false_positives: 17471
  false_negatives: 444
  true_positives: 27
  false_alarms_per_hour: 31.7247
  decision_threshold: 0.5155
  event_level: 1/6 events, sensitivity=0.1667

Pro Product (pro_full_bvp_hr_eda_temp) Mode Results:
------------------------------
  loss: 0.5974
  accuracy_diagnostic: 0.9731 (not a success metric for this imbalanced split)
  auc: 0.5122
  pr_auc: 0.0028
  precision: 0.0033
  recall: 0.0722
  f1: 0.0063
  specificity: 0.9741
  balanced_accuracy: 0.5232
  positive_rate: 0.0012
  all_normal_baseline_accuracy_diagnostic: 0.9988 (all-negative baseline)
  true_negatives: 385794
  false_positives: 10244
  false_negatives: 437
  true_positives: 34
  false_alarms_per_hour: 18.6015
  decision_threshold: 0.5393
  event_level: 4/6 events, sensitivity=0.6667

======================================================================
COMPARISON: Standard vs Pro Product
======================================================================
  AUC: 0.3535 -> 0.5122 (+0.1587)
  PR-AUC: 0.0009 -> 0.0028 (+0.0019)
  Recall: 0.0573 -> 0.0722 (+0.0149)
  Event sensitivity: 1/6 -> 4/6
  False alarms/hour: 31.72 -> 18.60
  Raw accuracy is diagnostic only under severe class imbalance; see all_normal_baseline_accuracy in results.json.

Matched false-alarm operating point:
  Validation alarm budget: 10.00 false alarms/hour
  Test recall: 0.0573 -> 0.0722
  Test false alarms/hour: 31.72 -> 18.60

Fixed validation alarm-budget grid:
  1 fa/h budget | recall 0.0021 -> 0.0021; test fa/h 7.82 -> 0.04; balanced acc 0.4956 -> 0.5010
  5 fa/h budget | recall 0.0170 -> 0.0467; test fa/h 14.86 -> 4.26; balanced acc 0.4982 -> 0.5204
  10 fa/h budget | recall 0.0573 -> 0.0722; test fa/h 31.72 -> 18.60; balanced acc 0.5066 -> 0.5232
  15 fa/h budget | recall 0.0594 -> 0.0998; test fa/h 42.54 -> 33.54; balanced acc 0.5001 -> 0.5266
  25 fa/h budget | recall 0.0679 -> 0.1316; test fa/h 64.46 -> 61.90; balanced acc 0.4892 -> 0.5228
  50 fa/h budget | recall 0.0786 -> 0.2123; test fa/h 109.70 -> 115.04; balanced acc 0.4630 -> 0.5262
  100 fa/h budget | recall 0.0955 -> 0.3270; test fa/h 176.34 -> 189.21; balanced acc 0.4252 -> 0.5319
  base_acc_temp__addon_ppg_eda: test recall 0.0573 -> 0.0722

======================================================================
VALIDATION: Standard Product vs Pro Product
======================================================================
Calibrated Standard Product (standard_acc_eda_temp; features=['EDA', 'TEMP']) threshold on validation: 0.5726 (precision=0.0255, recall=0.1897, f1=0.0450)
Calibrated Pro Product (pro_full_bvp_hr_eda_temp) threshold on validation: 0.5707 (precision=0.0123, recall=0.1405, f1=0.0227)
Selected Standard Product causal score smoothing: 1 window(s), threshold=0.5720
Selected Pro Product causal score smoothing: 1 window(s), threshold=0.5703
Calibrated Pro Product (pro_full_bvp_hr_eda_temp; fused score) threshold on validation: 0.5727 (precision=0.0299, recall=0.1850, f1=0.0515)

Standard Product (standard_acc_eda_temp; features=['EDA', 'TEMP']) Mode Results:
------------------------------
  loss: 0.5700
  accuracy_diagnostic: 0.9660 (not a success metric for this imbalanced split)
  auc: 0.5964
  pr_auc: 0.0072
  precision: 0.0075
  recall: 0.2102
  f1: 0.0145
  specificity: 0.9669
  balanced_accuracy: 0.5885
  positive_rate: 0.0012
  all_normal_baseline_accuracy_diagnostic: 0.9988 (all-negative baseline)
  true_negatives: 382927
  false_positives: 13111
  false_negatives: 372
  true_positives: 99
  false_alarms_per_hour: 23.8076
  decision_threshold: 0.5720
  event_level: 4/6 events, sensitivity=0.6667

Pro Product (pro_full_bvp_hr_eda_temp) Mode Results:
------------------------------
  loss: 0.5686
  accuracy_diagnostic: 0.9659 (not a success metric for this imbalanced split)
  auc: 0.5950
  pr_auc: 0.0072
  precision: 0.0072
  recall: 0.2017
  f1: 0.0139
  specificity: 0.9668
  balanced_accuracy: 0.5843
  positive_rate: 0.0012
  all_normal_baseline_accuracy_diagnostic: 0.9988 (all-negative baseline)
  true_negatives: 382891
  false_positives: 13147
  false_negatives: 376
  true_positives: 95
  false_alarms_per_hour: 23.8730
  decision_threshold: 0.5703
  event_level: 3/6 events, sensitivity=0.5000

======================================================================
COMPARISON: Standard vs Pro Product
======================================================================
  AUC: 0.5964 -> 0.5950 (+-0.0014)
  PR-AUC: 0.0072 -> 0.0072 (+0.0000)
  Recall: 0.2102 -> 0.2017 (+-0.0085)
  Event sensitivity: 4/6 -> 3/6
  False alarms/hour: 23.81 -> 23.87
  Raw accuracy is diagnostic only under severe class imbalance; see all_normal_baseline_accuracy in results.json.

Matched false-alarm operating point:
  Validation alarm budget: 10.00 false alarms/hour
  Test recall: 0.2102 -> 0.2017
  Test false alarms/hour: 23.81 -> 23.87

Fixed validation alarm-budget grid:
  1 fa/h budget | recall 0.1062 -> 0.1104; test fa/h 3.53 -> 3.82; balanced acc 0.5506 -> 0.5525
  5 fa/h budget | recall 0.1571 -> 0.1656; test fa/h 9.76 -> 11.69; balanced acc 0.5718 -> 0.5747
  10 fa/h budget | recall 0.2102 -> 0.2017; test fa/h 23.81 -> 23.87; balanced acc 0.5885 -> 0.5843
  15 fa/h budget | recall 0.2314 -> 0.2378; test fa/h 35.44 -> 39.19; balanced acc 0.5911 -> 0.5916
  25 fa/h budget | recall 0.2739 -> 0.2696; test fa/h 67.97 -> 69.17; balanced acc 0.5897 -> 0.5867
  50 fa/h budget | recall 0.3142 -> 0.3227; test fa/h 130.94 -> 133.54; balanced acc 0.5661 -> 0.5685
  100 fa/h budget | recall 0.4310 -> 0.4331; test fa/h 211.09 -> 214.08; balanced acc 0.5687 -> 0.5677
  base_acc_eda_temp__addon_ppg: test recall 0.2102 -> 0.2017

Selected product allocation: base_acc_temp__addon_ppg_eda
  Base has ACC plus TEMP; Pro keeps the base TEMP signal and adds PPG plus EDA.
  Selected Standard variant: standard_acc_temp
  Selected Pro variant: pro_full_bvp_hr_eda_temp
  Enabled Standard features: ['TEMP']
  Enabled Pro features: ['BVP', 'HR', 'EDA', 'TEMP']

======================================================================
PHASE 4: Validation
======================================================================

Results saved to: C:\I2I\seizure_detection\outputs\results.json
Saved artifact at 'C:\Users\Test-PC\AppData\Local\Temp\tmppfnbo3is'. The following endpoints are available:

* Endpoint 'serve'
  args_0 (POSITIONAL_ONLY): List[TensorSpec(shape=(None, 160, 3), dtype=tf.float32, name='primary_input'), TensorSpec(shape=(None, 160, 4), dtype=tf.float32, name='secondary_input')]
Output Type:
  TensorSpec(shape=(None, 1), dtype=tf.float32, name=None)
Captures:
  2745364734480: TensorSpec(shape=(), dtype=tf.resource, name=None)
  2745364733904: TensorSpec(shape=(), dtype=tf.resource, name=None)
  2745364726992: TensorSpec(shape=(), dtype=tf.resource, name=None)
  2745364727184: TensorSpec(shape=(), dtype=tf.resource, name=None)
  2745364727952: TensorSpec(shape=(), dtype=tf.resource, name=None)
  2745364729680: TensorSpec(shape=(), dtype=tf.resource, name=None)
  2745364728336: TensorSpec(shape=(), dtype=tf.resource, name=None)
  2745364728144: TensorSpec(shape=(), dtype=tf.resource, name=None)
  2745364733520: TensorSpec(shape=(), dtype=tf.resource, name=None)
  2745364731600: TensorSpec(shape=(), dtype=tf.resource, name=None)
  2745364736016: TensorSpec(shape=(), dtype=tf.resource, name=None)
  2745364735824: TensorSpec(shape=(), dtype=tf.resource, name=None)
  2745364734864: TensorSpec(shape=(), dtype=tf.resource, name=None)
  2745364734672: TensorSpec(shape=(), dtype=tf.resource, name=None)
  2745364736976: TensorSpec(shape=(), dtype=tf.resource, name=None)
  2745364736784: TensorSpec(shape=(), dtype=tf.resource, name=None)
  2745364737360: TensorSpec(shape=(), dtype=tf.resource, name=None)
  2745364735632: TensorSpec(shape=(), dtype=tf.resource, name=None)
  2745364727376: TensorSpec(shape=(), dtype=tf.resource, name=None)
  2745364727760: TensorSpec(shape=(), dtype=tf.resource, name=None)
  2745364729488: TensorSpec(shape=(), dtype=tf.resource, name=None)
  2745364729296: TensorSpec(shape=(), dtype=tf.resource, name=None)
  2745364727568: TensorSpec(shape=(), dtype=tf.resource, name=None)
  2745364726416: TensorSpec(shape=(), dtype=tf.resource, name=None)
  2745364730448: TensorSpec(shape=(), dtype=tf.resource, name=None)
  2745364730256: TensorSpec(shape=(), dtype=tf.resource, name=None)
  2745364737552: TensorSpec(shape=(), dtype=tf.resource, name=None)
  2745364737744: TensorSpec(shape=(), dtype=tf.resource, name=None)
  2745364738320: TensorSpec(shape=(), dtype=tf.resource, name=None)
  2745364738128: TensorSpec(shape=(), dtype=tf.resource, name=None)
  2745364737936: TensorSpec(shape=(), dtype=tf.resource, name=None)
  2745364726800: TensorSpec(shape=(), dtype=tf.resource, name=None)
  2745364739280: TensorSpec(shape=(), dtype=tf.resource, name=None)
  2745364739088: TensorSpec(shape=(), dtype=tf.resource, name=None)
  2745364739664: TensorSpec(shape=(), dtype=tf.resource, name=None)
  2745364735248: TensorSpec(shape=(), dtype=tf.resource, name=None)
  2745364730640: TensorSpec(shape=(), dtype=tf.resource, name=None)
  2745364730064: TensorSpec(shape=(), dtype=tf.resource, name=None)
  2745364731408: TensorSpec(shape=(), dtype=tf.resource, name=None)
  2745364731216: TensorSpec(shape=(), dtype=tf.resource, name=None)
  2745364731024: TensorSpec(shape=(), dtype=tf.resource, name=None)
  2745364730832: TensorSpec(shape=(), dtype=tf.resource, name=None)
  2745364732368: TensorSpec(shape=(), dtype=tf.resource, name=None)
  2745364732176: TensorSpec(shape=(), dtype=tf.resource, name=None)
  2745364732560: TensorSpec(shape=(), dtype=tf.resource, name=None)
  2745364731984: TensorSpec(shape=(), dtype=tf.resource, name=None)
  2745364733328: TensorSpec(shape=(), dtype=tf.resource, name=None)
  2745364733136: TensorSpec(shape=(), dtype=tf.resource, name=None)
  2745364732944: TensorSpec(shape=(), dtype=tf.resource, name=None)
  2745364732752: TensorSpec(shape=(), dtype=tf.resource, name=None)
  2745364734288: TensorSpec(shape=(), dtype=tf.resource, name=None)
  2745364734096: TensorSpec(shape=(), dtype=tf.resource, name=None)
  2745364739856: TensorSpec(shape=(), dtype=tf.resource, name=None)
  2745364740048: TensorSpec(shape=(), dtype=tf.resource, name=None)
  2745364740624: TensorSpec(shape=(), dtype=tf.resource, name=None)
  2745364740432: TensorSpec(shape=(), dtype=tf.resource, name=None)
  2745364740240: TensorSpec(shape=(), dtype=tf.resource, name=None)
  2745364735440: TensorSpec(shape=(), dtype=tf.resource, name=None)
  2745364741584: TensorSpec(shape=(), dtype=tf.resource, name=None)
  2745364741776: TensorSpec(shape=(), dtype=tf.resource, name=None)
  2745364736208: TensorSpec(shape=(), dtype=tf.resource, name=None)
  2745364740816: TensorSpec(shape=(), dtype=tf.resource, name=None)
  2745364738512: TensorSpec(shape=(), dtype=tf.resource, name=None)
  2745364738896: TensorSpec(shape=(), dtype=tf.resource, name=None)
  2745364741200: TensorSpec(shape=(), dtype=tf.resource, name=None)
  2745364739472: TensorSpec(shape=(), dtype=tf.resource, name=None)
  2745364737168: TensorSpec(shape=(), dtype=tf.resource, name=None)
  2745364741968: TensorSpec(shape=(), dtype=tf.resource, name=None)
  2745348882512: TensorSpec(shape=(), dtype=tf.resource, name=None)
  2745348882896: TensorSpec(shape=(), dtype=tf.resource, name=None)
  2745348884624: TensorSpec(shape=(), dtype=tf.resource, name=None)
  2745348884432: TensorSpec(shape=(), dtype=tf.resource, name=None)
  2745348883280: TensorSpec(shape=(), dtype=tf.resource, name=None)
  2745348884240: TensorSpec(shape=(), dtype=tf.resource, name=None)
  2745348885584: TensorSpec(shape=(), dtype=tf.resource, name=None)
  2745348885392: TensorSpec(shape=(), dtype=tf.resource, name=None)
  2745348885200: TensorSpec(shape=(), dtype=tf.resource, name=None)
  2745348884816: TensorSpec(shape=(), dtype=tf.resource, name=None)
  2745348886544: TensorSpec(shape=(), dtype=tf.resource, name=None)
  2745348886352: TensorSpec(shape=(), dtype=tf.resource, name=None)
  2745348886928: TensorSpec(shape=(), dtype=tf.resource, name=None)
  2745348886736: TensorSpec(shape=(), dtype=tf.resource, name=None)
  2745348887312: TensorSpec(shape=(), dtype=tf.resource, name=None)
  2745348883856: TensorSpec(shape=(), dtype=tf.resource, name=None)
  2745348887696: TensorSpec(shape=(), dtype=tf.resource, name=None)
  2745348883664: TensorSpec(shape=(), dtype=tf.resource, name=None)
  2745348888080: TensorSpec(shape=(), dtype=tf.resource, name=None)
  2745348882704: TensorSpec(shape=(), dtype=tf.resource, name=None)
  2745348883472: TensorSpec(shape=(), dtype=tf.resource, name=None)
  2745348885776: TensorSpec(shape=(), dtype=tf.resource, name=None)
  2745348887888: TensorSpec(shape=(), dtype=tf.resource, name=None)
  2745348886160: TensorSpec(shape=(), dtype=tf.resource, name=None)
  2745348888656: TensorSpec(shape=(), dtype=tf.resource, name=None)
  2745348889232: TensorSpec(shape=(), dtype=tf.resource, name=None)
  2745348889616: TensorSpec(shape=(), dtype=tf.resource, name=None)
  2745348887120: TensorSpec(shape=(), dtype=tf.resource, name=None)
C:\I2I\.venv\Lib\site-packages\tensorflow\lite\python\convert.py:846: UserWarning: Statistics for quantized inputs were expected, but not specified; continuing anyway.
  warnings.warn(
fully_quantize: 0, inference_type: 6, input_inference_type: INT8, output_inference_type: INT8
Exported TFLite model: C:\I2I\seizure_detection\outputs\seizure_model.tflite (282.1 KB)
Saved artifact at 'C:\Users\Test-PC\AppData\Local\Temp\tmp0n6zafbf'. The following endpoints are available:

* Endpoint 'serve'
  args_0 (POSITIONAL_ONLY): List[TensorSpec(shape=(None, 160, 3), dtype=tf.float32, name='primary_input'), TensorSpec(shape=(None, 160, 4), dtype=tf.float32, name='secondary_input')]
Output Type:
  TensorSpec(shape=(None, 1), dtype=tf.float32, name=None)
Captures:
  2745280210768: TensorSpec(shape=(), dtype=tf.resource, name=None)
  2745280210192: TensorSpec(shape=(), dtype=tf.resource, name=None)
  2745226095184: TensorSpec(shape=(), dtype=tf.resource, name=None)
  2745226092688: TensorSpec(shape=(), dtype=tf.resource, name=None)
  2745280207312: TensorSpec(shape=(), dtype=tf.resource, name=None)
  2745280208272: TensorSpec(shape=(), dtype=tf.resource, name=None)
  2745226089808: TensorSpec(shape=(), dtype=tf.resource, name=None)
  2745226087888: TensorSpec(shape=(), dtype=tf.resource, name=None)
  2745280209808: TensorSpec(shape=(), dtype=tf.resource, name=None)
  2745280208464: TensorSpec(shape=(), dtype=tf.resource, name=None)
  2745280212304: TensorSpec(shape=(), dtype=tf.resource, name=None)
  2745280212112: TensorSpec(shape=(), dtype=tf.resource, name=None)
  2745280211152: TensorSpec(shape=(), dtype=tf.resource, name=None)
  2745280210960: TensorSpec(shape=(), dtype=tf.resource, name=None)
  2745280213264: TensorSpec(shape=(), dtype=tf.resource, name=None)
  2745280213072: TensorSpec(shape=(), dtype=tf.resource, name=None)
  2745280213648: TensorSpec(shape=(), dtype=tf.resource, name=None)
  2745280211920: TensorSpec(shape=(), dtype=tf.resource, name=None)
  2745226094800: TensorSpec(shape=(), dtype=tf.resource, name=None)
  2745226095376: TensorSpec(shape=(), dtype=tf.resource, name=None)
  2745226093648: TensorSpec(shape=(), dtype=tf.resource, name=None)
  2745226095568: TensorSpec(shape=(), dtype=tf.resource, name=None)
  2745226088464: TensorSpec(shape=(), dtype=tf.resource, name=None)
  2745226090000: TensorSpec(shape=(), dtype=tf.resource, name=None)
  2745226094032: TensorSpec(shape=(), dtype=tf.resource, name=None)
  2745226094608: TensorSpec(shape=(), dtype=tf.resource, name=None)
  2745280213840: TensorSpec(shape=(), dtype=tf.resource, name=None)
  2745280214032: TensorSpec(shape=(), dtype=tf.resource, name=None)
  2745280214608: TensorSpec(shape=(), dtype=tf.resource, name=None)
  2745280214416: TensorSpec(shape=(), dtype=tf.resource, name=None)
  2745280214224: TensorSpec(shape=(), dtype=tf.resource, name=None)
  2745280207888: TensorSpec(shape=(), dtype=tf.resource, name=None)
  2745280215568: TensorSpec(shape=(), dtype=tf.resource, name=None)
  2745280215376: TensorSpec(shape=(), dtype=tf.resource, name=None)
  2745280215952: TensorSpec(shape=(), dtype=tf.resource, name=None)
  2745280211536: TensorSpec(shape=(), dtype=tf.resource, name=None)
  2745226094992: TensorSpec(shape=(), dtype=tf.resource, name=None)
  2745226087120: TensorSpec(shape=(), dtype=tf.resource, name=None)
  2745226092496: TensorSpec(shape=(), dtype=tf.resource, name=None)
  2745226093840: TensorSpec(shape=(), dtype=tf.resource, name=None)
  2745226085584: TensorSpec(shape=(), dtype=tf.resource, name=None)
  2745226093264: TensorSpec(shape=(), dtype=tf.resource, name=None)
  2745226095952: TensorSpec(shape=(), dtype=tf.resource, name=None)
  2745280208848: TensorSpec(shape=(), dtype=tf.resource, name=None)
  2745280207120: TensorSpec(shape=(), dtype=tf.resource, name=None)
  2745280208080: TensorSpec(shape=(), dtype=tf.resource, name=None)
  2745280209616: TensorSpec(shape=(), dtype=tf.resource, name=None)
  2745280209424: TensorSpec(shape=(), dtype=tf.resource, name=None)
  2745280209232: TensorSpec(shape=(), dtype=tf.resource, name=None)
  2745280209040: TensorSpec(shape=(), dtype=tf.resource, name=None)
  2745280210576: TensorSpec(shape=(), dtype=tf.resource, name=None)
  2745280210384: TensorSpec(shape=(), dtype=tf.resource, name=None)
  2745280216144: TensorSpec(shape=(), dtype=tf.resource, name=None)
  2745280215760: TensorSpec(shape=(), dtype=tf.resource, name=None)
  2745280216720: TensorSpec(shape=(), dtype=tf.resource, name=None)
  2745280214800: TensorSpec(shape=(), dtype=tf.resource, name=None)
  2745280211728: TensorSpec(shape=(), dtype=tf.resource, name=None)
  2745280215184: TensorSpec(shape=(), dtype=tf.resource, name=None)
  2745280212496: TensorSpec(shape=(), dtype=tf.resource, name=None)
  2745280216912: TensorSpec(shape=(), dtype=tf.resource, name=None)
  2745280213456: TensorSpec(shape=(), dtype=tf.resource, name=None)
  2745280216336: TensorSpec(shape=(), dtype=tf.resource, name=None)
  2745280212880: TensorSpec(shape=(), dtype=tf.resource, name=None)
  2745261310608: TensorSpec(shape=(), dtype=tf.resource, name=None)
  2745261310032: TensorSpec(shape=(), dtype=tf.resource, name=None)
  2745261310800: TensorSpec(shape=(), dtype=tf.resource, name=None)
  2745261312528: TensorSpec(shape=(), dtype=tf.resource, name=None)
  2745261312336: TensorSpec(shape=(), dtype=tf.resource, name=None)
  2745261310992: TensorSpec(shape=(), dtype=tf.resource, name=None)
  2745261311376: TensorSpec(shape=(), dtype=tf.resource, name=None)
  2745261313488: TensorSpec(shape=(), dtype=tf.resource, name=None)
  2745261313296: TensorSpec(shape=(), dtype=tf.resource, name=None)
  2745261313104: TensorSpec(shape=(), dtype=tf.resource, name=None)
  2745261311184: TensorSpec(shape=(), dtype=tf.resource, name=None)
  2745261314448: TensorSpec(shape=(), dtype=tf.resource, name=None)
  2745261314256: TensorSpec(shape=(), dtype=tf.resource, name=None)
  2745261314064: TensorSpec(shape=(), dtype=tf.resource, name=None)
  2745261312720: TensorSpec(shape=(), dtype=tf.resource, name=None)
  2745261315408: TensorSpec(shape=(), dtype=tf.resource, name=None)
  2745261315216: TensorSpec(shape=(), dtype=tf.resource, name=None)
  2745261315792: TensorSpec(shape=(), dtype=tf.resource, name=None)
  2745261315600: TensorSpec(shape=(), dtype=tf.resource, name=None)
  2745261316176: TensorSpec(shape=(), dtype=tf.resource, name=None)
  2745261310416: TensorSpec(shape=(), dtype=tf.resource, name=None)
  2745261316560: TensorSpec(shape=(), dtype=tf.resource, name=None)
  2745261311760: TensorSpec(shape=(), dtype=tf.resource, name=None)
  2745261316944: TensorSpec(shape=(), dtype=tf.resource, name=None)
  2745261312144: TensorSpec(shape=(), dtype=tf.resource, name=None)
  2745261311568: TensorSpec(shape=(), dtype=tf.resource, name=None)
  2745261314640: TensorSpec(shape=(), dtype=tf.resource, name=None)
  2745261316752: TensorSpec(shape=(), dtype=tf.resource, name=None)
  2745261315024: TensorSpec(shape=(), dtype=tf.resource, name=None)
  2745261317520: TensorSpec(shape=(), dtype=tf.resource, name=None)
  2745261318096: TensorSpec(shape=(), dtype=tf.resource, name=None)
  2745261318480: TensorSpec(shape=(), dtype=tf.resource, name=None)
  2745261315984: TensorSpec(shape=(), dtype=tf.resource, name=None)
C:\I2I\.venv\Lib\site-packages\tensorflow\lite\python\convert.py:846: UserWarning: Statistics for quantized inputs were expected, but not specified; continuing anyway.
  warnings.warn(
fully_quantize: 0, inference_type: 6, input_inference_type: INT8, output_inference_type: INT8
Exported TFLite model: C:\I2I\seizure_detection\outputs\seizure_model_standard.tflite (278.7 KB)

======================================================================
PIPELINE COMPLETE
======================================================================

Analyzing standard: standard_acc_temp
Saved artifact at 'C:\Users\Test-PC\AppData\Local\Temp\tmpw_zuiv7c'. The following endpoints are available:

* Endpoint 'serve'
  args_0 (POSITIONAL_ONLY): List[TensorSpec(shape=(None, 160, 3), dtype=tf.float32, name='primary_input'), TensorSpec(shape=(None, 160, 4), dtype=tf.float32, name='secondary_input')]
Output Type:
  TensorSpec(shape=(None, 1), dtype=tf.float32, name=None)
Captures:
  2354866293840: TensorSpec(shape=(), dtype=tf.resource, name=None)
  2354866294416: TensorSpec(shape=(), dtype=tf.resource, name=None)
  2354866293264: TensorSpec(shape=(), dtype=tf.resource, name=None)
  2354866293456: TensorSpec(shape=(), dtype=tf.resource, name=None)
  2354863078288: TensorSpec(shape=(), dtype=tf.resource, name=None)
  2354863078672: TensorSpec(shape=(), dtype=tf.resource, name=None)
  2354863078480: TensorSpec(shape=(), dtype=tf.resource, name=None)
  2354863079056: TensorSpec(shape=(), dtype=tf.resource, name=None)
  2354866297296: TensorSpec(shape=(), dtype=tf.resource, name=None)
  2354866297872: TensorSpec(shape=(), dtype=tf.resource, name=None)
  2354866298832: TensorSpec(shape=(), dtype=tf.resource, name=None)
  2354866298640: TensorSpec(shape=(), dtype=tf.resource, name=None)
  2354866295760: TensorSpec(shape=(), dtype=tf.resource, name=None)
  2354866296336: TensorSpec(shape=(), dtype=tf.resource, name=None)
  2354866299792: TensorSpec(shape=(), dtype=tf.resource, name=None)
  2354866299600: TensorSpec(shape=(), dtype=tf.resource, name=None)
  2354866300176: TensorSpec(shape=(), dtype=tf.resource, name=None)
  2354866298448: TensorSpec(shape=(), dtype=tf.resource, name=None)
  2354866294800: TensorSpec(shape=(), dtype=tf.resource, name=None)
  2354866293648: TensorSpec(shape=(), dtype=tf.resource, name=None)
  2354866296720: TensorSpec(shape=(), dtype=tf.resource, name=None)
  2354866296528: TensorSpec(shape=(), dtype=tf.resource, name=None)
  2354866295568: TensorSpec(shape=(), dtype=tf.resource, name=None)
  2354866294608: TensorSpec(shape=(), dtype=tf.resource, name=None)
  2354866297680: TensorSpec(shape=(), dtype=tf.resource, name=None)
  2354866297488: TensorSpec(shape=(), dtype=tf.resource, name=None)
  2354866299984: TensorSpec(shape=(), dtype=tf.resource, name=None)
  2354866299024: TensorSpec(shape=(), dtype=tf.resource, name=None)
  2354866303632: TensorSpec(shape=(), dtype=tf.resource, name=None)
  2354866303440: TensorSpec(shape=(), dtype=tf.resource, name=None)
  2354866298064: TensorSpec(shape=(), dtype=tf.resource, name=None)
  2354866301712: TensorSpec(shape=(), dtype=tf.resource, name=None)
  2354866304592: TensorSpec(shape=(), dtype=tf.resource, name=None)
  2354866304400: TensorSpec(shape=(), dtype=tf.resource, name=None)
  2354866304976: TensorSpec(shape=(), dtype=tf.resource, name=None)
  2354866303248: TensorSpec(shape=(), dtype=tf.resource, name=None)
  2354866300368: TensorSpec(shape=(), dtype=tf.resource, name=None)
  2354866298256: TensorSpec(shape=(), dtype=tf.resource, name=None)
  2354866301136: TensorSpec(shape=(), dtype=tf.resource, name=None)
  2354866300944: TensorSpec(shape=(), dtype=tf.resource, name=None)
  2354866300752: TensorSpec(shape=(), dtype=tf.resource, name=None)
  2354866300560: TensorSpec(shape=(), dtype=tf.resource, name=None)
  2354866302096: TensorSpec(shape=(), dtype=tf.resource, name=None)
  2354866301904: TensorSpec(shape=(), dtype=tf.resource, name=None)
  2354866305168: TensorSpec(shape=(), dtype=tf.resource, name=None)
  2354866290960: TensorSpec(shape=(), dtype=tf.resource, name=None)
  2354866305936: TensorSpec(shape=(), dtype=tf.resource, name=None)
  2354866305744: TensorSpec(shape=(), dtype=tf.resource, name=None)
  2354866305552: TensorSpec(shape=(), dtype=tf.resource, name=None)
  2354866304784: TensorSpec(shape=(), dtype=tf.resource, name=None)
  2354866306704: TensorSpec(shape=(), dtype=tf.resource, name=None)
  2354866303824: TensorSpec(shape=(), dtype=tf.resource, name=None)
  2354866304208: TensorSpec(shape=(), dtype=tf.resource, name=None)
  2354866306896: TensorSpec(shape=(), dtype=tf.resource, name=None)
  2354866306512: TensorSpec(shape=(), dtype=tf.resource, name=None)
  2354866299408: TensorSpec(shape=(), dtype=tf.resource, name=None)
  2354866306128: TensorSpec(shape=(), dtype=tf.resource, name=None)
  2354866302864: TensorSpec(shape=(), dtype=tf.resource, name=None)
  2354866302672: TensorSpec(shape=(), dtype=tf.resource, name=None)
  2354869191696: TensorSpec(shape=(), dtype=tf.resource, name=None)
  2354869192080: TensorSpec(shape=(), dtype=tf.resource, name=None)
  2354869192272: TensorSpec(shape=(), dtype=tf.resource, name=None)
  2354864308304: TensorSpec(shape=(), dtype=tf.resource, name=None)
  2354864309840: TensorSpec(shape=(), dtype=tf.resource, name=None)
  2354866292880: TensorSpec(shape=(), dtype=tf.resource, name=None)
  2354869191888: TensorSpec(shape=(), dtype=tf.resource, name=None)
  2354869193232: TensorSpec(shape=(), dtype=tf.resource, name=None)
  2354869190736: TensorSpec(shape=(), dtype=tf.resource, name=None)
  2354869192848: TensorSpec(shape=(), dtype=tf.resource, name=None)
  2354869191312: TensorSpec(shape=(), dtype=tf.resource, name=None)
  2354869194192: TensorSpec(shape=(), dtype=tf.resource, name=None)
  2354869194000: TensorSpec(shape=(), dtype=tf.resource, name=None)
  2354869193808: TensorSpec(shape=(), dtype=tf.resource, name=None)
  2354869190928: TensorSpec(shape=(), dtype=tf.resource, name=None)
  2354869195152: TensorSpec(shape=(), dtype=tf.resource, name=None)
  2354869194960: TensorSpec(shape=(), dtype=tf.resource, name=None)
  2354869194768: TensorSpec(shape=(), dtype=tf.resource, name=None)
  2354869193424: TensorSpec(shape=(), dtype=tf.resource, name=None)
  2354869196112: TensorSpec(shape=(), dtype=tf.resource, name=None)
  2354869195920: TensorSpec(shape=(), dtype=tf.resource, name=None)
  2354869196496: TensorSpec(shape=(), dtype=tf.resource, name=None)
  2354869196304: TensorSpec(shape=(), dtype=tf.resource, name=None)
  2354869196880: TensorSpec(shape=(), dtype=tf.resource, name=None)
  2354869192656: TensorSpec(shape=(), dtype=tf.resource, name=None)
  2354869197264: TensorSpec(shape=(), dtype=tf.resource, name=None)
  2354869191120: TensorSpec(shape=(), dtype=tf.resource, name=None)
  2354869197648: TensorSpec(shape=(), dtype=tf.resource, name=None)
  2354869192464: TensorSpec(shape=(), dtype=tf.resource, name=None)
  2354864309072: TensorSpec(shape=(), dtype=tf.resource, name=None)
  2354864308688: TensorSpec(shape=(), dtype=tf.resource, name=None)
  2354864310608: TensorSpec(shape=(), dtype=tf.resource, name=None)
  2354864311184: TensorSpec(shape=(), dtype=tf.resource, name=None)
  2354864310416: TensorSpec(shape=(), dtype=tf.resource, name=None)
  2354864311760: TensorSpec(shape=(), dtype=tf.resource, name=None)
  2354864312144: TensorSpec(shape=(), dtype=tf.resource, name=None)
  2354864310800: TensorSpec(shape=(), dtype=tf.resource, name=None)
Saved artifact at 'C:\Users\Test-PC\AppData\Local\Temp\tmp138ephx_'. The following endpoints are available:

* Endpoint 'serve'
  args_0 (POSITIONAL_ONLY): List[TensorSpec(shape=(None, 160, 3), dtype=tf.float32, name='primary_input'), TensorSpec(shape=(None, 160, 4), dtype=tf.float32, name='secondary_input')]
Output Type:
  TensorSpec(shape=(None, 1), dtype=tf.float32, name=None)
Captures:
  2354866293840: TensorSpec(shape=(), dtype=tf.resource, name=None)
  2354866294416: TensorSpec(shape=(), dtype=tf.resource, name=None)
  2354866293264: TensorSpec(shape=(), dtype=tf.resource, name=None)
  2354866293456: TensorSpec(shape=(), dtype=tf.resource, name=None)
  2354863078288: TensorSpec(shape=(), dtype=tf.resource, name=None)
  2354863078672: TensorSpec(shape=(), dtype=tf.resource, name=None)
  2354863078480: TensorSpec(shape=(), dtype=tf.resource, name=None)
  2354863079056: TensorSpec(shape=(), dtype=tf.resource, name=None)
  2354866297296: TensorSpec(shape=(), dtype=tf.resource, name=None)
  2354866297872: TensorSpec(shape=(), dtype=tf.resource, name=None)
  2354866298832: TensorSpec(shape=(), dtype=tf.resource, name=None)
  2354866298640: TensorSpec(shape=(), dtype=tf.resource, name=None)
  2354866295760: TensorSpec(shape=(), dtype=tf.resource, name=None)
  2354866296336: TensorSpec(shape=(), dtype=tf.resource, name=None)
  2354866299792: TensorSpec(shape=(), dtype=tf.resource, name=None)
  2354866299600: TensorSpec(shape=(), dtype=tf.resource, name=None)
  2354866300176: TensorSpec(shape=(), dtype=tf.resource, name=None)
  2354866298448: TensorSpec(shape=(), dtype=tf.resource, name=None)
  2354866294800: TensorSpec(shape=(), dtype=tf.resource, name=None)
  2354866293648: TensorSpec(shape=(), dtype=tf.resource, name=None)
  2354866296720: TensorSpec(shape=(), dtype=tf.resource, name=None)
  2354866296528: TensorSpec(shape=(), dtype=tf.resource, name=None)
  2354866295568: TensorSpec(shape=(), dtype=tf.resource, name=None)
  2354866294608: TensorSpec(shape=(), dtype=tf.resource, name=None)
  2354866297680: TensorSpec(shape=(), dtype=tf.resource, name=None)
  2354866297488: TensorSpec(shape=(), dtype=tf.resource, name=None)
  2354866299984: TensorSpec(shape=(), dtype=tf.resource, name=None)
  2354866299024: TensorSpec(shape=(), dtype=tf.resource, name=None)
  2354866303632: TensorSpec(shape=(), dtype=tf.resource, name=None)
  2354866303440: TensorSpec(shape=(), dtype=tf.resource, name=None)
  2354866298064: TensorSpec(shape=(), dtype=tf.resource, name=None)
  2354866301712: TensorSpec(shape=(), dtype=tf.resource, name=None)
  2354866304592: TensorSpec(shape=(), dtype=tf.resource, name=None)
  2354866304400: TensorSpec(shape=(), dtype=tf.resource, name=None)
  2354866304976: TensorSpec(shape=(), dtype=tf.resource, name=None)
  2354866303248: TensorSpec(shape=(), dtype=tf.resource, name=None)
  2354866300368: TensorSpec(shape=(), dtype=tf.resource, name=None)
  2354866298256: TensorSpec(shape=(), dtype=tf.resource, name=None)
  2354866301136: TensorSpec(shape=(), dtype=tf.resource, name=None)
  2354866300944: TensorSpec(shape=(), dtype=tf.resource, name=None)
  2354866300752: TensorSpec(shape=(), dtype=tf.resource, name=None)
  2354866300560: TensorSpec(shape=(), dtype=tf.resource, name=None)
  2354866302096: TensorSpec(shape=(), dtype=tf.resource, name=None)
  2354866301904: TensorSpec(shape=(), dtype=tf.resource, name=None)
  2354866305168: TensorSpec(shape=(), dtype=tf.resource, name=None)
  2354866290960: TensorSpec(shape=(), dtype=tf.resource, name=None)
  2354866305936: TensorSpec(shape=(), dtype=tf.resource, name=None)
  2354866305744: TensorSpec(shape=(), dtype=tf.resource, name=None)
  2354866305552: TensorSpec(shape=(), dtype=tf.resource, name=None)
  2354866304784: TensorSpec(shape=(), dtype=tf.resource, name=None)
  2354866306704: TensorSpec(shape=(), dtype=tf.resource, name=None)
  2354866303824: TensorSpec(shape=(), dtype=tf.resource, name=None)
  2354866304208: TensorSpec(shape=(), dtype=tf.resource, name=None)
  2354866306896: TensorSpec(shape=(), dtype=tf.resource, name=None)
  2354866306512: TensorSpec(shape=(), dtype=tf.resource, name=None)
  2354866299408: TensorSpec(shape=(), dtype=tf.resource, name=None)
  2354866306128: TensorSpec(shape=(), dtype=tf.resource, name=None)
  2354866302864: TensorSpec(shape=(), dtype=tf.resource, name=None)
  2354866302672: TensorSpec(shape=(), dtype=tf.resource, name=None)
  2354869191696: TensorSpec(shape=(), dtype=tf.resource, name=None)
  2354869192080: TensorSpec(shape=(), dtype=tf.resource, name=None)
  2354869192272: TensorSpec(shape=(), dtype=tf.resource, name=None)
  2354864308304: TensorSpec(shape=(), dtype=tf.resource, name=None)
  2354864309840: TensorSpec(shape=(), dtype=tf.resource, name=None)
  2354866292880: TensorSpec(shape=(), dtype=tf.resource, name=None)
  2354869191888: TensorSpec(shape=(), dtype=tf.resource, name=None)
  2354869193232: TensorSpec(shape=(), dtype=tf.resource, name=None)
  2354869190736: TensorSpec(shape=(), dtype=tf.resource, name=None)
  2354869192848: TensorSpec(shape=(), dtype=tf.resource, name=None)
  2354869191312: TensorSpec(shape=(), dtype=tf.resource, name=None)
  2354869194192: TensorSpec(shape=(), dtype=tf.resource, name=None)
  2354869194000: TensorSpec(shape=(), dtype=tf.resource, name=None)
  2354869193808: TensorSpec(shape=(), dtype=tf.resource, name=None)
  2354869190928: TensorSpec(shape=(), dtype=tf.resource, name=None)
  2354869195152: TensorSpec(shape=(), dtype=tf.resource, name=None)
  2354869194960: TensorSpec(shape=(), dtype=tf.resource, name=None)
  2354869194768: TensorSpec(shape=(), dtype=tf.resource, name=None)
  2354869193424: TensorSpec(shape=(), dtype=tf.resource, name=None)
  2354869196112: TensorSpec(shape=(), dtype=tf.resource, name=None)
  2354869195920: TensorSpec(shape=(), dtype=tf.resource, name=None)
  2354869196496: TensorSpec(shape=(), dtype=tf.resource, name=None)
  2354869196304: TensorSpec(shape=(), dtype=tf.resource, name=None)
  2354869196880: TensorSpec(shape=(), dtype=tf.resource, name=None)
  2354869192656: TensorSpec(shape=(), dtype=tf.resource, name=None)
  2354869197264: TensorSpec(shape=(), dtype=tf.resource, name=None)
  2354869191120: TensorSpec(shape=(), dtype=tf.resource, name=None)
  2354869197648: TensorSpec(shape=(), dtype=tf.resource, name=None)
  2354869192464: TensorSpec(shape=(), dtype=tf.resource, name=None)
  2354864309072: TensorSpec(shape=(), dtype=tf.resource, name=None)
  2354864308688: TensorSpec(shape=(), dtype=tf.resource, name=None)
  2354864310608: TensorSpec(shape=(), dtype=tf.resource, name=None)
  2354864311184: TensorSpec(shape=(), dtype=tf.resource, name=None)
  2354864310416: TensorSpec(shape=(), dtype=tf.resource, name=None)
  2354864311760: TensorSpec(shape=(), dtype=tf.resource, name=None)
  2354864312144: TensorSpec(shape=(), dtype=tf.resource, name=None)
  2354864310800: TensorSpec(shape=(), dtype=tf.resource, name=None)
C:\I2I\.venv\Lib\site-packages\tensorflow\lite\python\interpreter.py:457: UserWarning:     Warning: tf.lite.Interpreter is deprecated and is scheduled for deletion in
    TF 2.20. Please use the LiteRT interpreter from the ai_edge_litert package.
    See the [migration guide](https://ai.google.dev/edge/litert/migration)
    for details.
    
  warnings.warn(_INTERPRETER_DELETION_WARNING)
  float32: 661.7 KB, ops=145, tensor_proxy=987.5 KB, p50=0.8145 ms
  dynamic_range: 244.1 KB, ops=145, tensor_proxy=539.2 KB, p50=1.7272 ms
  calibrated_existing: 278.7 KB, ops=150, tensor_proxy=262.3 KB, p50=17.8310 ms

Analyzing pro: pro_full_bvp_hr_eda_temp
Saved artifact at 'C:\Users\Test-PC\AppData\Local\Temp\tmpas87072z'. The following endpoints are available:

* Endpoint 'serve'
  args_0 (POSITIONAL_ONLY): List[TensorSpec(shape=(None, 160, 3), dtype=tf.float32, name='primary_input'), TensorSpec(shape=(None, 160, 4), dtype=tf.float32, name='secondary_input')]
Output Type:
  TensorSpec(shape=(None, 1), dtype=tf.float32, name=None)
Captures:
  2354939059024: TensorSpec(shape=(), dtype=tf.resource, name=None)
  2354939068048: TensorSpec(shape=(), dtype=tf.resource, name=None)
  2354939062672: TensorSpec(shape=(), dtype=tf.resource, name=None)
  2354939064784: TensorSpec(shape=(), dtype=tf.resource, name=None)
  2354939060560: TensorSpec(shape=(), dtype=tf.resource, name=None)
  2354939060176: TensorSpec(shape=(), dtype=tf.resource, name=None)
  2354939059600: TensorSpec(shape=(), dtype=tf.resource, name=None)
  2354939059984: TensorSpec(shape=(), dtype=tf.resource, name=None)
  2354939065552: TensorSpec(shape=(), dtype=tf.resource, name=None)
  2354939059792: TensorSpec(shape=(), dtype=tf.resource, name=None)
  2354939063440: TensorSpec(shape=(), dtype=tf.resource, name=None)
  2354939064016: TensorSpec(shape=(), dtype=tf.resource, name=None)
  2354869845648: TensorSpec(shape=(), dtype=tf.resource, name=None)
  2354869842576: TensorSpec(shape=(), dtype=tf.resource, name=None)
  2354869845840: TensorSpec(shape=(), dtype=tf.resource, name=None)
  2354869844880: TensorSpec(shape=(), dtype=tf.resource, name=None)
  2354869839888: TensorSpec(shape=(), dtype=tf.resource, name=None)
  2354869843344: TensorSpec(shape=(), dtype=tf.resource, name=None)
  2354939065744: TensorSpec(shape=(), dtype=tf.resource, name=None)
  2354939061712: TensorSpec(shape=(), dtype=tf.resource, name=None)
  2354939065168: TensorSpec(shape=(), dtype=tf.resource, name=None)
  2354939065360: TensorSpec(shape=(), dtype=tf.resource, name=None)
  2354939060368: TensorSpec(shape=(), dtype=tf.resource, name=None)
  2354939067472: TensorSpec(shape=(), dtype=tf.resource, name=None)
  2354939065936: TensorSpec(shape=(), dtype=tf.resource, name=None)
  2354939066320: TensorSpec(shape=(), dtype=tf.resource, name=None)
  2354869832976: TensorSpec(shape=(), dtype=tf.resource, name=None)
  2354869831440: TensorSpec(shape=(), dtype=tf.resource, name=None)
  2354869831248: TensorSpec(shape=(), dtype=tf.resource, name=None)
  2354869830096: TensorSpec(shape=(), dtype=tf.resource, name=None)
  2354869832784: TensorSpec(shape=(), dtype=tf.resource, name=None)
  2354869843728: TensorSpec(shape=(), dtype=tf.resource, name=None)
  2354869833168: TensorSpec(shape=(), dtype=tf.resource, name=None)
  2354869833936: TensorSpec(shape=(), dtype=tf.resource, name=None)
  2354869832400: TensorSpec(shape=(), dtype=tf.resource, name=None)
  2354869834896: TensorSpec(shape=(), dtype=tf.resource, name=None)
  2354869840464: TensorSpec(shape=(), dtype=tf.resource, name=None)
  2354869834320: TensorSpec(shape=(), dtype=tf.resource, name=None)
  2354869842192: TensorSpec(shape=(), dtype=tf.resource, name=None)
  2354869842000: TensorSpec(shape=(), dtype=tf.resource, name=None)
  2354869842960: TensorSpec(shape=(), dtype=tf.resource, name=None)
  2354869843152: TensorSpec(shape=(), dtype=tf.resource, name=None)
  2354869829712: TensorSpec(shape=(), dtype=tf.resource, name=None)
  2354869832208: TensorSpec(shape=(), dtype=tf.resource, name=None)
  2354869831824: TensorSpec(shape=(), dtype=tf.resource, name=None)
  2354869843920: TensorSpec(shape=(), dtype=tf.resource, name=None)
  2354869830672: TensorSpec(shape=(), dtype=tf.resource, name=None)
  2354869830864: TensorSpec(shape=(), dtype=tf.resource, name=None)
  2354869830480: TensorSpec(shape=(), dtype=tf.resource, name=None)
  2354869832592: TensorSpec(shape=(), dtype=tf.resource, name=None)
  2354869837200: TensorSpec(shape=(), dtype=tf.resource, name=None)
  2354869832016: TensorSpec(shape=(), dtype=tf.resource, name=None)
  2354869831632: TensorSpec(shape=(), dtype=tf.resource, name=None)
  2354869841040: TensorSpec(shape=(), dtype=tf.resource, name=None)
  2354869841232: TensorSpec(shape=(), dtype=tf.resource, name=None)
  2354869833552: TensorSpec(shape=(), dtype=tf.resource, name=None)
  2354977962512: TensorSpec(shape=(), dtype=tf.resource, name=None)
  2354977963472: TensorSpec(shape=(), dtype=tf.resource, name=None)
  2354977962128: TensorSpec(shape=(), dtype=tf.resource, name=None)
  2354977962320: TensorSpec(shape=(), dtype=tf.resource, name=None)
  2354977961744: TensorSpec(shape=(), dtype=tf.resource, name=None)
  2354977963664: TensorSpec(shape=(), dtype=tf.resource, name=None)
  2354939061136: TensorSpec(shape=(), dtype=tf.resource, name=None)
  2354939060944: TensorSpec(shape=(), dtype=tf.resource, name=None)
  2354977963280: TensorSpec(shape=(), dtype=tf.resource, name=None)
  2354977962896: TensorSpec(shape=(), dtype=tf.resource, name=None)
  2354977960784: TensorSpec(shape=(), dtype=tf.resource, name=None)
  2354977960976: TensorSpec(shape=(), dtype=tf.resource, name=None)
  2354977961168: TensorSpec(shape=(), dtype=tf.resource, name=None)
  2354977961552: TensorSpec(shape=(), dtype=tf.resource, name=None)
  2354977959440: TensorSpec(shape=(), dtype=tf.resource, name=None)
  2354977959632: TensorSpec(shape=(), dtype=tf.resource, name=None)
  2354977959824: TensorSpec(shape=(), dtype=tf.resource, name=None)
  2354977963856: TensorSpec(shape=(), dtype=tf.resource, name=None)
  2354977958480: TensorSpec(shape=(), dtype=tf.resource, name=None)
  2354977958672: TensorSpec(shape=(), dtype=tf.resource, name=None)
  2354977958864: TensorSpec(shape=(), dtype=tf.resource, name=None)
  2354977960208: TensorSpec(shape=(), dtype=tf.resource, name=None)
  2354977957520: TensorSpec(shape=(), dtype=tf.resource, name=None)
  2354977957712: TensorSpec(shape=(), dtype=tf.resource, name=None)
  2354977957904: TensorSpec(shape=(), dtype=tf.resource, name=None)
  2354977956752: TensorSpec(shape=(), dtype=tf.resource, name=None)
  2354977959248: TensorSpec(shape=(), dtype=tf.resource, name=None)
  2354977957328: TensorSpec(shape=(), dtype=tf.resource, name=None)
  2354977962704: TensorSpec(shape=(), dtype=tf.resource, name=None)
  2354977956944: TensorSpec(shape=(), dtype=tf.resource, name=None)
  2354977963088: TensorSpec(shape=(), dtype=tf.resource, name=None)
  2354977958288: TensorSpec(shape=(), dtype=tf.resource, name=None)
  2354939061328: TensorSpec(shape=(), dtype=tf.resource, name=None)
  2354939061520: TensorSpec(shape=(), dtype=tf.resource, name=None)
  2354939059408: TensorSpec(shape=(), dtype=tf.resource, name=None)
  2354939061904: TensorSpec(shape=(), dtype=tf.resource, name=None)
  2354939060752: TensorSpec(shape=(), dtype=tf.resource, name=None)
  2354939062864: TensorSpec(shape=(), dtype=tf.resource, name=None)
  2354939063056: TensorSpec(shape=(), dtype=tf.resource, name=None)
  2354939058448: TensorSpec(shape=(), dtype=tf.resource, name=None)
Saved artifact at 'C:\Users\Test-PC\AppData\Local\Temp\tmpyede636w'. The following endpoints are available:

* Endpoint 'serve'
  args_0 (POSITIONAL_ONLY): List[TensorSpec(shape=(None, 160, 3), dtype=tf.float32, name='primary_input'), TensorSpec(shape=(None, 160, 4), dtype=tf.float32, name='secondary_input')]
Output Type:
  TensorSpec(shape=(None, 1), dtype=tf.float32, name=None)
Captures:
  2354939059024: TensorSpec(shape=(), dtype=tf.resource, name=None)
  2354939068048: TensorSpec(shape=(), dtype=tf.resource, name=None)
  2354939062672: TensorSpec(shape=(), dtype=tf.resource, name=None)
  2354939064784: TensorSpec(shape=(), dtype=tf.resource, name=None)
  2354939060560: TensorSpec(shape=(), dtype=tf.resource, name=None)
  2354939060176: TensorSpec(shape=(), dtype=tf.resource, name=None)
  2354939059600: TensorSpec(shape=(), dtype=tf.resource, name=None)
  2354939059984: TensorSpec(shape=(), dtype=tf.resource, name=None)
  2354939065552: TensorSpec(shape=(), dtype=tf.resource, name=None)
  2354939059792: TensorSpec(shape=(), dtype=tf.resource, name=None)
  2354939063440: TensorSpec(shape=(), dtype=tf.resource, name=None)
  2354939064016: TensorSpec(shape=(), dtype=tf.resource, name=None)
  2354869845648: TensorSpec(shape=(), dtype=tf.resource, name=None)
  2354869842576: TensorSpec(shape=(), dtype=tf.resource, name=None)
  2354869845840: TensorSpec(shape=(), dtype=tf.resource, name=None)
  2354869844880: TensorSpec(shape=(), dtype=tf.resource, name=None)
  2354869839888: TensorSpec(shape=(), dtype=tf.resource, name=None)
  2354869843344: TensorSpec(shape=(), dtype=tf.resource, name=None)
  2354939065744: TensorSpec(shape=(), dtype=tf.resource, name=None)
  2354939061712: TensorSpec(shape=(), dtype=tf.resource, name=None)
  2354939065168: TensorSpec(shape=(), dtype=tf.resource, name=None)
  2354939065360: TensorSpec(shape=(), dtype=tf.resource, name=None)
  2354939060368: TensorSpec(shape=(), dtype=tf.resource, name=None)
  2354939067472: TensorSpec(shape=(), dtype=tf.resource, name=None)
  2354939065936: TensorSpec(shape=(), dtype=tf.resource, name=None)
  2354939066320: TensorSpec(shape=(), dtype=tf.resource, name=None)
  2354869832976: TensorSpec(shape=(), dtype=tf.resource, name=None)
  2354869831440: TensorSpec(shape=(), dtype=tf.resource, name=None)
  2354869831248: TensorSpec(shape=(), dtype=tf.resource, name=None)
  2354869830096: TensorSpec(shape=(), dtype=tf.resource, name=None)
  2354869832784: TensorSpec(shape=(), dtype=tf.resource, name=None)
  2354869843728: TensorSpec(shape=(), dtype=tf.resource, name=None)
  2354869833168: TensorSpec(shape=(), dtype=tf.resource, name=None)
  2354869833936: TensorSpec(shape=(), dtype=tf.resource, name=None)
  2354869832400: TensorSpec(shape=(), dtype=tf.resource, name=None)
  2354869834896: TensorSpec(shape=(), dtype=tf.resource, name=None)
  2354869840464: TensorSpec(shape=(), dtype=tf.resource, name=None)
  2354869834320: TensorSpec(shape=(), dtype=tf.resource, name=None)
  2354869842192: TensorSpec(shape=(), dtype=tf.resource, name=None)
  2354869842000: TensorSpec(shape=(), dtype=tf.resource, name=None)
  2354869842960: TensorSpec(shape=(), dtype=tf.resource, name=None)
  2354869843152: TensorSpec(shape=(), dtype=tf.resource, name=None)
  2354869829712: TensorSpec(shape=(), dtype=tf.resource, name=None)
  2354869832208: TensorSpec(shape=(), dtype=tf.resource, name=None)
  2354869831824: TensorSpec(shape=(), dtype=tf.resource, name=None)
  2354869843920: TensorSpec(shape=(), dtype=tf.resource, name=None)
  2354869830672: TensorSpec(shape=(), dtype=tf.resource, name=None)
  2354869830864: TensorSpec(shape=(), dtype=tf.resource, name=None)
  2354869830480: TensorSpec(shape=(), dtype=tf.resource, name=None)
  2354869832592: TensorSpec(shape=(), dtype=tf.resource, name=None)
  2354869837200: TensorSpec(shape=(), dtype=tf.resource, name=None)
  2354869832016: TensorSpec(shape=(), dtype=tf.resource, name=None)
  2354869831632: TensorSpec(shape=(), dtype=tf.resource, name=None)
  2354869841040: TensorSpec(shape=(), dtype=tf.resource, name=None)
  2354869841232: TensorSpec(shape=(), dtype=tf.resource, name=None)
  2354869833552: TensorSpec(shape=(), dtype=tf.resource, name=None)
  2354977962512: TensorSpec(shape=(), dtype=tf.resource, name=None)
  2354977963472: TensorSpec(shape=(), dtype=tf.resource, name=None)
  2354977962128: TensorSpec(shape=(), dtype=tf.resource, name=None)
  2354977962320: TensorSpec(shape=(), dtype=tf.resource, name=None)
  2354977961744: TensorSpec(shape=(), dtype=tf.resource, name=None)
  2354977963664: TensorSpec(shape=(), dtype=tf.resource, name=None)
  2354939061136: TensorSpec(shape=(), dtype=tf.resource, name=None)
  2354939060944: TensorSpec(shape=(), dtype=tf.resource, name=None)
  2354977963280: TensorSpec(shape=(), dtype=tf.resource, name=None)
  2354977962896: TensorSpec(shape=(), dtype=tf.resource, name=None)
  2354977960784: TensorSpec(shape=(), dtype=tf.resource, name=None)
  2354977960976: TensorSpec(shape=(), dtype=tf.resource, name=None)
  2354977961168: TensorSpec(shape=(), dtype=tf.resource, name=None)
  2354977961552: TensorSpec(shape=(), dtype=tf.resource, name=None)
  2354977959440: TensorSpec(shape=(), dtype=tf.resource, name=None)
  2354977959632: TensorSpec(shape=(), dtype=tf.resource, name=None)
  2354977959824: TensorSpec(shape=(), dtype=tf.resource, name=None)
  2354977963856: TensorSpec(shape=(), dtype=tf.resource, name=None)
  2354977958480: TensorSpec(shape=(), dtype=tf.resource, name=None)
  2354977958672: TensorSpec(shape=(), dtype=tf.resource, name=None)
  2354977958864: TensorSpec(shape=(), dtype=tf.resource, name=None)
  2354977960208: TensorSpec(shape=(), dtype=tf.resource, name=None)
  2354977957520: TensorSpec(shape=(), dtype=tf.resource, name=None)
  2354977957712: TensorSpec(shape=(), dtype=tf.resource, name=None)
  2354977957904: TensorSpec(shape=(), dtype=tf.resource, name=None)
  2354977956752: TensorSpec(shape=(), dtype=tf.resource, name=None)
  2354977959248: TensorSpec(shape=(), dtype=tf.resource, name=None)
  2354977957328: TensorSpec(shape=(), dtype=tf.resource, name=None)
  2354977962704: TensorSpec(shape=(), dtype=tf.resource, name=None)
  2354977956944: TensorSpec(shape=(), dtype=tf.resource, name=None)
  2354977963088: TensorSpec(shape=(), dtype=tf.resource, name=None)
  2354977958288: TensorSpec(shape=(), dtype=tf.resource, name=None)
  2354939061328: TensorSpec(shape=(), dtype=tf.resource, name=None)
  2354939061520: TensorSpec(shape=(), dtype=tf.resource, name=None)
  2354939059408: TensorSpec(shape=(), dtype=tf.resource, name=None)
  2354939061904: TensorSpec(shape=(), dtype=tf.resource, name=None)
  2354939060752: TensorSpec(shape=(), dtype=tf.resource, name=None)
  2354939062864: TensorSpec(shape=(), dtype=tf.resource, name=None)
  2354939063056: TensorSpec(shape=(), dtype=tf.resource, name=None)
  2354939058448: TensorSpec(shape=(), dtype=tf.resource, name=None)
C:\I2I\.venv\Lib\site-packages\tensorflow\lite\python\interpreter.py:457: UserWarning:     Warning: tf.lite.Interpreter is deprecated and is scheduled for deletion in
    TF 2.20. Please use the LiteRT interpreter from the ai_edge_litert package.
    See the [migration guide](https://ai.google.dev/edge/litert/migration)
    for details.
    
  warnings.warn(_INTERPRETER_DELETION_WARNING)
  float32: 663.4 KB, ops=145, tensor_proxy=988.1 KB, p50=0.7906 ms
  dynamic_range: 245.8 KB, ops=145, tensor_proxy=539.8 KB, p50=2.8451 ms
  calibrated_existing: 282.1 KB, ops=150, tensor_proxy=262.9 KB, p50=10.0897 ms

Saved edge feasibility report: C:\I2I\seizure_detection\outputs\edge_feasibility\edge_feasibility_report.json
Saved edge feasibility summary: C:\I2I\seizure_detection\outputs\edge_feasibility\EDGE_FEASIBILITY_SUMMARY.md
C:\I2I\seizure_detection\outputs\tsmixer_experiments\TSMIXER_EXPERIMENT_SUMMARY.md
