Experiment: patch8_base_temp_boost_ppg_eda
Description: Recommendation-style split: ACC+TEMP baseline stream, BVP+HR+EDA booster stream.
Started: 2026-07-04T04:49:19
Max sessions: 146
Epochs: 24
Batch size: 64
======================================================================
SEIZURE DETECTION PIPELINE - Full Training Run
======================================================================
Timestamp: 2026-07-04T04:49:25.844018
Base path: C:\I2I
Output directory: C:\I2I\seizure_detection\outputs
GPU available: False

======================================================================
PHASE 1: Data Health Check
======================================================================
======================================================================
DEEP DATA ANALYSIS - Empatica E4 Seizure Detection Dataset
======================================================================

Label policy: patient .txt files are parsed as seizure onsets; offset = onset + 300s and overlapping intervals are merged with gap <= 0s (override with SEIZURE_DURATION_SECONDS and SEIZURE_MERGE_GAP_SECONDS).
Phase 1 duration policy: fast header-only scan using 129600s conservative session span; Phase 2 uses actual selected-session samples.

Loaded Phase 1 metadata cache: C:\I2I\seizure_detection\outputs\cache\phase1_health_bd85af037075ec6cbaad3b79c4c28991e9a66a6b96cf8987cc0bebafcd54e067.json

======================================================================
GLOBAL SUMMARY
======================================================================
  Patients: 5
  Total sessions: 1119
  Valid sessions: 1118
  Estimated recording: 40248.0 hours
  Total raw seizure onset rows: 373
  Total merged seizure episodes: 350

  Sessions with possible seizure overlap: 283

======================================================================
PHASE 2: Data Generator
======================================================================

Smart session selection:
  Total sessions: 1118
  Sessions with actual seizure overlap: 214
  Sessions without actual seizure overlap: 904
  Selected: 146 sessions
Found 146 selected valid sessions
Using 146 sessions (max: 146)
Batch size: 64, Epochs: 24, Window: 160 samples (5.0s), Stride: 160 samples (5.0s)

Patient-held-out splits:
  Train: 121 sessions (91 with seizures)
  Val: 11 sessions (6 with seizures)
  Test: 14 sessions (5 with seizures)

Split audit:
  Train: 121 sessions, 91 seizure sessions, 127 seizure episodes | patients: Mayo_1876:23, Mayo_1904:19, Mayo_1965:79
  Val: 11 sessions, 6 seizure sessions, 7 seizure episodes | patients: Mayo_1869:11
  Test: 14 sessions, 5 seizure sessions, 6 seizure episodes | patients: Mayo_1110:14

Building train split from 121 held-out sessions...

Preparing dataset from 121 sessions...
  Using 7 CPU cores for parallel processing
  Window size: 160, Stride: 160
  [1/121] 1590830169_A025A1: 16324 windows, 61 seizure | ETA: 60.1 min
  [2/121] 1596347269_A025A1: 17558 windows, 61 seizure | ETA: 30.8 min
  [3/121] 1595998432_A025A1: 17750 windows, 122 seizure | ETA: 20.6 min
  [4/121] 1604152715_A02848: 21802 windows, 61 seizure | ETA: 16.6 min
  [5/121] 1608125010_A01BFB: 24396 windows, 122 seizure | ETA: 13.8 min
  [6/121] 1588477070_A02848: 25836 windows, 122 seizure | ETA: 11.6 min
  [7/121] 1601017833_A025F0: 17153 windows, 61 seizure | ETA: 11.3 min
  [8/121] 1603258954_A025F0: 15844 windows, 61 seizure | ETA: 9.9 min
  [9/121] 1591753553_A029FA: 33956 windows, 61 seizure | ETA: 8.8 min
  [10/121] 1599900171_A025F0: 14622 windows, 0 seizure | ETA: 8.4 min
  [11/121] 1598076920_A025A1: 18428 windows, 183 seizure | ETA: 7.7 min
  [12/121] 1607843408_A025E5: 16804 windows, 0 seizure | ETA: 7.2 min
  [13/121] 1578665811_A029FA: 9164 windows, 0 seizure | ETA: 6.7 min
  [14/121] 1596988315_A01BFB: 27732 windows, 133 seizure | ETA: 6.3 min
  [15/121] 1583216644_A025F0: 15385 windows, 61 seizure | ETA: 6.1 min
  [16/121] 1580626517_A025F0: 17580 windows, 61 seizure | ETA: 5.7 min
  [17/121] 1606201290_A025F0: 17711 windows, 61 seizure | ETA: 5.8 min
  [18/121] 1587088014_A02535: 17941 windows, 126 seizure | ETA: 5.5 min
  [19/121] 1595314316_A025A1: 15662 windows, 61 seizure | ETA: 5.2 min
  [20/121] 1581213160_A029FA: 17436 windows, 0 seizure | ETA: 5.0 min
  [21/121] 1593683074_A025F0: 15261 windows, 0 seizure | ETA: 4.7 min
  [22/121] 1594541122_A025F0: 15843 windows, 61 seizure | ETA: 4.6 min
  [23/121] 1585031716_A025A1: 16794 windows, 61 seizure | ETA: 4.5 min
  [24/121] 1583473469_A025A1: 15001 windows, 0 seizure | ETA: 4.6 min
  [25/121] 1583467594_A029FA: 17907 windows, 0 seizure | ETA: 4.4 min
  [26/121] 1593761527_A025A1: 17852 windows, 61 seizure | ETA: 4.2 min
  [27/121] 1597378534_A02535: 17553 windows, 0 seizure | ETA: 4.1 min
  [28/121] 1582008418_A025F0: 16510 windows, 122 seizure | ETA: 4.0 min
  [29/121] 1581171517_A02535: 8192 windows, 61 seizure | ETA: 3.9 min
  [30/121] 1587195314_A025F0: 17481 windows, 137 seizure | ETA: 3.8 min
  [31/121] 1590674273_A01BFB: 28212 windows, 0 seizure | ETA: 3.7 min
  [32/121] 1589007474_A025A1: 17316 windows, 61 seizure | ETA: 3.7 min
  [33/121] 1592299268_A025F0: 14799 windows, 61 seizure | ETA: 3.7 min
  [34/121] 1589789830_A025A1: 17711 windows, 61 seizure | ETA: 3.6 min
  [35/121] 1593881410_A025F0: 10196 windows, 61 seizure | ETA: 3.5 min
  [36/121] 1589880109_A025F0: 17069 windows, 61 seizure | ETA: 3.4 min
  [37/121] 1594886822_A025F0: 16636 windows, 122 seizure | ETA: 3.3 min
  [38/121] 1600990297_A01BFB: 25396 windows, 0 seizure | ETA: 3.2 min
  [39/121] 1584605731_A025F0: 16653 windows, 61 seizure | ETA: 3.2 min
  [40/121] 1586229192_A02535: 17033 windows, 61 seizure | ETA: 3.2 min
  [41/121] 1606805633_A025E5: 17584 windows, 61 seizure | ETA: 3.1 min
  [42/121] 1582780944_A025A1: 17111 windows, 183 seizure | ETA: 3.0 min
  [43/121] 1595663031_A025A1: 17537 windows, 61 seizure | ETA: 2.9 min
  [44/121] 1581391207_A029FA: 16869 windows, 61 seizure | ETA: 2.8 min
  [45/121] 1604412736_A02848: 21690 windows, 0 seizure | ETA: 2.8 min
  [46/121] 1583776231_A025F0: 8000 windows, 61 seizure | ETA: 2.8 min
  [47/121] 1582441279_A025A1: 16958 windows, 122 seizure | ETA: 2.7 min
  [48/121] 1585992602_A025F0: 17250 windows, 61 seizure | ETA: 2.7 min
  [49/121] 1590309745_A025A1: 17264 windows, 183 seizure | ETA: 2.7 min
  [50/121] 1582682579_A02535: 18335 windows, 61 seizure | ETA: 2.6 min
  [51/121] 1595875340_A02848: 24912 windows, 61 seizure | ETA: 2.5 min
  [52/121] 1579484980_A029FA: 17550 windows, 0 seizure | ETA: 2.5 min
  [53/121] 1582349882_A025F0: 17777 windows, 61 seizure | ETA: 2.4 min
  [54/121] 1598423827_A025A1: 16974 windows, 61 seizure | ETA: 2.4 min
  [55/121] 1595236110_A025F0: 14912 windows, 183 seizure | ETA: 2.4 min
  [56/121] 1579181856_A02848: 30568 windows, 0 seizure | ETA: 2.4 min
  [57/121] 1591771304_A025F0: 19209 windows, 122 seizure | ETA: 2.3 min
  [58/121] 1592981638_A025F0: 17996 windows, 183 seizure | ETA: 2.2 min
  [59/121] 1581489441_A025F0: 16789 windows, 61 seizure | ETA: 2.2 min
  [60/121] 1598169432_A025F0: 16690 windows, 183 seizure | ETA: 2.1 min
  [61/121] 1603685342_A025E5: 18154 windows, 0 seizure | ETA: 2.1 min
  [62/121] 1596091429_A025F0: 15767 windows, 61 seizure | ETA: 2.1 min
  [63/121] 1581997924_A02535: 16041 windows, 61 seizure | ETA: 2.1 min
  [64/121] 1583636745_A029FA: 17377 windows, 0 seizure | ETA: 2.0 min
  [65/121] 1583044016_A025F0: 16931 windows, 61 seizure | ETA: 2.0 min
  [66/121] 1603432975_A025F0: 18237 windows, 61 seizure | ETA: 1.9 min
  [67/121] 1581123746_A02848: 28844 windows, 0 seizure | ETA: 1.9 min
  [68/121] 1583392379_A025F0: 15535 windows, 61 seizure | ETA: 1.8 min
  [69/121] 1579243712_A025F0: 17901 windows, 61 seizure | ETA: 1.8 min
  [70/121] 1582703193_A025F0: 15110 windows, 61 seizure | ETA: 1.8 min
  [71/121] 1582864260_A02535: 17195 windows, 61 seizure | ETA: 1.8 min
  [72/121] 1585279099_A029FA: 15806 windows, 0 seizure | ETA: 1.7 min
  [73/121] 1584710698_A01BFB: 28408 windows, 78 seizure | ETA: 1.7 min
  [74/121] 1588658891_A025A1: 18303 windows, 122 seizure | ETA: 1.6 min
  [75/121] 1592087235_A025F0: 26940 windows, 122 seizure | ETA: 1.6 min
  [76/121] 1599199817_A025F0: 16828 windows, 0 seizure | ETA: 1.6 min
  [77/121] 1590658026_A025A1: 15591 windows, 61 seizure | ETA: 1.5 min
  [78/121] 1583905710_A025F0: 18178 windows, 61 seizure | ETA: 1.5 min
  [79/121] 1582616485_A025A1: 16963 windows, 122 seizure | ETA: 1.4 min
  [80/121] 1582966919_A025A1: 15070 windows, 61 seizure | ETA: 1.4 min
  [81/121] 1582166589_A02535: 16605 windows, 0 seizure | ETA: 1.4 min
  [82/121] 1594972279_A025A1: 17489 windows, 61 seizure | ETA: 1.3 min
  [83/121] 1578466440_A025F0: 16866 windows, 61 seizure | ETA: 1.3 min
  [84/121] 1584953835_A025F0: 15223 windows, 61 seizure | ETA: 1.3 min
  [85/121] 1579502836_A025A1: 16213 windows, 122 seizure | ETA: 1.2 min
  [86/121] 1606660855_A01BFB: 23172 windows, 0 seizure | ETA: 1.2 min
  [87/121] 1588579608_A025F0: 15591 windows, 183 seizure | ETA: 1.2 min
  [88/121] 1583818582_A025A1: 17114 windows, 61 seizure | ETA: 1.1 min
  [89/121] 1607584153_A025F0: 17880 windows, 0 seizure | ETA: 1.1 min
  [90/121] 1592962342_A01BFB: 28136 windows, 0 seizure | ETA: 1.1 min
  [91/121] 1588434973_A025F0: 10664 windows, 61 seizure | ETA: 1.0 min
  [92/121] 1597734739_A025A1: 16124 windows, 61 seizure | ETA: 1.0 min
  [93/121] 1609218461_A02848: 20468 windows, 0 seizure | ETA: 0.9 min
  [94/121] 1584931760_A029FA: 16067 windows, 122 seizure | ETA: 0.9 min
  [95/121] 1606114780_A025E5: 16767 windows, 61 seizure | ETA: 0.9 min
  [96/121] 1585331854_A025F0: 8937 windows, 61 seizure | ETA: 0.8 min
  [97/121] 1589525188_A025F0: 17681 windows, 61 seizure | ETA: 0.8 min
  [98/121] 1578902515_A025F0: 15102 windows, 122 seizure | ETA: 0.8 min
  [99/121] 1590398471_A025F0: 17320 windows, 122 seizure | ETA: 0.7 min
  [100/121] 1579837199_A029FA: 17923 windows, 0 seizure | ETA: 0.7 min
  [101/121] 1597897617_A025A1: 17806 windows, 61 seizure | ETA: 0.7 min
  [102/121] 1582264212_A025A1: 16669 windows, 122 seizure | ETA: 0.6 min
  [103/121] 1581048106_A029FA: 16970 windows, 122 seizure | ETA: 0.6 min
  [104/121] 1602343565_A025F0: 11161 windows, 61 seizure | ETA: 0.6 min
  [105/121] 1592791652_A029FA: 17297 windows, 0 seizure | ETA: 0.5 min
  [106/121] 1591586847_A029FA: 16274 windows, 0 seizure | ETA: 0.5 min
  [107/121] 1581427108_A02848: 28712 windows, 61 seizure | ETA: 0.5 min
  [108/121] 1588490285_A025A1: 17507 windows, 122 seizure | ETA: 0.4 min
  [109/121] 1586987656_A02848: 26580 windows, 0 seizure | ETA: 0.4 min
  [110/121] 1585819645_A025F0: 16723 windows, 61 seizure | ETA: 0.4 min
  [111/121] 1608886766_A025E5: 14279 windows, 61 seizure | ETA: 0.3 min
  [112/121] 1601790363_A025F0: 17180 windows, 61 seizure | ETA: 0.3 min
  [113/121] 1588391039_A029FA: 16506 windows, 61 seizure | ETA: 0.3 min
  [114/121] 1586850331_A025F0: 17854 windows, 122 seizure | ETA: 0.2 min
  [115/121] 1592814741_A025F0: 15972 windows, 61 seizure | ETA: 0.2 min
  [116/121] 1584237620_A02535: 18328 windows, 61 seizure | ETA: 0.2 min
  [117/121] 1597414021_A02848: 23932 windows, 0 seizure | ETA: 0.1 min
  [118/121] 1580371528_A025A1: 15968 windows, 61 seizure | ETA: 0.1 min
  [119/121] 1585560788_A025A1: 15194 windows, 122 seizure | ETA: 0.1 min
  [120/121] 1589661694_A02848: 25940 windows, 0 seizure | ETA: 0.0 min
  [121/121] 1577894446_A01BFB: 33097 windows, 0 seizure | ETA: 0.0 min

  Completed in 5.3 minutes
  Processed: 121/121 sessions
  Total windows: 2,190,944
  Seizure windows: 7,794
  Normal windows: 2,183,150
  Primary shape: (2190944, 160, 3)
  Secondary shape: (2190944, 160, 4)

Building val split from 11 held-out sessions...

Preparing dataset from 11 sessions...
  Using 7 CPU cores for parallel processing
  Window size: 160, Stride: 160
  [1/11] 1586226157_A025CF: 16290 windows, 61 seizure | ETA: 5.3 min
  [2/11] 1592528418_A029B4: 17274 windows, 0 seizure | ETA: 2.4 min
  [3/11] 1584067531_A029E3: 16892 windows, 122 seizure | ETA: 1.5 min
  [4/11] 1578970949_A025CF: 17231 windows, 0 seizure | ETA: 1.0 min
  [5/11] 1578193212_A029E3: 17288 windows, 0 seizure | ETA: 0.7 min
  [6/11] 1585100579_A029E3: 18114 windows, 61 seizure | ETA: 0.5 min
  [7/11] 1580864123_A029E3: 32484 windows, 61 seizure | ETA: 0.4 min
  [8/11] 1578106829_A025CF: 17278 windows, 0 seizure | ETA: 0.3 min
  [9/11] 1594945673_A029B4: 17406 windows, 61 seizure | ETA: 0.2 min
  [10/11] 1582857784_A025CF: 27720 windows, 61 seizure | ETA: 0.1 min
  [11/11] 1581131208_A029E3: 33184 windows, 0 seizure | ETA: 0.0 min

  Completed in 0.8 minutes
  Processed: 11/11 sessions
  Total windows: 231,161
  Seizure windows: 427
  Normal windows: 230,734
  Primary shape: (231161, 160, 3)
  Secondary shape: (231161, 160, 4)

Building test split from 14 held-out sessions...

Preparing dataset from 14 sessions...
  Using 7 CPU cores for parallel processing
  Window size: 160, Stride: 160
  [1/14] 1598624269_A01EE3: 25165 windows, 121 seizure | ETA: 7.4 min
  [2/14] 1617311424_A02294: 25800 windows, 0 seizure | ETA: 3.5 min
  [3/14] 1618071211_A01EEC: 26160 windows, 0 seizure | ETA: 2.1 min
  [4/14] 1615118361_A01EEC: 26848 windows, 0 seizure | ETA: 1.5 min
  [5/14] 1617460460_A01EEC: 27536 windows, 61 seizure | ETA: 1.1 min
  [6/14] 1610296047_A01EEC: 28864 windows, 61 seizure | ETA: 0.8 min
  [7/14] 1606744372_A02294: 29264 windows, 0 seizure | ETA: 0.6 min
  [8/14] 1616859842_A01EEC: 26288 windows, 0 seizure | ETA: 0.7 min
  [9/14] 1617627705_A02294: 25744 windows, 0 seizure | ETA: 0.5 min
  [10/14] 1601509460_A02294: 31456 windows, 97 seizure | ETA: 0.4 min
  [11/14] 1607346169_A01EEC: 29616 windows, 0 seizure | ETA: 0.3 min
  [12/14] 1604525961_A02294: 30252 windows, 131 seizure | ETA: 0.2 min
  [13/14] 1603474555_A02294: 30552 windows, 0 seizure | ETA: 0.1 min
  [14/14] 1599842819_A02294: 32964 windows, 0 seizure | ETA: 0.0 min

  Completed in 1.0 minutes
  Processed: 14/14 sessions
  Total windows: 396,509
  Seizure windows: 471
  Normal windows: 396,038
  Primary shape: (396509, 160, 3)
  Secondary shape: (396509, 160, 4)

Data splits:
  Train: 2190944 samples (7794 seizure, 2183150 normal, 0.36% seizure)
  Val: 231161 samples (427 seizure, 230734 normal, 0.18% seizure)
  Test: 396509 samples (471 seizure, 396038 normal, 0.12% seizure)

======================================================================
PHASE 3: Build Standard and Pro TSMixer Models
======================================================================

======================================================================
TRAINING VARIANT: standard_acc_only
Secondary features: none (ACC-only standard)
======================================================================
Existing checkpoint ignored because FORCE_RERUN/DETECTION_FORCE_RETRAIN_VARIANTS is set: C:\I2I\seizure_detection\outputs\standard_acc_only.keras

Built model for standard_acc_only
Model footprint: 155,729 parameters (under 100k: False)

Balanced training view:
  Original train: 2,190,944 windows, 7,794 seizure
  Sampled train: 46,764 windows, 7,794 seizure
Class weights: {0: 0.6, 1: 3.0}
Checkpoint/early stopping monitor: val_pr_auc

Training for up to 24 epochs...
==================================================
  Epoch 1: loss=0.1749, pr_auc=0.1709, val_loss=0.1696, val_pr_auc=0.0015, val_auc=0.3976

Epoch 1: val_pr_auc improved from None to 0.00151, saving model to C:\I2I\seizure_detection\outputs\standard_acc_only.keras

Epoch 1: finished saving model to C:\I2I\seizure_detection\outputs\standard_acc_only.keras
  Epoch 2: loss=0.1732, pr_auc=0.1717, val_loss=0.1674, val_pr_auc=0.0015, val_auc=0.4088

Epoch 2: val_pr_auc did not improve from 0.00151
  Epoch 3: loss=0.1732, pr_auc=0.1734, val_loss=0.1733, val_pr_auc=0.0014, val_auc=0.3891

Epoch 3: val_pr_auc did not improve from 0.00151
  Epoch 4: loss=0.1730, pr_auc=0.1762, val_loss=0.1618, val_pr_auc=0.0013, val_auc=0.3391

Epoch 4: val_pr_auc did not improve from 0.00151
  Epoch 5: loss=0.1727, pr_auc=0.1803, val_loss=0.1596, val_pr_auc=0.0013, val_auc=0.3548

Epoch 5: val_pr_auc did not improve from 0.00151
  Epoch 6: loss=0.1728, pr_auc=0.1830, val_loss=0.1596, val_pr_auc=0.0015, val_auc=0.3996

Epoch 6: val_pr_auc did not improve from 0.00151
  Epoch 7: loss=0.1720, pr_auc=0.1906, val_loss=0.1595, val_pr_auc=0.0018, val_auc=0.4237

Epoch 7: val_pr_auc improved from 0.00151 to 0.00185, saving model to C:\I2I\seizure_detection\outputs\standard_acc_only.keras

Epoch 7: finished saving model to C:\I2I\seizure_detection\outputs\standard_acc_only.keras
  Epoch 8: loss=0.1717, pr_auc=0.1965, val_loss=0.1579, val_pr_auc=0.0016, val_auc=0.4318

Epoch 8: val_pr_auc did not improve from 0.00185
  Epoch 9: loss=0.1710, pr_auc=0.2045, val_loss=0.1512, val_pr_auc=0.0026, val_auc=0.4707

Epoch 9: val_pr_auc improved from 0.00185 to 0.00263, saving model to C:\I2I\seizure_detection\outputs\standard_acc_only.keras

Epoch 9: finished saving model to C:\I2I\seizure_detection\outputs\standard_acc_only.keras
  Epoch 10: loss=0.1707, pr_auc=0.2085, val_loss=0.1475, val_pr_auc=0.0025, val_auc=0.4702

Epoch 10: val_pr_auc did not improve from 0.00263
  Epoch 11: loss=0.1702, pr_auc=0.2125, val_loss=0.1400, val_pr_auc=0.0022, val_auc=0.5117

Epoch 11: val_pr_auc did not improve from 0.00263
  Epoch 12: loss=0.1694, pr_auc=0.2191, val_loss=0.1379, val_pr_auc=0.0021, val_auc=0.4896

Epoch 12: val_pr_auc did not improve from 0.00263
  Epoch 13: loss=0.1687, pr_auc=0.2283, val_loss=0.1381, val_pr_auc=0.0023, val_auc=0.4999

Epoch 13: val_pr_auc did not improve from 0.00263
  Epoch 14: loss=0.1684, pr_auc=0.2331, val_loss=0.1269, val_pr_auc=0.0026, val_auc=0.5518

Epoch 14: val_pr_auc did not improve from 0.00263
  Epoch 15: loss=0.1680, pr_auc=0.2365, val_loss=0.1377, val_pr_auc=0.0029, val_auc=0.5287

Epoch 15: val_pr_auc improved from 0.00263 to 0.00286, saving model to C:\I2I\seizure_detection\outputs\standard_acc_only.keras

Epoch 15: finished saving model to C:\I2I\seizure_detection\outputs\standard_acc_only.keras
  Epoch 16: loss=0.1679, pr_auc=0.2357, val_loss=0.1317, val_pr_auc=0.0031, val_auc=0.5436

Epoch 16: val_pr_auc improved from 0.00286 to 0.00311, saving model to C:\I2I\seizure_detection\outputs\standard_acc_only.keras

Epoch 16: finished saving model to C:\I2I\seizure_detection\outputs\standard_acc_only.keras
  Epoch 17: loss=0.1666, pr_auc=0.2489, val_loss=0.1205, val_pr_auc=0.0023, val_auc=0.4581

Epoch 17: val_pr_auc did not improve from 0.00311
  Epoch 18: loss=0.1665, pr_auc=0.2479, val_loss=0.1242, val_pr_auc=0.0034, val_auc=0.5493

Epoch 18: val_pr_auc improved from 0.00311 to 0.00344, saving model to C:\I2I\seizure_detection\outputs\standard_acc_only.keras

Epoch 18: finished saving model to C:\I2I\seizure_detection\outputs\standard_acc_only.keras
  Epoch 19: loss=0.1655, pr_auc=0.2576, val_loss=0.1083, val_pr_auc=0.0034, val_auc=0.5740

Epoch 19: val_pr_auc did not improve from 0.00344
  Epoch 20: loss=0.1656, pr_auc=0.2531, val_loss=0.1176, val_pr_auc=0.0030, val_auc=0.5586

Epoch 20: val_pr_auc did not improve from 0.00344
  Epoch 21: loss=0.1654, pr_auc=0.2571, val_loss=0.1085, val_pr_auc=0.0035, val_auc=0.5518

Epoch 21: val_pr_auc improved from 0.00344 to 0.00354, saving model to C:\I2I\seizure_detection\outputs\standard_acc_only.keras

Epoch 21: finished saving model to C:\I2I\seizure_detection\outputs\standard_acc_only.keras
  Epoch 22: loss=0.1644, pr_auc=0.2627, val_loss=0.1088, val_pr_auc=0.0056, val_auc=0.5364

Epoch 22: val_pr_auc improved from 0.00354 to 0.00555, saving model to C:\I2I\seizure_detection\outputs\standard_acc_only.keras

Epoch 22: finished saving model to C:\I2I\seizure_detection\outputs\standard_acc_only.keras
  Epoch 23: loss=0.1631, pr_auc=0.2742, val_loss=0.1241, val_pr_auc=0.0032, val_auc=0.5354

Epoch 23: val_pr_auc did not improve from 0.00555
  Epoch 24: loss=0.1628, pr_auc=0.2740, val_loss=0.1122, val_pr_auc=0.0056, val_auc=0.5503

Epoch 24: ReduceLROnPlateau reducing learning rate to 0.0005000000237487257.

Epoch 24: val_pr_auc improved from 0.00555 to 0.00560, saving model to C:\I2I\seizure_detection\outputs\standard_acc_only.keras

Epoch 24: finished saving model to C:\I2I\seizure_detection\outputs\standard_acc_only.keras
Restoring model weights from the end of the best epoch: 24.
Validation PR-AUC for standard_acc_only: 0.005716

======================================================================
TRAINING VARIANT: standard_acc_eda
Secondary features: ['EDA']
======================================================================
Existing checkpoint ignored because FORCE_RERUN/DETECTION_FORCE_RETRAIN_VARIANTS is set: C:\I2I\seizure_detection\outputs\standard_acc_eda.keras

Built model for standard_acc_eda
Model footprint: 155,729 parameters (under 100k: False)

Balanced training view:
  Original train: 2,190,944 windows, 7,794 seizure
  Sampled train: 46,764 windows, 7,794 seizure
Class weights: {0: 0.6, 1: 3.0}
Checkpoint/early stopping monitor: val_pr_auc

Training for up to 24 epochs...
==================================================
  Epoch 1: loss=0.1742, pr_auc=0.1748, val_loss=0.1709, val_pr_auc=0.0014, val_auc=0.3693

Epoch 1: val_pr_auc improved from None to 0.00145, saving model to C:\I2I\seizure_detection\outputs\standard_acc_eda.keras

Epoch 1: finished saving model to C:\I2I\seizure_detection\outputs\standard_acc_eda.keras
  Epoch 2: loss=0.1731, pr_auc=0.1838, val_loss=0.1644, val_pr_auc=0.0014, val_auc=0.3760

Epoch 2: val_pr_auc improved from 0.00145 to 0.00145, saving model to C:\I2I\seizure_detection\outputs\standard_acc_eda.keras

Epoch 2: finished saving model to C:\I2I\seizure_detection\outputs\standard_acc_eda.keras
  Epoch 3: loss=0.1728, pr_auc=0.1901, val_loss=0.1680, val_pr_auc=0.0015, val_auc=0.4215

Epoch 3: val_pr_auc improved from 0.00145 to 0.00152, saving model to C:\I2I\seizure_detection\outputs\standard_acc_eda.keras

Epoch 3: finished saving model to C:\I2I\seizure_detection\outputs\standard_acc_eda.keras
  Epoch 4: loss=0.1725, pr_auc=0.1957, val_loss=0.1680, val_pr_auc=0.0016, val_auc=0.4486

Epoch 4: val_pr_auc improved from 0.00152 to 0.00164, saving model to C:\I2I\seizure_detection\outputs\standard_acc_eda.keras

Epoch 4: finished saving model to C:\I2I\seizure_detection\outputs\standard_acc_eda.keras
  Epoch 5: loss=0.1720, pr_auc=0.2045, val_loss=0.1749, val_pr_auc=0.0014, val_auc=0.3920

Epoch 5: val_pr_auc did not improve from 0.00164
  Epoch 6: loss=0.1715, pr_auc=0.2052, val_loss=0.1644, val_pr_auc=0.0015, val_auc=0.3995

Epoch 6: val_pr_auc did not improve from 0.00164
  Epoch 7: loss=0.1712, pr_auc=0.2088, val_loss=0.1617, val_pr_auc=0.0015, val_auc=0.4124

Epoch 7: val_pr_auc did not improve from 0.00164
  Epoch 8: loss=0.1705, pr_auc=0.2168, val_loss=0.1580, val_pr_auc=0.0017, val_auc=0.4582

Epoch 8: val_pr_auc improved from 0.00164 to 0.00167, saving model to C:\I2I\seizure_detection\outputs\standard_acc_eda.keras

Epoch 8: finished saving model to C:\I2I\seizure_detection\outputs\standard_acc_eda.keras
  Epoch 9: loss=0.1698, pr_auc=0.2209, val_loss=0.1484, val_pr_auc=0.0017, val_auc=0.4459

Epoch 9: val_pr_auc did not improve from 0.00167
  Epoch 10: loss=0.1689, pr_auc=0.2290, val_loss=0.1497, val_pr_auc=0.0018, val_auc=0.4763

Epoch 10: val_pr_auc improved from 0.00167 to 0.00182, saving model to C:\I2I\seizure_detection\outputs\standard_acc_eda.keras

Epoch 10: finished saving model to C:\I2I\seizure_detection\outputs\standard_acc_eda.keras
  Epoch 11: loss=0.1680, pr_auc=0.2419, val_loss=0.1149, val_pr_auc=0.0023, val_auc=0.5563

Epoch 11: val_pr_auc improved from 0.00182 to 0.00230, saving model to C:\I2I\seizure_detection\outputs\standard_acc_eda.keras

Epoch 11: finished saving model to C:\I2I\seizure_detection\outputs\standard_acc_eda.keras
  Epoch 12: loss=0.1669, pr_auc=0.2460, val_loss=0.1007, val_pr_auc=0.0024, val_auc=0.5681

Epoch 12: val_pr_auc improved from 0.00230 to 0.00245, saving model to C:\I2I\seizure_detection\outputs\standard_acc_eda.keras

Epoch 12: finished saving model to C:\I2I\seizure_detection\outputs\standard_acc_eda.keras
  Epoch 13: loss=0.1659, pr_auc=0.2549, val_loss=0.1040, val_pr_auc=0.0025, val_auc=0.5595

Epoch 13: val_pr_auc improved from 0.00245 to 0.00250, saving model to C:\I2I\seizure_detection\outputs\standard_acc_eda.keras

Epoch 13: finished saving model to C:\I2I\seizure_detection\outputs\standard_acc_eda.keras
  Epoch 14: loss=0.1650, pr_auc=0.2620, val_loss=0.0920, val_pr_auc=0.0027, val_auc=0.5526

Epoch 14: val_pr_auc improved from 0.00250 to 0.00266, saving model to C:\I2I\seizure_detection\outputs\standard_acc_eda.keras

Epoch 14: finished saving model to C:\I2I\seizure_detection\outputs\standard_acc_eda.keras
  Epoch 15: loss=0.1636, pr_auc=0.2722, val_loss=0.0829, val_pr_auc=0.0027, val_auc=0.5594

Epoch 15: val_pr_auc improved from 0.00266 to 0.00268, saving model to C:\I2I\seizure_detection\outputs\standard_acc_eda.keras

Epoch 15: finished saving model to C:\I2I\seizure_detection\outputs\standard_acc_eda.keras
  Epoch 16: loss=0.1626, pr_auc=0.2805, val_loss=0.0755, val_pr_auc=0.0025, val_auc=0.5473

Epoch 16: val_pr_auc did not improve from 0.00268
  Epoch 17: loss=0.1626, pr_auc=0.2845, val_loss=0.0783, val_pr_auc=0.0027, val_auc=0.5603

Epoch 17: val_pr_auc did not improve from 0.00268
  Epoch 18: loss=0.1610, pr_auc=0.2910, val_loss=0.0656, val_pr_auc=0.0031, val_auc=0.5981

Epoch 18: val_pr_auc improved from 0.00268 to 0.00312, saving model to C:\I2I\seizure_detection\outputs\standard_acc_eda.keras

Epoch 18: finished saving model to C:\I2I\seizure_detection\outputs\standard_acc_eda.keras
  Epoch 19: loss=0.1597, pr_auc=0.2982, val_loss=0.0687, val_pr_auc=0.0028, val_auc=0.5836

Epoch 19: val_pr_auc did not improve from 0.00312
  Epoch 20: loss=0.1593, pr_auc=0.3030, val_loss=0.1090, val_pr_auc=0.0022, val_auc=0.5248

Epoch 20: val_pr_auc did not improve from 0.00312
  Epoch 21: loss=0.1583, pr_auc=0.3090, val_loss=0.0679, val_pr_auc=0.0025, val_auc=0.5669

Epoch 21: val_pr_auc did not improve from 0.00312
  Epoch 22: loss=0.1575, pr_auc=0.3190, val_loss=0.0584, val_pr_auc=0.0024, val_auc=0.5473

Epoch 22: val_pr_auc did not improve from 0.00312
  Epoch 23: loss=0.1562, pr_auc=0.3269, val_loss=0.0670, val_pr_auc=0.0029, val_auc=0.5725

Epoch 23: val_pr_auc did not improve from 0.00312
  Epoch 24: loss=0.1550, pr_auc=0.3318, val_loss=0.0446, val_pr_auc=0.0028, val_auc=0.5718

Epoch 24: val_pr_auc did not improve from 0.00312
Restoring model weights from the end of the best epoch: 18.
Validation PR-AUC for standard_acc_eda: 0.003179

======================================================================
TRAINING VARIANT: standard_acc_temp
Secondary features: ['TEMP']
======================================================================
Existing checkpoint ignored because FORCE_RERUN/DETECTION_FORCE_RETRAIN_VARIANTS is set: C:\I2I\seizure_detection\outputs\standard_acc_temp.keras

Built model for standard_acc_temp
Model footprint: 155,729 parameters (under 100k: False)

Balanced training view:
  Original train: 2,190,944 windows, 7,794 seizure
  Sampled train: 46,764 windows, 7,794 seizure
Class weights: {0: 0.6, 1: 3.0}
Checkpoint/early stopping monitor: val_pr_auc

Training for up to 24 epochs...
==================================================
  Epoch 1: loss=0.1753, pr_auc=0.1748, val_loss=0.1689, val_pr_auc=0.0015, val_auc=0.4065

Epoch 1: val_pr_auc improved from None to 0.00152, saving model to C:\I2I\seizure_detection\outputs\standard_acc_temp.keras

Epoch 1: finished saving model to C:\I2I\seizure_detection\outputs\standard_acc_temp.keras
  Epoch 2: loss=0.1726, pr_auc=0.1806, val_loss=0.1629, val_pr_auc=0.0016, val_auc=0.4527

Epoch 2: val_pr_auc improved from 0.00152 to 0.00160, saving model to C:\I2I\seizure_detection\outputs\standard_acc_temp.keras

Epoch 2: finished saving model to C:\I2I\seizure_detection\outputs\standard_acc_temp.keras
  Epoch 3: loss=0.1712, pr_auc=0.1872, val_loss=0.1645, val_pr_auc=0.0016, val_auc=0.4567

Epoch 3: val_pr_auc did not improve from 0.00160
  Epoch 4: loss=0.1705, pr_auc=0.1976, val_loss=0.1658, val_pr_auc=0.0015, val_auc=0.4397

Epoch 4: val_pr_auc did not improve from 0.00160
  Epoch 5: loss=0.1698, pr_auc=0.2102, val_loss=0.1611, val_pr_auc=0.0015, val_auc=0.4116

Epoch 5: val_pr_auc did not improve from 0.00160
  Epoch 6: loss=0.1687, pr_auc=0.2204, val_loss=0.1586, val_pr_auc=0.0017, val_auc=0.4803

Epoch 6: val_pr_auc improved from 0.00160 to 0.00166, saving model to C:\I2I\seizure_detection\outputs\standard_acc_temp.keras

Epoch 6: finished saving model to C:\I2I\seizure_detection\outputs\standard_acc_temp.keras
  Epoch 7: loss=0.1671, pr_auc=0.2308, val_loss=0.1459, val_pr_auc=0.0020, val_auc=0.4958

Epoch 7: val_pr_auc improved from 0.00166 to 0.00197, saving model to C:\I2I\seizure_detection\outputs\standard_acc_temp.keras

Epoch 7: finished saving model to C:\I2I\seizure_detection\outputs\standard_acc_temp.keras
  Epoch 8: loss=0.1657, pr_auc=0.2441, val_loss=0.1455, val_pr_auc=0.0019, val_auc=0.5291

Epoch 8: val_pr_auc did not improve from 0.00197
  Epoch 9: loss=0.1645, pr_auc=0.2530, val_loss=0.1504, val_pr_auc=0.0018, val_auc=0.5165

Epoch 9: val_pr_auc did not improve from 0.00197
  Epoch 10: loss=0.1629, pr_auc=0.2671, val_loss=0.1352, val_pr_auc=0.0018, val_auc=0.5161

Epoch 10: val_pr_auc did not improve from 0.00197
  Epoch 11: loss=0.1613, pr_auc=0.2850, val_loss=0.1369, val_pr_auc=0.0020, val_auc=0.5370

Epoch 11: val_pr_auc did not improve from 0.00197
  Epoch 12: loss=0.1603, pr_auc=0.2902, val_loss=0.1406, val_pr_auc=0.0021, val_auc=0.5638

Epoch 12: val_pr_auc improved from 0.00197 to 0.00212, saving model to C:\I2I\seizure_detection\outputs\standard_acc_temp.keras

Epoch 12: finished saving model to C:\I2I\seizure_detection\outputs\standard_acc_temp.keras
  Epoch 13: loss=0.1584, pr_auc=0.2988, val_loss=0.1380, val_pr_auc=0.0022, val_auc=0.5761

Epoch 13: val_pr_auc improved from 0.00212 to 0.00219, saving model to C:\I2I\seizure_detection\outputs\standard_acc_temp.keras

Epoch 13: finished saving model to C:\I2I\seizure_detection\outputs\standard_acc_temp.keras
  Epoch 14: loss=0.1580, pr_auc=0.3040, val_loss=0.1231, val_pr_auc=0.0022, val_auc=0.5621

Epoch 14: val_pr_auc improved from 0.00219 to 0.00219, saving model to C:\I2I\seizure_detection\outputs\standard_acc_temp.keras

Epoch 14: finished saving model to C:\I2I\seizure_detection\outputs\standard_acc_temp.keras
  Epoch 15: loss=0.1563, pr_auc=0.3146, val_loss=0.1206, val_pr_auc=0.0023, val_auc=0.5877

Epoch 15: val_pr_auc improved from 0.00219 to 0.00230, saving model to C:\I2I\seizure_detection\outputs\standard_acc_temp.keras

Epoch 15: finished saving model to C:\I2I\seizure_detection\outputs\standard_acc_temp.keras
  Epoch 16: loss=0.1552, pr_auc=0.3190, val_loss=0.1133, val_pr_auc=0.0019, val_auc=0.5401

Epoch 16: val_pr_auc did not improve from 0.00230
  Epoch 17: loss=0.1545, pr_auc=0.3256, val_loss=0.1045, val_pr_auc=0.0022, val_auc=0.5730

Epoch 17: val_pr_auc did not improve from 0.00230
  Epoch 18: loss=0.1534, pr_auc=0.3342, val_loss=0.1177, val_pr_auc=0.0024, val_auc=0.5902

Epoch 18: val_pr_auc improved from 0.00230 to 0.00238, saving model to C:\I2I\seizure_detection\outputs\standard_acc_temp.keras

Epoch 18: finished saving model to C:\I2I\seizure_detection\outputs\standard_acc_temp.keras
  Epoch 19: loss=0.1515, pr_auc=0.3397, val_loss=0.1201, val_pr_auc=0.0026, val_auc=0.6071

Epoch 19: val_pr_auc improved from 0.00238 to 0.00265, saving model to C:\I2I\seizure_detection\outputs\standard_acc_temp.keras

Epoch 19: finished saving model to C:\I2I\seizure_detection\outputs\standard_acc_temp.keras
  Epoch 20: loss=0.1513, pr_auc=0.3459, val_loss=0.1166, val_pr_auc=0.0023, val_auc=0.5965

Epoch 20: val_pr_auc did not improve from 0.00265
  Epoch 21: loss=0.1503, pr_auc=0.3523, val_loss=0.1137, val_pr_auc=0.0033, val_auc=0.6172

Epoch 21: val_pr_auc improved from 0.00265 to 0.00325, saving model to C:\I2I\seizure_detection\outputs\standard_acc_temp.keras

Epoch 21: finished saving model to C:\I2I\seizure_detection\outputs\standard_acc_temp.keras
  Epoch 22: loss=0.1485, pr_auc=0.3591, val_loss=0.1242, val_pr_auc=0.0038, val_auc=0.6343

Epoch 22: ReduceLROnPlateau reducing learning rate to 0.0005000000237487257.

Epoch 22: val_pr_auc improved from 0.00325 to 0.00378, saving model to C:\I2I\seizure_detection\outputs\standard_acc_temp.keras

Epoch 22: finished saving model to C:\I2I\seizure_detection\outputs\standard_acc_temp.keras
  Epoch 23: loss=0.1418, pr_auc=0.3998, val_loss=0.1036, val_pr_auc=0.0032, val_auc=0.6337

Epoch 23: val_pr_auc did not improve from 0.00378
  Epoch 24: loss=0.1374, pr_auc=0.4191, val_loss=0.1071, val_pr_auc=0.0033, val_auc=0.6005

Epoch 24: val_pr_auc did not improve from 0.00378
Restoring model weights from the end of the best epoch: 22.
Validation PR-AUC for standard_acc_temp: 0.004008

======================================================================
TRAINING VARIANT: standard_acc_eda_temp
Secondary features: ['EDA', 'TEMP']
======================================================================
Existing checkpoint ignored because FORCE_RERUN/DETECTION_FORCE_RETRAIN_VARIANTS is set: C:\I2I\seizure_detection\outputs\standard_acc_eda_temp.keras

Built model for standard_acc_eda_temp
Model footprint: 155,729 parameters (under 100k: False)

Balanced training view:
  Original train: 2,190,944 windows, 7,794 seizure
  Sampled train: 46,764 windows, 7,794 seizure
Class weights: {0: 0.6, 1: 3.0}
Checkpoint/early stopping monitor: val_pr_auc

Training for up to 24 epochs...
==================================================
  Epoch 1: loss=0.1754, pr_auc=0.1766, val_loss=0.1535, val_pr_auc=0.0018, val_auc=0.4574

Epoch 1: val_pr_auc improved from None to 0.00182, saving model to C:\I2I\seizure_detection\outputs\standard_acc_eda_temp.keras

Epoch 1: finished saving model to C:\I2I\seizure_detection\outputs\standard_acc_eda_temp.keras
  Epoch 2: loss=0.1724, pr_auc=0.1854, val_loss=0.1575, val_pr_auc=0.0014, val_auc=0.4114

Epoch 2: val_pr_auc did not improve from 0.00182
  Epoch 3: loss=0.1707, pr_auc=0.2009, val_loss=0.1542, val_pr_auc=0.0014, val_auc=0.4135

Epoch 3: val_pr_auc did not improve from 0.00182
  Epoch 4: loss=0.1697, pr_auc=0.2106, val_loss=0.1591, val_pr_auc=0.0014, val_auc=0.3976

Epoch 4: val_pr_auc did not improve from 0.00182
  Epoch 5: loss=0.1685, pr_auc=0.2220, val_loss=0.1586, val_pr_auc=0.0015, val_auc=0.4562

Epoch 5: val_pr_auc did not improve from 0.00182
  Epoch 6: loss=0.1670, pr_auc=0.2371, val_loss=0.1300, val_pr_auc=0.0015, val_auc=0.4541

Epoch 6: val_pr_auc did not improve from 0.00182
  Epoch 7: loss=0.1658, pr_auc=0.2446, val_loss=0.1356, val_pr_auc=0.0016, val_auc=0.4807

Epoch 7: val_pr_auc did not improve from 0.00182
  Epoch 8: loss=0.1642, pr_auc=0.2624, val_loss=0.1365, val_pr_auc=0.0017, val_auc=0.4889

Epoch 8: val_pr_auc did not improve from 0.00182
Epoch 8: early stopping
Restoring model weights from the end of the best epoch: 1.
Validation PR-AUC for standard_acc_eda_temp: 0.001787
Inactive Pro candidate not trained for the current product allocation: pro_ppg_bvp_hr
Inactive Pro candidate not trained for the current product allocation: pro_ppg_bvp_hr_eda
Inactive Pro candidate not trained for the current product allocation: pro_ppg_bvp_hr_temp

======================================================================
TRAINING VARIANT: pro_full_bvp_hr_eda_temp
Secondary features: ['BVP', 'HR', 'EDA', 'TEMP']
======================================================================
Existing checkpoint ignored because FORCE_RERUN/DETECTION_FORCE_RETRAIN_VARIANTS is set: C:\I2I\seizure_detection\outputs\pro_full_bvp_hr_eda_temp.keras

Built model for pro_full_bvp_hr_eda_temp
Model footprint: 155,729 parameters (under 100k: False)

Balanced training view:
  Original train: 2,190,944 windows, 7,794 seizure
  Sampled train: 46,764 windows, 7,794 seizure
Class weights: {0: 0.6, 1: 3.0}
Checkpoint/early stopping monitor: val_pr_auc

Training for up to 24 epochs...
==================================================
  Epoch 1: loss=0.1754, pr_auc=0.1731, val_loss=0.1566, val_pr_auc=0.0014, val_auc=0.3796

Epoch 1: val_pr_auc improved from None to 0.00135, saving model to C:\I2I\seizure_detection\outputs\pro_full_bvp_hr_eda_temp.keras

Epoch 1: finished saving model to C:\I2I\seizure_detection\outputs\pro_full_bvp_hr_eda_temp.keras
  Epoch 2: loss=0.1719, pr_auc=0.1934, val_loss=0.1600, val_pr_auc=0.0013, val_auc=0.3403

Epoch 2: val_pr_auc did not improve from 0.00135
  Epoch 3: loss=0.1696, pr_auc=0.2077, val_loss=0.1507, val_pr_auc=0.0013, val_auc=0.3099

Epoch 3: val_pr_auc did not improve from 0.00135
  Epoch 4: loss=0.1675, pr_auc=0.2253, val_loss=0.1644, val_pr_auc=0.0013, val_auc=0.3515

Epoch 4: val_pr_auc did not improve from 0.00135
  Epoch 5: loss=0.1656, pr_auc=0.2323, val_loss=0.1680, val_pr_auc=0.0011, val_auc=0.2495

Epoch 5: val_pr_auc did not improve from 0.00135
  Epoch 6: loss=0.1639, pr_auc=0.2471, val_loss=0.1608, val_pr_auc=0.0012, val_auc=0.2946

Epoch 6: val_pr_auc did not improve from 0.00135
  Epoch 7: loss=0.1616, pr_auc=0.2639, val_loss=0.1553, val_pr_auc=0.0014, val_auc=0.3913

Epoch 7: val_pr_auc improved from 0.00135 to 0.00136, saving model to C:\I2I\seizure_detection\outputs\pro_full_bvp_hr_eda_temp.keras

Epoch 7: finished saving model to C:\I2I\seizure_detection\outputs\pro_full_bvp_hr_eda_temp.keras
  Epoch 8: loss=0.1606, pr_auc=0.2680, val_loss=0.1500, val_pr_auc=0.0012, val_auc=0.3043

Epoch 8: val_pr_auc did not improve from 0.00136
  Epoch 9: loss=0.1563, pr_auc=0.2965, val_loss=0.1613, val_pr_auc=0.0012, val_auc=0.2872

Epoch 9: val_pr_auc did not improve from 0.00136
  Epoch 10: loss=0.1551, pr_auc=0.3041, val_loss=0.1350, val_pr_auc=0.0014, val_auc=0.4004

Epoch 10: val_pr_auc improved from 0.00136 to 0.00138, saving model to C:\I2I\seizure_detection\outputs\pro_full_bvp_hr_eda_temp.keras

Epoch 10: finished saving model to C:\I2I\seizure_detection\outputs\pro_full_bvp_hr_eda_temp.keras
  Epoch 11: loss=0.1518, pr_auc=0.3269, val_loss=0.1174, val_pr_auc=0.0014, val_auc=0.4120

Epoch 11: val_pr_auc improved from 0.00138 to 0.00141, saving model to C:\I2I\seizure_detection\outputs\pro_full_bvp_hr_eda_temp.keras

Epoch 11: finished saving model to C:\I2I\seizure_detection\outputs\pro_full_bvp_hr_eda_temp.keras
  Epoch 12: loss=0.1501, pr_auc=0.3311, val_loss=0.1212, val_pr_auc=0.0016, val_auc=0.4876

Epoch 12: val_pr_auc improved from 0.00141 to 0.00163, saving model to C:\I2I\seizure_detection\outputs\pro_full_bvp_hr_eda_temp.keras

Epoch 12: finished saving model to C:\I2I\seizure_detection\outputs\pro_full_bvp_hr_eda_temp.keras
  Epoch 13: loss=0.1466, pr_auc=0.3554, val_loss=0.1357, val_pr_auc=0.0016, val_auc=0.4719

Epoch 13: val_pr_auc did not improve from 0.00163
  Epoch 14: loss=0.1438, pr_auc=0.3748, val_loss=0.1251, val_pr_auc=0.0015, val_auc=0.4636

Epoch 14: val_pr_auc did not improve from 0.00163
  Epoch 15: loss=0.1415, pr_auc=0.3916, val_loss=0.0974, val_pr_auc=0.0016, val_auc=0.4632

Epoch 15: val_pr_auc did not improve from 0.00163
  Epoch 16: loss=0.1401, pr_auc=0.4037, val_loss=0.1213, val_pr_auc=0.0015, val_auc=0.4425

Epoch 16: val_pr_auc did not improve from 0.00163
  Epoch 17: loss=0.1392, pr_auc=0.4108, val_loss=0.1214, val_pr_auc=0.0018, val_auc=0.5302

Epoch 17: val_pr_auc improved from 0.00163 to 0.00178, saving model to C:\I2I\seizure_detection\outputs\pro_full_bvp_hr_eda_temp.keras

Epoch 17: finished saving model to C:\I2I\seizure_detection\outputs\pro_full_bvp_hr_eda_temp.keras
  Epoch 18: loss=0.1372, pr_auc=0.4159, val_loss=0.1047, val_pr_auc=0.0017, val_auc=0.5021

Epoch 18: val_pr_auc did not improve from 0.00178
  Epoch 19: loss=0.1339, pr_auc=0.4388, val_loss=0.1128, val_pr_auc=0.0015, val_auc=0.4326

Epoch 19: val_pr_auc did not improve from 0.00178
  Epoch 20: loss=0.1349, pr_auc=0.4413, val_loss=0.1416, val_pr_auc=0.0014, val_auc=0.3968

Epoch 20: ReduceLROnPlateau reducing learning rate to 0.0005000000237487257.

Epoch 20: val_pr_auc did not improve from 0.00178
  Epoch 21: loss=0.1346, pr_auc=0.4304, val_loss=0.1335, val_pr_auc=0.0015, val_auc=0.4263

Epoch 21: val_pr_auc did not improve from 0.00178
  Epoch 22: loss=0.1231, pr_auc=0.4997, val_loss=0.1120, val_pr_auc=0.0015, val_auc=0.4392

Epoch 22: val_pr_auc did not improve from 0.00178
  Epoch 23: loss=0.1158, pr_auc=0.5369, val_loss=0.0964, val_pr_auc=0.0013, val_auc=0.3644

Epoch 23: val_pr_auc did not improve from 0.00178
  Epoch 24: loss=0.1108, pr_auc=0.5666, val_loss=0.0809, val_pr_auc=0.0015, val_auc=0.4223

Epoch 24: val_pr_auc did not improve from 0.00178
Epoch 24: early stopping
Restoring model weights from the end of the best epoch: 17.
Validation PR-AUC for pro_full_bvp_hr_eda_temp: 0.001790
Scoring allocation base_acc__addon_ppg_eda_temp: standard_acc_only -> pro_full_bvp_hr_eda_temp
Scoring allocation base_acc_eda__addon_ppg_temp: standard_acc_eda -> pro_full_bvp_hr_eda_temp
Scoring allocation base_acc_temp__addon_ppg_eda: standard_acc_temp -> pro_full_bvp_hr_eda_temp
Scoring allocation base_acc_eda_temp__addon_ppg: standard_acc_eda_temp -> pro_full_bvp_hr_eda_temp

Product allocation analysis:
  base_acc__addon_ppg_eda_temp: base optional=[], addon optional=['EDA', 'TEMP'] | val events 4/7 -> 5/7, val recall 0.0585 -> 0.0562, AUC 0.5502 -> 0.5575, PR-AUC 0.0057 -> 0.0056, balanced acc 0.5223 -> 0.5211
  base_acc_eda__addon_ppg_temp: base optional=['EDA'], addon optional=['TEMP'] | val events 3/7 -> 3/7, val recall 0.0258 -> 0.0211, AUC 0.5981 -> 0.6025, PR-AUC 0.0032 -> 0.0031, balanced acc 0.5059 -> 0.5036
  base_acc_temp__addon_ppg_eda: base optional=['TEMP'], addon optional=['EDA'] | val events 4/7 -> 4/7, val recall 0.0258 -> 0.0211, AUC 0.6347 -> 0.6319, PR-AUC 0.0040 -> 0.0038, balanced acc 0.5059 -> 0.5036
  base_acc_eda_temp__addon_ppg: base optional=['EDA', 'TEMP'], addon optional=[] | val events 1/7 -> 1/7, val recall 0.0187 -> 0.0234, AUC 0.4562 -> 0.4787, PR-AUC 0.0018 -> 0.0021, balanced acc 0.5024 -> 0.5048

Selected product allocation from validation only: base_acc__addon_ppg_eda_temp

Held-out test allocation check:

======================================================================
VALIDATION: Standard Product vs Pro Product
======================================================================
Calibrated Standard Product (standard_acc_only; features=['ACC only']) threshold on validation: 0.5536 (precision=0.0123, recall=0.0234, f1=0.0161)
Calibrated Pro Product (pro_full_bvp_hr_eda_temp) threshold on validation: 0.3109 (precision=0.0023, recall=0.8009, f1=0.0045)
Selected Standard Product causal score smoothing: 5 window(s), threshold=0.5042
Selected Pro Product causal score smoothing: 3 window(s), threshold=0.4980
Calibrated Pro Product (pro_full_bvp_hr_eda_temp; fused score) threshold on validation: 0.5169 (precision=0.0342, recall=0.0187, f1=0.0242)

Standard Product (standard_acc_only; features=['ACC only']) Mode Results:
------------------------------
  loss: 0.6098
  accuracy_diagnostic: 0.8916 (not a success metric for this imbalanced split)
  auc: 0.3783
  pr_auc: 0.0009
  precision: 0.0002
  recall: 0.0212
  f1: 0.0005
  specificity: 0.8927
  balanced_accuracy: 0.4570
  positive_rate: 0.0012
  all_normal_baseline_accuracy_diagnostic: 0.9988 (all-negative baseline)
  true_negatives: 353534
  false_positives: 42504
  false_negatives: 461
  true_positives: 10
  false_alarms_per_hour: 77.1808
  decision_threshold: 0.5042
  event_level: 5/6 events, sensitivity=0.8333

Pro Product (pro_full_bvp_hr_eda_temp) Mode Results:
------------------------------
  loss: 0.6040
  accuracy_diagnostic: 0.8704 (not a success metric for this imbalanced split)
  auc: 0.4035
  pr_auc: 0.0009
  precision: 0.0002
  recall: 0.0234
  f1: 0.0004
  specificity: 0.8714
  balanced_accuracy: 0.4474
  positive_rate: 0.0012
  all_normal_baseline_accuracy_diagnostic: 0.9988 (all-negative baseline)
  true_negatives: 345101
  false_positives: 50937
  false_negatives: 460
  true_positives: 11
  false_alarms_per_hour: 92.4938
  decision_threshold: 0.4980
  event_level: 4/6 events, sensitivity=0.6667

======================================================================
COMPARISON: Standard vs Pro Product
======================================================================
  AUC: 0.3783 -> 0.4035 (+0.0253)
  PR-AUC: 0.0009 -> 0.0009 (+0.0000)
  Recall: 0.0212 -> 0.0234 (+0.0021)
  Event sensitivity: 5/6 -> 4/6
  False alarms/hour: 77.18 -> 92.49
  Raw accuracy is diagnostic only under severe class imbalance; see all_normal_baseline_accuracy in results.json.

Matched false-alarm operating point:
  Validation alarm budget: 10.00 false alarms/hour
  Test recall: 0.0212 -> 0.0234
  Test false alarms/hour: 77.18 -> 92.49

Fixed validation alarm-budget grid:
  1 fa/h budget | recall 0.0000 -> 0.0000; test fa/h 7.55 -> 18.02; balanced acc 0.4948 -> 0.4875
  5 fa/h budget | recall 0.0064 -> 0.0042; test fa/h 45.35 -> 59.75; balanced acc 0.4717 -> 0.4606
  10 fa/h budget | recall 0.0212 -> 0.0234; test fa/h 77.18 -> 92.49; balanced acc 0.4570 -> 0.4474
  25 fa/h budget | recall 0.0425 -> 0.0743; test fa/h 134.07 -> 150.23; balanced acc 0.4280 -> 0.4327
  50 fa/h budget | recall 0.0849 -> 0.1444; test fa/h 191.19 -> 208.23; balanced acc 0.4095 -> 0.4274
  base_acc__addon_ppg_eda_temp: test recall 0.0212 -> 0.0234

======================================================================
VALIDATION: Standard Product vs Pro Product
======================================================================
Calibrated Standard Product (standard_acc_eda; features=['EDA']) threshold on validation: 0.5903 (precision=0.0147, recall=0.0117, f1=0.0130)
Calibrated Pro Product (pro_full_bvp_hr_eda_temp) threshold on validation: 0.3109 (precision=0.0023, recall=0.8009, f1=0.0045)
Selected Standard Product causal score smoothing: 3 window(s), threshold=0.5325
Selected Pro Product causal score smoothing: 3 window(s), threshold=0.5203
Calibrated Pro Product (pro_full_bvp_hr_eda_temp; fused score) threshold on validation: 0.5181 (precision=0.0110, recall=0.0937, f1=0.0196)

Standard Product (standard_acc_eda; features=['EDA']) Mode Results:
------------------------------
  loss: 0.5322
  accuracy_diagnostic: 0.9869 (not a success metric for this imbalanced split)
  auc: 0.4617
  pr_auc: 0.0063
  precision: 0.0093
  recall: 0.0955
  f1: 0.0170
  specificity: 0.9879
  balanced_accuracy: 0.5417
  positive_rate: 0.0012
  all_normal_baseline_accuracy_diagnostic: 0.9988 (all-negative baseline)
  true_negatives: 391264
  false_positives: 4774
  false_negatives: 426
  true_positives: 45
  false_alarms_per_hour: 8.6689
  decision_threshold: 0.5325
  event_level: 3/6 events, sensitivity=0.5000

Pro Product (pro_full_bvp_hr_eda_temp) Mode Results:
------------------------------
  loss: 0.5293
  accuracy_diagnostic: 0.9720 (not a success metric for this imbalanced split)
  auc: 0.4706
  pr_auc: 0.0065
  precision: 0.0043
  recall: 0.0977
  f1: 0.0082
  specificity: 0.9731
  balanced_accuracy: 0.5354
  positive_rate: 0.0012
  all_normal_baseline_accuracy_diagnostic: 0.9988 (all-negative baseline)
  true_negatives: 385380
  false_positives: 10658
  false_negatives: 425
  true_positives: 46
  false_alarms_per_hour: 19.3533
  decision_threshold: 0.5203
  event_level: 3/6 events, sensitivity=0.5000

======================================================================
COMPARISON: Standard vs Pro Product
======================================================================
  AUC: 0.4617 -> 0.4706 (+0.0089)
  PR-AUC: 0.0063 -> 0.0065 (+0.0002)
  Recall: 0.0955 -> 0.0977 (+0.0021)
  Event sensitivity: 3/6 -> 3/6
  False alarms/hour: 8.67 -> 19.35
  Raw accuracy is diagnostic only under severe class imbalance; see all_normal_baseline_accuracy in results.json.

Matched false-alarm operating point:
  Validation alarm budget: 10.00 false alarms/hour
  Test recall: 0.0955 -> 0.0977
  Test false alarms/hour: 8.67 -> 19.35

Fixed validation alarm-budget grid:
  1 fa/h budget | recall 0.0488 -> 0.0488; test fa/h 0.99 -> 0.96; balanced acc 0.5237 -> 0.5238
  5 fa/h budget | recall 0.0722 -> 0.0701; test fa/h 2.32 -> 3.34; balanced acc 0.5345 -> 0.5327
  10 fa/h budget | recall 0.0955 -> 0.0977; test fa/h 8.67 -> 19.35; balanced acc 0.5417 -> 0.5354
  25 fa/h budget | recall 0.1465 -> 0.1635; test fa/h 73.04 -> 93.13; balanced acc 0.5225 -> 0.5170
  50 fa/h budget | recall 0.1975 -> 0.2102; test fa/h 160.25 -> 175.75; balanced acc 0.4873 -> 0.4829
  base_acc_eda__addon_ppg_temp: test recall 0.0955 -> 0.0977

======================================================================
VALIDATION: Standard Product vs Pro Product
======================================================================
Calibrated Standard Product (standard_acc_temp; features=['TEMP']) threshold on validation: 0.5663 (precision=0.0167, recall=0.1733, f1=0.0305)
Calibrated Pro Product (pro_full_bvp_hr_eda_temp) threshold on validation: 0.3109 (precision=0.0023, recall=0.8009, f1=0.0045)
Selected Standard Product causal score smoothing: 1 window(s), threshold=0.5703
Selected Pro Product causal score smoothing: 1 window(s), threshold=0.5673
Calibrated Pro Product (pro_full_bvp_hr_eda_temp; fused score) threshold on validation: 0.5634 (precision=0.0160, recall=0.1616, f1=0.0292)

Standard Product (standard_acc_temp; features=['TEMP']) Mode Results:
------------------------------
  loss: 0.5855
  accuracy_diagnostic: 0.9574 (not a success metric for this imbalanced split)
  auc: 0.5482
  pr_auc: 0.0013
  precision: 0.0008
  recall: 0.0276
  f1: 0.0015
  specificity: 0.9585
  balanced_accuracy: 0.4930
  positive_rate: 0.0012
  all_normal_baseline_accuracy_diagnostic: 0.9988 (all-negative baseline)
  true_negatives: 379598
  false_positives: 16440
  false_negatives: 458
  true_positives: 13
  false_alarms_per_hour: 29.8525
  decision_threshold: 0.5703
  event_level: 5/6 events, sensitivity=0.8333

Pro Product (pro_full_bvp_hr_eda_temp) Mode Results:
------------------------------
  loss: 0.5810
  accuracy_diagnostic: 0.9577 (not a success metric for this imbalanced split)
  auc: 0.5569
  pr_auc: 0.0013
  precision: 0.0008
  recall: 0.0276
  f1: 0.0015
  specificity: 0.9588
  balanced_accuracy: 0.4932
  positive_rate: 0.0012
  all_normal_baseline_accuracy_diagnostic: 0.9988 (all-negative baseline)
  true_negatives: 379729
  false_positives: 16309
  false_negatives: 458
  true_positives: 13
  false_alarms_per_hour: 29.6147
  decision_threshold: 0.5673
  event_level: 5/6 events, sensitivity=0.8333

======================================================================
COMPARISON: Standard vs Pro Product
======================================================================
  AUC: 0.5482 -> 0.5569 (+0.0087)
  PR-AUC: 0.0013 -> 0.0013 (+0.0000)
  Recall: 0.0276 -> 0.0276 (+0.0000)
  Event sensitivity: 5/6 -> 5/6
  False alarms/hour: 29.85 -> 29.61
  Raw accuracy is diagnostic only under severe class imbalance; see all_normal_baseline_accuracy in results.json.

Matched false-alarm operating point:
  Validation alarm budget: 10.00 false alarms/hour
  Test recall: 0.0276 -> 0.0276
  Test false alarms/hour: 29.85 -> 29.61

Fixed validation alarm-budget grid:
  1 fa/h budget | recall 0.0000 -> 0.0021; test fa/h 0.81 -> 1.00; balanced acc 0.4994 -> 0.5004
  5 fa/h budget | recall 0.0149 -> 0.0170; test fa/h 11.18 -> 12.88; balanced acc 0.4997 -> 0.4995
  10 fa/h budget | recall 0.0276 -> 0.0276; test fa/h 29.85 -> 29.61; balanced acc 0.4930 -> 0.4932
  25 fa/h budget | recall 0.0531 -> 0.0552; test fa/h 60.97 -> 63.40; balanced acc 0.4842 -> 0.4835
  50 fa/h budget | recall 0.0637 -> 0.0637; test fa/h 77.03 -> 74.37; balanced acc 0.4783 -> 0.4801
  base_acc_temp__addon_ppg_eda: test recall 0.0276 -> 0.0276

======================================================================
VALIDATION: Standard Product vs Pro Product
======================================================================
Calibrated Standard Product (standard_acc_eda_temp; features=['EDA', 'TEMP']) threshold on validation: 0.5075 (precision=0.0032, recall=0.0445, f1=0.0060)
Calibrated Pro Product (pro_full_bvp_hr_eda_temp) threshold on validation: 0.3109 (precision=0.0023, recall=0.8009, f1=0.0045)
Selected Standard Product causal score smoothing: 1 window(s), threshold=0.5079
Selected Pro Product causal score smoothing: 1 window(s), threshold=0.5061
Calibrated Pro Product (pro_full_bvp_hr_eda_temp; fused score) threshold on validation: 0.5136 (precision=0.0166, recall=0.0070, f1=0.0099)

Standard Product (standard_acc_eda_temp; features=['EDA', 'TEMP']) Mode Results:
------------------------------
  loss: 0.6587
  accuracy_diagnostic: 0.9626 (not a success metric for this imbalanced split)
  auc: 0.3306
  pr_auc: 0.0008
  precision: 0.0001
  recall: 0.0021
  f1: 0.0001
  specificity: 0.9637
  balanced_accuracy: 0.4829
  positive_rate: 0.0012
  all_normal_baseline_accuracy_diagnostic: 0.9988 (all-negative baseline)
  true_negatives: 381665
  false_positives: 14373
  false_negatives: 470
  true_positives: 1
  false_alarms_per_hour: 26.0992
  decision_threshold: 0.5079
  event_level: 1/6 events, sensitivity=0.1667

Pro Product (pro_full_bvp_hr_eda_temp) Mode Results:
------------------------------
  loss: 0.6500
  accuracy_diagnostic: 0.9368 (not a success metric for this imbalanced split)
  auc: 0.3626
  pr_auc: 0.0008
  precision: 0.0001
  recall: 0.0064
  f1: 0.0002
  specificity: 0.9379
  balanced_accuracy: 0.4721
  positive_rate: 0.0012
  all_normal_baseline_accuracy_diagnostic: 0.9988 (all-negative baseline)
  true_negatives: 371431
  false_positives: 24607
  false_negatives: 468
  true_positives: 3
  false_alarms_per_hour: 44.6826
  decision_threshold: 0.5061
  event_level: 3/6 events, sensitivity=0.5000

======================================================================
COMPARISON: Standard vs Pro Product
======================================================================
  AUC: 0.3306 -> 0.3626 (+0.0320)
  PR-AUC: 0.0008 -> 0.0008 (+0.0000)
  Recall: 0.0021 -> 0.0064 (+0.0042)
  Event sensitivity: 1/6 -> 3/6
  False alarms/hour: 26.10 -> 44.68
  Raw accuracy is diagnostic only under severe class imbalance; see all_normal_baseline_accuracy in results.json.

Matched false-alarm operating point:
  Validation alarm budget: 10.00 false alarms/hour
  Test recall: 0.0021 -> 0.0064
  Test false alarms/hour: 26.10 -> 44.68

Fixed validation alarm-budget grid:
  1 fa/h budget | recall 0.0021 -> 0.0000; test fa/h 10.48 -> 1.43; balanced acc 0.4938 -> 0.4990
  5 fa/h budget | recall 0.0021 -> 0.0042; test fa/h 18.62 -> 19.33; balanced acc 0.4881 -> 0.4887
  10 fa/h budget | recall 0.0021 -> 0.0064; test fa/h 26.10 -> 44.68; balanced acc 0.4829 -> 0.4721
  25 fa/h budget | recall 0.0021 -> 0.0127; test fa/h 46.82 -> 92.18; balanced acc 0.4685 -> 0.4423
  50 fa/h budget | recall 0.0021 -> 0.0340; test fa/h 86.04 -> 136.76; balanced acc 0.4412 -> 0.4219
  base_acc_eda_temp__addon_ppg: test recall 0.0021 -> 0.0064

Selected product allocation: base_acc__addon_ppg_eda_temp
  Base has ACC only; add-on has required PPG plus EDA and TEMP.
  Selected Standard variant: standard_acc_only
  Selected Pro variant: pro_full_bvp_hr_eda_temp
  Enabled Standard features: []
  Enabled Pro features: ['BVP', 'HR', 'EDA', 'TEMP']

======================================================================
PHASE 4: Validation
======================================================================

Results saved to: C:\I2I\seizure_detection\outputs\results.json
Saved artifact at 'C:\Users\Test-PC\AppData\Local\Temp\tmp21llpmar'. The following endpoints are available:

* Endpoint 'serve'
  args_0 (POSITIONAL_ONLY): List[TensorSpec(shape=(None, 160, 3), dtype=tf.float32, name='primary_input'), TensorSpec(shape=(None, 160, 4), dtype=tf.float32, name='secondary_input')]
Output Type:
  TensorSpec(shape=(None, 1), dtype=tf.float32, name=None)
Captures:
  2258331365648: TensorSpec(shape=(), dtype=tf.resource, name=None)
  2258331367760: TensorSpec(shape=(), dtype=tf.resource, name=None)
  2258251066320: TensorSpec(shape=(), dtype=tf.resource, name=None)
  2258251065552: TensorSpec(shape=(), dtype=tf.resource, name=None)
  2258331368528: TensorSpec(shape=(), dtype=tf.resource, name=None)
  2258331368912: TensorSpec(shape=(), dtype=tf.resource, name=None)
  2258251060944: TensorSpec(shape=(), dtype=tf.resource, name=None)
  2258251061136: TensorSpec(shape=(), dtype=tf.resource, name=None)
  2258331369296: TensorSpec(shape=(), dtype=tf.resource, name=None)
  2258331366608: TensorSpec(shape=(), dtype=tf.resource, name=None)
  2258331365840: TensorSpec(shape=(), dtype=tf.resource, name=None)
  2258334713616: TensorSpec(shape=(), dtype=tf.resource, name=None)
  2258334712272: TensorSpec(shape=(), dtype=tf.resource, name=None)
  2258334713232: TensorSpec(shape=(), dtype=tf.resource, name=None)
  2258334714384: TensorSpec(shape=(), dtype=tf.resource, name=None)
  2258334714192: TensorSpec(shape=(), dtype=tf.resource, name=None)
  2258334714768: TensorSpec(shape=(), dtype=tf.resource, name=None)
  2258334712464: TensorSpec(shape=(), dtype=tf.resource, name=None)
  2258251065936: TensorSpec(shape=(), dtype=tf.resource, name=None)
  2258251063632: TensorSpec(shape=(), dtype=tf.resource, name=None)
  2258251064016: TensorSpec(shape=(), dtype=tf.resource, name=None)
  2258251064784: TensorSpec(shape=(), dtype=tf.resource, name=None)
  2258251065168: TensorSpec(shape=(), dtype=tf.resource, name=None)
  2258251059024: TensorSpec(shape=(), dtype=tf.resource, name=None)
  2258251066704: TensorSpec(shape=(), dtype=tf.resource, name=None)
  2258251064976: TensorSpec(shape=(), dtype=tf.resource, name=None)
  2258334714960: TensorSpec(shape=(), dtype=tf.resource, name=None)
  2258334715152: TensorSpec(shape=(), dtype=tf.resource, name=None)
  2258334715728: TensorSpec(shape=(), dtype=tf.resource, name=None)
  2258334715536: TensorSpec(shape=(), dtype=tf.resource, name=None)
  2258334715344: TensorSpec(shape=(), dtype=tf.resource, name=None)
  2258334712080: TensorSpec(shape=(), dtype=tf.resource, name=None)
  2258334716688: TensorSpec(shape=(), dtype=tf.resource, name=None)
  2258334716496: TensorSpec(shape=(), dtype=tf.resource, name=None)
  2258334717072: TensorSpec(shape=(), dtype=tf.resource, name=None)
  2258334713040: TensorSpec(shape=(), dtype=tf.resource, name=None)
  2258251064400: TensorSpec(shape=(), dtype=tf.resource, name=None)
  2258251058256: TensorSpec(shape=(), dtype=tf.resource, name=None)
  2258251063824: TensorSpec(shape=(), dtype=tf.resource, name=None)
  2258251064208: TensorSpec(shape=(), dtype=tf.resource, name=None)
  2258251065744: TensorSpec(shape=(), dtype=tf.resource, name=None)
  2258331366992: TensorSpec(shape=(), dtype=tf.resource, name=None)
  2258331367376: TensorSpec(shape=(), dtype=tf.resource, name=None)
  2258331367184: TensorSpec(shape=(), dtype=tf.resource, name=None)
  2258331367568: TensorSpec(shape=(), dtype=tf.resource, name=None)
  2258331366032: TensorSpec(shape=(), dtype=tf.resource, name=None)
  2258331368336: TensorSpec(shape=(), dtype=tf.resource, name=None)
  2258331368144: TensorSpec(shape=(), dtype=tf.resource, name=None)
  2258331367952: TensorSpec(shape=(), dtype=tf.resource, name=None)
  2258331366224: TensorSpec(shape=(), dtype=tf.resource, name=None)
  2258331369104: TensorSpec(shape=(), dtype=tf.resource, name=None)
  2258331366416: TensorSpec(shape=(), dtype=tf.resource, name=None)
  2258334717264: TensorSpec(shape=(), dtype=tf.resource, name=None)
  2258334717456: TensorSpec(shape=(), dtype=tf.resource, name=None)
  2258334718032: TensorSpec(shape=(), dtype=tf.resource, name=None)
  2258334717840: TensorSpec(shape=(), dtype=tf.resource, name=None)
  2258334717648: TensorSpec(shape=(), dtype=tf.resource, name=None)
  2258334712848: TensorSpec(shape=(), dtype=tf.resource, name=None)
  2258334718992: TensorSpec(shape=(), dtype=tf.resource, name=None)
  2258334718800: TensorSpec(shape=(), dtype=tf.resource, name=None)
  2258334719376: TensorSpec(shape=(), dtype=tf.resource, name=None)
  2258334712656: TensorSpec(shape=(), dtype=tf.resource, name=None)
  2258334716304: TensorSpec(shape=(), dtype=tf.resource, name=None)
  2258334714576: TensorSpec(shape=(), dtype=tf.resource, name=None)
  2258334716880: TensorSpec(shape=(), dtype=tf.resource, name=None)
  2258334718608: TensorSpec(shape=(), dtype=tf.resource, name=None)
  2258334720720: TensorSpec(shape=(), dtype=tf.resource, name=None)
  2258334720528: TensorSpec(shape=(), dtype=tf.resource, name=None)
  2258334719568: TensorSpec(shape=(), dtype=tf.resource, name=None)
  2258334715920: TensorSpec(shape=(), dtype=tf.resource, name=None)
  2258334721680: TensorSpec(shape=(), dtype=tf.resource, name=None)
  2258334721488: TensorSpec(shape=(), dtype=tf.resource, name=None)
  2258334721296: TensorSpec(shape=(), dtype=tf.resource, name=None)
  2258334718224: TensorSpec(shape=(), dtype=tf.resource, name=None)
  2258334722640: TensorSpec(shape=(), dtype=tf.resource, name=None)
  2258334722448: TensorSpec(shape=(), dtype=tf.resource, name=None)
  2258334722256: TensorSpec(shape=(), dtype=tf.resource, name=None)
  2258334720912: TensorSpec(shape=(), dtype=tf.resource, name=None)
  2258334723600: TensorSpec(shape=(), dtype=tf.resource, name=None)
  2258334723408: TensorSpec(shape=(), dtype=tf.resource, name=None)
  2258334723984: TensorSpec(shape=(), dtype=tf.resource, name=None)
  2258334723792: TensorSpec(shape=(), dtype=tf.resource, name=None)
  2258334724368: TensorSpec(shape=(), dtype=tf.resource, name=None)
  2258334714000: TensorSpec(shape=(), dtype=tf.resource, name=None)
  2258334724752: TensorSpec(shape=(), dtype=tf.resource, name=None)
  2258334719952: TensorSpec(shape=(), dtype=tf.resource, name=None)
  2258334725136: TensorSpec(shape=(), dtype=tf.resource, name=None)
  2258334720336: TensorSpec(shape=(), dtype=tf.resource, name=None)
  2258334719760: TensorSpec(shape=(), dtype=tf.resource, name=None)
  2258334722832: TensorSpec(shape=(), dtype=tf.resource, name=None)
  2258334724944: TensorSpec(shape=(), dtype=tf.resource, name=None)
  2258334723216: TensorSpec(shape=(), dtype=tf.resource, name=None)
  2258334725712: TensorSpec(shape=(), dtype=tf.resource, name=None)
  2258334726288: TensorSpec(shape=(), dtype=tf.resource, name=None)
  2258334726672: TensorSpec(shape=(), dtype=tf.resource, name=None)
  2258334724176: TensorSpec(shape=(), dtype=tf.resource, name=None)
C:\I2I\.venv\Lib\site-packages\tensorflow\lite\python\convert.py:846: UserWarning: Statistics for quantized inputs were expected, but not specified; continuing anyway.
  warnings.warn(
fully_quantize: 0, inference_type: 6, input_inference_type: INT8, output_inference_type: INT8
Exported TFLite model: C:\I2I\seizure_detection\outputs\seizure_model.tflite (282.1 KB)
Saved artifact at 'C:\Users\Test-PC\AppData\Local\Temp\tmp1jlkn896'. The following endpoints are available:

* Endpoint 'serve'
  args_0 (POSITIONAL_ONLY): List[TensorSpec(shape=(None, 160, 3), dtype=tf.float32, name='primary_input'), TensorSpec(shape=(None, 160, 4), dtype=tf.float32, name='secondary_input')]
Output Type:
  TensorSpec(shape=(None, 1), dtype=tf.float32, name=None)
Captures:
  2258168237904: TensorSpec(shape=(), dtype=tf.resource, name=None)
  2258168237712: TensorSpec(shape=(), dtype=tf.resource, name=None)
  2257558699088: TensorSpec(shape=(), dtype=tf.resource, name=None)
  2257558699664: TensorSpec(shape=(), dtype=tf.resource, name=None)
  2258168242128: TensorSpec(shape=(), dtype=tf.resource, name=None)
  2258168242320: TensorSpec(shape=(), dtype=tf.resource, name=None)
  2257558696592: TensorSpec(shape=(), dtype=tf.resource, name=None)
  2257558696784: TensorSpec(shape=(), dtype=tf.resource, name=None)
  2258168243472: TensorSpec(shape=(), dtype=tf.resource, name=None)
  2258168241936: TensorSpec(shape=(), dtype=tf.resource, name=None)
  2258168244240: TensorSpec(shape=(), dtype=tf.resource, name=None)
  2258168244048: TensorSpec(shape=(), dtype=tf.resource, name=None)
  2258168240592: TensorSpec(shape=(), dtype=tf.resource, name=None)
  2258168243280: TensorSpec(shape=(), dtype=tf.resource, name=None)
  2258168245200: TensorSpec(shape=(), dtype=tf.resource, name=None)
  2258168245008: TensorSpec(shape=(), dtype=tf.resource, name=None)
  2258168245584: TensorSpec(shape=(), dtype=tf.resource, name=None)
  2258168243856: TensorSpec(shape=(), dtype=tf.resource, name=None)
  2257558698128: TensorSpec(shape=(), dtype=tf.resource, name=None)
  2257558698320: TensorSpec(shape=(), dtype=tf.resource, name=None)
  2257558699472: TensorSpec(shape=(), dtype=tf.resource, name=None)
  2258168235792: TensorSpec(shape=(), dtype=tf.resource, name=None)
  2258168234448: TensorSpec(shape=(), dtype=tf.resource, name=None)
  2258168235408: TensorSpec(shape=(), dtype=tf.resource, name=None)
  2258168236560: TensorSpec(shape=(), dtype=tf.resource, name=None)
  2258168236368: TensorSpec(shape=(), dtype=tf.resource, name=None)
  2258168246160: TensorSpec(shape=(), dtype=tf.resource, name=None)
  2258168245392: TensorSpec(shape=(), dtype=tf.resource, name=None)
  2258168246928: TensorSpec(shape=(), dtype=tf.resource, name=None)
  2258168246736: TensorSpec(shape=(), dtype=tf.resource, name=None)
  2258168244432: TensorSpec(shape=(), dtype=tf.resource, name=None)
  2258168245776: TensorSpec(shape=(), dtype=tf.resource, name=None)
  2258168247888: TensorSpec(shape=(), dtype=tf.resource, name=None)
  2258168247696: TensorSpec(shape=(), dtype=tf.resource, name=None)
  2258168248272: TensorSpec(shape=(), dtype=tf.resource, name=None)
  2258168246544: TensorSpec(shape=(), dtype=tf.resource, name=None)
  2258168235216: TensorSpec(shape=(), dtype=tf.resource, name=None)
  2258168235600: TensorSpec(shape=(), dtype=tf.resource, name=None)
  2258168238288: TensorSpec(shape=(), dtype=tf.resource, name=None)
  2258168238096: TensorSpec(shape=(), dtype=tf.resource, name=None)
  2258168235024: TensorSpec(shape=(), dtype=tf.resource, name=None)
  2258168237136: TensorSpec(shape=(), dtype=tf.resource, name=None)
  2258168239248: TensorSpec(shape=(), dtype=tf.resource, name=None)
  2258168239056: TensorSpec(shape=(), dtype=tf.resource, name=None)
  2258168238864: TensorSpec(shape=(), dtype=tf.resource, name=None)
  2258168238480: TensorSpec(shape=(), dtype=tf.resource, name=None)
  2258168240400: TensorSpec(shape=(), dtype=tf.resource, name=None)
  2258168240208: TensorSpec(shape=(), dtype=tf.resource, name=None)
  2258168237328: TensorSpec(shape=(), dtype=tf.resource, name=None)
  2258168239440: TensorSpec(shape=(), dtype=tf.resource, name=None)
  2258168241360: TensorSpec(shape=(), dtype=tf.resource, name=None)
  2258168241168: TensorSpec(shape=(), dtype=tf.resource, name=None)
  2258168248656: TensorSpec(shape=(), dtype=tf.resource, name=None)
  2258168246352: TensorSpec(shape=(), dtype=tf.resource, name=None)
  2258168249040: TensorSpec(shape=(), dtype=tf.resource, name=None)
  2258168242704: TensorSpec(shape=(), dtype=tf.resource, name=None)
  2258168244816: TensorSpec(shape=(), dtype=tf.resource, name=None)
  2258168237520: TensorSpec(shape=(), dtype=tf.resource, name=None)
  2258168250000: TensorSpec(shape=(), dtype=tf.resource, name=None)
  2258168250192: TensorSpec(shape=(), dtype=tf.resource, name=None)
  2258168249616: TensorSpec(shape=(), dtype=tf.resource, name=None)
  2258168248848: TensorSpec(shape=(), dtype=tf.resource, name=None)
  2258168242896: TensorSpec(shape=(), dtype=tf.resource, name=None)
  2258168249808: TensorSpec(shape=(), dtype=tf.resource, name=None)
  2258168248080: TensorSpec(shape=(), dtype=tf.resource, name=None)
  2258168242512: TensorSpec(shape=(), dtype=tf.resource, name=None)
  2258168247120: TensorSpec(shape=(), dtype=tf.resource, name=None)
  2258168249232: TensorSpec(shape=(), dtype=tf.resource, name=None)
  2258169692432: TensorSpec(shape=(), dtype=tf.resource, name=None)
  2258169692816: TensorSpec(shape=(), dtype=tf.resource, name=None)
  2258169694544: TensorSpec(shape=(), dtype=tf.resource, name=None)
  2258169694352: TensorSpec(shape=(), dtype=tf.resource, name=None)
  2258169694160: TensorSpec(shape=(), dtype=tf.resource, name=None)
  2258169692240: TensorSpec(shape=(), dtype=tf.resource, name=None)
  2258169695504: TensorSpec(shape=(), dtype=tf.resource, name=None)
  2258169695312: TensorSpec(shape=(), dtype=tf.resource, name=None)
  2258169695120: TensorSpec(shape=(), dtype=tf.resource, name=None)
  2258169693200: TensorSpec(shape=(), dtype=tf.resource, name=None)
  2258169696464: TensorSpec(shape=(), dtype=tf.resource, name=None)
  2258169696272: TensorSpec(shape=(), dtype=tf.resource, name=None)
  2258169696848: TensorSpec(shape=(), dtype=tf.resource, name=None)
  2258169696656: TensorSpec(shape=(), dtype=tf.resource, name=None)
  2258169697232: TensorSpec(shape=(), dtype=tf.resource, name=None)
  2258169693776: TensorSpec(shape=(), dtype=tf.resource, name=None)
  2258169697616: TensorSpec(shape=(), dtype=tf.resource, name=None)
  2258169693584: TensorSpec(shape=(), dtype=tf.resource, name=None)
  2258169698000: TensorSpec(shape=(), dtype=tf.resource, name=None)
  2258169692624: TensorSpec(shape=(), dtype=tf.resource, name=None)
  2258169693392: TensorSpec(shape=(), dtype=tf.resource, name=None)
  2258169695696: TensorSpec(shape=(), dtype=tf.resource, name=None)
  2258169697808: TensorSpec(shape=(), dtype=tf.resource, name=None)
  2258169696080: TensorSpec(shape=(), dtype=tf.resource, name=None)
  2258169698576: TensorSpec(shape=(), dtype=tf.resource, name=None)
  2258169699152: TensorSpec(shape=(), dtype=tf.resource, name=None)
  2258169699536: TensorSpec(shape=(), dtype=tf.resource, name=None)
  2258169697040: TensorSpec(shape=(), dtype=tf.resource, name=None)
C:\I2I\.venv\Lib\site-packages\tensorflow\lite\python\convert.py:846: UserWarning: Statistics for quantized inputs were expected, but not specified; continuing anyway.
  warnings.warn(
fully_quantize: 0, inference_type: 6, input_inference_type: INT8, output_inference_type: INT8
Exported TFLite model: C:\I2I\seizure_detection\outputs\seizure_model_standard.tflite (278.3 KB)

======================================================================
PIPELINE COMPLETE
======================================================================

Analyzing standard: standard_acc_only
Saved artifact at 'C:\Users\Test-PC\AppData\Local\Temp\tmp2sv5r135'. The following endpoints are available:

* Endpoint 'serve'
  args_0 (POSITIONAL_ONLY): List[TensorSpec(shape=(None, 160, 3), dtype=tf.float32, name='primary_input'), TensorSpec(shape=(None, 160, 4), dtype=tf.float32, name='secondary_input')]
Output Type:
  TensorSpec(shape=(None, 1), dtype=tf.float32, name=None)
Captures:
  2593310023632: TensorSpec(shape=(), dtype=tf.resource, name=None)
  2593310024208: TensorSpec(shape=(), dtype=tf.resource, name=None)
  2593310023056: TensorSpec(shape=(), dtype=tf.resource, name=None)
  2593310023248: TensorSpec(shape=(), dtype=tf.resource, name=None)
  2593307891408: TensorSpec(shape=(), dtype=tf.resource, name=None)
  2593307890256: TensorSpec(shape=(), dtype=tf.resource, name=None)
  2593307889680: TensorSpec(shape=(), dtype=tf.resource, name=None)
  2593307891600: TensorSpec(shape=(), dtype=tf.resource, name=None)
  2593310027088: TensorSpec(shape=(), dtype=tf.resource, name=None)
  2593310027664: TensorSpec(shape=(), dtype=tf.resource, name=None)
  2593310028624: TensorSpec(shape=(), dtype=tf.resource, name=None)
  2593310028432: TensorSpec(shape=(), dtype=tf.resource, name=None)
  2593310025552: TensorSpec(shape=(), dtype=tf.resource, name=None)
  2593310026128: TensorSpec(shape=(), dtype=tf.resource, name=None)
  2593310029584: TensorSpec(shape=(), dtype=tf.resource, name=None)
  2593310029392: TensorSpec(shape=(), dtype=tf.resource, name=None)
  2593310029968: TensorSpec(shape=(), dtype=tf.resource, name=None)
  2593310028240: TensorSpec(shape=(), dtype=tf.resource, name=None)
  2593310024592: TensorSpec(shape=(), dtype=tf.resource, name=None)
  2593310023440: TensorSpec(shape=(), dtype=tf.resource, name=None)
  2593310026512: TensorSpec(shape=(), dtype=tf.resource, name=None)
  2593310026320: TensorSpec(shape=(), dtype=tf.resource, name=None)
  2593310025360: TensorSpec(shape=(), dtype=tf.resource, name=None)
  2593310024400: TensorSpec(shape=(), dtype=tf.resource, name=None)
  2593310027472: TensorSpec(shape=(), dtype=tf.resource, name=None)
  2593310027280: TensorSpec(shape=(), dtype=tf.resource, name=None)
  2593310029200: TensorSpec(shape=(), dtype=tf.resource, name=None)
  2593310031504: TensorSpec(shape=(), dtype=tf.resource, name=None)
  2593310030352: TensorSpec(shape=(), dtype=tf.resource, name=None)
  2593312933648: TensorSpec(shape=(), dtype=tf.resource, name=None)
  2593312932304: TensorSpec(shape=(), dtype=tf.resource, name=None)
  2593312933264: TensorSpec(shape=(), dtype=tf.resource, name=None)
  2593312934416: TensorSpec(shape=(), dtype=tf.resource, name=None)
  2593312934224: TensorSpec(shape=(), dtype=tf.resource, name=None)
  2593312934800: TensorSpec(shape=(), dtype=tf.resource, name=None)
  2593312932496: TensorSpec(shape=(), dtype=tf.resource, name=None)
  2593310030160: TensorSpec(shape=(), dtype=tf.resource, name=None)
  2593310028048: TensorSpec(shape=(), dtype=tf.resource, name=None)
  2593310030928: TensorSpec(shape=(), dtype=tf.resource, name=None)
  2593310030736: TensorSpec(shape=(), dtype=tf.resource, name=None)
  2593310030544: TensorSpec(shape=(), dtype=tf.resource, name=None)
  2593310029776: TensorSpec(shape=(), dtype=tf.resource, name=None)
  2593310027856: TensorSpec(shape=(), dtype=tf.resource, name=None)
  2593310031120: TensorSpec(shape=(), dtype=tf.resource, name=None)
  2593312934992: TensorSpec(shape=(), dtype=tf.resource, name=None)
  2593312932112: TensorSpec(shape=(), dtype=tf.resource, name=None)
  2593312935760: TensorSpec(shape=(), dtype=tf.resource, name=None)
  2593312935568: TensorSpec(shape=(), dtype=tf.resource, name=None)
  2593312935376: TensorSpec(shape=(), dtype=tf.resource, name=None)
  2593312935184: TensorSpec(shape=(), dtype=tf.resource, name=None)
  2593312936720: TensorSpec(shape=(), dtype=tf.resource, name=None)
  2593312936528: TensorSpec(shape=(), dtype=tf.resource, name=None)
  2593310025744: TensorSpec(shape=(), dtype=tf.resource, name=None)
  2593312937296: TensorSpec(shape=(), dtype=tf.resource, name=None)
  2593312934032: TensorSpec(shape=(), dtype=tf.resource, name=None)
  2593312931920: TensorSpec(shape=(), dtype=tf.resource, name=None)
  2593312936336: TensorSpec(shape=(), dtype=tf.resource, name=None)
  2593312937104: TensorSpec(shape=(), dtype=tf.resource, name=None)
  2593312938256: TensorSpec(shape=(), dtype=tf.resource, name=None)
  2593312938064: TensorSpec(shape=(), dtype=tf.resource, name=None)
  2593312938640: TensorSpec(shape=(), dtype=tf.resource, name=None)
  2593312932688: TensorSpec(shape=(), dtype=tf.resource, name=None)
  2593307890832: TensorSpec(shape=(), dtype=tf.resource, name=None)
  2593307891792: TensorSpec(shape=(), dtype=tf.resource, name=None)
  2593312935952: TensorSpec(shape=(), dtype=tf.resource, name=None)
  2593312936912: TensorSpec(shape=(), dtype=tf.resource, name=None)
  2593312939408: TensorSpec(shape=(), dtype=tf.resource, name=None)
  2593312933072: TensorSpec(shape=(), dtype=tf.resource, name=None)
  2593312934608: TensorSpec(shape=(), dtype=tf.resource, name=None)
  2593312938832: TensorSpec(shape=(), dtype=tf.resource, name=None)
  2593312940368: TensorSpec(shape=(), dtype=tf.resource, name=None)
  2593312940176: TensorSpec(shape=(), dtype=tf.resource, name=None)
  2593312939984: TensorSpec(shape=(), dtype=tf.resource, name=None)
  2593312933456: TensorSpec(shape=(), dtype=tf.resource, name=None)
  2593312941328: TensorSpec(shape=(), dtype=tf.resource, name=None)
  2593312941136: TensorSpec(shape=(), dtype=tf.resource, name=None)
  2593312940944: TensorSpec(shape=(), dtype=tf.resource, name=None)
  2593312939600: TensorSpec(shape=(), dtype=tf.resource, name=None)
  2593312942288: TensorSpec(shape=(), dtype=tf.resource, name=None)
  2593312942096: TensorSpec(shape=(), dtype=tf.resource, name=None)
  2593312942672: TensorSpec(shape=(), dtype=tf.resource, name=None)
  2593312942480: TensorSpec(shape=(), dtype=tf.resource, name=None)
  2593312943056: TensorSpec(shape=(), dtype=tf.resource, name=None)
  2593312939024: TensorSpec(shape=(), dtype=tf.resource, name=None)
  2593312943440: TensorSpec(shape=(), dtype=tf.resource, name=None)
  2593312938448: TensorSpec(shape=(), dtype=tf.resource, name=None)
  2593312943824: TensorSpec(shape=(), dtype=tf.resource, name=None)
  2593312937872: TensorSpec(shape=(), dtype=tf.resource, name=None)
  2593307891024: TensorSpec(shape=(), dtype=tf.resource, name=None)
  2593307889488: TensorSpec(shape=(), dtype=tf.resource, name=None)
  2593307892944: TensorSpec(shape=(), dtype=tf.resource, name=None)
  2593307893520: TensorSpec(shape=(), dtype=tf.resource, name=None)
  2593307892752: TensorSpec(shape=(), dtype=tf.resource, name=None)
  2593307894096: TensorSpec(shape=(), dtype=tf.resource, name=None)
  2593307894480: TensorSpec(shape=(), dtype=tf.resource, name=None)
  2593307893136: TensorSpec(shape=(), dtype=tf.resource, name=None)
Saved artifact at 'C:\Users\Test-PC\AppData\Local\Temp\tmp3mbvzxhd'. The following endpoints are available:

* Endpoint 'serve'
  args_0 (POSITIONAL_ONLY): List[TensorSpec(shape=(None, 160, 3), dtype=tf.float32, name='primary_input'), TensorSpec(shape=(None, 160, 4), dtype=tf.float32, name='secondary_input')]
Output Type:
  TensorSpec(shape=(None, 1), dtype=tf.float32, name=None)
Captures:
  2593310023632: TensorSpec(shape=(), dtype=tf.resource, name=None)
  2593310024208: TensorSpec(shape=(), dtype=tf.resource, name=None)
  2593310023056: TensorSpec(shape=(), dtype=tf.resource, name=None)
  2593310023248: TensorSpec(shape=(), dtype=tf.resource, name=None)
  2593307891408: TensorSpec(shape=(), dtype=tf.resource, name=None)
  2593307890256: TensorSpec(shape=(), dtype=tf.resource, name=None)
  2593307889680: TensorSpec(shape=(), dtype=tf.resource, name=None)
  2593307891600: TensorSpec(shape=(), dtype=tf.resource, name=None)
  2593310027088: TensorSpec(shape=(), dtype=tf.resource, name=None)
  2593310027664: TensorSpec(shape=(), dtype=tf.resource, name=None)
  2593310028624: TensorSpec(shape=(), dtype=tf.resource, name=None)
  2593310028432: TensorSpec(shape=(), dtype=tf.resource, name=None)
  2593310025552: TensorSpec(shape=(), dtype=tf.resource, name=None)
  2593310026128: TensorSpec(shape=(), dtype=tf.resource, name=None)
  2593310029584: TensorSpec(shape=(), dtype=tf.resource, name=None)
  2593310029392: TensorSpec(shape=(), dtype=tf.resource, name=None)
  2593310029968: TensorSpec(shape=(), dtype=tf.resource, name=None)
  2593310028240: TensorSpec(shape=(), dtype=tf.resource, name=None)
  2593310024592: TensorSpec(shape=(), dtype=tf.resource, name=None)
  2593310023440: TensorSpec(shape=(), dtype=tf.resource, name=None)
  2593310026512: TensorSpec(shape=(), dtype=tf.resource, name=None)
  2593310026320: TensorSpec(shape=(), dtype=tf.resource, name=None)
  2593310025360: TensorSpec(shape=(), dtype=tf.resource, name=None)
  2593310024400: TensorSpec(shape=(), dtype=tf.resource, name=None)
  2593310027472: TensorSpec(shape=(), dtype=tf.resource, name=None)
  2593310027280: TensorSpec(shape=(), dtype=tf.resource, name=None)
  2593310029200: TensorSpec(shape=(), dtype=tf.resource, name=None)
  2593310031504: TensorSpec(shape=(), dtype=tf.resource, name=None)
  2593310030352: TensorSpec(shape=(), dtype=tf.resource, name=None)
  2593312933648: TensorSpec(shape=(), dtype=tf.resource, name=None)
  2593312932304: TensorSpec(shape=(), dtype=tf.resource, name=None)
  2593312933264: TensorSpec(shape=(), dtype=tf.resource, name=None)
  2593312934416: TensorSpec(shape=(), dtype=tf.resource, name=None)
  2593312934224: TensorSpec(shape=(), dtype=tf.resource, name=None)
  2593312934800: TensorSpec(shape=(), dtype=tf.resource, name=None)
  2593312932496: TensorSpec(shape=(), dtype=tf.resource, name=None)
  2593310030160: TensorSpec(shape=(), dtype=tf.resource, name=None)
  2593310028048: TensorSpec(shape=(), dtype=tf.resource, name=None)
  2593310030928: TensorSpec(shape=(), dtype=tf.resource, name=None)
  2593310030736: TensorSpec(shape=(), dtype=tf.resource, name=None)
  2593310030544: TensorSpec(shape=(), dtype=tf.resource, name=None)
  2593310029776: TensorSpec(shape=(), dtype=tf.resource, name=None)
  2593310027856: TensorSpec(shape=(), dtype=tf.resource, name=None)
  2593310031120: TensorSpec(shape=(), dtype=tf.resource, name=None)
  2593312934992: TensorSpec(shape=(), dtype=tf.resource, name=None)
  2593312932112: TensorSpec(shape=(), dtype=tf.resource, name=None)
  2593312935760: TensorSpec(shape=(), dtype=tf.resource, name=None)
  2593312935568: TensorSpec(shape=(), dtype=tf.resource, name=None)
  2593312935376: TensorSpec(shape=(), dtype=tf.resource, name=None)
  2593312935184: TensorSpec(shape=(), dtype=tf.resource, name=None)
  2593312936720: TensorSpec(shape=(), dtype=tf.resource, name=None)
  2593312936528: TensorSpec(shape=(), dtype=tf.resource, name=None)
  2593310025744: TensorSpec(shape=(), dtype=tf.resource, name=None)
  2593312937296: TensorSpec(shape=(), dtype=tf.resource, name=None)
  2593312934032: TensorSpec(shape=(), dtype=tf.resource, name=None)
  2593312931920: TensorSpec(shape=(), dtype=tf.resource, name=None)
  2593312936336: TensorSpec(shape=(), dtype=tf.resource, name=None)
  2593312937104: TensorSpec(shape=(), dtype=tf.resource, name=None)
  2593312938256: TensorSpec(shape=(), dtype=tf.resource, name=None)
  2593312938064: TensorSpec(shape=(), dtype=tf.resource, name=None)
  2593312938640: TensorSpec(shape=(), dtype=tf.resource, name=None)
  2593312932688: TensorSpec(shape=(), dtype=tf.resource, name=None)
  2593307890832: TensorSpec(shape=(), dtype=tf.resource, name=None)
  2593307891792: TensorSpec(shape=(), dtype=tf.resource, name=None)
  2593312935952: TensorSpec(shape=(), dtype=tf.resource, name=None)
  2593312936912: TensorSpec(shape=(), dtype=tf.resource, name=None)
  2593312939408: TensorSpec(shape=(), dtype=tf.resource, name=None)
  2593312933072: TensorSpec(shape=(), dtype=tf.resource, name=None)
  2593312934608: TensorSpec(shape=(), dtype=tf.resource, name=None)
  2593312938832: TensorSpec(shape=(), dtype=tf.resource, name=None)
  2593312940368: TensorSpec(shape=(), dtype=tf.resource, name=None)
  2593312940176: TensorSpec(shape=(), dtype=tf.resource, name=None)
  2593312939984: TensorSpec(shape=(), dtype=tf.resource, name=None)
  2593312933456: TensorSpec(shape=(), dtype=tf.resource, name=None)
  2593312941328: TensorSpec(shape=(), dtype=tf.resource, name=None)
  2593312941136: TensorSpec(shape=(), dtype=tf.resource, name=None)
  2593312940944: TensorSpec(shape=(), dtype=tf.resource, name=None)
  2593312939600: TensorSpec(shape=(), dtype=tf.resource, name=None)
  2593312942288: TensorSpec(shape=(), dtype=tf.resource, name=None)
  2593312942096: TensorSpec(shape=(), dtype=tf.resource, name=None)
  2593312942672: TensorSpec(shape=(), dtype=tf.resource, name=None)
  2593312942480: TensorSpec(shape=(), dtype=tf.resource, name=None)
  2593312943056: TensorSpec(shape=(), dtype=tf.resource, name=None)
  2593312939024: TensorSpec(shape=(), dtype=tf.resource, name=None)
  2593312943440: TensorSpec(shape=(), dtype=tf.resource, name=None)
  2593312938448: TensorSpec(shape=(), dtype=tf.resource, name=None)
  2593312943824: TensorSpec(shape=(), dtype=tf.resource, name=None)
  2593312937872: TensorSpec(shape=(), dtype=tf.resource, name=None)
  2593307891024: TensorSpec(shape=(), dtype=tf.resource, name=None)
  2593307889488: TensorSpec(shape=(), dtype=tf.resource, name=None)
  2593307892944: TensorSpec(shape=(), dtype=tf.resource, name=None)
  2593307893520: TensorSpec(shape=(), dtype=tf.resource, name=None)
  2593307892752: TensorSpec(shape=(), dtype=tf.resource, name=None)
  2593307894096: TensorSpec(shape=(), dtype=tf.resource, name=None)
  2593307894480: TensorSpec(shape=(), dtype=tf.resource, name=None)
  2593307893136: TensorSpec(shape=(), dtype=tf.resource, name=None)
C:\I2I\.venv\Lib\site-packages\tensorflow\lite\python\interpreter.py:457: UserWarning:     Warning: tf.lite.Interpreter is deprecated and is scheduled for deletion in
    TF 2.20. Please use the LiteRT interpreter from the ai_edge_litert package.
    See the [migration guide](https://ai.google.dev/edge/litert/migration)
    for details.
    
  warnings.warn(_INTERPRETER_DELETION_WARNING)
  float32: 661.7 KB, ops=145, tensor_proxy=987.5 KB, p50=0.4140 ms
  dynamic_range: 244.1 KB, ops=145, tensor_proxy=539.2 KB, p50=1.6991 ms
  calibrated_existing: 278.3 KB, ops=150, tensor_proxy=262.3 KB, p50=9.5613 ms

Analyzing pro: pro_full_bvp_hr_eda_temp
Saved artifact at 'C:\Users\Test-PC\AppData\Local\Temp\tmp66zf69qu'. The following endpoints are available:

* Endpoint 'serve'
  args_0 (POSITIONAL_ONLY): List[TensorSpec(shape=(None, 160, 3), dtype=tf.float32, name='primary_input'), TensorSpec(shape=(None, 160, 4), dtype=tf.float32, name='secondary_input')]
Output Type:
  TensorSpec(shape=(None, 1), dtype=tf.float32, name=None)
Captures:
  2593383354000: TensorSpec(shape=(), dtype=tf.resource, name=None)
  2593383356112: TensorSpec(shape=(), dtype=tf.resource, name=None)
  2593383355920: TensorSpec(shape=(), dtype=tf.resource, name=None)
  2593383357648: TensorSpec(shape=(), dtype=tf.resource, name=None)
  2593383355152: TensorSpec(shape=(), dtype=tf.resource, name=None)
  2593383356304: TensorSpec(shape=(), dtype=tf.resource, name=None)
  2593383358224: TensorSpec(shape=(), dtype=tf.resource, name=None)
  2593383357072: TensorSpec(shape=(), dtype=tf.resource, name=None)
  2593312945552: TensorSpec(shape=(), dtype=tf.resource, name=None)
  2593332667280: TensorSpec(shape=(), dtype=tf.resource, name=None)
  2593332658448: TensorSpec(shape=(), dtype=tf.resource, name=None)
  2593312941904: TensorSpec(shape=(), dtype=tf.resource, name=None)
  2593332667856: TensorSpec(shape=(), dtype=tf.resource, name=None)
  2593312946128: TensorSpec(shape=(), dtype=tf.resource, name=None)
  2593332668240: TensorSpec(shape=(), dtype=tf.resource, name=None)
  2593332666704: TensorSpec(shape=(), dtype=tf.resource, name=None)
  2593332667472: TensorSpec(shape=(), dtype=tf.resource, name=None)
  2593421866960: TensorSpec(shape=(), dtype=tf.resource, name=None)
  2593383356496: TensorSpec(shape=(), dtype=tf.resource, name=None)
  2593383353424: TensorSpec(shape=(), dtype=tf.resource, name=None)
  2593419732240: TensorSpec(shape=(), dtype=tf.resource, name=None)
  2593312946896: TensorSpec(shape=(), dtype=tf.resource, name=None)
  2593312940560: TensorSpec(shape=(), dtype=tf.resource, name=None)
  2593419738000: TensorSpec(shape=(), dtype=tf.resource, name=None)
  2593312944592: TensorSpec(shape=(), dtype=tf.resource, name=None)
  2593419735312: TensorSpec(shape=(), dtype=tf.resource, name=None)
  2593421867920: TensorSpec(shape=(), dtype=tf.resource, name=None)
  2593421853904: TensorSpec(shape=(), dtype=tf.resource, name=None)
  2593421867536: TensorSpec(shape=(), dtype=tf.resource, name=None)
  2593421868112: TensorSpec(shape=(), dtype=tf.resource, name=None)
  2593331434256: TensorSpec(shape=(), dtype=tf.resource, name=None)
  2593331430032: TensorSpec(shape=(), dtype=tf.resource, name=None)
  2593331431760: TensorSpec(shape=(), dtype=tf.resource, name=None)
  2593331432144: TensorSpec(shape=(), dtype=tf.resource, name=None)
  2593331432720: TensorSpec(shape=(), dtype=tf.resource, name=None)
  2593331430224: TensorSpec(shape=(), dtype=tf.resource, name=None)
  2593421868880: TensorSpec(shape=(), dtype=tf.resource, name=None)
  2593421868304: TensorSpec(shape=(), dtype=tf.resource, name=None)
  2593421852944: TensorSpec(shape=(), dtype=tf.resource, name=None)
  2593421852752: TensorSpec(shape=(), dtype=tf.resource, name=None)
  2593421866768: TensorSpec(shape=(), dtype=tf.resource, name=None)
  2593421867344: TensorSpec(shape=(), dtype=tf.resource, name=None)
  2593421868688: TensorSpec(shape=(), dtype=tf.resource, name=None)
  2593421867728: TensorSpec(shape=(), dtype=tf.resource, name=None)
  2593331429456: TensorSpec(shape=(), dtype=tf.resource, name=None)
  2593331431184: TensorSpec(shape=(), dtype=tf.resource, name=None)
  2593331434640: TensorSpec(shape=(), dtype=tf.resource, name=None)
  2593331434064: TensorSpec(shape=(), dtype=tf.resource, name=None)
  2593331433872: TensorSpec(shape=(), dtype=tf.resource, name=None)
  2593331432912: TensorSpec(shape=(), dtype=tf.resource, name=None)
  2593331433296: TensorSpec(shape=(), dtype=tf.resource, name=None)
  2593331430608: TensorSpec(shape=(), dtype=tf.resource, name=None)
  2593331434448: TensorSpec(shape=(), dtype=tf.resource, name=None)
  2593331432528: TensorSpec(shape=(), dtype=tf.resource, name=None)
  2593331433680: TensorSpec(shape=(), dtype=tf.resource, name=None)
  2593331433488: TensorSpec(shape=(), dtype=tf.resource, name=None)
  2593331429840: TensorSpec(shape=(), dtype=tf.resource, name=None)
  2593331435792: TensorSpec(shape=(), dtype=tf.resource, name=None)
  2593331444432: TensorSpec(shape=(), dtype=tf.resource, name=None)
  2593331440400: TensorSpec(shape=(), dtype=tf.resource, name=None)
  2593331435600: TensorSpec(shape=(), dtype=tf.resource, name=None)
  2593331431952: TensorSpec(shape=(), dtype=tf.resource, name=None)
  2593383354576: TensorSpec(shape=(), dtype=tf.resource, name=None)
  2593383355728: TensorSpec(shape=(), dtype=tf.resource, name=None)
  2593331434832: TensorSpec(shape=(), dtype=tf.resource, name=None)
  2593331430992: TensorSpec(shape=(), dtype=tf.resource, name=None)
  2593331435408: TensorSpec(shape=(), dtype=tf.resource, name=None)
  2593331444048: TensorSpec(shape=(), dtype=tf.resource, name=None)
  2593331437136: TensorSpec(shape=(), dtype=tf.resource, name=None)
  2593331430800: TensorSpec(shape=(), dtype=tf.resource, name=None)
  2593331438864: TensorSpec(shape=(), dtype=tf.resource, name=None)
  2593331445392: TensorSpec(shape=(), dtype=tf.resource, name=None)
  2593331437712: TensorSpec(shape=(), dtype=tf.resource, name=None)
  2593331435024: TensorSpec(shape=(), dtype=tf.resource, name=None)
  2593331445200: TensorSpec(shape=(), dtype=tf.resource, name=None)
  2593331439248: TensorSpec(shape=(), dtype=tf.resource, name=None)
  2593331443280: TensorSpec(shape=(), dtype=tf.resource, name=None)
  2593331442512: TensorSpec(shape=(), dtype=tf.resource, name=None)
  2593331443088: TensorSpec(shape=(), dtype=tf.resource, name=None)
  2593331444816: TensorSpec(shape=(), dtype=tf.resource, name=None)
  2593331443856: TensorSpec(shape=(), dtype=tf.resource, name=None)
  2593331444624: TensorSpec(shape=(), dtype=tf.resource, name=None)
  2593331443664: TensorSpec(shape=(), dtype=tf.resource, name=None)
  2593331441744: TensorSpec(shape=(), dtype=tf.resource, name=None)
  2593331442320: TensorSpec(shape=(), dtype=tf.resource, name=None)
  2593331440976: TensorSpec(shape=(), dtype=tf.resource, name=None)
  2593331441552: TensorSpec(shape=(), dtype=tf.resource, name=None)
  2593331435216: TensorSpec(shape=(), dtype=tf.resource, name=None)
  2593383353808: TensorSpec(shape=(), dtype=tf.resource, name=None)
  2593383354192: TensorSpec(shape=(), dtype=tf.resource, name=None)
  2593306541712: TensorSpec(shape=(), dtype=tf.resource, name=None)
  2593307345936: TensorSpec(shape=(), dtype=tf.resource, name=None)
  2593307887952: TensorSpec(shape=(), dtype=tf.resource, name=None)
  2593307887760: TensorSpec(shape=(), dtype=tf.resource, name=None)
  2593307888144: TensorSpec(shape=(), dtype=tf.resource, name=None)
  2593383359184: TensorSpec(shape=(), dtype=tf.resource, name=None)
Saved artifact at 'C:\Users\Test-PC\AppData\Local\Temp\tmp3edaxpv1'. The following endpoints are available:

* Endpoint 'serve'
  args_0 (POSITIONAL_ONLY): List[TensorSpec(shape=(None, 160, 3), dtype=tf.float32, name='primary_input'), TensorSpec(shape=(None, 160, 4), dtype=tf.float32, name='secondary_input')]
Output Type:
  TensorSpec(shape=(None, 1), dtype=tf.float32, name=None)
Captures:
  2593383354000: TensorSpec(shape=(), dtype=tf.resource, name=None)
  2593383356112: TensorSpec(shape=(), dtype=tf.resource, name=None)
  2593383355920: TensorSpec(shape=(), dtype=tf.resource, name=None)
  2593383357648: TensorSpec(shape=(), dtype=tf.resource, name=None)
  2593383355152: TensorSpec(shape=(), dtype=tf.resource, name=None)
  2593383356304: TensorSpec(shape=(), dtype=tf.resource, name=None)
  2593383358224: TensorSpec(shape=(), dtype=tf.resource, name=None)
  2593383357072: TensorSpec(shape=(), dtype=tf.resource, name=None)
  2593312945552: TensorSpec(shape=(), dtype=tf.resource, name=None)
  2593332667280: TensorSpec(shape=(), dtype=tf.resource, name=None)
  2593332658448: TensorSpec(shape=(), dtype=tf.resource, name=None)
  2593312941904: TensorSpec(shape=(), dtype=tf.resource, name=None)
  2593332667856: TensorSpec(shape=(), dtype=tf.resource, name=None)
  2593312946128: TensorSpec(shape=(), dtype=tf.resource, name=None)
  2593332668240: TensorSpec(shape=(), dtype=tf.resource, name=None)
  2593332666704: TensorSpec(shape=(), dtype=tf.resource, name=None)
  2593332667472: TensorSpec(shape=(), dtype=tf.resource, name=None)
  2593421866960: TensorSpec(shape=(), dtype=tf.resource, name=None)
  2593383356496: TensorSpec(shape=(), dtype=tf.resource, name=None)
  2593383353424: TensorSpec(shape=(), dtype=tf.resource, name=None)
  2593419732240: TensorSpec(shape=(), dtype=tf.resource, name=None)
  2593312946896: TensorSpec(shape=(), dtype=tf.resource, name=None)
  2593312940560: TensorSpec(shape=(), dtype=tf.resource, name=None)
  2593419738000: TensorSpec(shape=(), dtype=tf.resource, name=None)
  2593312944592: TensorSpec(shape=(), dtype=tf.resource, name=None)
  2593419735312: TensorSpec(shape=(), dtype=tf.resource, name=None)
  2593421867920: TensorSpec(shape=(), dtype=tf.resource, name=None)
  2593421853904: TensorSpec(shape=(), dtype=tf.resource, name=None)
  2593421867536: TensorSpec(shape=(), dtype=tf.resource, name=None)
  2593421868112: TensorSpec(shape=(), dtype=tf.resource, name=None)
  2593331434256: TensorSpec(shape=(), dtype=tf.resource, name=None)
  2593331430032: TensorSpec(shape=(), dtype=tf.resource, name=None)
  2593331431760: TensorSpec(shape=(), dtype=tf.resource, name=None)
  2593331432144: TensorSpec(shape=(), dtype=tf.resource, name=None)
  2593331432720: TensorSpec(shape=(), dtype=tf.resource, name=None)
  2593331430224: TensorSpec(shape=(), dtype=tf.resource, name=None)
  2593421868880: TensorSpec(shape=(), dtype=tf.resource, name=None)
  2593421868304: TensorSpec(shape=(), dtype=tf.resource, name=None)
  2593421852944: TensorSpec(shape=(), dtype=tf.resource, name=None)
  2593421852752: TensorSpec(shape=(), dtype=tf.resource, name=None)
  2593421866768: TensorSpec(shape=(), dtype=tf.resource, name=None)
  2593421867344: TensorSpec(shape=(), dtype=tf.resource, name=None)
  2593421868688: TensorSpec(shape=(), dtype=tf.resource, name=None)
  2593421867728: TensorSpec(shape=(), dtype=tf.resource, name=None)
  2593331429456: TensorSpec(shape=(), dtype=tf.resource, name=None)
  2593331431184: TensorSpec(shape=(), dtype=tf.resource, name=None)
  2593331434640: TensorSpec(shape=(), dtype=tf.resource, name=None)
  2593331434064: TensorSpec(shape=(), dtype=tf.resource, name=None)
  2593331433872: TensorSpec(shape=(), dtype=tf.resource, name=None)
  2593331432912: TensorSpec(shape=(), dtype=tf.resource, name=None)
  2593331433296: TensorSpec(shape=(), dtype=tf.resource, name=None)
  2593331430608: TensorSpec(shape=(), dtype=tf.resource, name=None)
  2593331434448: TensorSpec(shape=(), dtype=tf.resource, name=None)
  2593331432528: TensorSpec(shape=(), dtype=tf.resource, name=None)
  2593331433680: TensorSpec(shape=(), dtype=tf.resource, name=None)
  2593331433488: TensorSpec(shape=(), dtype=tf.resource, name=None)
  2593331429840: TensorSpec(shape=(), dtype=tf.resource, name=None)
  2593331435792: TensorSpec(shape=(), dtype=tf.resource, name=None)
  2593331444432: TensorSpec(shape=(), dtype=tf.resource, name=None)
  2593331440400: TensorSpec(shape=(), dtype=tf.resource, name=None)
  2593331435600: TensorSpec(shape=(), dtype=tf.resource, name=None)
  2593331431952: TensorSpec(shape=(), dtype=tf.resource, name=None)
  2593383354576: TensorSpec(shape=(), dtype=tf.resource, name=None)
  2593383355728: TensorSpec(shape=(), dtype=tf.resource, name=None)
  2593331434832: TensorSpec(shape=(), dtype=tf.resource, name=None)
  2593331430992: TensorSpec(shape=(), dtype=tf.resource, name=None)
  2593331435408: TensorSpec(shape=(), dtype=tf.resource, name=None)
  2593331444048: TensorSpec(shape=(), dtype=tf.resource, name=None)
  2593331437136: TensorSpec(shape=(), dtype=tf.resource, name=None)
  2593331430800: TensorSpec(shape=(), dtype=tf.resource, name=None)
  2593331438864: TensorSpec(shape=(), dtype=tf.resource, name=None)
  2593331445392: TensorSpec(shape=(), dtype=tf.resource, name=None)
  2593331437712: TensorSpec(shape=(), dtype=tf.resource, name=None)
  2593331435024: TensorSpec(shape=(), dtype=tf.resource, name=None)
  2593331445200: TensorSpec(shape=(), dtype=tf.resource, name=None)
  2593331439248: TensorSpec(shape=(), dtype=tf.resource, name=None)
  2593331443280: TensorSpec(shape=(), dtype=tf.resource, name=None)
  2593331442512: TensorSpec(shape=(), dtype=tf.resource, name=None)
  2593331443088: TensorSpec(shape=(), dtype=tf.resource, name=None)
  2593331444816: TensorSpec(shape=(), dtype=tf.resource, name=None)
  2593331443856: TensorSpec(shape=(), dtype=tf.resource, name=None)
  2593331444624: TensorSpec(shape=(), dtype=tf.resource, name=None)
  2593331443664: TensorSpec(shape=(), dtype=tf.resource, name=None)
  2593331441744: TensorSpec(shape=(), dtype=tf.resource, name=None)
  2593331442320: TensorSpec(shape=(), dtype=tf.resource, name=None)
  2593331440976: TensorSpec(shape=(), dtype=tf.resource, name=None)
  2593331441552: TensorSpec(shape=(), dtype=tf.resource, name=None)
  2593331435216: TensorSpec(shape=(), dtype=tf.resource, name=None)
  2593383353808: TensorSpec(shape=(), dtype=tf.resource, name=None)
  2593383354192: TensorSpec(shape=(), dtype=tf.resource, name=None)
  2593306541712: TensorSpec(shape=(), dtype=tf.resource, name=None)
  2593307345936: TensorSpec(shape=(), dtype=tf.resource, name=None)
  2593307887952: TensorSpec(shape=(), dtype=tf.resource, name=None)
  2593307887760: TensorSpec(shape=(), dtype=tf.resource, name=None)
  2593307888144: TensorSpec(shape=(), dtype=tf.resource, name=None)
  2593383359184: TensorSpec(shape=(), dtype=tf.resource, name=None)
C:\I2I\.venv\Lib\site-packages\tensorflow\lite\python\interpreter.py:457: UserWarning:     Warning: tf.lite.Interpreter is deprecated and is scheduled for deletion in
    TF 2.20. Please use the LiteRT interpreter from the ai_edge_litert package.
    See the [migration guide](https://ai.google.dev/edge/litert/migration)
    for details.
    
  warnings.warn(_INTERPRETER_DELETION_WARNING)
  float32: 663.4 KB, ops=145, tensor_proxy=988.1 KB, p50=0.5330 ms
  dynamic_range: 245.8 KB, ops=145, tensor_proxy=539.8 KB, p50=1.9801 ms
  calibrated_existing: 282.1 KB, ops=150, tensor_proxy=262.9 KB, p50=9.9082 ms

Saved edge feasibility report: C:\I2I\seizure_detection\outputs\edge_feasibility\edge_feasibility_report.json
Saved edge feasibility summary: C:\I2I\seizure_detection\outputs\edge_feasibility\EDGE_FEASIBILITY_SUMMARY.md
C:\I2I\seizure_detection\outputs\tsmixer_experiments\TSMIXER_EXPERIMENT_SUMMARY.md
